Using pre-set license
Built from '2022.2/staging' branch; Version is '2022.2.15f1 (30d813e1a2a9) revision 3201043'; Using compiler version '192829333'; Build Type 'Release'
OS: 'Windows 11  (10.0.22621) 64bit Core' Language: 'en' Physical Memory: 32693 MB
BatchMode: 1, IsHumanControllingUs: 0, StartBugReporterOnCrash: 0, Is64bit: 1, IsPro: 1

COMMAND LINE ARGUMENTS:
C:\Program Files\Unity\Hub\Editor\2022.2.15f1\Editor\Unity.exe
-adb2
-batchMode
-noUpm
-name
AssetImportWorker12
-projectPath
C:/Users/melvi/OneDrive/Desktop/Unity Projects/Github/HappyMeowDays/HappyMeowdays!
-logFile
Logs/AssetImportWorker12.log
-srvPort
62336
Successfully changed project path to: C:/Users/melvi/OneDrive/Desktop/Unity Projects/Github/HappyMeowDays/HappyMeowdays!
C:/Users/melvi/OneDrive/Desktop/Unity Projects/Github/HappyMeowDays/HappyMeowdays!
[UnityMemory] Configuration Parameters - Can be set up in boot.config
    "memorysetup-bucket-allocator-granularity=16"
    "memorysetup-bucket-allocator-bucket-count=8"
    "memorysetup-bucket-allocator-block-size=33554432"
    "memorysetup-bucket-allocator-block-count=8"
    "memorysetup-main-allocator-block-size=16777216"
    "memorysetup-thread-allocator-block-size=16777216"
    "memorysetup-gfx-main-allocator-block-size=16777216"
    "memorysetup-gfx-thread-allocator-block-size=16777216"
    "memorysetup-cache-allocator-block-size=4194304"
    "memorysetup-typetree-allocator-block-size=2097152"
    "memorysetup-profiler-bucket-allocator-granularity=16"
    "memorysetup-profiler-bucket-allocator-bucket-count=8"
    "memorysetup-profiler-bucket-allocator-block-size=33554432"
    "memorysetup-profiler-bucket-allocator-block-count=8"
    "memorysetup-profiler-allocator-block-size=16777216"
    "memorysetup-profiler-editor-allocator-block-size=1048576"
    "memorysetup-temp-allocator-size-main=16777216"
    "memorysetup-job-temp-allocator-block-size=2097152"
    "memorysetup-job-temp-allocator-block-size-background=1048576"
    "memorysetup-job-temp-allocator-reduction-small-platforms=262144"
    "memorysetup-temp-allocator-size-background-worker=32768"
    "memorysetup-temp-allocator-size-job-worker=262144"
    "memorysetup-temp-allocator-size-preload-manager=33554432"
    "memorysetup-temp-allocator-size-nav-mesh-worker=65536"
    "memorysetup-temp-allocator-size-audio-worker=65536"
    "memorysetup-temp-allocator-size-cloud-worker=32768"
    "memorysetup-temp-allocator-size-gi-baking-worker=262144"
    "memorysetup-temp-allocator-size-gfx=262144"
Player connection [3104] Host "[IP] 11.64.34.142 [Port] 0 [Flags] 2 [Guid] 3403242973 [EditorId] 3403242973 [Version] 1048832 [Id] WindowsEditor(7,MelPC) [Debug] 1 [PackageName] WindowsEditor [ProjectName] Editor" joined multi-casting on [225.0.0.222:54997]...

Player connection [3104] Host "[IP] 11.64.34.142 [Port] 0 [Flags] 2 [Guid] 3403242973 [EditorId] 3403242973 [Version] 1048832 [Id] WindowsEditor(7,MelPC) [Debug] 1 [PackageName] WindowsEditor [ProjectName] Editor" joined alternative multi-casting on [225.0.0.222:34997]...

Refreshing native plugins compatible for Editor in 14.32 ms, found 8 plugins.
Preloading 0 native plugins for Editor in 0.00 ms.
Initialize engine version: 2022.2.15f1 (30d813e1a2a9)
[Subsystems] Discovering subsystems at path C:/Program Files/Unity/Hub/Editor/2022.2.15f1/Editor/Data/Resources/UnitySubsystems
[Subsystems] Discovering subsystems at path C:/Users/melvi/OneDrive/Desktop/Unity Projects/Github/HappyMeowDays/HappyMeowdays!/Assets
GfxDevice: creating device client; threaded=0; jobified=0
Direct3D:
    Version:  Direct3D 11.0 [level 11.1]
    Renderer: NVIDIA GeForce RTX 3060 Ti (ID=0x2489)
    Vendor:   NVIDIA
    VRAM:     8038 MB
    Driver:   31.0.15.3118
Initialize mono
Mono path[0] = 'C:/Program Files/Unity/Hub/Editor/2022.2.15f1/Editor/Data/Managed'
Mono path[1] = 'C:/Program Files/Unity/Hub/Editor/2022.2.15f1/Editor/Data/MonoBleedingEdge/lib/mono/unityjit-win32'
Mono config path = 'C:/Program Files/Unity/Hub/Editor/2022.2.15f1/Editor/Data/MonoBleedingEdge/etc'
Using monoOptions --debugger-agent=transport=dt_socket,embedding=1,server=y,suspend=n,address=127.0.0.1:56144
Begin MonoManager ReloadAssembly
Registering precompiled unity dll's ...
Register platform support module: C:/Program Files/Unity/Hub/Editor/2022.2.15f1/Editor/Data/PlaybackEngines/WindowsStandaloneSupport/UnityEditor.WindowsStandalone.Extensions.dll
Registered in 0.004986 seconds.
- Loaded All Assemblies, in  0.211 seconds
Native extension for WindowsStandalone target not found
Mono: successfully reloaded assembly
- Finished resetting the current domain, in  0.174 seconds
Domain Reload Profiling:
	ReloadAssembly (127ms)
		BeginReloadAssembly (58ms)
			ExecutionOrderSort (0ms)
			DisableScriptedObjects (0ms)
			BackupInstance (0ms)
			ReleaseScriptingObjects (0ms)
			CreateAndSetChildDomain (0ms)
		LoadAllAssembliesAndSetupDomain (0ms)
			LoadAssemblies (56ms)
			RebuildTransferFunctionScriptingTraits (0ms)
			SetupTypeCache (78ms)
				TypeCache.Initialize (78ms)
					TypeCache.ScanAssembly (76ms)
				ResolveRequiredComponents (0ms)
		FinalizeReload (0ms)
			ReleaseScriptCaches (0ms)
			RebuildScriptCaches (0ms)
			SetupLoadedEditorAssemblies (137ms)
				LogAssemblyErrors (0ms)
				InitializePlatformSupportModulesInManaged (6ms)
				SetLoadedEditorAssemblies (5ms)
				RefreshPlugins (0ms)
				BeforeProcessingInitializeOnLoad (1ms)
				ProcessInitializeOnLoadAttributes (94ms)
				ProcessInitializeOnLoadMethodAttributes (32ms)
				AfterProcessingInitializeOnLoad (0ms)
				EditorAssembliesLoaded (0ms)
			ExecutionOrderSort2 (0ms)
			AwakeInstancesAfterBackupRestoration (0ms)
========================================================================
Worker process is ready to serve import requests
Begin MonoManager ReloadAssembly
Symbol file data-000001E694542030 doesn't match image C:\Users\melvi\OneDrive\Desktop\Unity Projects\Github\HappyMeowDays\HappyMeowdays!\Library\ScriptAssemblies\Unity.Recorder.Editor.dll
Symbol file LoadedFromMemory is not a mono symbol file
Symbol file data-000001E694542030 doesn't match image C:\Users\melvi\OneDrive\Desktop\Unity Projects\Github\HappyMeowDays\HappyMeowdays!\Library\ScriptAssemblies\Unity.Sequences.Editor.dll
Symbol file LoadedFromMemory is not a mono symbol file
Symbol file data-000001E69454EA40 doesn't match image C:\Users\melvi\OneDrive\Desktop\Unity Projects\Github\HappyMeowDays\HappyMeowdays!\Library\ScriptAssemblies\Unity.Sequences.dll
Symbol file LoadedFromMemory is not a mono symbol file
Symbol file data-000001E695033010 doesn't match image C:\Users\melvi\OneDrive\Desktop\Unity Projects\Github\HappyMeowDays\HappyMeowdays!\Library\ScriptAssemblies\Unity.TerrainTools.Editor.dll
Symbol file LoadedFromMemory is not a mono symbol file
Symbol file data-000001E6928A0E10 doesn't match image C:\Users\melvi\OneDrive\Desktop\Unity Projects\Github\HappyMeowDays\HappyMeowdays!\Library\ScriptAssemblies\Unity.ProGrids.Editor.dll
Symbol file LoadedFromMemory is not a mono symbol file
Symbol file data-000001E6928A0E10 doesn't match image C:\Users\melvi\OneDrive\Desktop\Unity Projects\Github\HappyMeowDays\HappyMeowdays!\Library\ScriptAssemblies\com.unity.cinemachine.editor.dll
Symbol file LoadedFromMemory is not a mono symbol file
Symbol file data-000001E6946A4010 doesn't match image C:\Users\melvi\OneDrive\Desktop\Unity Projects\Github\HappyMeowDays\HappyMeowdays!\Library\ScriptAssemblies\Unity.PlasticSCM.Editor.dll
Symbol file LoadedFromMemory is not a mono symbol file
Symbol file data-000001E6944C9040 doesn't match image C:\Users\melvi\OneDrive\Desktop\Unity Projects\Github\HappyMeowDays\HappyMeowdays!\Library\ScriptAssemblies\Unity.ProBuilder.Stl.dll
Symbol file LoadedFromMemory is not a mono symbol file
Symbol file data-000001E69478B230 doesn't match image C:\Users\melvi\OneDrive\Desktop\Unity Projects\Github\HappyMeowDays\HappyMeowdays!\Library\ScriptAssemblies\Unity.AI.Navigation.dll
Symbol file LoadedFromMemory is not a mono symbol file
Symbol file data-000001E6946A4010 doesn't match image C:\Users\melvi\OneDrive\Desktop\Unity Projects\Github\HappyMeowDays\HappyMeowdays!\Library\ScriptAssemblies\Unity.ProBuilder.dll
Symbol file LoadedFromMemory is not a mono symbol file
Symbol file data-000001E6946A4010 doesn't match image C:\Users\melvi\OneDrive\Desktop\Unity Projects\Github\HappyMeowDays\HappyMeowdays!\Library\ScriptAssemblies\Unity.Timeline.Editor.dll
Symbol file LoadedFromMemory is not a mono symbol file
Symbol file data-000001E69478B230 doesn't match image C:\Users\melvi\OneDrive\Desktop\Unity Projects\Github\HappyMeowDays\HappyMeowdays!\Library\ScriptAssemblies\Unity.VisualScripting.Shared.Editor.dll
Symbol file LoadedFromMemory is not a mono symbol file
Symbol file data-000001E692257740 doesn't match image C:\Users\melvi\OneDrive\Desktop\Unity Projects\Github\HappyMeowDays\HappyMeowdays!\Library\ScriptAssemblies\YarnSpinner.Unity.Editor.dll
Symbol file LoadedFromMemory is not a mono symbol file
Symbol file data-000001E694C17620 doesn't match image C:\Users\melvi\OneDrive\Desktop\Unity Projects\Github\HappyMeowDays\HappyMeowdays!\Library\ScriptAssemblies\Unity.TerrainTools.dll
Symbol file LoadedFromMemory is not a mono symbol file
Symbol file data-000001E694C17620 doesn't match image C:\Users\melvi\OneDrive\Desktop\Unity Projects\Github\HappyMeowDays\HappyMeowdays!\Library\ScriptAssemblies\Unity.CollabProxy.Editor.dll
Symbol file LoadedFromMemory is not a mono symbol file
Symbol file data-000001E692257740 doesn't match image C:\Users\melvi\OneDrive\Desktop\Unity Projects\Github\HappyMeowDays\HappyMeowdays!\Library\ScriptAssemblies\Unity.VisualStudio.Editor.dll
Symbol file LoadedFromMemory is not a mono symbol file
Symbol file data-000001E694C17620 doesn't match image C:\Users\melvi\OneDrive\Desktop\Unity Projects\Github\HappyMeowDays\HappyMeowdays!\Library\ScriptAssemblies\Unity.Recorder.Base.dll
Symbol file LoadedFromMemory is not a mono symbol file
Symbol file data-000001E692257740 doesn't match image C:\Users\melvi\OneDrive\Desktop\Unity Projects\Github\HappyMeowDays\HappyMeowdays!\Library\ScriptAssemblies\UnityEditor.UI.dll
Symbol file LoadedFromMemory is not a mono symbol file
Symbol file data-000001E695A92010 doesn't match image C:\Users\melvi\OneDrive\Desktop\Unity Projects\Github\HappyMeowDays\HappyMeowdays!\Library\ScriptAssemblies\Unity.VisualScripting.Core.dll
Symbol file LoadedFromMemory is not a mono symbol file
Symbol file data-000001E694EA8040 doesn't match image C:\Users\melvi\OneDrive\Desktop\Unity Projects\Github\HappyMeowDays\HappyMeowdays!\Library\ScriptAssemblies\Unity.VisualScripting.Core.Editor.dll
Symbol file LoadedFromMemory is not a mono symbol file
Symbol file data-000001E692257740 doesn't match image C:\Users\melvi\OneDrive\Desktop\Unity Projects\Github\HappyMeowDays\HappyMeowdays!\Library\ScriptAssemblies\Unity.Rider.Editor.dll
Symbol file LoadedFromMemory is not a mono symbol file
Symbol file data-000001E694C17620 doesn't match image C:\Users\melvi\OneDrive\Desktop\Unity Projects\Github\HappyMeowDays\HappyMeowdays!\Library\ScriptAssemblies\Unity.ProBuilder.AddOns.Editor.dll
Symbol file LoadedFromMemory is not a mono symbol file
Symbol file data-000001E6946D0430 doesn't match image C:\Users\melvi\OneDrive\Desktop\Unity Projects\Github\HappyMeowDays\HappyMeowdays!\Library\ScriptAssemblies\UnityEngine.UI.dll
Symbol file LoadedFromMemory is not a mono symbol file
Symbol file data-000001E69478B230 doesn't match image C:\Users\melvi\OneDrive\Desktop\Unity Projects\Github\HappyMeowDays\HappyMeowdays!\Library\ScriptAssemblies\Unity.ProBuilder.Csg.dll
Symbol file LoadedFromMemory is not a mono symbol file
Symbol file data-000001E69478B230 doesn't match image C:\Users\melvi\OneDrive\Desktop\Unity Projects\Github\HappyMeowDays\HappyMeowdays!\Library\ScriptAssemblies\Unity.Formats.Fbx.Runtime.dll
Symbol file LoadedFromMemory is not a mono symbol file
Symbol file data-000001E6946D0430 doesn't match image C:\Users\melvi\OneDrive\Desktop\Unity Projects\Github\HappyMeowDays\HappyMeowdays!\Library\ScriptAssemblies\UnityEditor.TestRunner.dll
Symbol file LoadedFromMemory is not a mono symbol file
Symbol file data-000001E6946D0430 doesn't match image C:\Users\melvi\OneDrive\Desktop\Unity Projects\Github\HappyMeowDays\HappyMeowdays!\Library\ScriptAssemblies\Unity.VisualScripting.Flow.Editor.dll
Symbol file LoadedFromMemory is not a mono symbol file
Symbol file data-000001E692257740 doesn't match image C:\Users\melvi\OneDrive\Desktop\Unity Projects\Github\HappyMeowDays\HappyMeowdays!\Library\ScriptAssemblies\Unity.Polybrush.dll
Symbol file LoadedFromMemory is not a mono symbol file
Symbol file data-000001E695AC9620 doesn't match image C:\Users\melvi\OneDrive\Desktop\Unity Projects\Github\HappyMeowDays\HappyMeowdays!\Library\ScriptAssemblies\Unity.Timeline.dll
Symbol file LoadedFromMemory is not a mono symbol file
Symbol file data-000001E694EA8040 doesn't match image C:\Users\melvi\OneDrive\Desktop\Unity Projects\Github\HappyMeowDays\HappyMeowdays!\Library\ScriptAssemblies\Unity.InputSystem.dll
Symbol file LoadedFromMemory is not a mono symbol file
Symbol file data-000001E694A5E020 doesn't match image C:\Users\melvi\OneDrive\Desktop\Unity Projects\Github\HappyMeowDays\HappyMeowdays!\Library\ScriptAssemblies\Unity.ProBuilder.Editor.dll
Symbol file LoadedFromMemory is not a mono symbol file
Symbol file data-000001E695AC9620 doesn't match image C:\Users\melvi\OneDrive\Desktop\Unity Projects\Github\HappyMeowDays\HappyMeowdays!\Library\ScriptAssemblies\Unity.Polybrush.Editor.dll
Symbol file LoadedFromMemory is not a mono symbol file
Symbol file data-000001E694F9F020 doesn't match image C:\Users\melvi\OneDrive\Desktop\Unity Projects\Github\HappyMeowDays\HappyMeowdays!\Library\ScriptAssemblies\Unity.VisualScripting.Flow.dll
Symbol file LoadedFromMemory is not a mono symbol file
Symbol file data-000001E694F2B250 doesn't match image C:\Users\melvi\OneDrive\Desktop\Unity Projects\Github\HappyMeowDays\HappyMeowdays!\Library\ScriptAssemblies\Unity.VisualScripting.SettingsProvider.Editor.dll
Symbol file LoadedFromMemory is not a mono symbol file
Symbol file data-000001E694F2B250 doesn't match image C:\Users\melvi\OneDrive\Desktop\Unity Projects\Github\HappyMeowDays\HappyMeowdays!\Library\ScriptAssemblies\Unity.AI.Navigation.Updater.dll
Symbol file LoadedFromMemory is not a mono symbol file
Symbol file data-000001E69225F750 doesn't match image C:\Users\melvi\OneDrive\Desktop\Unity Projects\Github\HappyMeowDays\HappyMeowdays!\Library\ScriptAssemblies\CommandsInAnAssemblyDefinition.dll
Symbol file LoadedFromMemory is not a mono symbol file
Symbol file data-000001E6946D0430 doesn't match image C:\Users\melvi\OneDrive\Desktop\Unity Projects\Github\HappyMeowDays\HappyMeowdays!\Library\ScriptAssemblies\Autodesk.Fbx.dll
Symbol file LoadedFromMemory is not a mono symbol file
Symbol file data-000001E695AD3230 doesn't match image C:\Users\melvi\OneDrive\Desktop\Unity Projects\Github\HappyMeowDays\HappyMeowdays!\Library\ScriptAssemblies\Unity.ProBuilder.Poly2Tri.dll
Symbol file LoadedFromMemory is not a mono symbol file
Symbol file data-000001E6946E5440 doesn't match image C:\Users\melvi\OneDrive\Desktop\Unity Projects\Github\HappyMeowDays\HappyMeowdays!\Library\ScriptAssemblies\YarnSpinner.Unity.dll
Symbol file LoadedFromMemory is not a mono symbol file
Symbol file data-000001E6946E5440 doesn't match image C:\Users\melvi\OneDrive\Desktop\Unity Projects\Github\HappyMeowDays\HappyMeowdays!\Library\ScriptAssemblies\Unity.VisualScripting.State.Editor.dll
Symbol file LoadedFromMemory is not a mono symbol file
Symbol file data-000001E6950E4C50 doesn't match image C:\Users\melvi\OneDrive\Desktop\Unity Projects\Github\HappyMeowDays\HappyMeowdays!\Library\ScriptAssemblies\UnityEngine.TestRunner.dll
Symbol file LoadedFromMemory is not a mono symbol file
Symbol file data-000001E6946E5440 doesn't match image C:\Users\melvi\OneDrive\Desktop\Unity Projects\Github\HappyMeowDays\HappyMeowdays!\Library\ScriptAssemblies\Unity.Settings.Editor.dll
Symbol file LoadedFromMemory is not a mono symbol file
Symbol file data-000001E692B6EA30 doesn't match image C:\Users\melvi\OneDrive\Desktop\Unity Projects\Github\HappyMeowDays\HappyMeowdays!\Library\ScriptAssemblies\Unity.ProBuilder.KdTree.dll
Symbol file LoadedFromMemory is not a mono symbol file
Symbol file data-000001E695101A60 doesn't match image C:\Users\melvi\OneDrive\Desktop\Unity Projects\Github\HappyMeowDays\HappyMeowdays!\Library\ScriptAssemblies\Unity.Formats.Alembic.Runtime.dll
Symbol file LoadedFromMemory is not a mono symbol file
Symbol file data-000001E694F9F020 doesn't match image C:\Users\melvi\OneDrive\Desktop\Unity Projects\Github\HappyMeowDays\HappyMeowdays!\Library\ScriptAssemblies\Unity.Formats.Fbx.Editor.dll
Symbol file LoadedFromMemory is not a mono symbol file
Symbol file data-000001E692B6EA30 doesn't match image C:\Users\melvi\OneDrive\Desktop\Unity Projects\Github\HappyMeowDays\HappyMeowdays!\Library\ScriptAssemblies\Autodesk.Fbx.Editor.dll
Symbol file LoadedFromMemory is not a mono symbol file
Symbol file data-000001E694CFB430 doesn't match image C:\Users\melvi\OneDrive\Desktop\Unity Projects\Github\HappyMeowDays\HappyMeowdays!\Library\ScriptAssemblies\Unity.TextMeshPro.dll
Symbol file LoadedFromMemory is not a mono symbol file
Symbol file data-000001E694FD7A30 doesn't match image C:\Users\melvi\OneDrive\Desktop\Unity Projects\Github\HappyMeowDays\HappyMeowdays!\Library\ScriptAssemblies\Unity.TextMeshPro.Editor.dll
Symbol file LoadedFromMemory is not a mono symbol file
Symbol file data-000001E692B6EA30 doesn't match image C:\Users\melvi\OneDrive\Desktop\Unity Projects\Github\HappyMeowDays\HappyMeowdays!\Library\ScriptAssemblies\Unity.Recorder.dll
Symbol file LoadedFromMemory is not a mono symbol file
Symbol file data-000001E692195840 doesn't match image C:\Users\melvi\OneDrive\Desktop\Unity Projects\Github\HappyMeowDays\HappyMeowdays!\Library\ScriptAssemblies\Unity.AI.Navigation.Editor.dll
Symbol file LoadedFromMemory is not a mono symbol file
Symbol file data-000001E69478B230 doesn't match image C:\Users\melvi\OneDrive\Desktop\Unity Projects\Github\HappyMeowDays\HappyMeowdays!\Library\ScriptAssemblies\Unity.ProBuilder.AssetIdRemapUtility.dll
Symbol file LoadedFromMemory is not a mono symbol file
Symbol file data-000001E695101A60 doesn't match image C:\Users\melvi\OneDrive\Desktop\Unity Projects\Github\HappyMeowDays\HappyMeowdays!\Library\ScriptAssemblies\Unity.VisualScripting.State.dll
Symbol file LoadedFromMemory is not a mono symbol file
Symbol file data-000001E69478B230 doesn't match image C:\Users\melvi\OneDrive\Desktop\Unity Projects\Github\HappyMeowDays\HappyMeowdays!\Library\ScriptAssemblies\Unity.AI.Navigation.Editor.ConversionSystem.dll
Symbol file LoadedFromMemory is not a mono symbol file
Symbol file data-000001E694CFB430 doesn't match image C:\Users\melvi\OneDrive\Desktop\Unity Projects\Github\HappyMeowDays\HappyMeowdays!\Library\ScriptAssemblies\Cinemachine.dll
Symbol file LoadedFromMemory is not a mono symbol file
Symbol file data-000001E69478B230 doesn't match image C:\Users\melvi\OneDrive\Desktop\Unity Projects\Github\HappyMeowDays\HappyMeowdays!\Library\ScriptAssemblies\Unity.VSCode.Editor.dll
Symbol file LoadedFromMemory is not a mono symbol file
Symbol file data-000001E69510D870 doesn't match image C:\Users\melvi\OneDrive\Desktop\Unity Projects\Github\HappyMeowDays\HappyMeowdays!\Library\ScriptAssemblies\FbxBuildTestAssets.dll
Symbol file LoadedFromMemory is not a mono symbol file
Symbol file data-000001E69510D870 doesn't match image C:\Users\melvi\OneDrive\Desktop\Unity Projects\Github\HappyMeowDays\HappyMeowdays!\Library\ScriptAssemblies\Unity.ProGrids.dll
Symbol file LoadedFromMemory is not a mono symbol file
Symbol file data-000001E694FE7A40 doesn't match image C:\Users\melvi\OneDrive\Desktop\Unity Projects\Github\HappyMeowDays\HappyMeowdays!\Library\ScriptAssemblies\Unity.Formats.Alembic.Editor.dll
Symbol file LoadedFromMemory is not a mono symbol file
Symbol file data-000001E69478B230 doesn't match image C:\Users\melvi\OneDrive\Desktop\Unity Projects\Github\HappyMeowDays\HappyMeowdays!\Library\ScriptAssemblies\Unity.InputSystem.TestFramework.dll
Symbol file LoadedFromMemory is not a mono symbol file
Symbol file LoadedFromMemory doesn't match image C:\Users\melvi\OneDrive\Desktop\Unity Projects\Github\HappyMeowDays\HappyMeowdays!\Library\PackageCache\com.unity.visualscripting@1.8.0\Editor\VisualScripting.Core\Dependencies\YamlDotNet\Unity.VisualScripting.YamlDotNet.dll
Symbol file LoadedFromMemory doesn't match image C:\Users\melvi\OneDrive\Desktop\Unity Projects\Github\HappyMeowDays\HappyMeowdays!\Library\PackageCache\com.unity.visualscripting@1.8.0\Editor\VisualScripting.Core\Dependencies\DotNetZip\Unity.VisualScripting.IonicZip.dll
- Loaded All Assemblies, in  0.519 seconds
Refreshing native plugins compatible for Editor in 6.31 ms, found 8 plugins.
Native extension for WindowsStandalone target not found
Mono: successfully reloaded assembly
- Finished resetting the current domain, in  0.588 seconds
Domain Reload Profiling:
	ReloadAssembly (153ms)
		BeginReloadAssembly (90ms)
			ExecutionOrderSort (0ms)
			DisableScriptedObjects (4ms)
			BackupInstance (0ms)
			ReleaseScriptingObjects (0ms)
			CreateAndSetChildDomain (16ms)
		LoadAllAssembliesAndSetupDomain (364ms)
			LoadAssemblies (206ms)
			RebuildTransferFunctionScriptingTraits (0ms)
			SetupTypeCache (196ms)
				TypeCache.Initialize (174ms)
					TypeCache.ScanAssembly (171ms)
				ResolveRequiredComponents (6ms)
		FinalizeReload (0ms)
			ReleaseScriptCaches (0ms)
			RebuildScriptCaches (0ms)
			SetupLoadedEditorAssemblies (484ms)
				LogAssemblyErrors (0ms)
				InitializePlatformSupportModulesInManaged (4ms)
				SetLoadedEditorAssemblies (2ms)
				RefreshPlugins (0ms)
				BeforeProcessingInitializeOnLoad (56ms)
				ProcessInitializeOnLoadAttributes (402ms)
				ProcessInitializeOnLoadMethodAttributes (15ms)
				AfterProcessingInitializeOnLoad (5ms)
				EditorAssembliesLoaded (0ms)
			ExecutionOrderSort2 (0ms)
			AwakeInstancesAfterBackupRestoration (4ms)
Launched and connected shader compiler UnityShaderCompiler.exe after 0.03 seconds
Refreshing native plugins compatible for Editor in 6.96 ms, found 8 plugins.
Preloading 0 native plugins for Editor in 0.00 ms.
Unloading 5005 Unused Serialized files (Serialized files now loaded: 0)
Unloading 116 unused Assets / (3.0 MB). Loaded Objects now: 5487.
Memory consumption went from 290.1 MB to 287.1 MB.
Total: 4.230300 ms (FindLiveObjects: 0.310600 ms CreateObjectMapping: 0.120000 ms MarkObjects: 2.968200 ms  DeleteObjects: 0.830600 ms)

AssetImportParameters requested are different than current active one (requested -> active):
  custom:container-demuxer-ogg: 62fdf1f143b41e24485cea50d1cbac27 -> 
  custom:video-decoder-ogg-theora: a1e56fd34408186e4bbccfd4996cb3dc -> 
  custom:framework-win-MediaFoundation: 216162199b28c13a410421893ffa2e32 -> 
  custom:container-demuxer-webm: 4f35f7cbe854078d1ac9338744f61a02 -> 
  custom:container-muxer-webm: aa71ff27fc2769a1b78a27578f13a17b -> 
  custom:video-decoder-webm-vp8: 9c59270c3fd7afecdb556c50c9e8de78 -> 
  custom:AudioImporter_EditorPlatform: d09bf68614088b80899f8185d706f6e7 -> 
  custom:video-encoder-webm-vp8: eb34c28f22e8b96e1ab97ce403110664 -> 
  custom:audio-decoder-ogg-vorbis: bf7c407c2cedff20999df2af8eb42d56 -> 
  custom:audio-encoder-webm-vorbis: bf7c407c2cedff20999df2af8eb42d56 -> 
