Using pre-set license
Built from '2022.2/staging' branch; Version is '2022.2.15f1 (30d813e1a2a9) revision 3201043'; Using compiler version '192829333'; Build Type 'Release'
OS: 'Windows 11  (10.0.22621) 64bit Core' Language: 'en' Physical Memory: 32693 MB
BatchMode: 1, IsHumanControllingUs: 0, StartBugReporterOnCrash: 0, Is64bit: 1, IsPro: 1

COMMAND LINE ARGUMENTS:
C:\Program Files\Unity\Hub\Editor\2022.2.15f1\Editor\Unity.exe
-adb2
-batchMode
-noUpm
-name
AssetImportWorker3
-projectPath
C:/Users/melvi/OneDrive/Desktop/Unity Projects/Github/HappyMeowDays/HappyMeowdays!
-logFile
Logs/AssetImportWorker3.log
-srvPort
49897
Successfully changed project path to: C:/Users/melvi/OneDrive/Desktop/Unity Projects/Github/HappyMeowDays/HappyMeowdays!
C:/Users/melvi/OneDrive/Desktop/Unity Projects/Github/HappyMeowDays/HappyMeowdays!
[UnityMemory] Configuration Parameters - Can be set up in boot.config
    "memorysetup-bucket-allocator-granularity=16"
    "memorysetup-bucket-allocator-bucket-count=8"
    "memorysetup-bucket-allocator-block-size=33554432"
    "memorysetup-bucket-allocator-block-count=8"
    "memorysetup-main-allocator-block-size=16777216"
    "memorysetup-thread-allocator-block-size=16777216"
    "memorysetup-gfx-main-allocator-block-size=16777216"
    "memorysetup-gfx-thread-allocator-block-size=16777216"
    "memorysetup-cache-allocator-block-size=4194304"
    "memorysetup-typetree-allocator-block-size=2097152"
    "memorysetup-profiler-bucket-allocator-granularity=16"
    "memorysetup-profiler-bucket-allocator-bucket-count=8"
    "memorysetup-profiler-bucket-allocator-block-size=33554432"
    "memorysetup-profiler-bucket-allocator-block-count=8"
    "memorysetup-profiler-allocator-block-size=16777216"
    "memorysetup-profiler-editor-allocator-block-size=1048576"
    "memorysetup-temp-allocator-size-main=16777216"
    "memorysetup-job-temp-allocator-block-size=2097152"
    "memorysetup-job-temp-allocator-block-size-background=1048576"
    "memorysetup-job-temp-allocator-reduction-small-platforms=262144"
    "memorysetup-temp-allocator-size-background-worker=32768"
    "memorysetup-temp-allocator-size-job-worker=262144"
    "memorysetup-temp-allocator-size-preload-manager=33554432"
    "memorysetup-temp-allocator-size-nav-mesh-worker=65536"
    "memorysetup-temp-allocator-size-audio-worker=65536"
    "memorysetup-temp-allocator-size-cloud-worker=32768"
    "memorysetup-temp-allocator-size-gi-baking-worker=262144"
    "memorysetup-temp-allocator-size-gfx=262144"
Player connection [10956] Host "[IP] 11.64.34.142 [Port] 0 [Flags] 2 [Guid] 696481104 [EditorId] 696481104 [Version] 1048832 [Id] WindowsEditor(7,MelPC) [Debug] 1 [PackageName] WindowsEditor [ProjectName] Editor" joined multi-casting on [225.0.0.222:54997]...

Player connection [10956] Host "[IP] 11.64.34.142 [Port] 0 [Flags] 2 [Guid] 696481104 [EditorId] 696481104 [Version] 1048832 [Id] WindowsEditor(7,MelPC) [Debug] 1 [PackageName] WindowsEditor [ProjectName] Editor" joined alternative multi-casting on [225.0.0.222:34997]...

Refreshing native plugins compatible for Editor in 33.36 ms, found 8 plugins.
Preloading 0 native plugins for Editor in 0.00 ms.
Initialize engine version: 2022.2.15f1 (30d813e1a2a9)
[Subsystems] Discovering subsystems at path C:/Program Files/Unity/Hub/Editor/2022.2.15f1/Editor/Data/Resources/UnitySubsystems
[Subsystems] Discovering subsystems at path C:/Users/melvi/OneDrive/Desktop/Unity Projects/Github/HappyMeowDays/HappyMeowdays!/Assets
GfxDevice: creating device client; threaded=0; jobified=0
Direct3D:
    Version:  Direct3D 11.0 [level 11.1]
    Renderer: NVIDIA GeForce RTX 3060 Ti (ID=0x2489)
    Vendor:   NVIDIA
    VRAM:     8038 MB
    Driver:   31.0.15.3118
Initialize mono
Mono path[0] = 'C:/Program Files/Unity/Hub/Editor/2022.2.15f1/Editor/Data/Managed'
Mono path[1] = 'C:/Program Files/Unity/Hub/Editor/2022.2.15f1/Editor/Data/MonoBleedingEdge/lib/mono/unityjit-win32'
Mono config path = 'C:/Program Files/Unity/Hub/Editor/2022.2.15f1/Editor/Data/MonoBleedingEdge/etc'
Using monoOptions --debugger-agent=transport=dt_socket,embedding=1,server=y,suspend=n,address=127.0.0.1:56572
Begin MonoManager ReloadAssembly
Registering precompiled unity dll's ...
Register platform support module: C:/Program Files/Unity/Hub/Editor/2022.2.15f1/Editor/Data/PlaybackEngines/WindowsStandaloneSupport/UnityEditor.WindowsStandalone.Extensions.dll
Registered in 0.006632 seconds.
- Loaded All Assemblies, in  0.253 seconds
Native extension for WindowsStandalone target not found
Mono: successfully reloaded assembly
- Finished resetting the current domain, in  0.219 seconds
Domain Reload Profiling:
	ReloadAssembly (152ms)
		BeginReloadAssembly (71ms)
			ExecutionOrderSort (0ms)
			DisableScriptedObjects (0ms)
			BackupInstance (0ms)
			ReleaseScriptingObjects (0ms)
			CreateAndSetChildDomain (1ms)
		LoadAllAssembliesAndSetupDomain (0ms)
			LoadAssemblies (68ms)
			RebuildTransferFunctionScriptingTraits (0ms)
			SetupTypeCache (93ms)
				TypeCache.Initialize (92ms)
					TypeCache.ScanAssembly (90ms)
				ResolveRequiredComponents (0ms)
		FinalizeReload (0ms)
			ReleaseScriptCaches (0ms)
			RebuildScriptCaches (0ms)
			SetupLoadedEditorAssemblies (171ms)
				LogAssemblyErrors (0ms)
				InitializePlatformSupportModulesInManaged (8ms)
				SetLoadedEditorAssemblies (6ms)
				RefreshPlugins (0ms)
				BeforeProcessingInitializeOnLoad (1ms)
				ProcessInitializeOnLoadAttributes (120ms)
				ProcessInitializeOnLoadMethodAttributes (36ms)
				AfterProcessingInitializeOnLoad (0ms)
				EditorAssembliesLoaded (0ms)
			ExecutionOrderSort2 (0ms)
			AwakeInstancesAfterBackupRestoration (0ms)
========================================================================
Worker process is ready to serve import requests
Begin MonoManager ReloadAssembly
Symbol file data-0000027277F0A020 doesn't match image C:\Users\melvi\OneDrive\Desktop\Unity Projects\Github\HappyMeowDays\HappyMeowdays!\Library\ScriptAssemblies\Unity.Recorder.Editor.dll
Symbol file LoadedFromMemory is not a mono symbol file
Symbol file data-0000027277F30A30 doesn't match image C:\Users\melvi\OneDrive\Desktop\Unity Projects\Github\HappyMeowDays\HappyMeowdays!\Library\ScriptAssemblies\Unity.Sequences.Editor.dll
Symbol file LoadedFromMemory is not a mono symbol file
Symbol file data-000002727740B440 doesn't match image C:\Users\melvi\OneDrive\Desktop\Unity Projects\Github\HappyMeowDays\HappyMeowdays!\Library\ScriptAssemblies\com.unity.cinemachine.editor.dll
Symbol file LoadedFromMemory is not a mono symbol file
Symbol file data-00000272774E0830 doesn't match image C:\Users\melvi\OneDrive\Desktop\Unity Projects\Github\HappyMeowDays\HappyMeowdays!\Library\ScriptAssemblies\Unity.AI.Navigation.dll
Symbol file LoadedFromMemory is not a mono symbol file
Symbol file data-00000272774E0830 doesn't match image C:\Users\melvi\OneDrive\Desktop\Unity Projects\Github\HappyMeowDays\HappyMeowdays!\Library\ScriptAssemblies\Unity.ProBuilder.Stl.dll
Symbol file LoadedFromMemory is not a mono symbol file
Symbol file data-00000272774E0830 doesn't match image C:\Users\melvi\OneDrive\Desktop\Unity Projects\Github\HappyMeowDays\HappyMeowdays!\Library\ScriptAssemblies\Unity.ProBuilder.AddOns.Editor.dll
Symbol file LoadedFromMemory is not a mono symbol file
Symbol file data-0000027277F30A30 doesn't match image C:\Users\melvi\OneDrive\Desktop\Unity Projects\Github\HappyMeowDays\HappyMeowdays!\Library\ScriptAssemblies\Unity.Rider.Editor.dll
Symbol file LoadedFromMemory is not a mono symbol file
Symbol file data-0000027277F30A30 doesn't match image C:\Users\melvi\OneDrive\Desktop\Unity Projects\Github\HappyMeowDays\HappyMeowdays!\Library\ScriptAssemblies\Unity.ProBuilder.Csg.dll
Symbol file LoadedFromMemory is not a mono symbol file
Symbol file data-0000027277F30A30 doesn't match image C:\Users\melvi\OneDrive\Desktop\Unity Projects\Github\HappyMeowDays\HappyMeowdays!\Library\ScriptAssemblies\Unity.Formats.Fbx.Runtime.dll
Symbol file LoadedFromMemory is not a mono symbol file
Symbol file data-00000272756CF620 doesn't match image C:\Users\melvi\OneDrive\Desktop\Unity Projects\Github\HappyMeowDays\HappyMeowdays!\Library\ScriptAssemblies\UnityEditor.TestRunner.dll
Symbol file LoadedFromMemory is not a mono symbol file
Symbol file data-0000027275815020 doesn't match image C:\Users\melvi\OneDrive\Desktop\Unity Projects\Github\HappyMeowDays\HappyMeowdays!\Library\ScriptAssemblies\Unity.VisualScripting.Flow.dll
Symbol file LoadedFromMemory is not a mono symbol file
Symbol file data-00000272756CF620 doesn't match image C:\Users\melvi\OneDrive\Desktop\Unity Projects\Github\HappyMeowDays\HappyMeowdays!\Library\ScriptAssemblies\Unity.Polybrush.Editor.dll
Symbol file LoadedFromMemory is not a mono symbol file
Symbol file data-00000272756CF620 doesn't match image C:\Users\melvi\OneDrive\Desktop\Unity Projects\Github\HappyMeowDays\HappyMeowdays!\Library\ScriptAssemblies\Unity.Formats.Fbx.Editor.dll
Symbol file LoadedFromMemory is not a mono symbol file
Symbol file data-00000272756CF620 doesn't match image C:\Users\melvi\OneDrive\Desktop\Unity Projects\Github\HappyMeowDays\HappyMeowdays!\Library\ScriptAssemblies\Unity.ProBuilder.Poly2Tri.dll
Symbol file LoadedFromMemory is not a mono symbol file
Symbol file data-00000272756D9A30 doesn't match image C:\Users\melvi\OneDrive\Desktop\Unity Projects\Github\HappyMeowDays\HappyMeowdays!\Library\ScriptAssemblies\Unity.Settings.Editor.dll
Symbol file LoadedFromMemory is not a mono symbol file
Symbol file data-0000027275870040 doesn't match image C:\Users\melvi\OneDrive\Desktop\Unity Projects\Github\HappyMeowDays\HappyMeowdays!\Library\ScriptAssemblies\Unity.TextMeshPro.dll
Symbol file LoadedFromMemory is not a mono symbol file
Symbol file data-0000027277F30A30 doesn't match image C:\Users\melvi\OneDrive\Desktop\Unity Projects\Github\HappyMeowDays\HappyMeowdays!\Library\ScriptAssemblies\Unity.Recorder.dll
Symbol file LoadedFromMemory is not a mono symbol file
Symbol file data-0000027277F39C40 doesn't match image C:\Users\melvi\OneDrive\Desktop\Unity Projects\Github\HappyMeowDays\HappyMeowdays!\Library\ScriptAssemblies\Unity.ProBuilder.AssetIdRemapUtility.dll
Symbol file LoadedFromMemory is not a mono symbol file
Symbol file data-0000027277F3FC50 doesn't match image C:\Users\melvi\OneDrive\Desktop\Unity Projects\Github\HappyMeowDays\HappyMeowdays!\Library\ScriptAssemblies\Unity.AI.Navigation.Editor.ConversionSystem.dll
Symbol file LoadedFromMemory is not a mono symbol file
Symbol file data-0000027277F4BA60 doesn't match image C:\Users\melvi\OneDrive\Desktop\Unity Projects\Github\HappyMeowDays\HappyMeowdays!\Library\ScriptAssemblies\Unity.VSCode.Editor.dll
Symbol file LoadedFromMemory is not a mono symbol file
Symbol file data-0000027277F4BA60 doesn't match image C:\Users\melvi\OneDrive\Desktop\Unity Projects\Github\HappyMeowDays\HappyMeowdays!\Library\ScriptAssemblies\FbxBuildTestAssets.dll
Symbol file LoadedFromMemory is not a mono symbol file
Symbol file data-000002727587D850 doesn't match image C:\Users\melvi\OneDrive\Desktop\Unity Projects\Github\HappyMeowDays\HappyMeowdays!\Library\ScriptAssemblies\Unity.Formats.Alembic.Editor.dll
Symbol file LoadedFromMemory is not a mono symbol file
Symbol file data-000002727588E820 doesn't match image C:\Users\melvi\OneDrive\Desktop\Unity Projects\Github\HappyMeowDays\HappyMeowdays!\Library\ScriptAssemblies\Unity.Sequences.dll
Symbol file LoadedFromMemory is not a mono symbol file
Symbol file data-0000027277B9A420 doesn't match image C:\Users\melvi\OneDrive\Desktop\Unity Projects\Github\HappyMeowDays\HappyMeowdays!\Library\ScriptAssemblies\Unity.TerrainTools.Editor.dll
Symbol file LoadedFromMemory is not a mono symbol file
Symbol file data-00000272751A9CF0 doesn't match image C:\Users\melvi\OneDrive\Desktop\Unity Projects\Github\HappyMeowDays\HappyMeowdays!\Library\ScriptAssemblies\Unity.ProGrids.Editor.dll
Symbol file LoadedFromMemory is not a mono symbol file
Symbol file data-000002727724D010 doesn't match image C:\Users\melvi\OneDrive\Desktop\Unity Projects\Github\HappyMeowDays\HappyMeowdays!\Library\ScriptAssemblies\Unity.PlasticSCM.Editor.dll
Symbol file LoadedFromMemory is not a mono symbol file
Symbol file data-0000027277B9A420 doesn't match image C:\Users\melvi\OneDrive\Desktop\Unity Projects\Github\HappyMeowDays\HappyMeowdays!\Library\ScriptAssemblies\Unity.ProBuilder.dll
Symbol file LoadedFromMemory is not a mono symbol file
Symbol file data-0000027275A4A010 doesn't match image C:\Users\melvi\OneDrive\Desktop\Unity Projects\Github\HappyMeowDays\HappyMeowdays!\Library\ScriptAssemblies\Unity.Timeline.Editor.dll
Symbol file LoadedFromMemory is not a mono symbol file
Symbol file data-00000272751063D0 doesn't match image C:\Users\melvi\OneDrive\Desktop\Unity Projects\Github\HappyMeowDays\HappyMeowdays!\Library\ScriptAssemblies\Unity.VisualScripting.Shared.Editor.dll
Symbol file LoadedFromMemory is not a mono symbol file
Symbol file data-00000272751A9CF0 doesn't match image C:\Users\melvi\OneDrive\Desktop\Unity Projects\Github\HappyMeowDays\HappyMeowdays!\Library\ScriptAssemblies\YarnSpinner.Unity.Editor.dll
Symbol file LoadedFromMemory is not a mono symbol file
Symbol file data-000002727511BFE0 doesn't match image C:\Users\melvi\OneDrive\Desktop\Unity Projects\Github\HappyMeowDays\HappyMeowdays!\Library\ScriptAssemblies\Unity.TerrainTools.dll
Symbol file LoadedFromMemory is not a mono symbol file
Symbol file data-000002727511BFE0 doesn't match image C:\Users\melvi\OneDrive\Desktop\Unity Projects\Github\HappyMeowDays\HappyMeowdays!\Library\ScriptAssemblies\Unity.CollabProxy.Editor.dll
Symbol file LoadedFromMemory is not a mono symbol file
Symbol file data-00000272751A9CF0 doesn't match image C:\Users\melvi\OneDrive\Desktop\Unity Projects\Github\HappyMeowDays\HappyMeowdays!\Library\ScriptAssemblies\Unity.Recorder.Base.dll
Symbol file LoadedFromMemory is not a mono symbol file
Symbol file data-00000272751C2900 doesn't match image C:\Users\melvi\OneDrive\Desktop\Unity Projects\Github\HappyMeowDays\HappyMeowdays!\Library\ScriptAssemblies\Unity.VisualStudio.Editor.dll
Symbol file LoadedFromMemory is not a mono symbol file
Symbol file data-00000272751C2900 doesn't match image C:\Users\melvi\OneDrive\Desktop\Unity Projects\Github\HappyMeowDays\HappyMeowdays!\Library\ScriptAssemblies\UnityEditor.UI.dll
Symbol file LoadedFromMemory is not a mono symbol file
Symbol file data-00000272772B1E20 doesn't match image C:\Users\melvi\OneDrive\Desktop\Unity Projects\Github\HappyMeowDays\HappyMeowdays!\Library\ScriptAssemblies\Unity.VisualScripting.Core.dll
Symbol file LoadedFromMemory is not a mono symbol file
Symbol file data-000002727807A020 doesn't match image C:\Users\melvi\OneDrive\Desktop\Unity Projects\Github\HappyMeowDays\HappyMeowdays!\Library\ScriptAssemblies\Unity.VisualScripting.Core.Editor.dll
Symbol file LoadedFromMemory is not a mono symbol file
Symbol file data-000002727807A020 doesn't match image C:\Users\melvi\OneDrive\Desktop\Unity Projects\Github\HappyMeowDays\HappyMeowdays!\Library\ScriptAssemblies\UnityEngine.UI.dll
Symbol file LoadedFromMemory is not a mono symbol file
Symbol file data-0000027275AE2C20 doesn't match image C:\Users\melvi\OneDrive\Desktop\Unity Projects\Github\HappyMeowDays\HappyMeowdays!\Library\ScriptAssemblies\Unity.VisualScripting.Flow.Editor.dll
Symbol file LoadedFromMemory is not a mono symbol file
Symbol file data-0000027275AE2C20 doesn't match image C:\Users\melvi\OneDrive\Desktop\Unity Projects\Github\HappyMeowDays\HappyMeowdays!\Library\ScriptAssemblies\Unity.Polybrush.dll
Symbol file LoadedFromMemory is not a mono symbol file
Symbol file data-0000027275AE2C20 doesn't match image C:\Users\melvi\OneDrive\Desktop\Unity Projects\Github\HappyMeowDays\HappyMeowdays!\Library\ScriptAssemblies\Unity.Timeline.dll
Symbol file LoadedFromMemory is not a mono symbol file
Symbol file data-0000027277D87020 doesn't match image C:\Users\melvi\OneDrive\Desktop\Unity Projects\Github\HappyMeowDays\HappyMeowdays!\Library\ScriptAssemblies\Unity.InputSystem.dll
Symbol file LoadedFromMemory is not a mono symbol file
Symbol file data-0000027278100650 doesn't match image C:\Users\melvi\OneDrive\Desktop\Unity Projects\Github\HappyMeowDays\HappyMeowdays!\Library\ScriptAssemblies\Unity.ProBuilder.Editor.dll
Symbol file LoadedFromMemory is not a mono symbol file
Symbol file data-0000027277BC6700 doesn't match image C:\Users\melvi\OneDrive\Desktop\Unity Projects\Github\HappyMeowDays\HappyMeowdays!\Library\ScriptAssemblies\Unity.VisualScripting.SettingsProvider.Editor.dll
Symbol file LoadedFromMemory is not a mono symbol file
Symbol file data-00000272772F3230 doesn't match image C:\Users\melvi\OneDrive\Desktop\Unity Projects\Github\HappyMeowDays\HappyMeowdays!\Library\ScriptAssemblies\Unity.AI.Navigation.Updater.dll
Symbol file LoadedFromMemory is not a mono symbol file
Symbol file data-00000272772F3230 doesn't match image C:\Users\melvi\OneDrive\Desktop\Unity Projects\Github\HappyMeowDays\HappyMeowdays!\Library\ScriptAssemblies\CommandsInAnAssemblyDefinition.dll
Symbol file LoadedFromMemory is not a mono symbol file
Symbol file data-0000027278100650 doesn't match image C:\Users\melvi\OneDrive\Desktop\Unity Projects\Github\HappyMeowDays\HappyMeowdays!\Library\ScriptAssemblies\Autodesk.Fbx.dll
Symbol file LoadedFromMemory is not a mono symbol file
Symbol file data-0000027278100650 doesn't match image C:\Users\melvi\OneDrive\Desktop\Unity Projects\Github\HappyMeowDays\HappyMeowdays!\Library\ScriptAssemblies\YarnSpinner.Unity.dll
Symbol file LoadedFromMemory is not a mono symbol file
Symbol file data-0000027278118E60 doesn't match image C:\Users\melvi\OneDrive\Desktop\Unity Projects\Github\HappyMeowDays\HappyMeowdays!\Library\ScriptAssemblies\Unity.VisualScripting.State.Editor.dll
Symbol file LoadedFromMemory is not a mono symbol file
Symbol file data-0000027275AFFC40 doesn't match image C:\Users\melvi\OneDrive\Desktop\Unity Projects\Github\HappyMeowDays\HappyMeowdays!\Library\ScriptAssemblies\Autodesk.Fbx.Editor.dll
Symbol file LoadedFromMemory is not a mono symbol file
Symbol file data-0000027278118E60 doesn't match image C:\Users\melvi\OneDrive\Desktop\Unity Projects\Github\HappyMeowDays\HappyMeowdays!\Library\ScriptAssemblies\UnityEngine.TestRunner.dll
Symbol file LoadedFromMemory is not a mono symbol file
Symbol file data-000002727811E070 doesn't match image C:\Users\melvi\OneDrive\Desktop\Unity Projects\Github\HappyMeowDays\HappyMeowdays!\Library\ScriptAssemblies\Unity.ProBuilder.KdTree.dll
Symbol file LoadedFromMemory is not a mono symbol file
Symbol file data-0000027277E47C50 doesn't match image C:\Users\melvi\OneDrive\Desktop\Unity Projects\Github\HappyMeowDays\HappyMeowdays!\Library\ScriptAssemblies\Unity.Formats.Alembic.Runtime.dll
Symbol file LoadedFromMemory is not a mono symbol file
Symbol file data-000002727811E070 doesn't match image C:\Users\melvi\OneDrive\Desktop\Unity Projects\Github\HappyMeowDays\HappyMeowdays!\Library\ScriptAssemblies\Unity.TextMeshPro.Editor.dll
Symbol file LoadedFromMemory is not a mono symbol file
Symbol file data-000002727811E070 doesn't match image C:\Users\melvi\OneDrive\Desktop\Unity Projects\Github\HappyMeowDays\HappyMeowdays!\Library\ScriptAssemblies\Unity.AI.Navigation.Editor.dll
Symbol file LoadedFromMemory is not a mono symbol file
Symbol file data-0000027278125E80 doesn't match image C:\Users\melvi\OneDrive\Desktop\Unity Projects\Github\HappyMeowDays\HappyMeowdays!\Library\ScriptAssemblies\Unity.VisualScripting.State.dll
Symbol file LoadedFromMemory is not a mono symbol file
Symbol file data-0000027277812E40 doesn't match image C:\Users\melvi\OneDrive\Desktop\Unity Projects\Github\HappyMeowDays\HappyMeowdays!\Library\ScriptAssemblies\Cinemachine.dll
Symbol file LoadedFromMemory is not a mono symbol file
Symbol file data-0000027275AFFC40 doesn't match image C:\Users\melvi\OneDrive\Desktop\Unity Projects\Github\HappyMeowDays\HappyMeowdays!\Library\ScriptAssemblies\Unity.ProGrids.dll
Symbol file LoadedFromMemory is not a mono symbol file
Symbol file data-0000027278130690 doesn't match image C:\Users\melvi\OneDrive\Desktop\Unity Projects\Github\HappyMeowDays\HappyMeowdays!\Library\ScriptAssemblies\Unity.InputSystem.TestFramework.dll
Symbol file LoadedFromMemory is not a mono symbol file
Symbol file LoadedFromMemory doesn't match image C:\Users\melvi\OneDrive\Desktop\Unity Projects\Github\HappyMeowDays\HappyMeowdays!\Library\PackageCache\com.unity.visualscripting@1.8.0\Editor\VisualScripting.Core\Dependencies\YamlDotNet\Unity.VisualScripting.YamlDotNet.dll
Symbol file LoadedFromMemory doesn't match image C:\Users\melvi\OneDrive\Desktop\Unity Projects\Github\HappyMeowDays\HappyMeowdays!\Library\PackageCache\com.unity.visualscripting@1.8.0\Editor\VisualScripting.Core\Dependencies\DotNetZip\Unity.VisualScripting.IonicZip.dll
- Loaded All Assemblies, in  0.616 seconds
Refreshing native plugins compatible for Editor in 6.88 ms, found 8 plugins.
Native extension for WindowsStandalone target not found
Mono: successfully reloaded assembly
- Finished resetting the current domain, in  0.740 seconds
Domain Reload Profiling:
	ReloadAssembly (170ms)
		BeginReloadAssembly (97ms)
			ExecutionOrderSort (0ms)
			DisableScriptedObjects (4ms)
			BackupInstance (0ms)
			ReleaseScriptingObjects (0ms)
			CreateAndSetChildDomain (17ms)
		LoadAllAssembliesAndSetupDomain (444ms)
			LoadAssemblies (236ms)
			RebuildTransferFunctionScriptingTraits (0ms)
			SetupTypeCache (251ms)
				TypeCache.Initialize (221ms)
					TypeCache.ScanAssembly (215ms)
				ResolveRequiredComponents (8ms)
		FinalizeReload (0ms)
			ReleaseScriptCaches (0ms)
			RebuildScriptCaches (0ms)
			SetupLoadedEditorAssemblies (601ms)
				LogAssemblyErrors (0ms)
				InitializePlatformSupportModulesInManaged (5ms)
				SetLoadedEditorAssemblies (3ms)
				RefreshPlugins (0ms)
				BeforeProcessingInitializeOnLoad (65ms)
				ProcessInitializeOnLoadAttributes (504ms)
				ProcessInitializeOnLoadMethodAttributes (18ms)
				AfterProcessingInitializeOnLoad (7ms)
				EditorAssembliesLoaded (0ms)
			ExecutionOrderSort2 (0ms)
			AwakeInstancesAfterBackupRestoration (6ms)
Launched and connected shader compiler UnityShaderCompiler.exe after 0.04 seconds
Refreshing native plugins compatible for Editor in 9.86 ms, found 8 plugins.
Preloading 0 native plugins for Editor in 0.00 ms.
Unloading 5024 Unused Serialized files (Serialized files now loaded: 0)
Unloading 116 unused Assets / (3.1 MB). Loaded Objects now: 5497.
Memory consumption went from 287.1 MB to 284.1 MB.
Total: 6.427000 ms (FindLiveObjects: 0.611300 ms CreateObjectMapping: 0.167600 ms MarkObjects: 4.307500 ms  DeleteObjects: 1.339700 ms)

AssetImportParameters requested are different than current active one (requested -> active):
  custom:container-demuxer-ogg: 62fdf1f143b41e24485cea50d1cbac27 -> 
  custom:video-decoder-ogg-theora: a1e56fd34408186e4bbccfd4996cb3dc -> 
  custom:framework-win-MediaFoundation: 216162199b28c13a410421893ffa2e32 -> 
  custom:container-demuxer-webm: 4f35f7cbe854078d1ac9338744f61a02 -> 
  custom:container-muxer-webm: aa71ff27fc2769a1b78a27578f13a17b -> 
  custom:video-decoder-webm-vp8: 9c59270c3fd7afecdb556c50c9e8de78 -> 
  custom:AudioImporter_EditorPlatform: d09bf68614088b80899f8185d706f6e7 -> 
  custom:video-encoder-webm-vp8: eb34c28f22e8b96e1ab97ce403110664 -> 
  custom:audio-decoder-ogg-vorbis: bf7c407c2cedff20999df2af8eb42d56 -> 
  custom:audio-encoder-webm-vorbis: bf7c407c2cedff20999df2af8eb42d56 -> 
========================================================================
Received Import Request.
  Time since last request: 596.953912 seconds.
  path: Assets/BigFurniturePack/Models/kitchen_table_2.FBX
  artifactKey: Guid(e0853bea36301e940b5337e376f64f85) Importer(815301076,1909f56bfc062723c751e8b465ee728b)
Start importing Assets/BigFurniturePack/Models/kitchen_table_2.FBX using Guid(e0853bea36301e940b5337e376f64f85) Importer(815301076,1909f56bfc062723c751e8b465ee728b)  -> (artifact id: '33eaa16aadb1f2674c16e805e19db7cd') in 0.156759 seconds
Number of updated asset objects reloaded before import = 0
Number of asset objects unloaded after import = 14
========================================================================
Received Import Request.
  Time since last request: 0.000017 seconds.
  path: Assets/UnityAssetStore/SampleScenes/Models/LaserBolt.fbx
  artifactKey: Guid(ee3f0b52fe10f194fb33c1423defa973) Importer(815301076,1909f56bfc062723c751e8b465ee728b)
Start importing Assets/UnityAssetStore/SampleScenes/Models/LaserBolt.fbx using Guid(ee3f0b52fe10f194fb33c1423defa973) Importer(815301076,1909f56bfc062723c751e8b465ee728b)  -> (artifact id: 'a3592fa5266d1644f215336eee867fac') in 0.015277 seconds
Number of updated asset objects reloaded before import = 0
Number of asset objects unloaded after import = 8
========================================================================
Received Import Request.
  Time since last request: 0.000023 seconds.
  path: Assets/UnityAssetStore/Kabungus/HouseholdItems/Models/KitchenKnife.fbx
  artifactKey: Guid(03aa2203db556a8418140b52afe7b00c) Importer(815301076,1909f56bfc062723c751e8b465ee728b)
Start importing Assets/UnityAssetStore/Kabungus/HouseholdItems/Models/KitchenKnife.fbx using Guid(03aa2203db556a8418140b52afe7b00c) Importer(815301076,1909f56bfc062723c751e8b465ee728b)  -> (artifact id: '9473a8e0a92d43877a0ace84e1df97e7') in 0.036577 seconds
Number of updated asset objects reloaded before import = 0
Number of asset objects unloaded after import = 9
========================================================================
Received Import Request.
  Time since last request: 0.000023 seconds.
  path: Assets/DevDen Arch Viz Scotland/Meshes/Mirror02_1.FBX
  artifactKey: Guid(d8ee6730ccbf6e84ba43b832a94997db) Importer(815301076,1909f56bfc062723c751e8b465ee728b)
Start importing Assets/DevDen Arch Viz Scotland/Meshes/Mirror02_1.FBX using Guid(d8ee6730ccbf6e84ba43b832a94997db) Importer(815301076,1909f56bfc062723c751e8b465ee728b)  -> (artifact id: 'e2c9cd17336fcdda7c5ae9fd20815616') in 0.025370 seconds
Number of updated asset objects reloaded before import = 0
Number of asset objects unloaded after import = 10
========================================================================
Received Import Request.
  Time since last request: 0.000013 seconds.
  path: Assets/DevDen Arch Viz Scotland/Meshes/mug-tree.fbx
  artifactKey: Guid(eeeabd8e5fefc874fb98872f67c9fa74) Importer(815301076,1909f56bfc062723c751e8b465ee728b)
Start importing Assets/DevDen Arch Viz Scotland/Meshes/mug-tree.fbx using Guid(eeeabd8e5fefc874fb98872f67c9fa74) Importer(815301076,1909f56bfc062723c751e8b465ee728b)  -> (artifact id: 'e73a9c23280483bcbde9fdcb0bd92c8a') in 0.077435 seconds
Number of updated asset objects reloaded before import = 0
Number of asset objects unloaded after import = 12
========================================================================
Received Import Request.
  Time since last request: 0.000017 seconds.
  path: Assets/UnityAssetStore/Kabungus/HouseholdItems/Models/KitchenKnifeBrown.fbx
  artifactKey: Guid(30b2d5ef486e90c4f84072fe791deea3) Importer(815301076,1909f56bfc062723c751e8b465ee728b)
Start importing Assets/UnityAssetStore/Kabungus/HouseholdItems/Models/KitchenKnifeBrown.fbx using Guid(30b2d5ef486e90c4f84072fe791deea3) Importer(815301076,1909f56bfc062723c751e8b465ee728b)  -> (artifact id: '75fe4c37293ca84de6fb9d4a2239aecd') in 0.017072 seconds
Number of updated asset objects reloaded before import = 0
Number of asset objects unloaded after import = 9
========================================================================
Received Import Request.
  Time since last request: 0.000012 seconds.
  path: Assets/DevDen Arch Viz Scotland/Meshes/kitchen_top_piece.fbx
  artifactKey: Guid(9c2c5902854a0bc4294c65fa33aa53fc) Importer(815301076,1909f56bfc062723c751e8b465ee728b)
Start importing Assets/DevDen Arch Viz Scotland/Meshes/kitchen_top_piece.fbx using Guid(9c2c5902854a0bc4294c65fa33aa53fc) Importer(815301076,1909f56bfc062723c751e8b465ee728b)  -> (artifact id: '9aa8629075a9827ce65bf578137fe578') in 0.013417 seconds
Number of updated asset objects reloaded before import = 0
Number of asset objects unloaded after import = 7
========================================================================
Received Import Request.
  Time since last request: 0.000011 seconds.
  path: Assets/UnityAssetStore/SimpleNaturePack/Models/Mushroom_01.fbx
  artifactKey: Guid(d062f5c56ffb55c4f832432ada269abe) Importer(815301076,1909f56bfc062723c751e8b465ee728b)
Start importing Assets/UnityAssetStore/SimpleNaturePack/Models/Mushroom_01.fbx using Guid(d062f5c56ffb55c4f832432ada269abe) Importer(815301076,1909f56bfc062723c751e8b465ee728b)  -> (artifact id: '9d2d2d3e7a51eb035b929c7f79698715') in 0.020989 seconds
Number of updated asset objects reloaded before import = 0
Number of asset objects unloaded after import = 15
========================================================================
Received Import Request.
  Time since last request: 0.000013 seconds.
  path: Assets/DevDen Arch Viz Scotland/Meshes/knife-block.fbx
  artifactKey: Guid(acb6e8f942d99434f99ae6759830eed6) Importer(815301076,1909f56bfc062723c751e8b465ee728b)
Start importing Assets/DevDen Arch Viz Scotland/Meshes/knife-block.fbx using Guid(acb6e8f942d99434f99ae6759830eed6) Importer(815301076,1909f56bfc062723c751e8b465ee728b)  -> (artifact id: 'fe73759416896f3b88141bdb92e92e2a') in 0.041404 seconds
Number of updated asset objects reloaded before import = 0
Number of asset objects unloaded after import = 10
========================================================================
Received Import Request.
  Time since last request: 0.000014 seconds.
  path: Assets/DevDen Arch Viz Scotland/Meshes/Painting_StandPhoto_A.FBX
  artifactKey: Guid(2eea6706ad59c504f97ada384db8c584) Importer(815301076,1909f56bfc062723c751e8b465ee728b)
Start importing Assets/DevDen Arch Viz Scotland/Meshes/Painting_StandPhoto_A.FBX using Guid(2eea6706ad59c504f97ada384db8c584) Importer(815301076,1909f56bfc062723c751e8b465ee728b)  -> (artifact id: 'ea38452172eba6dee55c6f054008248b') in 0.050878 seconds
Number of updated asset objects reloaded before import = 0
Number of asset objects unloaded after import = 12
========================================================================
Received Import Request.
  Time since last request: 0.000028 seconds.
  path: Assets/DevDen Arch Viz Scotland/Meshes/magazine1.FBX
  artifactKey: Guid(11ee526505cdfe143b71532eb69f6a6c) Importer(815301076,1909f56bfc062723c751e8b465ee728b)
Start importing Assets/DevDen Arch Viz Scotland/Meshes/magazine1.FBX using Guid(11ee526505cdfe143b71532eb69f6a6c) Importer(815301076,1909f56bfc062723c751e8b465ee728b)  -> (artifact id: '76741893d0c3bc71d3114b420ffb7115') in 0.024308 seconds
Number of updated asset objects reloaded before import = 0
Number of asset objects unloaded after import = 9
========================================================================
Received Import Request.
  Time since last request: 0.000013 seconds.
  path: Assets/DevDen Arch Viz Scotland/Meshes/knife1.fbx
  artifactKey: Guid(5ccd234d4fa06004b9c066958f40bedf) Importer(815301076,1909f56bfc062723c751e8b465ee728b)
Start importing Assets/DevDen Arch Viz Scotland/Meshes/knife1.fbx using Guid(5ccd234d4fa06004b9c066958f40bedf) Importer(815301076,1909f56bfc062723c751e8b465ee728b)  -> (artifact id: '8bbfdd1e49493dbe37f61a43b953c4ec') in 0.015569 seconds
Number of updated asset objects reloaded before import = 0
Number of asset objects unloaded after import = 11
========================================================================
Received Import Request.
  Time since last request: 0.000013 seconds.
  path: Assets/UnityAssetStore/Kabungus/HouseholdItems/Models/Medkit.fbx
  artifactKey: Guid(f89105f1a7259a7438e6b355f754ca89) Importer(815301076,1909f56bfc062723c751e8b465ee728b)
Start importing Assets/UnityAssetStore/Kabungus/HouseholdItems/Models/Medkit.fbx using Guid(f89105f1a7259a7438e6b355f754ca89) Importer(815301076,1909f56bfc062723c751e8b465ee728b)  -> (artifact id: 'e648618f6c5df5bc147cec7d3979523d') in 0.015435 seconds
Number of updated asset objects reloaded before import = 0
Number of asset objects unloaded after import = 9
========================================================================
Received Import Request.
  Time since last request: 0.280363 seconds.
  path: Assets/BigFurniturePack/Models/plate.FBX
  artifactKey: Guid(c790654032b636346b57fc885244fd9c) Importer(815301076,1909f56bfc062723c751e8b465ee728b)
Start importing Assets/BigFurniturePack/Models/plate.FBX using Guid(c790654032b636346b57fc885244fd9c) Importer(815301076,1909f56bfc062723c751e8b465ee728b)  -> (artifact id: 'b6fe8b22cb9be289f80a961b26bf9634') in 0.012317 seconds
Number of updated asset objects reloaded before import = 0
Number of asset objects unloaded after import = 7
========================================================================
Received Import Request.
  Time since last request: 0.000058 seconds.
  path: Assets/UnityAssetStore/Standard Assets/Prototyping/Models/PlatformPrototype02x01x02.fbx
  artifactKey: Guid(38a9d3cc5c1e0aa4f92ff3445b73ed7f) Importer(815301076,1909f56bfc062723c751e8b465ee728b)
Start importing Assets/UnityAssetStore/Standard Assets/Prototyping/Models/PlatformPrototype02x01x02.fbx using Guid(38a9d3cc5c1e0aa4f92ff3445b73ed7f) Importer(815301076,1909f56bfc062723c751e8b465ee728b)  -> (artifact id: '297fd9ddd57215acde9657e48d35efcc') in 0.014165 seconds
Number of updated asset objects reloaded before import = 0
Number of asset objects unloaded after import = 10
========================================================================
Received Import Request.
  Time since last request: 0.000013 seconds.
  path: Assets/UnityAssetStore/Kabungus/HouseholdItems/Models/Plunger.fbx
  artifactKey: Guid(240aa151473f7404c8455dfb4869b593) Importer(815301076,1909f56bfc062723c751e8b465ee728b)
Start importing Assets/UnityAssetStore/Kabungus/HouseholdItems/Models/Plunger.fbx using Guid(240aa151473f7404c8455dfb4869b593) Importer(815301076,1909f56bfc062723c751e8b465ee728b)  -> (artifact id: '68bc9bdb9d5d58f9081a645b7a5a1773') in 0.014454 seconds
Number of updated asset objects reloaded before import = 0
Number of asset objects unloaded after import = 9
Editor requested this worker to shutdown with reason: Scaling down because of idle timeout
TcpMessagingSession - receive error: operation aborted. errorcode: 995, details: The I/O operation has been aborted because of either a thread exit or an application request.
AssetImportWorker is now disconnected from the server
Process exiting
Exiting without the bug reporter. Application will terminate with return code 0