Using pre-set license
Built from '2022.2/staging' branch; Version is '2022.2.15f1 (30d813e1a2a9) revision 3201043'; Using compiler version '192829333'; Build Type 'Release'
OS: 'Windows 11  (10.0.22621) 64bit Education' Language: 'en' Physical Memory: 16265 MB
BatchMode: 1, IsHumanControllingUs: 0, StartBugReporterOnCrash: 0, Is64bit: 1, IsPro: 1

COMMAND LINE ARGUMENTS:
C:\Program Files\Unity\Hub\Editor\2022.2.15f1\Editor\Unity.exe
-adb2
-batchMode
-noUpm
-name
AssetImportWorker5
-projectPath
C:/Users/Miguel/Documents/GitHub/HappyMeowDays/HappyMeowdays!
-logFile
Logs/AssetImportWorker5.log
-srvPort
57564
Successfully changed project path to: C:/Users/Miguel/Documents/GitHub/HappyMeowDays/HappyMeowdays!
C:/Users/Miguel/Documents/GitHub/HappyMeowDays/HappyMeowdays!
[UnityMemory] Configuration Parameters - Can be set up in boot.config
    "memorysetup-bucket-allocator-granularity=16"
    "memorysetup-bucket-allocator-bucket-count=8"
    "memorysetup-bucket-allocator-block-size=33554432"
    "memorysetup-bucket-allocator-block-count=8"
    "memorysetup-main-allocator-block-size=16777216"
    "memorysetup-thread-allocator-block-size=16777216"
    "memorysetup-gfx-main-allocator-block-size=16777216"
    "memorysetup-gfx-thread-allocator-block-size=16777216"
    "memorysetup-cache-allocator-block-size=4194304"
    "memorysetup-typetree-allocator-block-size=2097152"
    "memorysetup-profiler-bucket-allocator-granularity=16"
    "memorysetup-profiler-bucket-allocator-bucket-count=8"
    "memorysetup-profiler-bucket-allocator-block-size=33554432"
    "memorysetup-profiler-bucket-allocator-block-count=8"
    "memorysetup-profiler-allocator-block-size=16777216"
    "memorysetup-profiler-editor-allocator-block-size=1048576"
    "memorysetup-temp-allocator-size-main=16777216"
    "memorysetup-job-temp-allocator-block-size=2097152"
    "memorysetup-job-temp-allocator-block-size-background=1048576"
    "memorysetup-job-temp-allocator-reduction-small-platforms=262144"
    "memorysetup-temp-allocator-size-background-worker=32768"
    "memorysetup-temp-allocator-size-job-worker=262144"
    "memorysetup-temp-allocator-size-preload-manager=33554432"
    "memorysetup-temp-allocator-size-nav-mesh-worker=65536"
    "memorysetup-temp-allocator-size-audio-worker=65536"
    "memorysetup-temp-allocator-size-cloud-worker=32768"
    "memorysetup-temp-allocator-size-gi-baking-worker=262144"
    "memorysetup-temp-allocator-size-gfx=262144"
Player connection [15548] Host "[IP] 11.96.65.230 [Port] 0 [Flags] 2 [Guid] 1963143675 [EditorId] 1963143675 [Version] 1048832 [Id] WindowsEditor(7,MIGGY-PC) [Debug] 1 [PackageName] WindowsEditor [ProjectName] Editor" joined multi-casting on [225.0.0.222:54997]...

Player connection [15548] Host "[IP] 11.96.65.230 [Port] 0 [Flags] 2 [Guid] 1963143675 [EditorId] 1963143675 [Version] 1048832 [Id] WindowsEditor(7,MIGGY-PC) [Debug] 1 [PackageName] WindowsEditor [ProjectName] Editor" joined alternative multi-casting on [225.0.0.222:34997]...

Refreshing native plugins compatible for Editor in 13.73 ms, found 8 plugins.
Preloading 0 native plugins for Editor in 0.00 ms.
Initialize engine version: 2022.2.15f1 (30d813e1a2a9)
[Subsystems] Discovering subsystems at path C:/Program Files/Unity/Hub/Editor/2022.2.15f1/Editor/Data/Resources/UnitySubsystems
[Subsystems] Discovering subsystems at path C:/Users/Miguel/Documents/GitHub/HappyMeowDays/HappyMeowdays!/Assets
GfxDevice: creating device client; threaded=0; jobified=0
Direct3D:
    Version:  Direct3D 11.0 [level 11.1]
    Renderer: AMD Radeon RX 6700 XT (ID=0x73df)
    Vendor:   ATI
    VRAM:     12243 MB
    Driver:   31.0.12027.9001
Initialize mono
Mono path[0] = 'C:/Program Files/Unity/Hub/Editor/2022.2.15f1/Editor/Data/Managed'
Mono path[1] = 'C:/Program Files/Unity/Hub/Editor/2022.2.15f1/Editor/Data/MonoBleedingEdge/lib/mono/unityjit-win32'
Mono config path = 'C:/Program Files/Unity/Hub/Editor/2022.2.15f1/Editor/Data/MonoBleedingEdge/etc'
Using monoOptions --debugger-agent=transport=dt_socket,embedding=1,server=y,suspend=n,address=127.0.0.1:56804
Begin MonoManager ReloadAssembly
Registering precompiled unity dll's ...
Register platform support module: C:/Program Files/Unity/Hub/Editor/2022.2.15f1/Editor/Data/PlaybackEngines/WindowsStandaloneSupport/UnityEditor.WindowsStandalone.Extensions.dll
Registered in 0.004774 seconds.
- Loaded All Assemblies, in  0.272 seconds
Native extension for WindowsStandalone target not found
Mono: successfully reloaded assembly
- Finished resetting the current domain, in  0.241 seconds
Domain Reload Profiling:
	ReloadAssembly (151ms)
		BeginReloadAssembly (72ms)
			ExecutionOrderSort (0ms)
			DisableScriptedObjects (0ms)
			BackupInstance (0ms)
			ReleaseScriptingObjects (0ms)
			CreateAndSetChildDomain (1ms)
		LoadAllAssembliesAndSetupDomain (0ms)
			LoadAssemblies (69ms)
			RebuildTransferFunctionScriptingTraits (0ms)
			SetupTypeCache (116ms)
				TypeCache.Initialize (115ms)
					TypeCache.ScanAssembly (113ms)
				ResolveRequiredComponents (0ms)
		FinalizeReload (0ms)
			ReleaseScriptCaches (0ms)
			RebuildScriptCaches (0ms)
			SetupLoadedEditorAssemblies (190ms)
				LogAssemblyErrors (0ms)
				InitializePlatformSupportModulesInManaged (7ms)
				SetLoadedEditorAssemblies (6ms)
				RefreshPlugins (0ms)
				BeforeProcessingInitializeOnLoad (1ms)
				ProcessInitializeOnLoadAttributes (128ms)
				ProcessInitializeOnLoadMethodAttributes (48ms)
				AfterProcessingInitializeOnLoad (0ms)
				EditorAssembliesLoaded (0ms)
			ExecutionOrderSort2 (0ms)
			AwakeInstancesAfterBackupRestoration (0ms)
========================================================================
Worker process is ready to serve import requests
Begin MonoManager ReloadAssembly
Symbol file LoadedFromMemory doesn't match image C:\Users\Miguel\Documents\GitHub\HappyMeowDays\HappyMeowdays!\Library\PackageCache\com.unity.visualscripting@1.8.0\Editor\VisualScripting.Core\Dependencies\YamlDotNet\Unity.VisualScripting.YamlDotNet.dll
Symbol file LoadedFromMemory doesn't match image C:\Users\Miguel\Documents\GitHub\HappyMeowDays\HappyMeowdays!\Library\PackageCache\com.unity.visualscripting@1.8.0\Editor\VisualScripting.Core\Dependencies\DotNetZip\Unity.VisualScripting.IonicZip.dll
- Loaded All Assemblies, in  0.568 seconds
Refreshing native plugins compatible for Editor in 6.50 ms, found 8 plugins.
Native extension for WindowsStandalone target not found
Mono: successfully reloaded assembly
- Finished resetting the current domain, in  0.590 seconds
Domain Reload Profiling:
	ReloadAssembly (148ms)
		BeginReloadAssembly (88ms)
			ExecutionOrderSort (0ms)
			DisableScriptedObjects (4ms)
			BackupInstance (0ms)
			ReleaseScriptingObjects (0ms)
			CreateAndSetChildDomain (16ms)
		LoadAllAssembliesAndSetupDomain (417ms)
			LoadAssemblies (208ms)
			RebuildTransferFunctionScriptingTraits (0ms)
			SetupTypeCache (248ms)
				TypeCache.Initialize (220ms)
					TypeCache.ScanAssembly (216ms)
				ResolveRequiredComponents (9ms)
		FinalizeReload (0ms)
			ReleaseScriptCaches (0ms)
			RebuildScriptCaches (0ms)
			SetupLoadedEditorAssemblies (455ms)
				LogAssemblyErrors (0ms)
				InitializePlatformSupportModulesInManaged (4ms)
				SetLoadedEditorAssemblies (2ms)
				RefreshPlugins (0ms)
				BeforeProcessingInitializeOnLoad (62ms)
				ProcessInitializeOnLoadAttributes (358ms)
				ProcessInitializeOnLoadMethodAttributes (21ms)
				AfterProcessingInitializeOnLoad (6ms)
				EditorAssembliesLoaded (0ms)
			ExecutionOrderSort2 (0ms)
			AwakeInstancesAfterBackupRestoration (5ms)
Launched and connected shader compiler UnityShaderCompiler.exe after 0.03 seconds
Refreshing native plugins compatible for Editor in 10.17 ms, found 8 plugins.
Preloading 0 native plugins for Editor in 0.00 ms.
Unloading 5020 Unused Serialized files (Serialized files now loaded: 0)
Unloading 117 unused Assets / (3.1 MB). Loaded Objects now: 5492.
Memory consumption went from 281.5 MB to 278.4 MB.
Total: 9.666700 ms (FindLiveObjects: 1.063600 ms CreateObjectMapping: 0.313600 ms MarkObjects: 6.543000 ms  DeleteObjects: 1.744500 ms)

AssetImportParameters requested are different than current active one (requested -> active):
  custom:container-demuxer-ogg: 62fdf1f143b41e24485cea50d1cbac27 -> 
  custom:video-codec-MediaFoundation-h265: 746d11721c4dcdbdad8f713fa42b33f4 -> 
  custom:video-decoder-ogg-theora: a1e56fd34408186e4bbccfd4996cb3dc -> 
  custom:framework-win-MediaFoundation: 216162199b28c13a410421893ffa2e32 -> 
  custom:container-demuxer-webm: 4f35f7cbe854078d1ac9338744f61a02 -> 
  custom:container-muxer-webm: aa71ff27fc2769a1b78a27578f13a17b -> 
  custom:video-decoder-webm-vp8: 9c59270c3fd7afecdb556c50c9e8de78 -> 
  custom:AudioImporter_EditorPlatform: d09bf68614088b80899f8185d706f6e7 -> 
  custom:video-encoder-webm-vp8: eb34c28f22e8b96e1ab97ce403110664 -> 
  custom:audio-decoder-ogg-vorbis: bf7c407c2cedff20999df2af8eb42d56 -> 
  custom:audio-encoder-webm-vorbis: bf7c407c2cedff20999df2af8eb42d56 -> 
========================================================================
Received Import Request.
  Time since last request: 806669.121371 seconds.
  path: Assets/UnityAssetStore/Standard Assets/Environment/SpeedTree/Broadleaf/Broadleaf_Desktop Materials/LOD2/Fronds_2.mat
  artifactKey: Guid(ee0b78d572fcec249860ad38970b7888) Importer(815301076,1909f56bfc062723c751e8b465ee728b)
Start importing Assets/UnityAssetStore/Standard Assets/Environment/SpeedTree/Broadleaf/Broadleaf_Desktop Materials/LOD2/Fronds_2.mat using Guid(ee0b78d572fcec249860ad38970b7888) Importer(815301076,1909f56bfc062723c751e8b465ee728b)  -> (artifact id: '8aa8bfdddad9d50d3c815d748877481c') in 0.473334 seconds
Number of updated asset objects reloaded before import = 0
Number of asset objects unloaded after import = 3
========================================================================
Received Import Request.
  Time since last request: 2269.090946 seconds.
  path: Assets/UnityAssetStore/SimpleFX/Materials/FX_Glow.mat
  artifactKey: Guid(040cfa3c61ad57946ae16c627e338920) Importer(815301076,1909f56bfc062723c751e8b465ee728b)
Start importing Assets/UnityAssetStore/SimpleFX/Materials/FX_Glow.mat using Guid(040cfa3c61ad57946ae16c627e338920) Importer(815301076,1909f56bfc062723c751e8b465ee728b)  -> (artifact id: '1913a4c2282d7b4dbef7d53cba97d1c0') in 0.052659 seconds
Number of updated asset objects reloaded before import = 0
Number of asset objects unloaded after import = 1
========================================================================
Received Import Request.
  Time since last request: 0.234365 seconds.
  path: Assets/UnityAssetStore/SimpleFX/Materials/FX_Splash.mat
  artifactKey: Guid(1ee00051305bdb049b02c923f047227d) Importer(815301076,1909f56bfc062723c751e8b465ee728b)
Start importing Assets/UnityAssetStore/SimpleFX/Materials/FX_Splash.mat using Guid(1ee00051305bdb049b02c923f047227d) Importer(815301076,1909f56bfc062723c751e8b465ee728b)  -> (artifact id: '487f05ec185ebf782d8ddf0931043fdf') in 0.008038 seconds
Number of updated asset objects reloaded before import = 0
Number of asset objects unloaded after import = 1
========================================================================
Received Import Request.
  Time since last request: 0.023766 seconds.
  path: Assets/UnityAssetStore/iPoly3D/Prototype Textures/Textures/Yellow/Materials/g2767.mat
  artifactKey: Guid(cc24009d8b4d4d242b45ad13a4c4e632) Importer(815301076,1909f56bfc062723c751e8b465ee728b)
Start importing Assets/UnityAssetStore/iPoly3D/Prototype Textures/Textures/Yellow/Materials/g2767.mat using Guid(cc24009d8b4d4d242b45ad13a4c4e632) Importer(815301076,1909f56bfc062723c751e8b465ee728b)  -> (artifact id: 'b4fabf4a2055c62f016fcf994eff14e1') in 0.028615 seconds
Number of updated asset objects reloaded before import = 0
Number of asset objects unloaded after import = 2
========================================================================
Received Import Request.
  Time since last request: 0.005682 seconds.
  path: Assets/Christmas pack/Materials/GiftBoxes.mat
  artifactKey: Guid(f9876105d9a958db2bb6d8a88040d8d1) Importer(815301076,1909f56bfc062723c751e8b465ee728b)
Start importing Assets/Christmas pack/Materials/GiftBoxes.mat using Guid(f9876105d9a958db2bb6d8a88040d8d1) Importer(815301076,1909f56bfc062723c751e8b465ee728b)  -> (artifact id: '63ab7018fcba205dc8959fc473697ffc') in 0.090888 seconds
Number of updated asset objects reloaded before import = 0
Number of asset objects unloaded after import = 5
========================================================================
Received Import Request.
  Time since last request: 0.000026 seconds.
  path: Assets/Christmas Scene/Assets/Models/Ornamental/Materials/Colors/Green.mat
  artifactKey: Guid(03ae541f090e4454e9ceef1dd1911f94) Importer(815301076,1909f56bfc062723c751e8b465ee728b)
Start importing Assets/Christmas Scene/Assets/Models/Ornamental/Materials/Colors/Green.mat using Guid(03ae541f090e4454e9ceef1dd1911f94) Importer(815301076,1909f56bfc062723c751e8b465ee728b)  -> (artifact id: '4597ebae258db3e55408bb56941c304a') in 0.011983 seconds
Number of updated asset objects reloaded before import = 0
Number of asset objects unloaded after import = 1
========================================================================
Received Import Request.
  Time since last request: 0.000015 seconds.
  path: Assets/UnityAssetStore/WorldMaterialsFree/Built-In_RPMaterials/GrassGravel_StandardShader.mat
  artifactKey: Guid(64154d5d80792f94f86e62d53e3aea66) Importer(815301076,1909f56bfc062723c751e8b465ee728b)
Start importing Assets/UnityAssetStore/WorldMaterialsFree/Built-In_RPMaterials/GrassGravel_StandardShader.mat using Guid(64154d5d80792f94f86e62d53e3aea66) Importer(815301076,1909f56bfc062723c751e8b465ee728b)  -> (artifact id: '16c16eebfd1f464ade894c3069c172fb') in 0.057593 seconds
Number of updated asset objects reloaded before import = 0
Number of asset objects unloaded after import = 5
========================================================================
Received Import Request.
  Time since last request: 0.000012 seconds.
  path: Assets/UnityAssetStore/iPoly3D/Prototype Textures/Materials/Grey/Grey_4.mat
  artifactKey: Guid(26b8dd4f94a96fa4fb84b5f77e6dec8f) Importer(815301076,1909f56bfc062723c751e8b465ee728b)
Start importing Assets/UnityAssetStore/iPoly3D/Prototype Textures/Materials/Grey/Grey_4.mat using Guid(26b8dd4f94a96fa4fb84b5f77e6dec8f) Importer(815301076,1909f56bfc062723c751e8b465ee728b)  -> (artifact id: '5c178ba19ba30231f71260d6f1303d37') in 0.008950 seconds
Number of updated asset objects reloaded before import = 0
Number of asset objects unloaded after import = 2
========================================================================
Received Import Request.
  Time since last request: 0.000012 seconds.
  path: Assets/UnityAssetStore/WorldMaterialsFree/Built-In_RPMaterials/GrassClumps_WMShader.mat
  artifactKey: Guid(265c1888e0bb7ae4893432e053373ca5) Importer(815301076,1909f56bfc062723c751e8b465ee728b)
Start importing Assets/UnityAssetStore/WorldMaterialsFree/Built-In_RPMaterials/GrassClumps_WMShader.mat using Guid(265c1888e0bb7ae4893432e053373ca5) Importer(815301076,1909f56bfc062723c751e8b465ee728b)  -> (artifact id: 'd18d88f7280154e281d09707ab1f05bd') in 0.079261 seconds
Number of updated asset objects reloaded before import = 0
Number of asset objects unloaded after import = 6
========================================================================
Received Import Request.
  Time since last request: 0.000016 seconds.
  path: Assets/UnityAssetStore/iPoly3D/Prototype Textures/Materials/Grey/Grey_9.mat
  artifactKey: Guid(7817480cb43be8b409e989b9c4ab0132) Importer(815301076,1909f56bfc062723c751e8b465ee728b)
Start importing Assets/UnityAssetStore/iPoly3D/Prototype Textures/Materials/Grey/Grey_9.mat using Guid(7817480cb43be8b409e989b9c4ab0132) Importer(815301076,1909f56bfc062723c751e8b465ee728b)  -> (artifact id: 'fd79efd0c7b8e68895beccaca4ab9614') in 0.011428 seconds
Number of updated asset objects reloaded before import = 0
Number of asset objects unloaded after import = 2
========================================================================
Received Import Request.
  Time since last request: 0.000021 seconds.
  path: Assets/UnityAssetStore/iPoly3D/Prototype Textures/Materials/Grey/Grey_6.mat
  artifactKey: Guid(04788ac9bcd13ba4a82acf3bec4a5b5b) Importer(815301076,1909f56bfc062723c751e8b465ee728b)
Start importing Assets/UnityAssetStore/iPoly3D/Prototype Textures/Materials/Grey/Grey_6.mat using Guid(04788ac9bcd13ba4a82acf3bec4a5b5b) Importer(815301076,1909f56bfc062723c751e8b465ee728b)  -> (artifact id: 'd96081e49bb3f11667a52d2d1c5d9c0e') in 0.010435 seconds
Number of updated asset objects reloaded before import = 0
Number of asset objects unloaded after import = 2
========================================================================
Received Import Request.
  Time since last request: 0.000016 seconds.
  path: Assets/UnityAssetStore/WorldMaterialsFree/HDRPMaterials/HexBricks_HDRPShader.mat
  artifactKey: Guid(d42b07e2f4723cb478482ae2c25091a2) Importer(815301076,1909f56bfc062723c751e8b465ee728b)
Start importing Assets/UnityAssetStore/WorldMaterialsFree/HDRPMaterials/HexBricks_HDRPShader.mat using Guid(d42b07e2f4723cb478482ae2c25091a2) Importer(815301076,1909f56bfc062723c751e8b465ee728b)  -> (artifact id: '2962816a8cc9d598c316a431c6213825') in 0.029901 seconds
Number of updated asset objects reloaded before import = 0
Number of asset objects unloaded after import = 7
========================================================================
Received Import Request.
  Time since last request: 0.000012 seconds.
  path: Assets/Materials/Void Materials/paintings/Materials/Kiara_s lil creepy black cat.mat
  artifactKey: Guid(58000f0f5159c614086117108ad76f31) Importer(815301076,1909f56bfc062723c751e8b465ee728b)
Start importing Assets/Materials/Void Materials/paintings/Materials/Kiara_s lil creepy black cat.mat using Guid(58000f0f5159c614086117108ad76f31) Importer(815301076,1909f56bfc062723c751e8b465ee728b)  -> (artifact id: 'd8fd6a3ae93206d23195d23a04e7ac4d') in 0.011281 seconds
Number of updated asset objects reloaded before import = 0
Number of asset objects unloaded after import = 2
========================================================================
Received Import Request.
  Time since last request: 0.000015 seconds.
  path: Assets/UnityAssetStore/WorldMaterialsFree/Resource Files/HexBricks/Materials/HexBricks_Albedo.mat
  artifactKey: Guid(72b2bfb1e1c2069409969a11fbbba700) Importer(815301076,1909f56bfc062723c751e8b465ee728b)
Start importing Assets/UnityAssetStore/WorldMaterialsFree/Resource Files/HexBricks/Materials/HexBricks_Albedo.mat using Guid(72b2bfb1e1c2069409969a11fbbba700) Importer(815301076,1909f56bfc062723c751e8b465ee728b)  -> (artifact id: '095023fd169e6801839b65c32ef7e082') in 0.009904 seconds
Number of updated asset objects reloaded before import = 0
Number of asset objects unloaded after import = 2
========================================================================
Received Import Request.
  Time since last request: 0.000020 seconds.
  path: Assets/Bed & Bath Furniture Pack/Materials/Lamp.mat
  artifactKey: Guid(726dfc65340b62e4f8b5aae8e1684d0b) Importer(815301076,1909f56bfc062723c751e8b465ee728b)
Start importing Assets/Bed & Bath Furniture Pack/Materials/Lamp.mat using Guid(726dfc65340b62e4f8b5aae8e1684d0b) Importer(815301076,1909f56bfc062723c751e8b465ee728b)  -> (artifact id: '183465ac986bec1ba946fe28c7fdf934') in 0.029235 seconds
Number of updated asset objects reloaded before import = 0
Number of asset objects unloaded after import = 5
========================================================================
Received Import Request.
  Time since last request: 0.000027 seconds.
  path: Assets/UnityAssetStore/iPoly3D/Prototype Textures/Materials/Grey/Grey_8.mat
  artifactKey: Guid(31f8586c3bdf8b64dae44a2c2eb66abd) Importer(815301076,1909f56bfc062723c751e8b465ee728b)
Start importing Assets/UnityAssetStore/iPoly3D/Prototype Textures/Materials/Grey/Grey_8.mat using Guid(31f8586c3bdf8b64dae44a2c2eb66abd) Importer(815301076,1909f56bfc062723c751e8b465ee728b)  -> (artifact id: 'f05fed44762540872e904f604842e0ee') in 0.013647 seconds
Number of updated asset objects reloaded before import = 0
Number of asset objects unloaded after import = 2
========================================================================
Received Import Request.
  Time since last request: 0.000019 seconds.
  path: Assets/UnityAssetStore/WorldMaterialsFree/Built-In_RPMaterials/GrassGravel_WMShader.mat
  artifactKey: Guid(1b6c1d2396b618d429f058ad4102cf2a) Importer(815301076,1909f56bfc062723c751e8b465ee728b)
Start importing Assets/UnityAssetStore/WorldMaterialsFree/Built-In_RPMaterials/GrassGravel_WMShader.mat using Guid(1b6c1d2396b618d429f058ad4102cf2a) Importer(815301076,1909f56bfc062723c751e8b465ee728b)  -> (artifact id: '0bc98c748066556c84cd1a1a2e3af8a6') in 0.020548 seconds
Number of updated asset objects reloaded before import = 0
Number of asset objects unloaded after import = 6
========================================================================
Received Import Request.
  Time since last request: 0.493962 seconds.
  path: Assets/UnityAssetStore/Standard Assets/Environment/SpeedTree/Broadleaf/Broadleaf_Mobile Materials/LOD2/Leaves_1.mat
  artifactKey: Guid(f568ca8b20ae095418f3e2a3b341d8f6) Importer(815301076,1909f56bfc062723c751e8b465ee728b)
Start importing Assets/UnityAssetStore/Standard Assets/Environment/SpeedTree/Broadleaf/Broadleaf_Mobile Materials/LOD2/Leaves_1.mat using Guid(f568ca8b20ae095418f3e2a3b341d8f6) Importer(815301076,1909f56bfc062723c751e8b465ee728b)  -> (artifact id: '4b445765a6ceff4c80dca5c297674d75') in 0.608023 seconds
Number of updated asset objects reloaded before import = 0
Number of asset objects unloaded after import = 3
========================================================================
Received Import Request.
  Time since last request: 0.218283 seconds.
  path: Assets/UnityAssetStore/Alstrainfinite/KitchenAppliances/Models/Fridge.fbx
  artifactKey: Guid(7791aa6beaaa15148b5287a0538526d5) Importer(815301076,1909f56bfc062723c751e8b465ee728b)
Start importing Assets/UnityAssetStore/Alstrainfinite/KitchenAppliances/Models/Fridge.fbx using Guid(7791aa6beaaa15148b5287a0538526d5) Importer(815301076,1909f56bfc062723c751e8b465ee728b)  -> (artifact id: 'b1a9f46ea9216a8581f2379bcff8db2c') in 0.045508 seconds
Number of updated asset objects reloaded before import = 0
Number of asset objects unloaded after import = 9
========================================================================
Received Import Request.
  Time since last request: 0.000012 seconds.
  path: Assets/UnityAssetStore/Alstrainfinite/KitchenAppliances/Models/Dryer.fbx
  artifactKey: Guid(ea74eb1c1df4df74eb289c8040ea5b5d) Importer(815301076,1909f56bfc062723c751e8b465ee728b)
Start importing Assets/UnityAssetStore/Alstrainfinite/KitchenAppliances/Models/Dryer.fbx using Guid(ea74eb1c1df4df74eb289c8040ea5b5d) Importer(815301076,1909f56bfc062723c751e8b465ee728b)  -> (artifact id: '981ef83ef6229e03630ddf947ee91aef') in 0.021881 seconds
Number of updated asset objects reloaded before import = 0
Number of asset objects unloaded after import = 10
========================================================================
Received Import Request.
  Time since last request: 0.014247 seconds.
  path: Assets/UnityAssetStore/Alstrainfinite/KitchenAppliances/Models/Washer.fbx
  artifactKey: Guid(f1da24e6f87f419458e1913c5a2fe03b) Importer(815301076,1909f56bfc062723c751e8b465ee728b)
Start importing Assets/UnityAssetStore/Alstrainfinite/KitchenAppliances/Models/Washer.fbx using Guid(f1da24e6f87f419458e1913c5a2fe03b) Importer(815301076,1909f56bfc062723c751e8b465ee728b)  -> (artifact id: 'ba9b727d762cc6ae2427e72053e76025') in 0.019012 seconds
Number of updated asset objects reloaded before import = 0
Number of asset objects unloaded after import = 10
========================================================================
Received Import Request.
  Time since last request: 0.000011 seconds.
  path: Assets/Christmas Scene/Assets/Models/Gifts/1/Materials/Material2.mat
  artifactKey: Guid(b3c6058cd5dd50f4381a1ad611c6242f) Importer(815301076,1909f56bfc062723c751e8b465ee728b)
Start importing Assets/Christmas Scene/Assets/Models/Gifts/1/Materials/Material2.mat using Guid(b3c6058cd5dd50f4381a1ad611c6242f) Importer(815301076,1909f56bfc062723c751e8b465ee728b)  -> (artifact id: 'ed40e432224436502eed181fb00e24bd') in 0.020527 seconds
Number of updated asset objects reloaded before import = 0
Number of asset objects unloaded after import = 2
========================================================================
Received Import Request.
  Time since last request: 0.078656 seconds.
  path: Assets/Snowconesolid Assets/Super Rubber Duck Pack/Materials/Material_RubberDuck_Mobile.mat
  artifactKey: Guid(ed6765f2adb20ad44ae4a2f49985cf73) Importer(815301076,1909f56bfc062723c751e8b465ee728b)
Start importing Assets/Snowconesolid Assets/Super Rubber Duck Pack/Materials/Material_RubberDuck_Mobile.mat using Guid(ed6765f2adb20ad44ae4a2f49985cf73) Importer(815301076,1909f56bfc062723c751e8b465ee728b)  -> (artifact id: '745cc4d277fa40a9825eb0a6c7f8af60') in 0.024019 seconds
Number of updated asset objects reloaded before import = 0
Number of asset objects unloaded after import = 2
========================================================================
Received Import Request.
  Time since last request: 0.028464 seconds.
  path: Assets/EffectTexturesAndPrefabs/Materials/MuzzleFlash.mat
  artifactKey: Guid(c87875f717377f74f84d94ac4def6622) Importer(815301076,1909f56bfc062723c751e8b465ee728b)
Start importing Assets/EffectTexturesAndPrefabs/Materials/MuzzleFlash.mat using Guid(c87875f717377f74f84d94ac4def6622) Importer(815301076,1909f56bfc062723c751e8b465ee728b)  -> (artifact id: '0be2e844554eb0c0a7f0cfc27340ebcf') in 0.047826 seconds
Number of updated asset objects reloaded before import = 0
Number of asset objects unloaded after import = 2
========================================================================
Received Import Request.
  Time since last request: 0.011574 seconds.
  path: Assets/UnityAssetStore/Standard Assets/Prototyping/Materials/NavyGrid.mat
  artifactKey: Guid(76ff537c8e1a84345868e6aeee938ab3) Importer(815301076,1909f56bfc062723c751e8b465ee728b)
Start importing Assets/UnityAssetStore/Standard Assets/Prototyping/Materials/NavyGrid.mat using Guid(76ff537c8e1a84345868e6aeee938ab3) Importer(815301076,1909f56bfc062723c751e8b465ee728b)  -> (artifact id: 'aae20408b5f0f2f767709968150cb701') in 0.010442 seconds
Number of updated asset objects reloaded before import = 0
Number of asset objects unloaded after import = 3
========================================================================
Received Import Request.
  Time since last request: 0.000012 seconds.
  path: Assets/UnityAssetStore/Standard Assets/Prototyping/Materials/NavySmooth.mat
  artifactKey: Guid(1032d41f900276c40a9dd24f55b7d420) Importer(815301076,1909f56bfc062723c751e8b465ee728b)
Start importing Assets/UnityAssetStore/Standard Assets/Prototyping/Materials/NavySmooth.mat using Guid(1032d41f900276c40a9dd24f55b7d420) Importer(815301076,1909f56bfc062723c751e8b465ee728b)  -> (artifact id: '8948a57771a6d54238eb39e686a0fa28') in 0.091196 seconds
Number of updated asset objects reloaded before import = 0
Number of asset objects unloaded after import = 2
========================================================================
Received Import Request.
  Time since last request: 0.432354 seconds.
  path: Assets/JaneArtWork/New Material.mat
  artifactKey: Guid(678e18114226ed047973f71eb68bc11d) Importer(815301076,1909f56bfc062723c751e8b465ee728b)
Start importing Assets/JaneArtWork/New Material.mat using Guid(678e18114226ed047973f71eb68bc11d) Importer(815301076,1909f56bfc062723c751e8b465ee728b)  -> (artifact id: 'bec535a4dc44751cfa192c3af038bdf8') in 0.009011 seconds
Number of updated asset objects reloaded before import = 0
Number of asset objects unloaded after import = 1
========================================================================
Received Import Request.
  Time since last request: 0.025618 seconds.
  path: Assets/Bed & Bath Furniture Pack/Materials/Nightstand Dresser.mat
  artifactKey: Guid(14044d0ebbdd0c340950abf631ab7397) Importer(815301076,1909f56bfc062723c751e8b465ee728b)
Start importing Assets/Bed & Bath Furniture Pack/Materials/Nightstand Dresser.mat using Guid(14044d0ebbdd0c340950abf631ab7397) Importer(815301076,1909f56bfc062723c751e8b465ee728b)  -> (artifact id: '4acdc3d2bcb2e9996374976b279f68f7') in 0.030548 seconds
Number of updated asset objects reloaded before import = 0
Number of asset objects unloaded after import = 4
========================================================================
Received Import Request.
  Time since last request: 0.000015 seconds.
  path: Assets/Snowconesolid Assets/Super Rubber Duck Pack/Mesh/Materials/No Name.mat
  artifactKey: Guid(8919cd9d282a3d841a706ee3998eeb24) Importer(815301076,1909f56bfc062723c751e8b465ee728b)
Start importing Assets/Snowconesolid Assets/Super Rubber Duck Pack/Mesh/Materials/No Name.mat using Guid(8919cd9d282a3d841a706ee3998eeb24) Importer(815301076,1909f56bfc062723c751e8b465ee728b)  -> (artifact id: 'cd482ef8e40044318e19a9742f8bf49b') in 0.010666 seconds
Number of updated asset objects reloaded before import = 0
Number of asset objects unloaded after import = 1
========================================================================
Received Import Request.
  Time since last request: 0.000017 seconds.
  path: Assets/Bed & Bath Furniture Pack/Models/Nightstand.obj
  artifactKey: Guid(077f3a1b797557c4daf66283203818fb) Importer(815301076,1909f56bfc062723c751e8b465ee728b)
Start importing Assets/Bed & Bath Furniture Pack/Models/Nightstand.obj using Guid(077f3a1b797557c4daf66283203818fb) Importer(815301076,1909f56bfc062723c751e8b465ee728b)  -> (artifact id: '494e925997523dfc3d1afd58dfd6d82c') in 0.033099 seconds
Number of updated asset objects reloaded before import = 0
Number of asset objects unloaded after import = 22
========================================================================
Received Import Request.
  Time since last request: 0.000011 seconds.
  path: Assets/UnityAssetStore/iPoly3D/Prototype Textures/Demo/Demo meshes/Curved Stairs.001.fbx
  artifactKey: Guid(82e484bd962d2c542bd6d111f0b5eaba) Importer(815301076,1909f56bfc062723c751e8b465ee728b)
Start importing Assets/UnityAssetStore/iPoly3D/Prototype Textures/Demo/Demo meshes/Curved Stairs.001.fbx using Guid(82e484bd962d2c542bd6d111f0b5eaba) Importer(815301076,1909f56bfc062723c751e8b465ee728b)  -> (artifact id: '52a0a6823d59d2b8ad138deb68747413') in 0.014909 seconds
Number of updated asset objects reloaded before import = 0
Number of asset objects unloaded after import = 8
========================================================================
Received Import Request.
  Time since last request: 0.000045 seconds.
  path: Assets/UnityAssetStore/iPoly3D/Prototype Textures/Demo/Demo meshes/Cube.015.fbx
  artifactKey: Guid(eb5e1c6cdf0fd56459ff20cc5d2f10da) Importer(815301076,1909f56bfc062723c751e8b465ee728b)
Start importing Assets/UnityAssetStore/iPoly3D/Prototype Textures/Demo/Demo meshes/Cube.015.fbx using Guid(eb5e1c6cdf0fd56459ff20cc5d2f10da) Importer(815301076,1909f56bfc062723c751e8b465ee728b)  -> (artifact id: 'd3e9109489a92ffa8cff6bfd7785672c') in 0.014632 seconds
Number of updated asset objects reloaded before import = 0
Number of asset objects unloaded after import = 8
========================================================================
Received Import Request.
  Time since last request: 0.000012 seconds.
  path: Assets/UnityAssetStore/iPoly3D/Prototype Textures/Demo/Demo meshes/Cube.020.fbx
  artifactKey: Guid(a0fcedf87a5ddef489023b0394cd7325) Importer(815301076,1909f56bfc062723c751e8b465ee728b)
Start importing Assets/UnityAssetStore/iPoly3D/Prototype Textures/Demo/Demo meshes/Cube.020.fbx using Guid(a0fcedf87a5ddef489023b0394cd7325) Importer(815301076,1909f56bfc062723c751e8b465ee728b)  -> (artifact id: '8d63d2309bde860265e24af635384dd3') in 0.013850 seconds
Number of updated asset objects reloaded before import = 0
Number of asset objects unloaded after import = 8
========================================================================
Received Import Request.
  Time since last request: 0.000015 seconds.
  path: Assets/UnityAssetStore/iPoly3D/Prototype Textures/Demo/Demo meshes/Plane 1.fbx
  artifactKey: Guid(ce54546745e316e41827d674e957f834) Importer(815301076,1909f56bfc062723c751e8b465ee728b)
Start importing Assets/UnityAssetStore/iPoly3D/Prototype Textures/Demo/Demo meshes/Plane 1.fbx using Guid(ce54546745e316e41827d674e957f834) Importer(815301076,1909f56bfc062723c751e8b465ee728b)  -> (artifact id: 'fbda7607462c4af4d845eb31b3ca9706') in 0.204843 seconds
Number of updated asset objects reloaded before import = 0
Number of asset objects unloaded after import = 200
========================================================================
Received Import Request.
  Time since last request: 0.000015 seconds.
  path: Assets/UnityAssetStore/iPoly3D/Prototype Textures/Demo/Demo meshes/Cube.024.fbx
  artifactKey: Guid(e0d1013c4a236e94c95911c34021768b) Importer(815301076,1909f56bfc062723c751e8b465ee728b)
Start importing Assets/UnityAssetStore/iPoly3D/Prototype Textures/Demo/Demo meshes/Cube.024.fbx using Guid(e0d1013c4a236e94c95911c34021768b) Importer(815301076,1909f56bfc062723c751e8b465ee728b)  -> (artifact id: '8d1588617a24d928899deb5f0ee2a0b8') in 0.016836 seconds
Number of updated asset objects reloaded before import = 0
Number of asset objects unloaded after import = 8
========================================================================
Received Import Request.
  Time since last request: 0.000021 seconds.
  path: Assets/UnityAssetStore/iPoly3D/Prototype Textures/Demo/Demo meshes/Cube.001.fbx
  artifactKey: Guid(e8cd900667614454d949327be683d7e9) Importer(815301076,1909f56bfc062723c751e8b465ee728b)
Start importing Assets/UnityAssetStore/iPoly3D/Prototype Textures/Demo/Demo meshes/Cube.001.fbx using Guid(e8cd900667614454d949327be683d7e9) Importer(815301076,1909f56bfc062723c751e8b465ee728b)  -> (artifact id: '95cc082565c00348afc1bc7c474adf4b') in 0.013690 seconds
Number of updated asset objects reloaded before import = 0
Number of asset objects unloaded after import = 8
========================================================================
Received Import Request.
  Time since last request: 0.000013 seconds.
  path: Assets/furniture/3d/Materials/No Name.mat
  artifactKey: Guid(88883ff2cb7230447879d3d27d2076fb) Importer(815301076,1909f56bfc062723c751e8b465ee728b)
Start importing Assets/furniture/3d/Materials/No Name.mat using Guid(88883ff2cb7230447879d3d27d2076fb) Importer(815301076,1909f56bfc062723c751e8b465ee728b)  -> (artifact id: 'd301f7ace8dfa84efe676cacc8f61f03') in 0.008379 seconds
Number of updated asset objects reloaded before import = 0
Number of asset objects unloaded after import = 1
========================================================================
Received Import Request.
  Time since last request: 0.000013 seconds.
  path: Assets/UnityAssetStore/iPoly3D/Prototype Textures/Demo/Demo meshes/Cube.013.fbx
  artifactKey: Guid(f3e48ea5daeb6e74c948e42b7b6a1606) Importer(815301076,1909f56bfc062723c751e8b465ee728b)
Start importing Assets/UnityAssetStore/iPoly3D/Prototype Textures/Demo/Demo meshes/Cube.013.fbx using Guid(f3e48ea5daeb6e74c948e42b7b6a1606) Importer(815301076,1909f56bfc062723c751e8b465ee728b)  -> (artifact id: 'c19c9d5520df7ef88f0e20ad6a544442') in 0.014549 seconds
Number of updated asset objects reloaded before import = 0
Number of asset objects unloaded after import = 8
========================================================================
Received Import Request.
  Time since last request: 0.000016 seconds.
  path: Assets/UnityAssetStore/iPoly3D/Prototype Textures/Demo/Demo meshes/Cube.012.fbx
  artifactKey: Guid(b4ebbcbce5271c8429731cd488ad9439) Importer(815301076,1909f56bfc062723c751e8b465ee728b)
Start importing Assets/UnityAssetStore/iPoly3D/Prototype Textures/Demo/Demo meshes/Cube.012.fbx using Guid(b4ebbcbce5271c8429731cd488ad9439) Importer(815301076,1909f56bfc062723c751e8b465ee728b)  -> (artifact id: '78585f1d40c44604283eaf8c45c1feaf') in 0.014807 seconds
Number of updated asset objects reloaded before import = 0
Number of asset objects unloaded after import = 8
========================================================================
Received Import Request.
  Time since last request: 0.000012 seconds.
  path: Assets/UnityAssetStore/iPoly3D/Prototype Textures/Demo/Demo meshes/Stairs.fbx
  artifactKey: Guid(29291599b718f674fb6154fcf3642b09) Importer(815301076,1909f56bfc062723c751e8b465ee728b)
Start importing Assets/UnityAssetStore/iPoly3D/Prototype Textures/Demo/Demo meshes/Stairs.fbx using Guid(29291599b718f674fb6154fcf3642b09) Importer(815301076,1909f56bfc062723c751e8b465ee728b)  -> (artifact id: '3f383b1a111a863156846d23398ab0df') in 0.014288 seconds
Number of updated asset objects reloaded before import = 0
Number of asset objects unloaded after import = 8
========================================================================
Received Import Request.
  Time since last request: 0.000015 seconds.
  path: Assets/UnityAssetStore/iPoly3D/Prototype Textures/Demo/Demo meshes/Stairs.002.fbx
  artifactKey: Guid(617734a81b02d7c44be8b52ed0fb7d1e) Importer(815301076,1909f56bfc062723c751e8b465ee728b)
Start importing Assets/UnityAssetStore/iPoly3D/Prototype Textures/Demo/Demo meshes/Stairs.002.fbx using Guid(617734a81b02d7c44be8b52ed0fb7d1e) Importer(815301076,1909f56bfc062723c751e8b465ee728b)  -> (artifact id: '9bf8c4dd6f06c8733320c4415cf9e0e4') in 0.013540 seconds
Number of updated asset objects reloaded before import = 0
Number of asset objects unloaded after import = 8
========================================================================
Received Import Request.
  Time since last request: 0.473256 seconds.
  path: Assets/UnityAssetStore/iPoly3D/Prototype Textures/Demo/Demo meshes/Cube.010.fbx
  artifactKey: Guid(48b3d604daac39a419c5619912b7263c) Importer(815301076,1909f56bfc062723c751e8b465ee728b)
Start importing Assets/UnityAssetStore/iPoly3D/Prototype Textures/Demo/Demo meshes/Cube.010.fbx using Guid(48b3d604daac39a419c5619912b7263c) Importer(815301076,1909f56bfc062723c751e8b465ee728b)  -> (artifact id: '8e471be96a5a6517dc87505385de66d8') in 0.029415 seconds
Number of updated asset objects reloaded before import = 0
Number of asset objects unloaded after import = 8
========================================================================
Received Import Request.
  Time since last request: 0.001045 seconds.
  path: Assets/AurynSky/Gems Ultimate Pack/Materials/Orange.mat
  artifactKey: Guid(5a9e6cf91cbfc1a4fbc9470cca37b97a) Importer(815301076,1909f56bfc062723c751e8b465ee728b)
Start importing Assets/AurynSky/Gems Ultimate Pack/Materials/Orange.mat using Guid(5a9e6cf91cbfc1a4fbc9470cca37b97a) Importer(815301076,1909f56bfc062723c751e8b465ee728b)  -> (artifact id: '9a9603fde2f81e18d9185ee55a192b25') in 0.013561 seconds
Number of updated asset objects reloaded before import = 0
Number of asset objects unloaded after import = 1
========================================================================
Received Import Request.
  Time since last request: 0.000027 seconds.
  path: Assets/UnityAssetStore/iPoly3D/Prototype Textures/Materials/Orange/Orange_1.mat
  artifactKey: Guid(4464563e826a4d04a890ea6835019aea) Importer(815301076,1909f56bfc062723c751e8b465ee728b)
Start importing Assets/UnityAssetStore/iPoly3D/Prototype Textures/Materials/Orange/Orange_1.mat using Guid(4464563e826a4d04a890ea6835019aea) Importer(815301076,1909f56bfc062723c751e8b465ee728b)  -> (artifact id: '2da6c275a5907958d5476d1299993113') in 0.018156 seconds
Number of updated asset objects reloaded before import = 0
Number of asset objects unloaded after import = 2
========================================================================
Received Import Request.
  Time since last request: 0.000034 seconds.
  path: Assets/UnityAssetStore/iPoly3D/Prototype Textures/Demo/Demo meshes/Cube.025.fbx
  artifactKey: Guid(544335867616f314ca8ab21728e38168) Importer(815301076,1909f56bfc062723c751e8b465ee728b)
Start importing Assets/UnityAssetStore/iPoly3D/Prototype Textures/Demo/Demo meshes/Cube.025.fbx using Guid(544335867616f314ca8ab21728e38168) Importer(815301076,1909f56bfc062723c751e8b465ee728b)  -> (artifact id: 'afc1b31b4268baab9d16dff10ddb16be') in 0.043672 seconds
Number of updated asset objects reloaded before import = 0
Number of asset objects unloaded after import = 8
========================================================================
Received Import Request.
  Time since last request: 0.000022 seconds.
  path: Assets/UnityAssetStore/iPoly3D/Prototype Textures/Materials/Orange/Orange/Orange_6.mat
  artifactKey: Guid(80a238861d0b78b49b4b8fe3f5f30cf7) Importer(815301076,1909f56bfc062723c751e8b465ee728b)
Start importing Assets/UnityAssetStore/iPoly3D/Prototype Textures/Materials/Orange/Orange/Orange_6.mat using Guid(80a238861d0b78b49b4b8fe3f5f30cf7) Importer(815301076,1909f56bfc062723c751e8b465ee728b)  -> (artifact id: 'b1ec6b9cf511d901709846cffc3039c4') in 0.019374 seconds
Number of updated asset objects reloaded before import = 0
Number of asset objects unloaded after import = 2
========================================================================
Received Import Request.
  Time since last request: 0.000022 seconds.
  path: Assets/Christmas Scene/Assets/Models/Ornamental/Ornamental.obj
  artifactKey: Guid(7dfe9001ce6ed2b4fb1b8abad66ea521) Importer(815301076,1909f56bfc062723c751e8b465ee728b)
Start importing Assets/Christmas Scene/Assets/Models/Ornamental/Ornamental.obj using Guid(7dfe9001ce6ed2b4fb1b8abad66ea521) Importer(815301076,1909f56bfc062723c751e8b465ee728b)  -> (artifact id: 'd92e888160caf236e59213e5f5d8a036') in 0.206278 seconds
Number of updated asset objects reloaded before import = 0
Number of asset objects unloaded after import = 28
========================================================================
Received Import Request.
  Time since last request: 0.000027 seconds.
  path: Assets/UnityAssetStore/Standard Assets/ParticleSystems/Materials/ParticleSmokeBlack.mat
  artifactKey: Guid(fc626cffedc907848a7b47b87aa5e34f) Importer(815301076,1909f56bfc062723c751e8b465ee728b)
Start importing Assets/UnityAssetStore/Standard Assets/ParticleSystems/Materials/ParticleSmokeBlack.mat using Guid(fc626cffedc907848a7b47b87aa5e34f) Importer(815301076,1909f56bfc062723c751e8b465ee728b)  -> (artifact id: 'cac083b9a3abd47e01dfb899c4b9ed01') in 0.135817 seconds
Number of updated asset objects reloaded before import = 0
Number of asset objects unloaded after import = 2
========================================================================
Received Import Request.
  Time since last request: 0.002223 seconds.
  path: Assets/UnityAssetStore/Standard Assets/ParticleSystems/Materials/ParticleFlameLicks.mat
  artifactKey: Guid(30289309b0c21224ea5b6fcc73b07d59) Importer(815301076,1909f56bfc062723c751e8b465ee728b)
Start importing Assets/UnityAssetStore/Standard Assets/ParticleSystems/Materials/ParticleFlameLicks.mat using Guid(30289309b0c21224ea5b6fcc73b07d59) Importer(815301076,1909f56bfc062723c751e8b465ee728b)  -> (artifact id: '80d0d525ea31b4688559aa27ce4c6a6a') in 0.024326 seconds
Number of updated asset objects reloaded before import = 0
Number of asset objects unloaded after import = 2
========================================================================
Received Import Request.
  Time since last request: 0.000020 seconds.
  path: Assets/UnityAssetStore/iPoly3D/Prototype Textures/Materials/Orange/Orange/Orange_4.mat
  artifactKey: Guid(d2c2c7407c2e04041ab1f14c139efe83) Importer(815301076,1909f56bfc062723c751e8b465ee728b)
Start importing Assets/UnityAssetStore/iPoly3D/Prototype Textures/Materials/Orange/Orange/Orange_4.mat using Guid(d2c2c7407c2e04041ab1f14c139efe83) Importer(815301076,1909f56bfc062723c751e8b465ee728b)  -> (artifact id: '32c68f33f8d82f229b9950af91222132') in 0.014856 seconds
Number of updated asset objects reloaded before import = 0
Number of asset objects unloaded after import = 2
========================================================================
Received Import Request.
  Time since last request: 0.000022 seconds.
  path: Assets/UnityAssetStore/iPoly3D/Prototype Textures/Materials/Orange/Orange/Orange_8.mat
  artifactKey: Guid(8a80e16b36d45a44586728acf47cbf0a) Importer(815301076,1909f56bfc062723c751e8b465ee728b)
Start importing Assets/UnityAssetStore/iPoly3D/Prototype Textures/Materials/Orange/Orange/Orange_8.mat using Guid(8a80e16b36d45a44586728acf47cbf0a) Importer(815301076,1909f56bfc062723c751e8b465ee728b)  -> (artifact id: '43484198831f359faca261352964bb84') in 0.017311 seconds
Number of updated asset objects reloaded before import = 0
Number of asset objects unloaded after import = 2
========================================================================
Received Import Request.
  Time since last request: 0.000018 seconds.
  path: Assets/UnityAssetStore/iPoly3D/Prototype Textures/Materials/Orange/Orange/Orange_3.mat
  artifactKey: Guid(a24dde5684ce1bb46977f3e4a3c61ec0) Importer(815301076,1909f56bfc062723c751e8b465ee728b)
Start importing Assets/UnityAssetStore/iPoly3D/Prototype Textures/Materials/Orange/Orange/Orange_3.mat using Guid(a24dde5684ce1bb46977f3e4a3c61ec0) Importer(815301076,1909f56bfc062723c751e8b465ee728b)  -> (artifact id: '6686226e33a7e8c4b759470939ac8fcd') in 0.011786 seconds
Number of updated asset objects reloaded before import = 0
Number of asset objects unloaded after import = 2
========================================================================
Received Import Request.
  Time since last request: 0.000016 seconds.
  path: Assets/UnityAssetStore/iPoly3D/Prototype Textures/Materials/Orange/Orange_2.mat
  artifactKey: Guid(93705c8208ed1304b89384dc85d3fb06) Importer(815301076,1909f56bfc062723c751e8b465ee728b)
Start importing Assets/UnityAssetStore/iPoly3D/Prototype Textures/Materials/Orange/Orange_2.mat using Guid(93705c8208ed1304b89384dc85d3fb06) Importer(815301076,1909f56bfc062723c751e8b465ee728b)  -> (artifact id: '27ce553bc897a9c5bb4e682c09be9089') in 0.009769 seconds
Number of updated asset objects reloaded before import = 0
Number of asset objects unloaded after import = 2
========================================================================
Received Import Request.
  Time since last request: 0.000015 seconds.
  path: Assets/UnityAssetStore/iPoly3D/Prototype Textures/Demo/Demo meshes/Cube.011.fbx
  artifactKey: Guid(7a8868ceec2807245b9553d4a042f702) Importer(815301076,1909f56bfc062723c751e8b465ee728b)
Start importing Assets/UnityAssetStore/iPoly3D/Prototype Textures/Demo/Demo meshes/Cube.011.fbx using Guid(7a8868ceec2807245b9553d4a042f702) Importer(815301076,1909f56bfc062723c751e8b465ee728b)  -> (artifact id: '0a0de461b006db4b6f257d2a33ef3fa9') in 0.015785 seconds
Number of updated asset objects reloaded before import = 0
Number of asset objects unloaded after import = 8
========================================================================
Received Import Request.
  Time since last request: 0.000013 seconds.
  path: Assets/UnityAssetStore/iPoly3D/Prototype Textures/Materials/Orange/Orange_10.mat
  artifactKey: Guid(cadbffec3054f9744b906efab90649ec) Importer(815301076,1909f56bfc062723c751e8b465ee728b)
Start importing Assets/UnityAssetStore/iPoly3D/Prototype Textures/Materials/Orange/Orange_10.mat using Guid(cadbffec3054f9744b906efab90649ec) Importer(815301076,1909f56bfc062723c751e8b465ee728b)  -> (artifact id: 'b0166f3ab7a08fa2eedf1d1c39ad13b2') in 0.010406 seconds
Number of updated asset objects reloaded before import = 0
Number of asset objects unloaded after import = 2
========================================================================
Received Import Request.
  Time since last request: 0.000016 seconds.
  path: Assets/UnityAssetStore/Standard Assets/Vehicles/Aircraft/Materials/ParticleAfterburner.mat
  artifactKey: Guid(33574fa1b36c9244ebeedb7e591ed39b) Importer(815301076,1909f56bfc062723c751e8b465ee728b)
Start importing Assets/UnityAssetStore/Standard Assets/Vehicles/Aircraft/Materials/ParticleAfterburner.mat using Guid(33574fa1b36c9244ebeedb7e591ed39b) Importer(815301076,1909f56bfc062723c751e8b465ee728b)  -> (artifact id: '6c7118d6848ff0c926635bd508b43229') in 0.008919 seconds
Number of updated asset objects reloaded before import = 0
Number of asset objects unloaded after import = 1
========================================================================
Received Import Request.
  Time since last request: 0.000019 seconds.
  path: Assets/UnityAssetStore/Standard Assets/Vehicles/Aircraft/Materials/ParticleContrail.mat
  artifactKey: Guid(6f57e3384acd5dc45bb4df479f10466b) Importer(815301076,1909f56bfc062723c751e8b465ee728b)
Start importing Assets/UnityAssetStore/Standard Assets/Vehicles/Aircraft/Materials/ParticleContrail.mat using Guid(6f57e3384acd5dc45bb4df479f10466b) Importer(815301076,1909f56bfc062723c751e8b465ee728b)  -> (artifact id: '14e3b6a9819e10860b420d823e77212d') in 0.029248 seconds
Number of updated asset objects reloaded before import = 0
Number of asset objects unloaded after import = 1
========================================================================
Received Import Request.
  Time since last request: 0.000018 seconds.
  path: Assets/UnityAssetStore/iPoly3D/Prototype Textures/Materials/Orange/Orange/Orange_5.mat
  artifactKey: Guid(a1fae44e0942a1d48b811393f7d48ce4) Importer(815301076,1909f56bfc062723c751e8b465ee728b)
Start importing Assets/UnityAssetStore/iPoly3D/Prototype Textures/Materials/Orange/Orange/Orange_5.mat using Guid(a1fae44e0942a1d48b811393f7d48ce4) Importer(815301076,1909f56bfc062723c751e8b465ee728b)  -> (artifact id: '3fcdf25914dad627f45291c4f32f17d8') in 0.010245 seconds
Number of updated asset objects reloaded before import = 0
Number of asset objects unloaded after import = 2
========================================================================
Received Import Request.
  Time since last request: 0.000014 seconds.
  path: Assets/Christmas Scene/Assets/Models/Lights/Orange.mat
  artifactKey: Guid(c873411ae1881e54dabbdd772630cc78) Importer(815301076,1909f56bfc062723c751e8b465ee728b)
Start importing Assets/Christmas Scene/Assets/Models/Lights/Orange.mat using Guid(c873411ae1881e54dabbdd772630cc78) Importer(815301076,1909f56bfc062723c751e8b465ee728b)  -> (artifact id: '340b0e0bbc2a77b4fc63aa3a89d73a99') in 0.010524 seconds
Number of updated asset objects reloaded before import = 0
Number of asset objects unloaded after import = 1
========================================================================
Received Import Request.
  Time since last request: 0.000017 seconds.
  path: Assets/UnityAssetStore/Standard Assets/ParticleSystems/Materials/ParticleFireball.mat
  artifactKey: Guid(26ea534dcd83fe14c9173a52e151cce8) Importer(815301076,1909f56bfc062723c751e8b465ee728b)
Start importing Assets/UnityAssetStore/Standard Assets/ParticleSystems/Materials/ParticleFireball.mat using Guid(26ea534dcd83fe14c9173a52e151cce8) Importer(815301076,1909f56bfc062723c751e8b465ee728b)  -> (artifact id: '6bb146f155fe0ffd75c3fe903bcab7d9') in 0.010118 seconds
Number of updated asset objects reloaded before import = 0
Number of asset objects unloaded after import = 2
========================================================================
Received Import Request.
  Time since last request: 0.000016 seconds.
  path: Assets/UnityAssetStore/Standard Assets/Vehicles/Car/Materials/ParticleBurnout.mat
  artifactKey: Guid(32314ba6cfa407640bffbb7b20708949) Importer(815301076,1909f56bfc062723c751e8b465ee728b)
Start importing Assets/UnityAssetStore/Standard Assets/Vehicles/Car/Materials/ParticleBurnout.mat using Guid(32314ba6cfa407640bffbb7b20708949) Importer(815301076,1909f56bfc062723c751e8b465ee728b)  -> (artifact id: '75f5f0856c7bd1203de11a6d64d8e9c3') in 0.021115 seconds
Number of updated asset objects reloaded before import = 0
Number of asset objects unloaded after import = 2
========================================================================
Received Import Request.
  Time since last request: 0.000020 seconds.
  path: Assets/UnityAssetStore/Standard Assets/Vehicles/Aircraft/Materials/ParticleJetTrail.mat
  artifactKey: Guid(7a474fad7982a8e42af709db5f90c4f6) Importer(815301076,1909f56bfc062723c751e8b465ee728b)
Start importing Assets/UnityAssetStore/Standard Assets/Vehicles/Aircraft/Materials/ParticleJetTrail.mat using Guid(7a474fad7982a8e42af709db5f90c4f6) Importer(815301076,1909f56bfc062723c751e8b465ee728b)  -> (artifact id: '61eaf96fe32bc184be04be0182c1afdb') in 0.009400 seconds
Number of updated asset objects reloaded before import = 0
Number of asset objects unloaded after import = 1
========================================================================
Received Import Request.
  Time since last request: 0.322135 seconds.
  path: Assets/UnityAssetStore/Standard Assets/ParticleSystems/Materials/ParticleSteam.mat
  artifactKey: Guid(60d4adad90a8b164abbb7d8ff5b4118a) Importer(815301076,1909f56bfc062723c751e8b465ee728b)
Start importing Assets/UnityAssetStore/Standard Assets/ParticleSystems/Materials/ParticleSteam.mat using Guid(60d4adad90a8b164abbb7d8ff5b4118a) Importer(815301076,1909f56bfc062723c751e8b465ee728b)  -> (artifact id: '48c329d59c05ea221634c06b3c0fc23c') in 0.007810 seconds
Number of updated asset objects reloaded before import = 0
Number of asset objects unloaded after import = 2
========================================================================
Received Import Request.
  Time since last request: 0.017548 seconds.
  path: Assets/UnityAssetStore/WorldMaterialsFree/HDRPMaterials/PebbledGravel_HDRPShader.mat
  artifactKey: Guid(c65ac9b9b9747f9409198fc6dc539cac) Importer(815301076,1909f56bfc062723c751e8b465ee728b)
Start importing Assets/UnityAssetStore/WorldMaterialsFree/HDRPMaterials/PebbledGravel_HDRPShader.mat using Guid(c65ac9b9b9747f9409198fc6dc539cac) Importer(815301076,1909f56bfc062723c751e8b465ee728b)  -> (artifact id: 'ca8e7f009063752275888c8d2578c0b8') in 0.015222 seconds
Number of updated asset objects reloaded before import = 0
Number of asset objects unloaded after import = 7
========================================================================
Received Import Request.
  Time since last request: 0.014419 seconds.
  path: Assets/AurynSky/Gems Ultimate Pack/Materials/Pink.mat
  artifactKey: Guid(34a2d4fc8f422c345a4cc739f3ee3b81) Importer(815301076,1909f56bfc062723c751e8b465ee728b)
Start importing Assets/AurynSky/Gems Ultimate Pack/Materials/Pink.mat using Guid(34a2d4fc8f422c345a4cc739f3ee3b81) Importer(815301076,1909f56bfc062723c751e8b465ee728b)  -> (artifact id: 'f77a2351f12065276e73c3162e3107d4') in 0.011115 seconds
Number of updated asset objects reloaded before import = 0
Number of asset objects unloaded after import = 1
========================================================================
Received Import Request.
  Time since last request: 0.000021 seconds.
  path: Assets/UnityAssetStore/iPoly3D/Prototype Textures/Materials/Pink/Pink_1.mat
  artifactKey: Guid(1f9f8c9de9509294ca6949b681b7491e) Importer(815301076,1909f56bfc062723c751e8b465ee728b)
Start importing Assets/UnityAssetStore/iPoly3D/Prototype Textures/Materials/Pink/Pink_1.mat using Guid(1f9f8c9de9509294ca6949b681b7491e) Importer(815301076,1909f56bfc062723c751e8b465ee728b)  -> (artifact id: 'c1cad36fa70508c7f6c94c86b1b62199') in 0.011030 seconds
Number of updated asset objects reloaded before import = 0
Number of asset objects unloaded after import = 2
========================================================================
Received Import Request.
  Time since last request: 0.012245 seconds.
  path: Assets/UnityAssetStore/iPoly3D/Prototype Textures/Materials/Pink/Pink_3.mat
  artifactKey: Guid(7b7af635219179747b423efeb0532081) Importer(815301076,1909f56bfc062723c751e8b465ee728b)
Start importing Assets/UnityAssetStore/iPoly3D/Prototype Textures/Materials/Pink/Pink_3.mat using Guid(7b7af635219179747b423efeb0532081) Importer(815301076,1909f56bfc062723c751e8b465ee728b)  -> (artifact id: '70c8ff217bf2fa4ee17b91ddbfc6c64c') in 0.009870 seconds
Number of updated asset objects reloaded before import = 0
Number of asset objects unloaded after import = 2
========================================================================
Received Import Request.
  Time since last request: 0.013105 seconds.
  path: Assets/UnityAssetStore/iPoly3D/Prototype Textures/Materials/Pink/Pink_7.mat
  artifactKey: Guid(faa16790a9a67c347a7b9171e6b82ea9) Importer(815301076,1909f56bfc062723c751e8b465ee728b)
Start importing Assets/UnityAssetStore/iPoly3D/Prototype Textures/Materials/Pink/Pink_7.mat using Guid(faa16790a9a67c347a7b9171e6b82ea9) Importer(815301076,1909f56bfc062723c751e8b465ee728b)  -> (artifact id: '82c270a9adb1145292385e81e6c661ab') in 0.008496 seconds
Number of updated asset objects reloaded before import = 0
Number of asset objects unloaded after import = 2
========================================================================
Received Import Request.
  Time since last request: 0.002126 seconds.
  path: Assets/UnityAssetStore/iPoly3D/Prototype Textures/Materials/Pink/Pink_9.mat
  artifactKey: Guid(5e53fc77043a3094a8ef5ee0e58db88d) Importer(815301076,1909f56bfc062723c751e8b465ee728b)
Start importing Assets/UnityAssetStore/iPoly3D/Prototype Textures/Materials/Pink/Pink_9.mat using Guid(5e53fc77043a3094a8ef5ee0e58db88d) Importer(815301076,1909f56bfc062723c751e8b465ee728b)  -> (artifact id: '9e94b558ccbe7f5ffc3722981f36af62') in 0.009479 seconds
Number of updated asset objects reloaded before import = 0
Number of asset objects unloaded after import = 2
========================================================================
Received Import Request.
  Time since last request: 0.018196 seconds.
  path: Assets/UnityAssetStore/SampleScenes/Materials/PinkSmooth.mat
  artifactKey: Guid(9335c65f42a781d4c881b93bec5412b9) Importer(815301076,1909f56bfc062723c751e8b465ee728b)
Start importing Assets/UnityAssetStore/SampleScenes/Materials/PinkSmooth.mat using Guid(9335c65f42a781d4c881b93bec5412b9) Importer(815301076,1909f56bfc062723c751e8b465ee728b)  -> (artifact id: 'a0cff61ebbc9531fff31ff2101762f25') in 0.009631 seconds
Number of updated asset objects reloaded before import = 0
Number of asset objects unloaded after import = 2
========================================================================
Received Import Request.
  Time since last request: 0.015029 seconds.
  path: Assets/UnityAssetStore/WorldMaterialsFree/HDRPMaterials/PlainWhiteFabric_HDRPShader.mat
  artifactKey: Guid(7635169c9966205499da267fe152e425) Importer(815301076,1909f56bfc062723c751e8b465ee728b)
Start importing Assets/UnityAssetStore/WorldMaterialsFree/HDRPMaterials/PlainWhiteFabric_HDRPShader.mat using Guid(7635169c9966205499da267fe152e425) Importer(815301076,1909f56bfc062723c751e8b465ee728b)  -> (artifact id: 'c995ca1bfe5c7a5c5de1f7473d557b70') in 0.011931 seconds
Number of updated asset objects reloaded before import = 0
Number of asset objects unloaded after import = 7
========================================================================
Received Import Request.
  Time since last request: 0.001890 seconds.
  path: Assets/UnityAssetStore/WorldMaterialsFree/URPMaterials/PlainWhiteFabric_URPShader.mat
  artifactKey: Guid(cf3da56f55dc78845aa9ee532679ca9a) Importer(815301076,1909f56bfc062723c751e8b465ee728b)
Start importing Assets/UnityAssetStore/WorldMaterialsFree/URPMaterials/PlainWhiteFabric_URPShader.mat using Guid(cf3da56f55dc78845aa9ee532679ca9a) Importer(815301076,1909f56bfc062723c751e8b465ee728b)  -> (artifact id: 'e2b1a81bca7d46fdd136c40725ee27f4') in 0.021778 seconds
Number of updated asset objects reloaded before import = 0
Number of asset objects unloaded after import = 7
========================================================================
Received Import Request.
  Time since last request: 0.669432 seconds.
  path: Assets/UnityAssetStore/PolygonStarter/Materials/PolygonStarter_Mat_03.mat
  artifactKey: Guid(c6a5181c39f2ce4408030b9c2d1b47e2) Importer(815301076,1909f56bfc062723c751e8b465ee728b)
Start importing Assets/UnityAssetStore/PolygonStarter/Materials/PolygonStarter_Mat_03.mat using Guid(c6a5181c39f2ce4408030b9c2d1b47e2) Importer(815301076,1909f56bfc062723c751e8b465ee728b)  -> (artifact id: 'fd6dd9584a98f0c75de725f3856b5bcc') in 0.009441 seconds
Number of updated asset objects reloaded before import = 0
Number of asset objects unloaded after import = 2
========================================================================
Received Import Request.
  Time since last request: 0.022433 seconds.
  path: Assets/UnityAssetStore/PolygonStarter/Materials/Plane/PolygonStarter_Mat_Plane_03.mat
  artifactKey: Guid(a34e2e9511ab63041850d60a4868cfcf) Importer(815301076,1909f56bfc062723c751e8b465ee728b)
Start importing Assets/UnityAssetStore/PolygonStarter/Materials/Plane/PolygonStarter_Mat_Plane_03.mat using Guid(a34e2e9511ab63041850d60a4868cfcf) Importer(815301076,1909f56bfc062723c751e8b465ee728b)  -> (artifact id: '3f407d94b82230720f67bb526afdd73e') in 0.009449 seconds
Number of updated asset objects reloaded before import = 0
Number of asset objects unloaded after import = 2
========================================================================
Received Import Request.
  Time since last request: 0.021649 seconds.
  path: Packages/com.unity.probuilder/Content/Resources/Materials/ProBuilderDefault.mat
  artifactKey: Guid(c22777d6e868e4f2fb421913386b154e) Importer(815301076,1909f56bfc062723c751e8b465ee728b)
Start importing Packages/com.unity.probuilder/Content/Resources/Materials/ProBuilderDefault.mat using Guid(c22777d6e868e4f2fb421913386b154e) Importer(815301076,1909f56bfc062723c751e8b465ee728b)  -> (artifact id: '416d6633a558c514849f0d69561b10a7') in 0.007987 seconds
Number of updated asset objects reloaded before import = 0
Number of asset objects unloaded after import = 2
========================================================================
Received Import Request.
  Time since last request: 0.013137 seconds.
  path: Assets/UnityAssetStore/Thirdparty/Ciathyza/Gridbox Prototype Materials/Materials/URP/Prototype_512x512_Blue1.mat
  artifactKey: Guid(0f29e3c1c576f6641b9e474f6b194480) Importer(815301076,1909f56bfc062723c751e8b465ee728b)
Start importing Assets/UnityAssetStore/Thirdparty/Ciathyza/Gridbox Prototype Materials/Materials/URP/Prototype_512x512_Blue1.mat using Guid(0f29e3c1c576f6641b9e474f6b194480) Importer(815301076,1909f56bfc062723c751e8b465ee728b)  -> (artifact id: '237bc07bbdedb161b3168eef882efdeb') in 0.009433 seconds
Number of updated asset objects reloaded before import = 0
Number of asset objects unloaded after import = 3
========================================================================
Received Import Request.
  Time since last request: 0.017003 seconds.
  path: Assets/UnityAssetStore/Thirdparty/Ciathyza/Gridbox Prototype Materials/Materials/URP/Prototype_512x512_Blue2.mat
  artifactKey: Guid(e18ded4b611aa8f4a9f0f261d2f29537) Importer(815301076,1909f56bfc062723c751e8b465ee728b)
Start importing Assets/UnityAssetStore/Thirdparty/Ciathyza/Gridbox Prototype Materials/Materials/URP/Prototype_512x512_Blue2.mat using Guid(e18ded4b611aa8f4a9f0f261d2f29537) Importer(815301076,1909f56bfc062723c751e8b465ee728b)  -> (artifact id: 'c451d6c44e47f551a5addb4fe930f62d') in 0.005692 seconds
Number of updated asset objects reloaded before import = 0
Number of asset objects unloaded after import = 3
========================================================================
Received Import Request.
  Time since last request: 0.000010 seconds.
  path: Assets/UnityAssetStore/Thirdparty/Ciathyza/Gridbox Prototype Materials/Materials/Standard/Prototype_512x512_Blue3.mat
  artifactKey: Guid(b0b4de3bd6e976e4f8b3adc6e72377ed) Importer(815301076,1909f56bfc062723c751e8b465ee728b)
Start importing Assets/UnityAssetStore/Thirdparty/Ciathyza/Gridbox Prototype Materials/Materials/Standard/Prototype_512x512_Blue3.mat using Guid(b0b4de3bd6e976e4f8b3adc6e72377ed) Importer(815301076,1909f56bfc062723c751e8b465ee728b)  -> (artifact id: 'b88605bd21705499e265106b97d34573') in 0.119425 seconds
Number of updated asset objects reloaded before import = 0
Number of asset objects unloaded after import = 3
========================================================================
Received Import Request.
  Time since last request: 0.000023 seconds.
  path: Assets/UnityAssetStore/Thirdparty/Ciathyza/Gridbox Prototype Materials/Materials/URP/Prototype_512x512_Green2.mat
  artifactKey: Guid(6b38742730e330c488cc8d7964788813) Importer(815301076,1909f56bfc062723c751e8b465ee728b)
Start importing Assets/UnityAssetStore/Thirdparty/Ciathyza/Gridbox Prototype Materials/Materials/URP/Prototype_512x512_Green2.mat using Guid(6b38742730e330c488cc8d7964788813) Importer(815301076,1909f56bfc062723c751e8b465ee728b)  -> (artifact id: '539274dcbaf526f591b5ed000213618d') in 0.005864 seconds
Number of updated asset objects reloaded before import = 0
Number of asset objects unloaded after import = 3
========================================================================
Received Import Request.
  Time since last request: 0.000017 seconds.
  path: Assets/UnityAssetStore/Thirdparty/Ciathyza/Gridbox Prototype Materials/Materials/Standard/Prototype_512x512_Green2.mat
  artifactKey: Guid(dbe80190c9adea34c8c8845ca4a17934) Importer(815301076,1909f56bfc062723c751e8b465ee728b)
Start importing Assets/UnityAssetStore/Thirdparty/Ciathyza/Gridbox Prototype Materials/Materials/Standard/Prototype_512x512_Green2.mat using Guid(dbe80190c9adea34c8c8845ca4a17934) Importer(815301076,1909f56bfc062723c751e8b465ee728b)  -> (artifact id: '54696fcf60714b75c5f7b81fb6616c2d') in 0.009248 seconds
Number of updated asset objects reloaded before import = 0
Number of asset objects unloaded after import = 3
========================================================================
Received Import Request.
  Time since last request: 0.000013 seconds.
  path: Assets/UnityAssetStore/Thirdparty/Ciathyza/Gridbox Prototype Materials/Materials/HDRP/Prototype_512x512_Grey1.mat
  artifactKey: Guid(64859cf955a5fb047880af754183e463) Importer(815301076,1909f56bfc062723c751e8b465ee728b)
Start importing Assets/UnityAssetStore/Thirdparty/Ciathyza/Gridbox Prototype Materials/Materials/HDRP/Prototype_512x512_Grey1.mat using Guid(64859cf955a5fb047880af754183e463) Importer(815301076,1909f56bfc062723c751e8b465ee728b)  -> (artifact id: '8f0073fbce15e494a000bc6c30ae3d79') in 0.006505 seconds
Number of updated asset objects reloaded before import = 0
Number of asset objects unloaded after import = 3
========================================================================
Received Import Request.
  Time since last request: 0.000013 seconds.
  path: Assets/UnityAssetStore/Thirdparty/Ciathyza/Gridbox Prototype Materials/Materials/Standard/Prototype_512x512_Grey2.mat
  artifactKey: Guid(07dc66ae04b7f6a43b9674bf0fefb33a) Importer(815301076,1909f56bfc062723c751e8b465ee728b)
Start importing Assets/UnityAssetStore/Thirdparty/Ciathyza/Gridbox Prototype Materials/Materials/Standard/Prototype_512x512_Grey2.mat using Guid(07dc66ae04b7f6a43b9674bf0fefb33a) Importer(815301076,1909f56bfc062723c751e8b465ee728b)  -> (artifact id: 'ca43f9ce1cf047d736332b11e39266bb') in 0.009985 seconds
Number of updated asset objects reloaded before import = 0
Number of asset objects unloaded after import = 3
========================================================================
Received Import Request.
  Time since last request: 0.000016 seconds.
  path: Assets/UnityAssetStore/Thirdparty/Ciathyza/Gridbox Prototype Materials/Materials/HDRP/Prototype_512x512_Grey3.mat
  artifactKey: Guid(a66e312fee7fb6e469dec2f4daba4dcd) Importer(815301076,1909f56bfc062723c751e8b465ee728b)
Start importing Assets/UnityAssetStore/Thirdparty/Ciathyza/Gridbox Prototype Materials/Materials/HDRP/Prototype_512x512_Grey3.mat using Guid(a66e312fee7fb6e469dec2f4daba4dcd) Importer(815301076,1909f56bfc062723c751e8b465ee728b)  -> (artifact id: '0e271a4ed91ecf0f89fb347daca725dd') in 0.006694 seconds
Number of updated asset objects reloaded before import = 0
Number of asset objects unloaded after import = 3
Editor requested this worker to shutdown with reason: Scaling down because of idle timeout
TcpMessagingSession - receive error: operation aborted. errorcode: 995, details: The I/O operation has been aborted because of either a thread exit or an application request.
AssetImportWorker is now disconnected from the server
Process exiting
Exiting without the bug reporter. Application will terminate with return code 0