Using pre-set license
Built from '2022.2/staging' branch; Version is '2022.2.15f1 (30d813e1a2a9) revision 3201043'; Using compiler version '192829333'; Build Type 'Release'
OS: 'Windows 10  (10.0.19045) 64bit Professional' Language: 'en' Physical Memory: 16333 MB
BatchMode: 1, IsHumanControllingUs: 0, StartBugReporterOnCrash: 0, Is64bit: 1, IsPro: 1

COMMAND LINE ARGUMENTS:
C:\Program Files\Unity\Hub\Editor\2022.2.15f1\Editor\Unity.exe
-adb2
-batchMode
-noUpm
-name
AssetImportWorker4
-projectPath
C:/Users/Sebastian/Documents/GitHub/HappyMeowDays/HappyMeowdays!
-logFile
Logs/AssetImportWorker4.log
-srvPort
50359
Successfully changed project path to: C:/Users/Sebastian/Documents/GitHub/HappyMeowDays/HappyMeowdays!
C:/Users/Sebastian/Documents/GitHub/HappyMeowDays/HappyMeowdays!
[UnityMemory] Configuration Parameters - Can be set up in boot.config
    "memorysetup-bucket-allocator-granularity=16"
    "memorysetup-bucket-allocator-bucket-count=8"
    "memorysetup-bucket-allocator-block-size=33554432"
    "memorysetup-bucket-allocator-block-count=8"
    "memorysetup-main-allocator-block-size=16777216"
    "memorysetup-thread-allocator-block-size=16777216"
    "memorysetup-gfx-main-allocator-block-size=16777216"
    "memorysetup-gfx-thread-allocator-block-size=16777216"
    "memorysetup-cache-allocator-block-size=4194304"
    "memorysetup-typetree-allocator-block-size=2097152"
    "memorysetup-profiler-bucket-allocator-granularity=16"
    "memorysetup-profiler-bucket-allocator-bucket-count=8"
    "memorysetup-profiler-bucket-allocator-block-size=33554432"
    "memorysetup-profiler-bucket-allocator-block-count=8"
    "memorysetup-profiler-allocator-block-size=16777216"
    "memorysetup-profiler-editor-allocator-block-size=1048576"
    "memorysetup-temp-allocator-size-main=16777216"
    "memorysetup-job-temp-allocator-block-size=2097152"
    "memorysetup-job-temp-allocator-block-size-background=1048576"
    "memorysetup-job-temp-allocator-reduction-small-platforms=262144"
    "memorysetup-temp-allocator-size-background-worker=32768"
    "memorysetup-temp-allocator-size-job-worker=262144"
    "memorysetup-temp-allocator-size-preload-manager=33554432"
    "memorysetup-temp-allocator-size-nav-mesh-worker=65536"
    "memorysetup-temp-allocator-size-audio-worker=65536"
    "memorysetup-temp-allocator-size-cloud-worker=32768"
    "memorysetup-temp-allocator-size-gi-baking-worker=262144"
    "memorysetup-temp-allocator-size-gfx=262144"
Player connection [16212] Host "[IP] 11.96.33.166 [Port] 0 [Flags] 2 [Guid] 3303273509 [EditorId] 3303273509 [Version] 1048832 [Id] WindowsEditor(7,DESKTOP-1QH0B45) [Debug] 1 [PackageName] WindowsEditor [ProjectName] Editor" joined multi-casting on [225.0.0.222:54997]...

Player connection [16212] Host "[IP] 11.96.33.166 [Port] 0 [Flags] 2 [Guid] 3303273509 [EditorId] 3303273509 [Version] 1048832 [Id] WindowsEditor(7,DESKTOP-1QH0B45) [Debug] 1 [PackageName] WindowsEditor [ProjectName] Editor" joined alternative multi-casting on [225.0.0.222:34997]...

Refreshing native plugins compatible for Editor in 26.20 ms, found 8 plugins.
Preloading 0 native plugins for Editor in 0.00 ms.
Initialize engine version: 2022.2.15f1 (30d813e1a2a9)
[Subsystems] Discovering subsystems at path C:/Program Files/Unity/Hub/Editor/2022.2.15f1/Editor/Data/Resources/UnitySubsystems
[Subsystems] Discovering subsystems at path C:/Users/Sebastian/Documents/GitHub/HappyMeowDays/HappyMeowdays!/Assets
GfxDevice: creating device client; threaded=0; jobified=0
Direct3D:
    Version:  Direct3D 11.0 [level 11.1]
    Renderer: NVIDIA GeForce RTX 2060 (ID=0x1f08)
    Vendor:   NVIDIA
    VRAM:     5980 MB
    Driver:   30.0.14.9729
Initialize mono
Mono path[0] = 'C:/Program Files/Unity/Hub/Editor/2022.2.15f1/Editor/Data/Managed'
Mono path[1] = 'C:/Program Files/Unity/Hub/Editor/2022.2.15f1/Editor/Data/MonoBleedingEdge/lib/mono/unityjit-win32'
Mono config path = 'C:/Program Files/Unity/Hub/Editor/2022.2.15f1/Editor/Data/MonoBleedingEdge/etc'
Using monoOptions --debugger-agent=transport=dt_socket,embedding=1,server=y,suspend=n,address=127.0.0.1:56268
Begin MonoManager ReloadAssembly
Registering precompiled unity dll's ...
Register platform support module: C:/Program Files/Unity/Hub/Editor/2022.2.15f1/Editor/Data/PlaybackEngines/WindowsStandaloneSupport/UnityEditor.WindowsStandalone.Extensions.dll
Registered in 0.013749 seconds.
- Loaded All Assemblies, in  0.440 seconds
Native extension for WindowsStandalone target not found
Mono: successfully reloaded assembly
- Finished resetting the current domain, in  0.337 seconds
Domain Reload Profiling:
	ReloadAssembly (270ms)
		BeginReloadAssembly (124ms)
			ExecutionOrderSort (0ms)
			DisableScriptedObjects (0ms)
			BackupInstance (0ms)
			ReleaseScriptingObjects (0ms)
			CreateAndSetChildDomain (1ms)
		LoadAllAssembliesAndSetupDomain (0ms)
			LoadAssemblies (120ms)
			RebuildTransferFunctionScriptingTraits (0ms)
			SetupTypeCache (158ms)
				TypeCache.Initialize (157ms)
					TypeCache.ScanAssembly (155ms)
				ResolveRequiredComponents (0ms)
		FinalizeReload (0ms)
			ReleaseScriptCaches (0ms)
			RebuildScriptCaches (0ms)
			SetupLoadedEditorAssemblies (263ms)
				LogAssemblyErrors (0ms)
				InitializePlatformSupportModulesInManaged (12ms)
				SetLoadedEditorAssemblies (8ms)
				RefreshPlugins (0ms)
				BeforeProcessingInitializeOnLoad (1ms)
				ProcessInitializeOnLoadAttributes (179ms)
				ProcessInitializeOnLoadMethodAttributes (62ms)
				AfterProcessingInitializeOnLoad (0ms)
				EditorAssembliesLoaded (0ms)
			ExecutionOrderSort2 (0ms)
			AwakeInstancesAfterBackupRestoration (0ms)
========================================================================
Worker process is ready to serve import requests
Begin MonoManager ReloadAssembly
Symbol file data-000001EDD61EE020 doesn't match image C:\Users\Sebastian\Documents\GitHub\HappyMeowDays\HappyMeowdays!\Library\ScriptAssemblies\Unity.Recorder.Editor.dll
Symbol file LoadedFromMemory is not a mono symbol file
Symbol file data-000001EDD58BFC20 doesn't match image C:\Users\Sebastian\Documents\GitHub\HappyMeowDays\HappyMeowdays!\Library\ScriptAssemblies\Unity.Sequences.Editor.dll
Symbol file LoadedFromMemory is not a mono symbol file
Symbol file data-000001EDD573E7F0 doesn't match image C:\Users\Sebastian\Documents\GitHub\HappyMeowDays\HappyMeowdays!\Library\ScriptAssemblies\Unity.Sequences.dll
Symbol file LoadedFromMemory is not a mono symbol file
Symbol file data-000001EDD70EA010 doesn't match image C:\Users\Sebastian\Documents\GitHub\HappyMeowDays\HappyMeowdays!\Library\ScriptAssemblies\Unity.TerrainTools.Editor.dll
Symbol file LoadedFromMemory is not a mono symbol file
Symbol file data-000001EDD61EE020 doesn't match image C:\Users\Sebastian\Documents\GitHub\HappyMeowDays\HappyMeowdays!\Library\ScriptAssemblies\com.unity.cinemachine.editor.dll
Symbol file LoadedFromMemory is not a mono symbol file
Symbol file data-000001EDD573E7F0 doesn't match image C:\Users\Sebastian\Documents\GitHub\HappyMeowDays\HappyMeowdays!\Library\ScriptAssemblies\Unity.AI.Navigation.dll
Symbol file LoadedFromMemory is not a mono symbol file
Symbol file data-000001EDD761F010 doesn't match image C:\Users\Sebastian\Documents\GitHub\HappyMeowDays\HappyMeowdays!\Library\ScriptAssemblies\Unity.PlasticSCM.Editor.dll
Symbol file LoadedFromMemory is not a mono symbol file
Symbol file data-000001EDD7125420 doesn't match image C:\Users\Sebastian\Documents\GitHub\HappyMeowDays\HappyMeowdays!\Library\ScriptAssemblies\Unity.ProBuilder.Stl.dll
Symbol file LoadedFromMemory is not a mono symbol file
Symbol file data-000001EDD761F010 doesn't match image C:\Users\Sebastian\Documents\GitHub\HappyMeowDays\HappyMeowdays!\Library\ScriptAssemblies\Unity.ProBuilder.dll
Symbol file LoadedFromMemory is not a mono symbol file
Symbol file data-000001EDD761F010 doesn't match image C:\Users\Sebastian\Documents\GitHub\HappyMeowDays\HappyMeowdays!\Library\ScriptAssemblies\Unity.Timeline.Editor.dll
Symbol file LoadedFromMemory is not a mono symbol file
Symbol file data-000001EDD7125420 doesn't match image C:\Users\Sebastian\Documents\GitHub\HappyMeowDays\HappyMeowdays!\Library\ScriptAssemblies\Unity.VisualScripting.Shared.Editor.dll
Symbol file LoadedFromMemory is not a mono symbol file
Symbol file data-000001EDD7125420 doesn't match image C:\Users\Sebastian\Documents\GitHub\HappyMeowDays\HappyMeowdays!\Library\ScriptAssemblies\Unity.TerrainTools.dll
Symbol file LoadedFromMemory is not a mono symbol file
Symbol file data-000001EDD7125420 doesn't match image C:\Users\Sebastian\Documents\GitHub\HappyMeowDays\HappyMeowdays!\Library\ScriptAssemblies\Unity.CollabProxy.Editor.dll
Symbol file LoadedFromMemory is not a mono symbol file
Symbol file data-000001EDD6206C30 doesn't match image C:\Users\Sebastian\Documents\GitHub\HappyMeowDays\HappyMeowdays!\Library\ScriptAssemblies\Unity.VisualStudio.Editor.dll
Symbol file LoadedFromMemory is not a mono symbol file
Symbol file data-000001EDD6206C30 doesn't match image C:\Users\Sebastian\Documents\GitHub\HappyMeowDays\HappyMeowdays!\Library\ScriptAssemblies\Unity.Recorder.Base.dll
Symbol file LoadedFromMemory is not a mono symbol file
Symbol file data-000001EDD6206C30 doesn't match image C:\Users\Sebastian\Documents\GitHub\HappyMeowDays\HappyMeowdays!\Library\ScriptAssemblies\UnityEditor.UI.dll
Symbol file LoadedFromMemory is not a mono symbol file
Symbol file data-000001EDD75A3010 doesn't match image C:\Users\Sebastian\Documents\GitHub\HappyMeowDays\HappyMeowdays!\Library\ScriptAssemblies\Unity.VisualScripting.Core.dll
Symbol file LoadedFromMemory is not a mono symbol file
Symbol file data-000001EDD75A3010 doesn't match image C:\Users\Sebastian\Documents\GitHub\HappyMeowDays\HappyMeowdays!\Library\ScriptAssemblies\Unity.VisualScripting.Core.Editor.dll
Symbol file LoadedFromMemory is not a mono symbol file
Symbol file data-000001EDD6206C30 doesn't match image C:\Users\Sebastian\Documents\GitHub\HappyMeowDays\HappyMeowdays!\Library\ScriptAssemblies\Unity.Rider.Editor.dll
Symbol file LoadedFromMemory is not a mono symbol file
Symbol file data-000001EDD6206C30 doesn't match image C:\Users\Sebastian\Documents\GitHub\HappyMeowDays\HappyMeowdays!\Library\ScriptAssemblies\Unity.ProBuilder.AddOns.Editor.dll
Symbol file LoadedFromMemory is not a mono symbol file
Symbol file data-000001EDD75E4420 doesn't match image C:\Users\Sebastian\Documents\GitHub\HappyMeowDays\HappyMeowdays!\Library\ScriptAssemblies\UnityEngine.UI.dll
Symbol file LoadedFromMemory is not a mono symbol file
Symbol file data-000001EDD7129A30 doesn't match image C:\Users\Sebastian\Documents\GitHub\HappyMeowDays\HappyMeowdays!\Library\ScriptAssemblies\Unity.ProBuilder.Csg.dll
Symbol file LoadedFromMemory is not a mono symbol file
Symbol file data-000001EDD7129A30 doesn't match image C:\Users\Sebastian\Documents\GitHub\HappyMeowDays\HappyMeowdays!\Library\ScriptAssemblies\Unity.Formats.Fbx.Runtime.dll
Symbol file LoadedFromMemory is not a mono symbol file
Symbol file data-000001EDD75E4420 doesn't match image C:\Users\Sebastian\Documents\GitHub\HappyMeowDays\HappyMeowdays!\Library\ScriptAssemblies\UnityEditor.TestRunner.dll
Symbol file LoadedFromMemory is not a mono symbol file
Symbol file data-000001EDD75E4420 doesn't match image C:\Users\Sebastian\Documents\GitHub\HappyMeowDays\HappyMeowdays!\Library\ScriptAssemblies\Unity.VisualScripting.Flow.Editor.dll
Symbol file LoadedFromMemory is not a mono symbol file
Symbol file data-000001EDB1AAF230 doesn't match image C:\Users\Sebastian\Documents\GitHub\HappyMeowDays\HappyMeowdays!\Library\ScriptAssemblies\Unity.Polybrush.dll
Symbol file LoadedFromMemory is not a mono symbol file
Symbol file data-000001EDB1AAF230 doesn't match image C:\Users\Sebastian\Documents\GitHub\HappyMeowDays\HappyMeowdays!\Library\ScriptAssemblies\Unity.Timeline.dll
Symbol file LoadedFromMemory is not a mono symbol file
Symbol file data-000001EDD6E72020 doesn't match image C:\Users\Sebastian\Documents\GitHub\HappyMeowDays\HappyMeowdays!\Library\ScriptAssemblies\Unity.InputSystem.dll
Symbol file LoadedFromMemory is not a mono symbol file
Symbol file data-000001EDD6027010 doesn't match image C:\Users\Sebastian\Documents\GitHub\HappyMeowDays\HappyMeowdays!\Library\ScriptAssemblies\Unity.ProBuilder.Editor.dll
Symbol file LoadedFromMemory is not a mono symbol file
Symbol file data-000001EDD6466A20 doesn't match image C:\Users\Sebastian\Documents\GitHub\HappyMeowDays\HappyMeowdays!\Library\ScriptAssemblies\Unity.Polybrush.Editor.dll
Symbol file LoadedFromMemory is not a mono symbol file
Symbol file data-000001EDD6056020 doesn't match image C:\Users\Sebastian\Documents\GitHub\HappyMeowDays\HappyMeowdays!\Library\ScriptAssemblies\Unity.VisualScripting.Flow.dll
Symbol file LoadedFromMemory is not a mono symbol file
Symbol file data-000001EDD6EF5230 doesn't match image C:\Users\Sebastian\Documents\GitHub\HappyMeowDays\HappyMeowdays!\Library\ScriptAssemblies\Unity.VisualScripting.SettingsProvider.Editor.dll
Symbol file LoadedFromMemory is not a mono symbol file
Symbol file data-000001EDD7608030 doesn't match image C:\Users\Sebastian\Documents\GitHub\HappyMeowDays\HappyMeowdays!\Library\ScriptAssemblies\Unity.AI.Navigation.Updater.dll
Symbol file LoadedFromMemory is not a mono symbol file
Symbol file data-000001EDD6FDF420 doesn't match image C:\Users\Sebastian\Documents\GitHub\HappyMeowDays\HappyMeowdays!\Library\ScriptAssemblies\Autodesk.Fbx.dll
Symbol file LoadedFromMemory is not a mono symbol file
Symbol file data-000001EDD6EF5230 doesn't match image C:\Users\Sebastian\Documents\GitHub\HappyMeowDays\HappyMeowdays!\Library\ScriptAssemblies\Unity.ProBuilder.Poly2Tri.dll
Symbol file LoadedFromMemory is not a mono symbol file
Symbol file data-000001EDD729CC50 doesn't match image C:\Users\Sebastian\Documents\GitHub\HappyMeowDays\HappyMeowdays!\Library\ScriptAssemblies\UnityEngine.TestRunner.dll
Symbol file LoadedFromMemory is not a mono symbol file
Symbol file data-000001EDD729CC50 doesn't match image C:\Users\Sebastian\Documents\GitHub\HappyMeowDays\HappyMeowdays!\Library\ScriptAssemblies\Unity.VisualScripting.State.Editor.dll
Symbol file LoadedFromMemory is not a mono symbol file
Symbol file data-000001EDD6EF5230 doesn't match image C:\Users\Sebastian\Documents\GitHub\HappyMeowDays\HappyMeowdays!\Library\ScriptAssemblies\Unity.Settings.Editor.dll
Symbol file LoadedFromMemory is not a mono symbol file
Symbol file data-000001EDD7608030 doesn't match image C:\Users\Sebastian\Documents\GitHub\HappyMeowDays\HappyMeowdays!\Library\ScriptAssemblies\Autodesk.Fbx.Editor.dll
Symbol file LoadedFromMemory is not a mono symbol file
Symbol file data-000001EDD6EF5230 doesn't match image C:\Users\Sebastian\Documents\GitHub\HappyMeowDays\HappyMeowdays!\Library\ScriptAssemblies\Unity.ProBuilder.KdTree.dll
Symbol file LoadedFromMemory is not a mono symbol file
Symbol file data-000001EDD7000030 doesn't match image C:\Users\Sebastian\Documents\GitHub\HappyMeowDays\HappyMeowdays!\Library\ScriptAssemblies\Unity.Formats.Alembic.Runtime.dll
Symbol file LoadedFromMemory is not a mono symbol file
Symbol file data-000001EDD6072E30 doesn't match image C:\Users\Sebastian\Documents\GitHub\HappyMeowDays\HappyMeowdays!\Library\ScriptAssemblies\Unity.Formats.Fbx.Editor.dll
Symbol file LoadedFromMemory is not a mono symbol file
Symbol file data-000001EDD73F4010 doesn't match image C:\Users\Sebastian\Documents\GitHub\HappyMeowDays\HappyMeowdays!\Library\ScriptAssemblies\Unity.TextMeshPro.dll
Symbol file LoadedFromMemory is not a mono symbol file
Symbol file data-000001EDD6072E30 doesn't match image C:\Users\Sebastian\Documents\GitHub\HappyMeowDays\HappyMeowdays!\Library\ScriptAssemblies\Unity.TextMeshPro.Editor.dll
Symbol file LoadedFromMemory is not a mono symbol file
Symbol file data-000001EDD7608030 doesn't match image C:\Users\Sebastian\Documents\GitHub\HappyMeowDays\HappyMeowdays!\Library\ScriptAssemblies\Unity.Recorder.dll
Symbol file LoadedFromMemory is not a mono symbol file
Symbol file data-000001EDD6EF5230 doesn't match image C:\Users\Sebastian\Documents\GitHub\HappyMeowDays\HappyMeowdays!\Library\ScriptAssemblies\Unity.AI.Navigation.Editor.dll
Symbol file LoadedFromMemory is not a mono symbol file
Symbol file data-000001EDD6EF5230 doesn't match image C:\Users\Sebastian\Documents\GitHub\HappyMeowDays\HappyMeowdays!\Library\ScriptAssemblies\Unity.ProBuilder.AssetIdRemapUtility.dll
Symbol file LoadedFromMemory is not a mono symbol file
Symbol file data-000001EDD607C040 doesn't match image C:\Users\Sebastian\Documents\GitHub\HappyMeowDays\HappyMeowdays!\Library\ScriptAssemblies\Unity.VisualScripting.State.dll
Symbol file LoadedFromMemory is not a mono symbol file
Symbol file data-000001EDD742CA20 doesn't match image C:\Users\Sebastian\Documents\GitHub\HappyMeowDays\HappyMeowdays!\Library\ScriptAssemblies\Unity.AI.Navigation.Editor.ConversionSystem.dll
Symbol file LoadedFromMemory is not a mono symbol file
Symbol file data-000001EDD74424E0 doesn't match image C:\Users\Sebastian\Documents\GitHub\HappyMeowDays\HappyMeowdays!\Library\ScriptAssemblies\Cinemachine.dll
Symbol file LoadedFromMemory is not a mono symbol file
Symbol file data-000001EDD744E2F0 doesn't match image C:\Users\Sebastian\Documents\GitHub\HappyMeowDays\HappyMeowdays!\Library\ScriptAssemblies\Unity.VSCode.Editor.dll
Symbol file LoadedFromMemory is not a mono symbol file
Symbol file data-000001EDD6092D70 doesn't match image C:\Users\Sebastian\Documents\GitHub\HappyMeowDays\HappyMeowdays!\Library\ScriptAssemblies\FbxBuildTestAssets.dll
Symbol file LoadedFromMemory is not a mono symbol file
Symbol file data-000001EDD745BB00 doesn't match image C:\Users\Sebastian\Documents\GitHub\HappyMeowDays\HappyMeowdays!\Library\ScriptAssemblies\Unity.Formats.Alembic.Editor.dll
Symbol file LoadedFromMemory is not a mono symbol file
Symbol file data-000001EDD7466310 doesn't match image C:\Users\Sebastian\Documents\GitHub\HappyMeowDays\HappyMeowdays!\Library\ScriptAssemblies\Unity.InputSystem.TestFramework.dll
Symbol file LoadedFromMemory is not a mono symbol file
Symbol file LoadedFromMemory doesn't match image C:\Users\Sebastian\Documents\GitHub\HappyMeowDays\HappyMeowdays!\Library\PackageCache\com.unity.visualscripting@1.8.0\Editor\VisualScripting.Core\Dependencies\YamlDotNet\Unity.VisualScripting.YamlDotNet.dll
Symbol file LoadedFromMemory doesn't match image C:\Users\Sebastian\Documents\GitHub\HappyMeowDays\HappyMeowdays!\Library\PackageCache\com.unity.visualscripting@1.8.0\Editor\VisualScripting.Core\Dependencies\DotNetZip\Unity.VisualScripting.IonicZip.dll
- Loaded All Assemblies, in  0.987 seconds
Refreshing native plugins compatible for Editor in 9.82 ms, found 8 plugins.
Native extension for WindowsStandalone target not found
Mono: successfully reloaded assembly
- Finished resetting the current domain, in  1.140 seconds
Domain Reload Profiling:
	ReloadAssembly (304ms)
		BeginReloadAssembly (176ms)
			ExecutionOrderSort (0ms)
			DisableScriptedObjects (7ms)
			BackupInstance (0ms)
			ReleaseScriptingObjects (0ms)
			CreateAndSetChildDomain (30ms)
		LoadAllAssembliesAndSetupDomain (678ms)
			LoadAssemblies (374ms)
			RebuildTransferFunctionScriptingTraits (0ms)
			SetupTypeCache (382ms)
				TypeCache.Initialize (343ms)
					TypeCache.ScanAssembly (338ms)
				ResolveRequiredComponents (12ms)
		FinalizeReload (0ms)
			ReleaseScriptCaches (0ms)
			RebuildScriptCaches (0ms)
			SetupLoadedEditorAssemblies (866ms)
				LogAssemblyErrors (0ms)
				InitializePlatformSupportModulesInManaged (11ms)
				SetLoadedEditorAssemblies (5ms)
				RefreshPlugins (0ms)
				BeforeProcessingInitializeOnLoad (138ms)
				ProcessInitializeOnLoadAttributes (647ms)
				ProcessInitializeOnLoadMethodAttributes (45ms)
				AfterProcessingInitializeOnLoad (19ms)
				EditorAssembliesLoaded (0ms)
			ExecutionOrderSort2 (0ms)
			AwakeInstancesAfterBackupRestoration (12ms)
Launched and connected shader compiler UnityShaderCompiler.exe after 0.07 seconds
Refreshing native plugins compatible for Editor in 14.34 ms, found 8 plugins.
Preloading 0 native plugins for Editor in 0.00 ms.
Unloading 4772 Unused Serialized files (Serialized files now loaded: 0)
Unloading 102 unused Assets / (2.0 MB). Loaded Objects now: 5241.
Memory consumption went from 184.0 MB to 182.0 MB.
Total: 12.460900 ms (FindLiveObjects: 0.645500 ms CreateObjectMapping: 0.344100 ms MarkObjects: 8.583500 ms  DeleteObjects: 2.885900 ms)

AssetImportParameters requested are different than current active one (requested -> active):
  custom:container-demuxer-ogg: 62fdf1f143b41e24485cea50d1cbac27 -> 
  custom:video-decoder-ogg-theora: a1e56fd34408186e4bbccfd4996cb3dc -> 
  custom:framework-win-MediaFoundation: 216162199b28c13a410421893ffa2e32 -> 
  custom:container-demuxer-webm: 4f35f7cbe854078d1ac9338744f61a02 -> 
  custom:container-muxer-webm: aa71ff27fc2769a1b78a27578f13a17b -> 
  custom:video-decoder-webm-vp8: 9c59270c3fd7afecdb556c50c9e8de78 -> 
  custom:AudioImporter_EditorPlatform: d09bf68614088b80899f8185d706f6e7 -> 
  custom:video-encoder-webm-vp8: eb34c28f22e8b96e1ab97ce403110664 -> 
  custom:audio-decoder-ogg-vorbis: bf7c407c2cedff20999df2af8eb42d56 -> 
  custom:audio-encoder-webm-vorbis: bf7c407c2cedff20999df2af8eb42d56 -> 
========================================================================
Received Import Request.
  Time since last request: 2933.277681 seconds.
  path: Assets/DevDen Arch Viz Scotland/Materials/shelf1.mat
  artifactKey: Guid(6f717e070ac3651448341dbd8c696d9a) Importer(815301076,1909f56bfc062723c751e8b465ee728b)
Start importing Assets/DevDen Arch Viz Scotland/Materials/shelf1.mat using Guid(6f717e070ac3651448341dbd8c696d9a) Importer(815301076,1909f56bfc062723c751e8b465ee728b)  -> (artifact id: '47b79166414ac79b9637df2365ebf379') in 0.144799 seconds
Number of updated asset objects reloaded before import = 0
Number of asset objects unloaded after import = 5
========================================================================
Received Import Request.
  Time since last request: 276.208235 seconds.
  path: Assets/DevDen Arch Viz Scotland/Textures/tea_table
  artifactKey: Guid(88a4f2dfbc585604495e6bc8e4fff4e0) Importer(815301076,1909f56bfc062723c751e8b465ee728b)
Start importing Assets/DevDen Arch Viz Scotland/Textures/tea_table using Guid(88a4f2dfbc585604495e6bc8e4fff4e0) Importer(815301076,1909f56bfc062723c751e8b465ee728b)  -> (artifact id: '93de95214ab360d75ed4cd50457022a8') in 0.000991 seconds
Number of updated asset objects reloaded before import = 0
Number of asset objects unloaded after import = 0
========================================================================
Received Import Request.
  Time since last request: 16.939722 seconds.
  path: Assets/DevDen Arch Viz Scotland/Prefabs/table_mat (4).prefab
  artifactKey: Guid(110d737e6920ce24b93b4883143e70e1) Importer(815301076,1909f56bfc062723c751e8b465ee728b)
Start importing Assets/DevDen Arch Viz Scotland/Prefabs/table_mat (4).prefab using Guid(110d737e6920ce24b93b4883143e70e1) Importer(815301076,1909f56bfc062723c751e8b465ee728b)  -> (artifact id: '3eb8b732e89adcad98040d410fdabaea') in 0.073546 seconds
Number of updated asset objects reloaded before import = 0
Number of asset objects unloaded after import = 14
========================================================================
Received Import Request.
  Time since last request: 8.264751 seconds.
  path: Assets/DevDen Arch Viz Scotland/Prefabs/Tea Table.prefab
  artifactKey: Guid(748f43356c132a54b86d99005f70fe62) Importer(815301076,1909f56bfc062723c751e8b465ee728b)
Start importing Assets/DevDen Arch Viz Scotland/Prefabs/Tea Table.prefab using Guid(748f43356c132a54b86d99005f70fe62) Importer(815301076,1909f56bfc062723c751e8b465ee728b)  -> (artifact id: '86b9a60b9ae32043cf24557d07f7b5d3') in 0.052408 seconds
Number of updated asset objects reloaded before import = 0
Number of asset objects unloaded after import = 12
========================================================================
Received Import Request.
  Time since last request: 8.506505 seconds.
  path: Assets/DevDen Arch Viz Scotland/Textures/Table_Lamp
  artifactKey: Guid(e0e22b4080b7f41478e0a37c03471a52) Importer(815301076,1909f56bfc062723c751e8b465ee728b)
Start importing Assets/DevDen Arch Viz Scotland/Textures/Table_Lamp using Guid(e0e22b4080b7f41478e0a37c03471a52) Importer(815301076,1909f56bfc062723c751e8b465ee728b)  -> (artifact id: 'd841b2449d8718b81320a072548b2673') in 0.001225 seconds
Number of updated asset objects reloaded before import = 0
Number of asset objects unloaded after import = 0
========================================================================
Received Import Request.
  Time since last request: 0.959956 seconds.
  path: Assets/DevDen Arch Viz Scotland/Textures/dinning_table
  artifactKey: Guid(9f7af8347e371d341a270bf3214bbaa6) Importer(815301076,1909f56bfc062723c751e8b465ee728b)
Start importing Assets/DevDen Arch Viz Scotland/Textures/dinning_table using Guid(9f7af8347e371d341a270bf3214bbaa6) Importer(815301076,1909f56bfc062723c751e8b465ee728b)  -> (artifact id: '4da3d09611681958361260b513c20aed') in 0.005618 seconds
Number of updated asset objects reloaded before import = 0
Number of asset objects unloaded after import = 0
========================================================================
Received Import Request.
  Time since last request: 0.709637 seconds.
  path: Assets/DevDen Arch Viz Scotland/Textures/bedside_table
  artifactKey: Guid(782883f4c8312bf46bab740c3875b41e) Importer(815301076,1909f56bfc062723c751e8b465ee728b)
Start importing Assets/DevDen Arch Viz Scotland/Textures/bedside_table using Guid(782883f4c8312bf46bab740c3875b41e) Importer(815301076,1909f56bfc062723c751e8b465ee728b)  -> (artifact id: 'f3ba587b723d79a2f147063f077a01ed') in 0.005625 seconds
Number of updated asset objects reloaded before import = 0
Number of asset objects unloaded after import = 0
========================================================================
Received Import Request.
  Time since last request: 651.241322 seconds.
  path: Assets/DevDen Arch Viz Scotland/Prefabs/Laptop.prefab
  artifactKey: Guid(e2a10e8083e1fc145a5337c19834675c) Importer(815301076,1909f56bfc062723c751e8b465ee728b)
Start importing Assets/DevDen Arch Viz Scotland/Prefabs/Laptop.prefab using Guid(e2a10e8083e1fc145a5337c19834675c) Importer(815301076,1909f56bfc062723c751e8b465ee728b)  -> (artifact id: '306b463f72e188c55aa22917c4af8e94') in 0.068446 seconds
Number of updated asset objects reloaded before import = 0
Number of asset objects unloaded after import = 14
========================================================================
Received Prepare
Begin MonoManager ReloadAssembly
Symbol file data-000001EDD5A36080 doesn't match image C:\Users\Sebastian\Documents\GitHub\HappyMeowDays\HappyMeowdays!\Library\ScriptAssemblies\Unity.Recorder.Editor.dll
Symbol file LoadedFromMemory is not a mono symbol file
Symbol file data-000001EDD5D6B980 doesn't match image C:\Users\Sebastian\Documents\GitHub\HappyMeowDays\HappyMeowdays!\Library\ScriptAssemblies\Unity.Sequences.Editor.dll
Symbol file LoadedFromMemory is not a mono symbol file
Symbol file data-000001EDD750CC30 doesn't match image C:\Users\Sebastian\Documents\GitHub\HappyMeowDays\HappyMeowdays!\Library\ScriptAssemblies\Unity.Sequences.dll
Symbol file LoadedFromMemory is not a mono symbol file
Symbol file data-000001EDD714A020 doesn't match image C:\Users\Sebastian\Documents\GitHub\HappyMeowDays\HappyMeowdays!\Library\ScriptAssemblies\Unity.TerrainTools.Editor.dll
Symbol file LoadedFromMemory is not a mono symbol file
Symbol file data-000001EDB1E15DA0 doesn't match image C:\Users\Sebastian\Documents\GitHub\HappyMeowDays\HappyMeowdays!\Library\ScriptAssemblies\com.unity.cinemachine.editor.dll
Symbol file LoadedFromMemory is not a mono symbol file
Symbol file data-000001EDD58FA620 doesn't match image C:\Users\Sebastian\Documents\GitHub\HappyMeowDays\HappyMeowdays!\Library\ScriptAssemblies\Unity.AI.Navigation.dll
Symbol file LoadedFromMemory is not a mono symbol file
Symbol file data-000001EDD7066010 doesn't match image C:\Users\Sebastian\Documents\GitHub\HappyMeowDays\HappyMeowdays!\Library\ScriptAssemblies\Unity.PlasticSCM.Editor.dll
Symbol file LoadedFromMemory is not a mono symbol file
Symbol file data-000001EDD58FA620 doesn't match image C:\Users\Sebastian\Documents\GitHub\HappyMeowDays\HappyMeowdays!\Library\ScriptAssemblies\Unity.ProBuilder.Stl.dll
Symbol file LoadedFromMemory is not a mono symbol file
Symbol file data-000001EDD7066010 doesn't match image C:\Users\Sebastian\Documents\GitHub\HappyMeowDays\HappyMeowdays!\Library\ScriptAssemblies\Unity.ProBuilder.dll
Symbol file LoadedFromMemory is not a mono symbol file
Symbol file data-000001EDD70EA010 doesn't match image C:\Users\Sebastian\Documents\GitHub\HappyMeowDays\HappyMeowdays!\Library\ScriptAssemblies\Unity.Timeline.Editor.dll
Symbol file LoadedFromMemory is not a mono symbol file
Symbol file data-000001EDD58FA620 doesn't match image C:\Users\Sebastian\Documents\GitHub\HappyMeowDays\HappyMeowdays!\Library\ScriptAssemblies\Unity.VisualScripting.Shared.Editor.dll
Symbol file LoadedFromMemory is not a mono symbol file
Symbol file data-000001EDD58FA620 doesn't match image C:\Users\Sebastian\Documents\GitHub\HappyMeowDays\HappyMeowdays!\Library\ScriptAssemblies\Unity.TerrainTools.dll
Symbol file LoadedFromMemory is not a mono symbol file
Symbol file data-000001EDD58FA620 doesn't match image C:\Users\Sebastian\Documents\GitHub\HappyMeowDays\HappyMeowdays!\Library\ScriptAssemblies\Unity.CollabProxy.Editor.dll
Symbol file LoadedFromMemory is not a mono symbol file
Symbol file data-000001EDE1208030 doesn't match image C:\Users\Sebastian\Documents\GitHub\HappyMeowDays\HappyMeowdays!\Library\ScriptAssemblies\Unity.VisualStudio.Editor.dll
Symbol file LoadedFromMemory is not a mono symbol file
Symbol file data-000001EDD58FA620 doesn't match image C:\Users\Sebastian\Documents\GitHub\HappyMeowDays\HappyMeowdays!\Library\ScriptAssemblies\Unity.Recorder.Base.dll
Symbol file LoadedFromMemory is not a mono symbol file
Symbol file data-000001EDE1208030 doesn't match image C:\Users\Sebastian\Documents\GitHub\HappyMeowDays\HappyMeowdays!\Library\ScriptAssemblies\UnityEditor.UI.dll
Symbol file LoadedFromMemory is not a mono symbol file
Symbol file data-000001EDE17F6410 doesn't match image C:\Users\Sebastian\Documents\GitHub\HappyMeowDays\HappyMeowdays!\Library\ScriptAssemblies\Unity.VisualScripting.Core.dll
Symbol file LoadedFromMemory is not a mono symbol file
Symbol file data-000001EDD8A53020 doesn't match image C:\Users\Sebastian\Documents\GitHub\HappyMeowDays\HappyMeowdays!\Library\ScriptAssemblies\Unity.VisualScripting.Core.Editor.dll
Symbol file LoadedFromMemory is not a mono symbol file
Symbol file data-000001EDE1208030 doesn't match image C:\Users\Sebastian\Documents\GitHub\HappyMeowDays\HappyMeowdays!\Library\ScriptAssemblies\Unity.Rider.Editor.dll
Symbol file LoadedFromMemory is not a mono symbol file
Symbol file data-000001EDD58FA620 doesn't match image C:\Users\Sebastian\Documents\GitHub\HappyMeowDays\HappyMeowdays!\Library\ScriptAssemblies\Unity.ProBuilder.AddOns.Editor.dll
Symbol file LoadedFromMemory is not a mono symbol file
Symbol file data-000001EDD56D3CE0 doesn't match image C:\Users\Sebastian\Documents\GitHub\HappyMeowDays\HappyMeowdays!\Library\ScriptAssemblies\UnityEngine.UI.dll
Symbol file LoadedFromMemory is not a mono symbol file
Symbol file data-000001EDE1208030 doesn't match image C:\Users\Sebastian\Documents\GitHub\HappyMeowDays\HappyMeowdays!\Library\ScriptAssemblies\Unity.ProBuilder.Csg.dll
Symbol file LoadedFromMemory is not a mono symbol file
Symbol file data-000001EDE1208030 doesn't match image C:\Users\Sebastian\Documents\GitHub\HappyMeowDays\HappyMeowdays!\Library\ScriptAssemblies\Unity.Formats.Fbx.Runtime.dll
Symbol file LoadedFromMemory is not a mono symbol file
Symbol file data-000001EDB13D19C0 doesn't match image C:\Users\Sebastian\Documents\GitHub\HappyMeowDays\HappyMeowdays!\Library\ScriptAssemblies\UnityEditor.TestRunner.dll
Symbol file LoadedFromMemory is not a mono symbol file
Symbol file data-000001EDD5A36080 doesn't match image C:\Users\Sebastian\Documents\GitHub\HappyMeowDays\HappyMeowdays!\Library\ScriptAssemblies\Unity.VisualScripting.Flow.Editor.dll
Symbol file LoadedFromMemory is not a mono symbol file
Symbol file data-000001EDE1208030 doesn't match image C:\Users\Sebastian\Documents\GitHub\HappyMeowDays\HappyMeowdays!\Library\ScriptAssemblies\Unity.Polybrush.dll
Symbol file LoadedFromMemory is not a mono symbol file
Symbol file data-000001EDB13D19C0 doesn't match image C:\Users\Sebastian\Documents\GitHub\HappyMeowDays\HappyMeowdays!\Library\ScriptAssemblies\Unity.Timeline.dll
Symbol file LoadedFromMemory is not a mono symbol file
Symbol file data-000001EDD5BCBC60 doesn't match image C:\Users\Sebastian\Documents\GitHub\HappyMeowDays\HappyMeowdays!\Library\ScriptAssemblies\Unity.InputSystem.dll
Symbol file LoadedFromMemory is not a mono symbol file
Symbol file data-000001EDE17F6410 doesn't match image C:\Users\Sebastian\Documents\GitHub\HappyMeowDays\HappyMeowdays!\Library\ScriptAssemblies\Unity.ProBuilder.Editor.dll
Symbol file LoadedFromMemory is not a mono symbol file
Symbol file data-000001EDB13D19C0 doesn't match image C:\Users\Sebastian\Documents\GitHub\HappyMeowDays\HappyMeowdays!\Library\ScriptAssemblies\Unity.Polybrush.Editor.dll
Symbol file LoadedFromMemory is not a mono symbol file
Symbol file data-000001EDE0300080 doesn't match image C:\Users\Sebastian\Documents\GitHub\HappyMeowDays\HappyMeowdays!\Library\ScriptAssemblies\Unity.VisualScripting.Flow.dll
Symbol file LoadedFromMemory is not a mono symbol file
Symbol file data-000001EDD7605C20 doesn't match image C:\Users\Sebastian\Documents\GitHub\HappyMeowDays\HappyMeowdays!\Library\ScriptAssemblies\Unity.VisualScripting.SettingsProvider.Editor.dll
Symbol file LoadedFromMemory is not a mono symbol file
Symbol file data-000001EDD7605C20 doesn't match image C:\Users\Sebastian\Documents\GitHub\HappyMeowDays\HappyMeowdays!\Library\ScriptAssemblies\Unity.AI.Navigation.Updater.dll
Symbol file LoadedFromMemory is not a mono symbol file
Symbol file data-000001EDD5A36080 doesn't match image C:\Users\Sebastian\Documents\GitHub\HappyMeowDays\HappyMeowdays!\Library\ScriptAssemblies\Autodesk.Fbx.dll
Symbol file LoadedFromMemory is not a mono symbol file
Symbol file data-000001EDE1640030 doesn't match image C:\Users\Sebastian\Documents\GitHub\HappyMeowDays\HappyMeowdays!\Library\ScriptAssemblies\Unity.ProBuilder.Poly2Tri.dll
Symbol file LoadedFromMemory is not a mono symbol file
Symbol file data-000001EDE12B2020 doesn't match image C:\Users\Sebastian\Documents\GitHub\HappyMeowDays\HappyMeowdays!\Library\ScriptAssemblies\UnityEngine.TestRunner.dll
Symbol file LoadedFromMemory is not a mono symbol file
Symbol file data-000001EDE12B2020 doesn't match image C:\Users\Sebastian\Documents\GitHub\HappyMeowDays\HappyMeowdays!\Library\ScriptAssemblies\Unity.VisualScripting.State.Editor.dll
Symbol file LoadedFromMemory is not a mono symbol file
Symbol file data-000001EDE12BC430 doesn't match image C:\Users\Sebastian\Documents\GitHub\HappyMeowDays\HappyMeowdays!\Library\ScriptAssemblies\Unity.Settings.Editor.dll
Symbol file LoadedFromMemory is not a mono symbol file
Symbol file data-000001EDB1E09160 doesn't match image C:\Users\Sebastian\Documents\GitHub\HappyMeowDays\HappyMeowdays!\Library\ScriptAssemblies\Autodesk.Fbx.Editor.dll
Symbol file LoadedFromMemory is not a mono symbol file
Symbol file data-000001EDE12BC430 doesn't match image C:\Users\Sebastian\Documents\GitHub\HappyMeowDays\HappyMeowdays!\Library\ScriptAssemblies\Unity.ProBuilder.KdTree.dll
Symbol file LoadedFromMemory is not a mono symbol file
Symbol file data-000001EDD5D58020 doesn't match image C:\Users\Sebastian\Documents\GitHub\HappyMeowDays\HappyMeowdays!\Library\ScriptAssemblies\Unity.Formats.Alembic.Runtime.dll
Symbol file LoadedFromMemory is not a mono symbol file
Symbol file data-000001EDE032C090 doesn't match image C:\Users\Sebastian\Documents\GitHub\HappyMeowDays\HappyMeowdays!\Library\ScriptAssemblies\Unity.Formats.Fbx.Editor.dll
Symbol file LoadedFromMemory is not a mono symbol file
Symbol file data-000001EDE1444040 doesn't match image C:\Users\Sebastian\Documents\GitHub\HappyMeowDays\HappyMeowdays!\Library\ScriptAssemblies\Unity.TextMeshPro.dll
Symbol file LoadedFromMemory is not a mono symbol file
Symbol file data-000001EDE032C090 doesn't match image C:\Users\Sebastian\Documents\GitHub\HappyMeowDays\HappyMeowdays!\Library\ScriptAssemblies\Unity.TextMeshPro.Editor.dll
Symbol file LoadedFromMemory is not a mono symbol file
Symbol file data-000001EDB1E09160 doesn't match image C:\Users\Sebastian\Documents\GitHub\HappyMeowDays\HappyMeowdays!\Library\ScriptAssemblies\Unity.Recorder.dll
Symbol file LoadedFromMemory is not a mono symbol file
Symbol file data-000001EDE147CA50 doesn't match image C:\Users\Sebastian\Documents\GitHub\HappyMeowDays\HappyMeowdays!\Library\ScriptAssemblies\Unity.AI.Navigation.Editor.dll
Symbol file LoadedFromMemory is not a mono symbol file
Symbol file data-000001EDE12BC430 doesn't match image C:\Users\Sebastian\Documents\GitHub\HappyMeowDays\HappyMeowdays!\Library\ScriptAssemblies\Unity.ProBuilder.AssetIdRemapUtility.dll
Symbol file LoadedFromMemory is not a mono symbol file
Symbol file data-000001EDE12BC430 doesn't match image C:\Users\Sebastian\Documents\GitHub\HappyMeowDays\HappyMeowdays!\Library\ScriptAssemblies\Unity.VisualScripting.State.dll
Symbol file LoadedFromMemory is not a mono symbol file
Symbol file data-000001EDE1825420 doesn't match image C:\Users\Sebastian\Documents\GitHub\HappyMeowDays\HappyMeowdays!\Library\ScriptAssemblies\Unity.AI.Navigation.Editor.ConversionSystem.dll
Symbol file LoadedFromMemory is not a mono symbol file
Symbol file data-000001EDE112E040 doesn't match image C:\Users\Sebastian\Documents\GitHub\HappyMeowDays\HappyMeowdays!\Library\ScriptAssemblies\Cinemachine.dll
Symbol file LoadedFromMemory is not a mono symbol file
Symbol file data-000001EDE1831230 doesn't match image C:\Users\Sebastian\Documents\GitHub\HappyMeowDays\HappyMeowdays!\Library\ScriptAssemblies\Unity.VSCode.Editor.dll
Symbol file LoadedFromMemory is not a mono symbol file
Symbol file data-000001EDD5D65430 doesn't match image C:\Users\Sebastian\Documents\GitHub\HappyMeowDays\HappyMeowdays!\Library\ScriptAssemblies\FbxBuildTestAssets.dll
Symbol file LoadedFromMemory is not a mono symbol file
Symbol file data-000001EDE03398A0 doesn't match image C:\Users\Sebastian\Documents\GitHub\HappyMeowDays\HappyMeowdays!\Library\ScriptAssemblies\Unity.Formats.Alembic.Editor.dll
Symbol file LoadedFromMemory is not a mono symbol file
Symbol file data-000001EDE1831230 doesn't match image C:\Users\Sebastian\Documents\GitHub\HappyMeowDays\HappyMeowdays!\Library\ScriptAssemblies\Unity.InputSystem.TestFramework.dll
Symbol file LoadedFromMemory is not a mono symbol file
Symbol file LoadedFromMemory doesn't match image C:\Users\Sebastian\Documents\GitHub\HappyMeowDays\HappyMeowdays!\Library\PackageCache\com.unity.visualscripting@1.8.0\Editor\VisualScripting.Core\Dependencies\YamlDotNet\Unity.VisualScripting.YamlDotNet.dll
Symbol file LoadedFromMemory doesn't match image C:\Users\Sebastian\Documents\GitHub\HappyMeowDays\HappyMeowdays!\Library\PackageCache\com.unity.visualscripting@1.8.0\Editor\VisualScripting.Core\Dependencies\DotNetZip\Unity.VisualScripting.IonicZip.dll
- Loaded All Assemblies, in  1.612 seconds
Refreshing native plugins compatible for Editor in 10.02 ms, found 8 plugins.
Native extension for WindowsStandalone target not found
Mono: successfully reloaded assembly
- Finished resetting the current domain, in  1.582 seconds
Domain Reload Profiling:
	ReloadAssembly (936ms)
		BeginReloadAssembly (832ms)
			ExecutionOrderSort (0ms)
			DisableScriptedObjects (5ms)
			BackupInstance (0ms)
			ReleaseScriptingObjects (0ms)
			CreateAndSetChildDomain (48ms)
		LoadAllAssembliesAndSetupDomain (671ms)
			LoadAssemblies (370ms)
			RebuildTransferFunctionScriptingTraits (0ms)
			SetupTypeCache (368ms)
				TypeCache.Initialize (355ms)
					TypeCache.ScanAssembly (347ms)
				ResolveRequiredComponents (13ms)
		FinalizeReload (0ms)
			ReleaseScriptCaches (0ms)
			RebuildScriptCaches (0ms)
			SetupLoadedEditorAssemblies (645ms)
				LogAssemblyErrors (0ms)
				InitializePlatformSupportModulesInManaged (10ms)
				SetLoadedEditorAssemblies (5ms)
				RefreshPlugins (0ms)
				BeforeProcessingInitializeOnLoad (107ms)
				ProcessInitializeOnLoadAttributes (478ms)
				ProcessInitializeOnLoadMethodAttributes (31ms)
				AfterProcessingInitializeOnLoad (14ms)
				EditorAssembliesLoaded (0ms)
			ExecutionOrderSort2 (0ms)
			AwakeInstancesAfterBackupRestoration (7ms)
Refreshing native plugins compatible for Editor in 11.80 ms, found 8 plugins.
Preloading 0 native plugins for Editor in 0.00 ms.
Unloading 4681 Unused Serialized files (Serialized files now loaded: 0)
Unloading 86 unused Assets / (2.0 MB). Loaded Objects now: 5285.
Memory consumption went from 167.8 MB to 165.8 MB.
Total: 7.467900 ms (FindLiveObjects: 0.536600 ms CreateObjectMapping: 0.262100 ms MarkObjects: 5.450500 ms  DeleteObjects: 1.216900 ms)

Prepare: number of updated asset objects reloaded= 0
AssetImportParameters requested are different than current active one (requested -> active):
  custom:container-demuxer-ogg: 62fdf1f143b41e24485cea50d1cbac27 -> 
  custom:video-decoder-ogg-theora: a1e56fd34408186e4bbccfd4996cb3dc -> 
  custom:framework-win-MediaFoundation: 216162199b28c13a410421893ffa2e32 -> 
  custom:container-demuxer-webm: 4f35f7cbe854078d1ac9338744f61a02 -> 
  custom:container-muxer-webm: aa71ff27fc2769a1b78a27578f13a17b -> 
  custom:video-decoder-webm-vp8: 9c59270c3fd7afecdb556c50c9e8de78 -> 
  custom:AudioImporter_EditorPlatform: d09bf68614088b80899f8185d706f6e7 -> 
  custom:video-encoder-webm-vp8: eb34c28f22e8b96e1ab97ce403110664 -> 
  custom:audio-decoder-ogg-vorbis: bf7c407c2cedff20999df2af8eb42d56 -> 
  custom:audio-encoder-webm-vorbis: bf7c407c2cedff20999df2af8eb42d56 -> 
========================================================================
Received Prepare
Begin MonoManager ReloadAssembly
Symbol file data-000001EDB1AF2E90 doesn't match image C:\Users\Sebastian\Documents\GitHub\HappyMeowDays\HappyMeowdays!\Library\ScriptAssemblies\Unity.Recorder.Editor.dll
Symbol file LoadedFromMemory is not a mono symbol file
Symbol file data-000001EDE206CBA0 doesn't match image C:\Users\Sebastian\Documents\GitHub\HappyMeowDays\HappyMeowdays!\Library\ScriptAssemblies\Unity.Sequences.Editor.dll
Symbol file LoadedFromMemory is not a mono symbol file
Symbol file data-000001EDE1640030 doesn't match image C:\Users\Sebastian\Documents\GitHub\HappyMeowDays\HappyMeowdays!\Library\ScriptAssemblies\Unity.Sequences.dll
Symbol file LoadedFromMemory is not a mono symbol file
Symbol file data-000001EDE112E040 doesn't match image C:\Users\Sebastian\Documents\GitHub\HappyMeowDays\HappyMeowdays!\Library\ScriptAssemblies\Unity.TerrainTools.Editor.dll
Symbol file LoadedFromMemory is not a mono symbol file
Symbol file data-000001EDB1E8DE70 doesn't match image C:\Users\Sebastian\Documents\GitHub\HappyMeowDays\HappyMeowdays!\Library\ScriptAssemblies\com.unity.cinemachine.editor.dll
Symbol file LoadedFromMemory is not a mono symbol file
Symbol file data-000001EDD57367E0 doesn't match image C:\Users\Sebastian\Documents\GitHub\HappyMeowDays\HappyMeowdays!\Library\ScriptAssemblies\Unity.AI.Navigation.dll
Symbol file LoadedFromMemory is not a mono symbol file
Symbol file data-000001EDD7066010 doesn't match image C:\Users\Sebastian\Documents\GitHub\HappyMeowDays\HappyMeowdays!\Library\ScriptAssemblies\Unity.PlasticSCM.Editor.dll
Symbol file LoadedFromMemory is not a mono symbol file
Symbol file data-000001EDD57367E0 doesn't match image C:\Users\Sebastian\Documents\GitHub\HappyMeowDays\HappyMeowdays!\Library\ScriptAssemblies\Unity.ProBuilder.Stl.dll
Symbol file LoadedFromMemory is not a mono symbol file
Symbol file data-000001EDE112E040 doesn't match image C:\Users\Sebastian\Documents\GitHub\HappyMeowDays\HappyMeowdays!\Library\ScriptAssemblies\Unity.ProBuilder.dll
Symbol file LoadedFromMemory is not a mono symbol file
Symbol file data-000001EDD70EA010 doesn't match image C:\Users\Sebastian\Documents\GitHub\HappyMeowDays\HappyMeowdays!\Library\ScriptAssemblies\Unity.Timeline.Editor.dll
Symbol file LoadedFromMemory is not a mono symbol file
Symbol file data-000001EDD57367E0 doesn't match image C:\Users\Sebastian\Documents\GitHub\HappyMeowDays\HappyMeowdays!\Library\ScriptAssemblies\Unity.VisualScripting.Shared.Editor.dll
Symbol file LoadedFromMemory is not a mono symbol file
Symbol file data-000001EDD57367E0 doesn't match image C:\Users\Sebastian\Documents\GitHub\HappyMeowDays\HappyMeowdays!\Library\ScriptAssemblies\Unity.TerrainTools.dll
Symbol file LoadedFromMemory is not a mono symbol file
Symbol file data-000001EDD57367E0 doesn't match image C:\Users\Sebastian\Documents\GitHub\HappyMeowDays\HappyMeowdays!\Library\ScriptAssemblies\Unity.CollabProxy.Editor.dll
Symbol file LoadedFromMemory is not a mono symbol file
Symbol file data-000001EDE1B6B010 doesn't match image C:\Users\Sebastian\Documents\GitHub\HappyMeowDays\HappyMeowdays!\Library\ScriptAssemblies\Unity.VisualStudio.Editor.dll
Symbol file LoadedFromMemory is not a mono symbol file
Symbol file data-000001EDD57367E0 doesn't match image C:\Users\Sebastian\Documents\GitHub\HappyMeowDays\HappyMeowdays!\Library\ScriptAssemblies\Unity.Recorder.Base.dll
Symbol file LoadedFromMemory is not a mono symbol file
Symbol file data-000001EDE1B6B010 doesn't match image C:\Users\Sebastian\Documents\GitHub\HappyMeowDays\HappyMeowdays!\Library\ScriptAssemblies\UnityEditor.UI.dll
Symbol file LoadedFromMemory is not a mono symbol file
Symbol file data-000001EDE099D040 doesn't match image C:\Users\Sebastian\Documents\GitHub\HappyMeowDays\HappyMeowdays!\Library\ScriptAssemblies\Unity.VisualScripting.Core.dll
Symbol file LoadedFromMemory is not a mono symbol file
Symbol file data-000001EDD8A53020 doesn't match image C:\Users\Sebastian\Documents\GitHub\HappyMeowDays\HappyMeowdays!\Library\ScriptAssemblies\Unity.VisualScripting.Core.Editor.dll
Symbol file LoadedFromMemory is not a mono symbol file
Symbol file data-000001EDD7AE9010 doesn't match image C:\Users\Sebastian\Documents\GitHub\HappyMeowDays\HappyMeowdays!\Library\ScriptAssemblies\Unity.Rider.Editor.dll
Symbol file LoadedFromMemory is not a mono symbol file
Symbol file data-000001EDD57367E0 doesn't match image C:\Users\Sebastian\Documents\GitHub\HappyMeowDays\HappyMeowdays!\Library\ScriptAssemblies\Unity.ProBuilder.AddOns.Editor.dll
Symbol file LoadedFromMemory is not a mono symbol file
Symbol file data-000001EDD808C010 doesn't match image C:\Users\Sebastian\Documents\GitHub\HappyMeowDays\HappyMeowdays!\Library\ScriptAssemblies\UnityEngine.UI.dll
Symbol file LoadedFromMemory is not a mono symbol file
Symbol file data-000001EDD7AE9010 doesn't match image C:\Users\Sebastian\Documents\GitHub\HappyMeowDays\HappyMeowdays!\Library\ScriptAssemblies\Unity.ProBuilder.Csg.dll
Symbol file LoadedFromMemory is not a mono symbol file
Symbol file data-000001EDD7AE9010 doesn't match image C:\Users\Sebastian\Documents\GitHub\HappyMeowDays\HappyMeowdays!\Library\ScriptAssemblies\Unity.Formats.Fbx.Runtime.dll
Symbol file LoadedFromMemory is not a mono symbol file
Symbol file data-000001EDE44C6010 doesn't match image C:\Users\Sebastian\Documents\GitHub\HappyMeowDays\HappyMeowdays!\Library\ScriptAssemblies\UnityEditor.TestRunner.dll
Symbol file LoadedFromMemory is not a mono symbol file
Symbol file data-000001EDB1AF2E90 doesn't match image C:\Users\Sebastian\Documents\GitHub\HappyMeowDays\HappyMeowdays!\Library\ScriptAssemblies\Unity.VisualScripting.Flow.Editor.dll
Symbol file LoadedFromMemory is not a mono symbol file
Symbol file data-000001EDD7AE9010 doesn't match image C:\Users\Sebastian\Documents\GitHub\HappyMeowDays\HappyMeowdays!\Library\ScriptAssemblies\Unity.Polybrush.dll
Symbol file LoadedFromMemory is not a mono symbol file
Symbol file data-000001EDE206CBA0 doesn't match image C:\Users\Sebastian\Documents\GitHub\HappyMeowDays\HappyMeowdays!\Library\ScriptAssemblies\Unity.Timeline.dll
Symbol file LoadedFromMemory is not a mono symbol file
Symbol file data-000001EDE0F6F010 doesn't match image C:\Users\Sebastian\Documents\GitHub\HappyMeowDays\HappyMeowdays!\Library\ScriptAssemblies\Unity.InputSystem.dll
Symbol file LoadedFromMemory is not a mono symbol file
Symbol file data-000001EDD6116010 doesn't match image C:\Users\Sebastian\Documents\GitHub\HappyMeowDays\HappyMeowdays!\Library\ScriptAssemblies\Unity.ProBuilder.Editor.dll
Symbol file LoadedFromMemory is not a mono symbol file
Symbol file data-000001EDB1E15DA0 doesn't match image C:\Users\Sebastian\Documents\GitHub\HappyMeowDays\HappyMeowdays!\Library\ScriptAssemblies\Unity.Polybrush.Editor.dll
Symbol file LoadedFromMemory is not a mono symbol file
Symbol file data-000001EDD7066010 doesn't match image C:\Users\Sebastian\Documents\GitHub\HappyMeowDays\HappyMeowdays!\Library\ScriptAssemblies\Unity.VisualScripting.Flow.dll
Symbol file LoadedFromMemory is not a mono symbol file
Symbol file data-000001EDD7AE9010 doesn't match image C:\Users\Sebastian\Documents\GitHub\HappyMeowDays\HappyMeowdays!\Library\ScriptAssemblies\Unity.VisualScripting.SettingsProvider.Editor.dll
Symbol file LoadedFromMemory is not a mono symbol file
Symbol file data-000001EDD7AE9010 doesn't match image C:\Users\Sebastian\Documents\GitHub\HappyMeowDays\HappyMeowdays!\Library\ScriptAssemblies\Unity.AI.Navigation.Updater.dll
Symbol file LoadedFromMemory is not a mono symbol file
Symbol file data-000001EDB1AF2E90 doesn't match image C:\Users\Sebastian\Documents\GitHub\HappyMeowDays\HappyMeowdays!\Library\ScriptAssemblies\Autodesk.Fbx.dll
Symbol file LoadedFromMemory is not a mono symbol file
Symbol file data-000001EDD5A66020 doesn't match image C:\Users\Sebastian\Documents\GitHub\HappyMeowDays\HappyMeowdays!\Library\ScriptAssemblies\Unity.ProBuilder.Poly2Tri.dll
Symbol file LoadedFromMemory is not a mono symbol file
Symbol file data-000001EDD5D58020 doesn't match image C:\Users\Sebastian\Documents\GitHub\HappyMeowDays\HappyMeowdays!\Library\ScriptAssemblies\UnityEngine.TestRunner.dll
Symbol file LoadedFromMemory is not a mono symbol file
Symbol file data-000001EDE1B6B010 doesn't match image C:\Users\Sebastian\Documents\GitHub\HappyMeowDays\HappyMeowdays!\Library\ScriptAssemblies\Unity.VisualScripting.State.Editor.dll
Symbol file LoadedFromMemory is not a mono symbol file
Symbol file data-000001EDB1BECC20 doesn't match image C:\Users\Sebastian\Documents\GitHub\HappyMeowDays\HappyMeowdays!\Library\ScriptAssemblies\Unity.Settings.Editor.dll
Symbol file LoadedFromMemory is not a mono symbol file
Symbol file data-000001EDD573ADF0 doesn't match image C:\Users\Sebastian\Documents\GitHub\HappyMeowDays\HappyMeowdays!\Library\ScriptAssemblies\Autodesk.Fbx.Editor.dll
Symbol file LoadedFromMemory is not a mono symbol file
Symbol file data-000001EDB1BF1E30 doesn't match image C:\Users\Sebastian\Documents\GitHub\HappyMeowDays\HappyMeowdays!\Library\ScriptAssemblies\Unity.ProBuilder.KdTree.dll
Symbol file LoadedFromMemory is not a mono symbol file
Symbol file data-000001EDE4018010 doesn't match image C:\Users\Sebastian\Documents\GitHub\HappyMeowDays\HappyMeowdays!\Library\ScriptAssemblies\Unity.Formats.Alembic.Runtime.dll
Symbol file LoadedFromMemory is not a mono symbol file
Symbol file data-000001EDB1E15DA0 doesn't match image C:\Users\Sebastian\Documents\GitHub\HappyMeowDays\HappyMeowdays!\Library\ScriptAssemblies\Unity.Formats.Fbx.Editor.dll
Symbol file LoadedFromMemory is not a mono symbol file
Symbol file data-000001EDD7066010 doesn't match image C:\Users\Sebastian\Documents\GitHub\HappyMeowDays\HappyMeowdays!\Library\ScriptAssemblies\Unity.TextMeshPro.dll
Symbol file LoadedFromMemory is not a mono symbol file
Symbol file data-000001EDB1E15DA0 doesn't match image C:\Users\Sebastian\Documents\GitHub\HappyMeowDays\HappyMeowdays!\Library\ScriptAssemblies\Unity.TextMeshPro.Editor.dll
Symbol file LoadedFromMemory is not a mono symbol file
Symbol file data-000001EDB1E09160 doesn't match image C:\Users\Sebastian\Documents\GitHub\HappyMeowDays\HappyMeowdays!\Library\ScriptAssemblies\Unity.Recorder.dll
Symbol file LoadedFromMemory is not a mono symbol file
Symbol file data-000001EDE1B6B010 doesn't match image C:\Users\Sebastian\Documents\GitHub\HappyMeowDays\HappyMeowdays!\Library\ScriptAssemblies\Unity.AI.Navigation.Editor.dll
Symbol file LoadedFromMemory is not a mono symbol file
Symbol file data-000001EDD709EA20 doesn't match image C:\Users\Sebastian\Documents\GitHub\HappyMeowDays\HappyMeowdays!\Library\ScriptAssemblies\Unity.ProBuilder.AssetIdRemapUtility.dll
Symbol file LoadedFromMemory is not a mono symbol file
Symbol file data-000001EDD6145020 doesn't match image C:\Users\Sebastian\Documents\GitHub\HappyMeowDays\HappyMeowdays!\Library\ScriptAssemblies\Unity.VisualScripting.State.dll
Symbol file LoadedFromMemory is not a mono symbol file
Symbol file data-000001EDD709EA20 doesn't match image C:\Users\Sebastian\Documents\GitHub\HappyMeowDays\HappyMeowdays!\Library\ScriptAssemblies\Unity.AI.Navigation.Editor.ConversionSystem.dll
Symbol file LoadedFromMemory is not a mono symbol file
Symbol file data-000001EE47F13EC0 doesn't match image C:\Users\Sebastian\Documents\GitHub\HappyMeowDays\HappyMeowdays!\Library\ScriptAssemblies\Cinemachine.dll
Symbol file LoadedFromMemory is not a mono symbol file
Symbol file data-000001EDD709EA20 doesn't match image C:\Users\Sebastian\Documents\GitHub\HappyMeowDays\HappyMeowdays!\Library\ScriptAssemblies\Unity.VSCode.Editor.dll
Symbol file LoadedFromMemory is not a mono symbol file
Symbol file data-000001EDD573ADF0 doesn't match image C:\Users\Sebastian\Documents\GitHub\HappyMeowDays\HappyMeowdays!\Library\ScriptAssemblies\FbxBuildTestAssets.dll
Symbol file LoadedFromMemory is not a mono symbol file
Symbol file data-000001EDE0C4DE40 doesn't match image C:\Users\Sebastian\Documents\GitHub\HappyMeowDays\HappyMeowdays!\Library\ScriptAssemblies\Unity.Formats.Alembic.Editor.dll
Symbol file LoadedFromMemory is not a mono symbol file
Symbol file data-000001EDD709EA20 doesn't match image C:\Users\Sebastian\Documents\GitHub\HappyMeowDays\HappyMeowdays!\Library\ScriptAssemblies\Unity.InputSystem.TestFramework.dll
Symbol file LoadedFromMemory is not a mono symbol file
Symbol file LoadedFromMemory doesn't match image C:\Users\Sebastian\Documents\GitHub\HappyMeowDays\HappyMeowdays!\Library\PackageCache\com.unity.visualscripting@1.8.0\Editor\VisualScripting.Core\Dependencies\YamlDotNet\Unity.VisualScripting.YamlDotNet.dll
Symbol file LoadedFromMemory doesn't match image C:\Users\Sebastian\Documents\GitHub\HappyMeowDays\HappyMeowdays!\Library\PackageCache\com.unity.visualscripting@1.8.0\Editor\VisualScripting.Core\Dependencies\DotNetZip\Unity.VisualScripting.IonicZip.dll
- Loaded All Assemblies, in  1.488 seconds
Refreshing native plugins compatible for Editor in 9.02 ms, found 8 plugins.
Native extension for WindowsStandalone target not found
Mono: successfully reloaded assembly
- Finished resetting the current domain, in  1.597 seconds
Domain Reload Profiling:
	ReloadAssembly (840ms)
		BeginReloadAssembly (730ms)
			ExecutionOrderSort (0ms)
			DisableScriptedObjects (6ms)
			BackupInstance (0ms)
			ReleaseScriptingObjects (0ms)
			CreateAndSetChildDomain (43ms)
		LoadAllAssembliesAndSetupDomain (641ms)
			LoadAssemblies (343ms)
			RebuildTransferFunctionScriptingTraits (0ms)
			SetupTypeCache (379ms)
				TypeCache.Initialize (365ms)
					TypeCache.ScanAssembly (357ms)
				ResolveRequiredComponents (14ms)
		FinalizeReload (0ms)
			ReleaseScriptCaches (0ms)
			RebuildScriptCaches (0ms)
			SetupLoadedEditorAssemblies (670ms)
				LogAssemblyErrors (0ms)
				InitializePlatformSupportModulesInManaged (9ms)
				SetLoadedEditorAssemblies (4ms)
				RefreshPlugins (0ms)
				BeforeProcessingInitializeOnLoad (110ms)
				ProcessInitializeOnLoadAttributes (504ms)
				ProcessInitializeOnLoadMethodAttributes (30ms)
				AfterProcessingInitializeOnLoad (13ms)
				EditorAssembliesLoaded (0ms)
			ExecutionOrderSort2 (0ms)
			AwakeInstancesAfterBackupRestoration (8ms)
Refreshing native plugins compatible for Editor in 12.56 ms, found 8 plugins.
Preloading 0 native plugins for Editor in 0.00 ms.
Unloading 4681 Unused Serialized files (Serialized files now loaded: 0)
Unloading 86 unused Assets / (2.0 MB). Loaded Objects now: 5288.
Memory consumption went from 167.8 MB to 165.8 MB.
Total: 8.231500 ms (FindLiveObjects: 0.553800 ms CreateObjectMapping: 0.231300 ms MarkObjects: 6.108400 ms  DeleteObjects: 1.336100 ms)

Prepare: number of updated asset objects reloaded= 0
AssetImportParameters requested are different than current active one (requested -> active):
  custom:container-demuxer-ogg: 62fdf1f143b41e24485cea50d1cbac27 -> 
  custom:video-decoder-ogg-theora: a1e56fd34408186e4bbccfd4996cb3dc -> 
  custom:framework-win-MediaFoundation: 216162199b28c13a410421893ffa2e32 -> 
  custom:container-demuxer-webm: 4f35f7cbe854078d1ac9338744f61a02 -> 
  custom:container-muxer-webm: aa71ff27fc2769a1b78a27578f13a17b -> 
  custom:video-decoder-webm-vp8: 9c59270c3fd7afecdb556c50c9e8de78 -> 
  custom:AudioImporter_EditorPlatform: d09bf68614088b80899f8185d706f6e7 -> 
  custom:video-encoder-webm-vp8: eb34c28f22e8b96e1ab97ce403110664 -> 
  custom:audio-decoder-ogg-vorbis: bf7c407c2cedff20999df2af8eb42d56 -> 
  custom:audio-encoder-webm-vorbis: bf7c407c2cedff20999df2af8eb42d56 -> 
========================================================================
Received Prepare
Begin MonoManager ReloadAssembly
Symbol file data-000001EDE4303A40 doesn't match image C:\Users\Sebastian\Documents\GitHub\HappyMeowDays\HappyMeowdays!\Library\ScriptAssemblies\Unity.Recorder.Editor.dll
Symbol file LoadedFromMemory is not a mono symbol file
Symbol file data-000001EDE2BFCDD0 doesn't match image C:\Users\Sebastian\Documents\GitHub\HappyMeowDays\HappyMeowdays!\Library\ScriptAssemblies\Unity.Sequences.Editor.dll
Symbol file LoadedFromMemory is not a mono symbol file
Symbol file data-000001EDE3B7DF70 doesn't match image C:\Users\Sebastian\Documents\GitHub\HappyMeowDays\HappyMeowdays!\Library\ScriptAssemblies\Unity.Sequences.dll
Symbol file LoadedFromMemory is not a mono symbol file
Symbol file data-000001EDE390EA30 doesn't match image C:\Users\Sebastian\Documents\GitHub\HappyMeowDays\HappyMeowdays!\Library\ScriptAssemblies\Unity.TerrainTools.Editor.dll
Symbol file LoadedFromMemory is not a mono symbol file
Symbol file data-000001EDB1E8DE70 doesn't match image C:\Users\Sebastian\Documents\GitHub\HappyMeowDays\HappyMeowdays!\Library\ScriptAssemblies\com.unity.cinemachine.editor.dll
Symbol file LoadedFromMemory is not a mono symbol file
Symbol file data-000001EDE2F70750 doesn't match image C:\Users\Sebastian\Documents\GitHub\HappyMeowDays\HappyMeowdays!\Library\ScriptAssemblies\Unity.AI.Navigation.dll
Symbol file LoadedFromMemory is not a mono symbol file
Symbol file data-000001EDD89B5030 doesn't match image C:\Users\Sebastian\Documents\GitHub\HappyMeowDays\HappyMeowdays!\Library\ScriptAssemblies\Unity.PlasticSCM.Editor.dll
Symbol file LoadedFromMemory is not a mono symbol file
Symbol file data-000001EDB1ED7030 doesn't match image C:\Users\Sebastian\Documents\GitHub\HappyMeowDays\HappyMeowdays!\Library\ScriptAssemblies\Unity.ProBuilder.Stl.dll
Symbol file LoadedFromMemory is not a mono symbol file
Symbol file data-000001EDE390EA30 doesn't match image C:\Users\Sebastian\Documents\GitHub\HappyMeowDays\HappyMeowdays!\Library\ScriptAssemblies\Unity.ProBuilder.dll
Symbol file LoadedFromMemory is not a mono symbol file
Symbol file data-000001EDD70EA010 doesn't match image C:\Users\Sebastian\Documents\GitHub\HappyMeowDays\HappyMeowdays!\Library\ScriptAssemblies\Unity.Timeline.Editor.dll
Symbol file LoadedFromMemory is not a mono symbol file
Symbol file data-000001EDE3900C00 doesn't match image C:\Users\Sebastian\Documents\GitHub\HappyMeowDays\HappyMeowdays!\Library\ScriptAssemblies\Unity.VisualScripting.Shared.Editor.dll
Symbol file LoadedFromMemory is not a mono symbol file
Symbol file data-000001EDE116B260 doesn't match image C:\Users\Sebastian\Documents\GitHub\HappyMeowDays\HappyMeowdays!\Library\ScriptAssemblies\Unity.TerrainTools.dll
Symbol file LoadedFromMemory is not a mono symbol file
Symbol file data-000001EDE3907FB0 doesn't match image C:\Users\Sebastian\Documents\GitHub\HappyMeowDays\HappyMeowdays!\Library\ScriptAssemblies\Unity.CollabProxy.Editor.dll
Symbol file LoadedFromMemory is not a mono symbol file
Symbol file data-000001EDE25CC020 doesn't match image C:\Users\Sebastian\Documents\GitHub\HappyMeowDays\HappyMeowdays!\Library\ScriptAssemblies\Unity.VisualStudio.Editor.dll
Symbol file LoadedFromMemory is not a mono symbol file
Symbol file data-000001EDE3907FB0 doesn't match image C:\Users\Sebastian\Documents\GitHub\HappyMeowDays\HappyMeowdays!\Library\ScriptAssemblies\Unity.Recorder.Base.dll
Symbol file LoadedFromMemory is not a mono symbol file
Symbol file data-000001EDE3326D10 doesn't match image C:\Users\Sebastian\Documents\GitHub\HappyMeowDays\HappyMeowdays!\Library\ScriptAssemblies\UnityEditor.UI.dll
Symbol file LoadedFromMemory is not a mono symbol file
Symbol file data-000001EDE37AE650 doesn't match image C:\Users\Sebastian\Documents\GitHub\HappyMeowDays\HappyMeowdays!\Library\ScriptAssemblies\Unity.VisualScripting.Core.dll
Symbol file LoadedFromMemory is not a mono symbol file
Symbol file data-000001EDD5A74D90 doesn't match image C:\Users\Sebastian\Documents\GitHub\HappyMeowDays\HappyMeowdays!\Library\ScriptAssemblies\Unity.VisualScripting.Core.Editor.dll
Symbol file LoadedFromMemory is not a mono symbol file
Symbol file data-000001EDD5A66020 doesn't match image C:\Users\Sebastian\Documents\GitHub\HappyMeowDays\HappyMeowdays!\Library\ScriptAssemblies\Unity.Rider.Editor.dll
Symbol file LoadedFromMemory is not a mono symbol file
Symbol file data-000001EDE3907FB0 doesn't match image C:\Users\Sebastian\Documents\GitHub\HappyMeowDays\HappyMeowdays!\Library\ScriptAssemblies\Unity.ProBuilder.AddOns.Editor.dll
Symbol file LoadedFromMemory is not a mono symbol file
Symbol file data-000001EE49846020 doesn't match image C:\Users\Sebastian\Documents\GitHub\HappyMeowDays\HappyMeowdays!\Library\ScriptAssemblies\UnityEngine.UI.dll
Symbol file LoadedFromMemory is not a mono symbol file
Symbol file data-000001EDE2F70750 doesn't match image C:\Users\Sebastian\Documents\GitHub\HappyMeowDays\HappyMeowdays!\Library\ScriptAssemblies\Unity.ProBuilder.Csg.dll
Symbol file LoadedFromMemory is not a mono symbol file
Symbol file data-000001EDE3900C00 doesn't match image C:\Users\Sebastian\Documents\GitHub\HappyMeowDays\HappyMeowdays!\Library\ScriptAssemblies\Unity.Formats.Fbx.Runtime.dll
Symbol file LoadedFromMemory is not a mono symbol file
Symbol file data-000001EDB1C3A020 doesn't match image C:\Users\Sebastian\Documents\GitHub\HappyMeowDays\HappyMeowdays!\Library\ScriptAssemblies\UnityEditor.TestRunner.dll
Symbol file LoadedFromMemory is not a mono symbol file
Symbol file data-000001EDE4303A40 doesn't match image C:\Users\Sebastian\Documents\GitHub\HappyMeowDays\HappyMeowdays!\Library\ScriptAssemblies\Unity.VisualScripting.Flow.Editor.dll
Symbol file LoadedFromMemory is not a mono symbol file
Symbol file data-000001EDE33FEDF0 doesn't match image C:\Users\Sebastian\Documents\GitHub\HappyMeowDays\HappyMeowdays!\Library\ScriptAssemblies\Unity.Polybrush.dll
Symbol file LoadedFromMemory is not a mono symbol file
Symbol file data-000001EDE2BFCDD0 doesn't match image C:\Users\Sebastian\Documents\GitHub\HappyMeowDays\HappyMeowdays!\Library\ScriptAssemblies\Unity.Timeline.dll
Symbol file LoadedFromMemory is not a mono symbol file
Symbol file data-000001EDD6E72020 doesn't match image C:\Users\Sebastian\Documents\GitHub\HappyMeowDays\HappyMeowdays!\Library\ScriptAssemblies\Unity.InputSystem.dll
Symbol file LoadedFromMemory is not a mono symbol file
Symbol file data-000001EDE28E8C60 doesn't match image C:\Users\Sebastian\Documents\GitHub\HappyMeowDays\HappyMeowdays!\Library\ScriptAssemblies\Unity.ProBuilder.Editor.dll
Symbol file LoadedFromMemory is not a mono symbol file
Symbol file data-000001EDE35651E0 doesn't match image C:\Users\Sebastian\Documents\GitHub\HappyMeowDays\HappyMeowdays!\Library\ScriptAssemblies\Unity.Polybrush.Editor.dll
Symbol file LoadedFromMemory is not a mono symbol file
Symbol file data-000001EDD71DE030 doesn't match image C:\Users\Sebastian\Documents\GitHub\HappyMeowDays\HappyMeowdays!\Library\ScriptAssemblies\Unity.VisualScripting.Flow.dll
Symbol file LoadedFromMemory is not a mono symbol file
Symbol file data-000001EDB1ED7030 doesn't match image C:\Users\Sebastian\Documents\GitHub\HappyMeowDays\HappyMeowdays!\Library\ScriptAssemblies\Unity.VisualScripting.SettingsProvider.Editor.dll
Symbol file LoadedFromMemory is not a mono symbol file
Symbol file data-000001EDE3900C00 doesn't match image C:\Users\Sebastian\Documents\GitHub\HappyMeowDays\HappyMeowdays!\Library\ScriptAssemblies\Unity.AI.Navigation.Updater.dll
Symbol file LoadedFromMemory is not a mono symbol file
Symbol file data-000001EDD56D3CE0 doesn't match image C:\Users\Sebastian\Documents\GitHub\HappyMeowDays\HappyMeowdays!\Library\ScriptAssemblies\Autodesk.Fbx.dll
Symbol file LoadedFromMemory is not a mono symbol file
Symbol file data-000001EDE311CC80 doesn't match image C:\Users\Sebastian\Documents\GitHub\HappyMeowDays\HappyMeowdays!\Library\ScriptAssemblies\Unity.ProBuilder.Poly2Tri.dll
Symbol file LoadedFromMemory is not a mono symbol file
Symbol file data-000001EDE2D3B020 doesn't match image C:\Users\Sebastian\Documents\GitHub\HappyMeowDays\HappyMeowdays!\Library\ScriptAssemblies\UnityEngine.TestRunner.dll
Symbol file LoadedFromMemory is not a mono symbol file
Symbol file data-000001EDE25CC020 doesn't match image C:\Users\Sebastian\Documents\GitHub\HappyMeowDays\HappyMeowdays!\Library\ScriptAssemblies\Unity.VisualScripting.State.Editor.dll
Symbol file LoadedFromMemory is not a mono symbol file
Symbol file data-000001EDE2EC9020 doesn't match image C:\Users\Sebastian\Documents\GitHub\HappyMeowDays\HappyMeowdays!\Library\ScriptAssemblies\Unity.Settings.Editor.dll
Symbol file LoadedFromMemory is not a mono symbol file
Symbol file data-000001EDE116B260 doesn't match image C:\Users\Sebastian\Documents\GitHub\HappyMeowDays\HappyMeowdays!\Library\ScriptAssemblies\Autodesk.Fbx.Editor.dll
Symbol file LoadedFromMemory is not a mono symbol file
Symbol file data-000001EDE34100B0 doesn't match image C:\Users\Sebastian\Documents\GitHub\HappyMeowDays\HappyMeowdays!\Library\ScriptAssemblies\Unity.ProBuilder.KdTree.dll
Symbol file LoadedFromMemory is not a mono symbol file
Symbol file data-000001EDE1E01040 doesn't match image C:\Users\Sebastian\Documents\GitHub\HappyMeowDays\HappyMeowdays!\Library\ScriptAssemblies\Unity.Formats.Alembic.Runtime.dll
Symbol file LoadedFromMemory is not a mono symbol file
Symbol file data-000001EDE2B1D820 doesn't match image C:\Users\Sebastian\Documents\GitHub\HappyMeowDays\HappyMeowdays!\Library\ScriptAssemblies\Unity.Formats.Fbx.Editor.dll
Symbol file LoadedFromMemory is not a mono symbol file
Symbol file data-000001EDE390EA30 doesn't match image C:\Users\Sebastian\Documents\GitHub\HappyMeowDays\HappyMeowdays!\Library\ScriptAssemblies\Unity.TextMeshPro.dll
Symbol file LoadedFromMemory is not a mono symbol file
Symbol file data-000001EDD57FE010 doesn't match image C:\Users\Sebastian\Documents\GitHub\HappyMeowDays\HappyMeowdays!\Library\ScriptAssemblies\Unity.TextMeshPro.Editor.dll
Symbol file LoadedFromMemory is not a mono symbol file
Symbol file data-000001EDB1E09160 doesn't match image C:\Users\Sebastian\Documents\GitHub\HappyMeowDays\HappyMeowdays!\Library\ScriptAssemblies\Unity.Recorder.dll
Symbol file LoadedFromMemory is not a mono symbol file
Symbol file data-000001EDE1788010 doesn't match image C:\Users\Sebastian\Documents\GitHub\HappyMeowDays\HappyMeowdays!\Library\ScriptAssemblies\Unity.AI.Navigation.Editor.dll
Symbol file LoadedFromMemory is not a mono symbol file
Symbol file data-000001EDE2B4A6E0 doesn't match image C:\Users\Sebastian\Documents\GitHub\HappyMeowDays\HappyMeowdays!\Library\ScriptAssemblies\Unity.ProBuilder.AssetIdRemapUtility.dll
Symbol file LoadedFromMemory is not a mono symbol file
Symbol file data-000001EDE3B88B30 doesn't match image C:\Users\Sebastian\Documents\GitHub\HappyMeowDays\HappyMeowdays!\Library\ScriptAssemblies\Unity.VisualScripting.State.dll
Symbol file LoadedFromMemory is not a mono symbol file
Symbol file data-000001EDE32DF050 doesn't match image C:\Users\Sebastian\Documents\GitHub\HappyMeowDays\HappyMeowdays!\Library\ScriptAssemblies\Unity.AI.Navigation.Editor.ConversionSystem.dll
Symbol file LoadedFromMemory is not a mono symbol file
Symbol file data-000001EE49846020 doesn't match image C:\Users\Sebastian\Documents\GitHub\HappyMeowDays\HappyMeowdays!\Library\ScriptAssemblies\Cinemachine.dll
Symbol file LoadedFromMemory is not a mono symbol file
Symbol file data-000001EDD7B5A430 doesn't match image C:\Users\Sebastian\Documents\GitHub\HappyMeowDays\HappyMeowdays!\Library\ScriptAssemblies\Unity.VSCode.Editor.dll
Symbol file LoadedFromMemory is not a mono symbol file
Symbol file data-000001EDE1A6C030 doesn't match image C:\Users\Sebastian\Documents\GitHub\HappyMeowDays\HappyMeowdays!\Library\ScriptAssemblies\FbxBuildTestAssets.dll
Symbol file LoadedFromMemory is not a mono symbol file
Symbol file data-000001EDE31EA050 doesn't match image C:\Users\Sebastian\Documents\GitHub\HappyMeowDays\HappyMeowdays!\Library\ScriptAssemblies\Unity.Formats.Alembic.Editor.dll
Symbol file LoadedFromMemory is not a mono symbol file
Symbol file data-000001EDE39509A0 doesn't match image C:\Users\Sebastian\Documents\GitHub\HappyMeowDays\HappyMeowdays!\Library\ScriptAssemblies\Unity.InputSystem.TestFramework.dll
Symbol file LoadedFromMemory is not a mono symbol file
Symbol file LoadedFromMemory doesn't match image C:\Users\Sebastian\Documents\GitHub\HappyMeowDays\HappyMeowdays!\Library\PackageCache\com.unity.visualscripting@1.8.0\Editor\VisualScripting.Core\Dependencies\YamlDotNet\Unity.VisualScripting.YamlDotNet.dll
Symbol file LoadedFromMemory doesn't match image C:\Users\Sebastian\Documents\GitHub\HappyMeowDays\HappyMeowdays!\Library\PackageCache\com.unity.visualscripting@1.8.0\Editor\VisualScripting.Core\Dependencies\DotNetZip\Unity.VisualScripting.IonicZip.dll
- Loaded All Assemblies, in  1.504 seconds
Refreshing native plugins compatible for Editor in 9.93 ms, found 8 plugins.
Native extension for WindowsStandalone target not found
Mono: successfully reloaded assembly
- Finished resetting the current domain, in  1.560 seconds
Domain Reload Profiling:
	ReloadAssembly (848ms)
		BeginReloadAssembly (734ms)
			ExecutionOrderSort (0ms)
			DisableScriptedObjects (6ms)
			BackupInstance (0ms)
			ReleaseScriptingObjects (0ms)
			CreateAndSetChildDomain (41ms)
		LoadAllAssembliesAndSetupDomain (649ms)
			LoadAssemblies (368ms)
			RebuildTransferFunctionScriptingTraits (0ms)
			SetupTypeCache (357ms)
				TypeCache.Initialize (342ms)
					TypeCache.ScanAssembly (335ms)
				ResolveRequiredComponents (15ms)
		FinalizeReload (0ms)
			ReleaseScriptCaches (0ms)
			RebuildScriptCaches (0ms)
			SetupLoadedEditorAssemblies (659ms)
				LogAssemblyErrors (0ms)
				InitializePlatformSupportModulesInManaged (10ms)
				SetLoadedEditorAssemblies (5ms)
				RefreshPlugins (0ms)
				BeforeProcessingInitializeOnLoad (108ms)
				ProcessInitializeOnLoadAttributes (486ms)
				ProcessInitializeOnLoadMethodAttributes (35ms)
				AfterProcessingInitializeOnLoad (15ms)
				EditorAssembliesLoaded (0ms)
			ExecutionOrderSort2 (0ms)
			AwakeInstancesAfterBackupRestoration (7ms)
Refreshing native plugins compatible for Editor in 11.73 ms, found 8 plugins.
Preloading 0 native plugins for Editor in 0.00 ms.
Unloading 4681 Unused Serialized files (Serialized files now loaded: 0)
Unloading 86 unused Assets / (2.0 MB). Loaded Objects now: 5291.
Memory consumption went from 167.8 MB to 165.8 MB.
Total: 6.675500 ms (FindLiveObjects: 0.524100 ms CreateObjectMapping: 0.242000 ms MarkObjects: 4.901900 ms  DeleteObjects: 1.005800 ms)

Prepare: number of updated asset objects reloaded= 0
AssetImportParameters requested are different than current active one (requested -> active):
  custom:container-demuxer-ogg: 62fdf1f143b41e24485cea50d1cbac27 -> 
  custom:video-decoder-ogg-theora: a1e56fd34408186e4bbccfd4996cb3dc -> 
  custom:framework-win-MediaFoundation: 216162199b28c13a410421893ffa2e32 -> 
  custom:container-demuxer-webm: 4f35f7cbe854078d1ac9338744f61a02 -> 
  custom:container-muxer-webm: aa71ff27fc2769a1b78a27578f13a17b -> 
  custom:video-decoder-webm-vp8: 9c59270c3fd7afecdb556c50c9e8de78 -> 
  custom:AudioImporter_EditorPlatform: d09bf68614088b80899f8185d706f6e7 -> 
  custom:video-encoder-webm-vp8: eb34c28f22e8b96e1ab97ce403110664 -> 
  custom:audio-decoder-ogg-vorbis: bf7c407c2cedff20999df2af8eb42d56 -> 
  custom:audio-encoder-webm-vorbis: bf7c407c2cedff20999df2af8eb42d56 -> 
========================================================================
Received Import Request.
  Time since last request: 871.844566 seconds.
  path: Assets/prefab/TriggerScene (1).prefab
  artifactKey: Guid(da6f614a0d1861a4580696c8568e515f) Importer(815301076,1909f56bfc062723c751e8b465ee728b)
Start importing Assets/prefab/TriggerScene (1).prefab using Guid(da6f614a0d1861a4580696c8568e515f) Importer(815301076,1909f56bfc062723c751e8b465ee728b)  -> (artifact id: 'ff51ae3dd858eae10c4332352aea532c') in 0.125765 seconds
Number of updated asset objects reloaded before import = 0
Number of asset objects unloaded after import = 49
========================================================================
Received Import Request.
  Time since last request: 7.674540 seconds.
  path: Assets/prefab/TriggerScene_Door.prefab
  artifactKey: Guid(da6f614a0d1861a4580696c8568e515f) Importer(815301076,1909f56bfc062723c751e8b465ee728b)
Start importing Assets/prefab/TriggerScene_Door.prefab using Guid(da6f614a0d1861a4580696c8568e515f) Importer(815301076,1909f56bfc062723c751e8b465ee728b)  -> (artifact id: '22a8affa440784d50c8d8cbd5fa708a9') in 0.030178 seconds
Number of updated asset objects reloaded before import = 0
Number of asset objects unloaded after import = 49
========================================================================
Received Import Request.
  Time since last request: 285.971063 seconds.
  path: Assets/DevDen Arch Viz Scotland/Materials/_leaf.mat
  artifactKey: Guid(232387f47751f7448ab877739f48154f) Importer(815301076,1909f56bfc062723c751e8b465ee728b)
Start importing Assets/DevDen Arch Viz Scotland/Materials/_leaf.mat using Guid(232387f47751f7448ab877739f48154f) Importer(815301076,1909f56bfc062723c751e8b465ee728b)  -> (artifact id: '4c02cc3660f22d9c38118d63e4efc246') in 0.132428 seconds
Number of updated asset objects reloaded before import = 0
Number of asset objects unloaded after import = 1
========================================================================
Received Import Request.
  Time since last request: 0.000030 seconds.
  path: Assets/DevDen Arch Viz Scotland/Materials/balcony_mat1.mat
  artifactKey: Guid(4cc957002fc869043a0055114909ded9) Importer(815301076,1909f56bfc062723c751e8b465ee728b)
Start importing Assets/DevDen Arch Viz Scotland/Materials/balcony_mat1.mat using Guid(4cc957002fc869043a0055114909ded9) Importer(815301076,1909f56bfc062723c751e8b465ee728b)  -> (artifact id: 'b543184db9be1923a38fdc74173589ba') in 0.109802 seconds
Number of updated asset objects reloaded before import = 0
Number of asset objects unloaded after import = 6
========================================================================
Received Import Request.
  Time since last request: 0.000062 seconds.
  path: Assets/DevDen Arch Viz Scotland/Materials/bedroom_Ceiling_1.mat
  artifactKey: Guid(699cb594af93897499bd907fa3814007) Importer(815301076,1909f56bfc062723c751e8b465ee728b)
Start importing Assets/DevDen Arch Viz Scotland/Materials/bedroom_Ceiling_1.mat using Guid(699cb594af93897499bd907fa3814007) Importer(815301076,1909f56bfc062723c751e8b465ee728b)  -> (artifact id: '49c4e1b3285e8776ebfca8d75611eb29') in 0.023497 seconds
Number of updated asset objects reloaded before import = 0
Number of asset objects unloaded after import = 1
========================================================================
Received Import Request.
  Time since last request: 0.000225 seconds.
  path: Assets/DevDen Arch Viz Scotland/Materials/bedroom_floor4.mat
  artifactKey: Guid(960f40ab0560d954a9226853efce705e) Importer(815301076,1909f56bfc062723c751e8b465ee728b)
Start importing Assets/DevDen Arch Viz Scotland/Materials/bedroom_floor4.mat using Guid(960f40ab0560d954a9226853efce705e) Importer(815301076,1909f56bfc062723c751e8b465ee728b)  -> (artifact id: '82809b9280eb8f71f925ed1a8640e689') in 0.040267 seconds
Number of updated asset objects reloaded before import = 0
Number of asset objects unloaded after import = 4
========================================================================
Received Import Request.
  Time since last request: 0.000037 seconds.
  path: Assets/DevDen Arch Viz Scotland/Materials/Apple2.mat
  artifactKey: Guid(a473fc7ae93069148a7ad853fc568b0c) Importer(815301076,1909f56bfc062723c751e8b465ee728b)
Start importing Assets/DevDen Arch Viz Scotland/Materials/Apple2.mat using Guid(a473fc7ae93069148a7ad853fc568b0c) Importer(815301076,1909f56bfc062723c751e8b465ee728b)  -> (artifact id: '1ca8f141f1370866dcac7ff546a4afda') in 0.022711 seconds
Number of updated asset objects reloaded before import = 0
Number of asset objects unloaded after import = 1
========================================================================
Received Import Request.
  Time since last request: 0.000035 seconds.
  path: Assets/DevDen Arch Viz Scotland/Materials/bedroom_Ceiling_6.mat
  artifactKey: Guid(1850e8c638df8284dbe94937aabb172a) Importer(815301076,1909f56bfc062723c751e8b465ee728b)
Start importing Assets/DevDen Arch Viz Scotland/Materials/bedroom_Ceiling_6.mat using Guid(1850e8c638df8284dbe94937aabb172a) Importer(815301076,1909f56bfc062723c751e8b465ee728b)  -> (artifact id: '804134fd6108d37ed20f64f41e128d81') in 0.018594 seconds
Number of updated asset objects reloaded before import = 0
Number of asset objects unloaded after import = 1
========================================================================
Received Import Request.
  Time since last request: 0.000269 seconds.
  path: Assets/DevDen Arch Viz Scotland/Materials/bedroom_Ceiling_3.mat
  artifactKey: Guid(a2cc096f80572084db785768f01d4d4b) Importer(815301076,1909f56bfc062723c751e8b465ee728b)
Start importing Assets/DevDen Arch Viz Scotland/Materials/bedroom_Ceiling_3.mat using Guid(a2cc096f80572084db785768f01d4d4b) Importer(815301076,1909f56bfc062723c751e8b465ee728b)  -> (artifact id: 'f143ceb97f94946ff0b2a38b594eb8c8') in 0.018554 seconds
Number of updated asset objects reloaded before import = 0
Number of asset objects unloaded after import = 1
========================================================================
Received Import Request.
  Time since last request: 0.000038 seconds.
  path: Assets/DevDen Arch Viz Scotland/Materials/bathroom_wall3.mat
  artifactKey: Guid(13e6dea8ba650134da22910b8a9db217) Importer(815301076,1909f56bfc062723c751e8b465ee728b)
Start importing Assets/DevDen Arch Viz Scotland/Materials/bathroom_wall3.mat using Guid(13e6dea8ba650134da22910b8a9db217) Importer(815301076,1909f56bfc062723c751e8b465ee728b)  -> (artifact id: 'd00466ef562aba8009c1fc18d36efeca') in 0.027273 seconds
Number of updated asset objects reloaded before import = 0
Number of asset objects unloaded after import = 4
========================================================================
Received Import Request.
  Time since last request: 0.000021 seconds.
  path: Assets/DevDen Arch Viz Scotland/Materials/BedroomCeilingLamp.mat
  artifactKey: Guid(aea4306219373c44e997f597d321b065) Importer(815301076,1909f56bfc062723c751e8b465ee728b)
Start importing Assets/DevDen Arch Viz Scotland/Materials/BedroomCeilingLamp.mat using Guid(aea4306219373c44e997f597d321b065) Importer(815301076,1909f56bfc062723c751e8b465ee728b)  -> (artifact id: '6ca97611167b24f3f007166d6f3fb625') in 0.016760 seconds
Number of updated asset objects reloaded before import = 0
Number of asset objects unloaded after import = 1
========================================================================
Received Import Request.
  Time since last request: 0.000023 seconds.
  path: Assets/DevDen Arch Viz Scotland/Materials/Book6.mat
  artifactKey: Guid(890c64d5631b2c74ebba6225b660f431) Importer(815301076,1909f56bfc062723c751e8b465ee728b)
Start importing Assets/DevDen Arch Viz Scotland/Materials/Book6.mat using Guid(890c64d5631b2c74ebba6225b660f431) Importer(815301076,1909f56bfc062723c751e8b465ee728b)  -> (artifact id: 'ea2b5b1fb159687ea2fd453eaf6778a2') in 0.018595 seconds
Number of updated asset objects reloaded before import = 0
Number of asset objects unloaded after import = 1
========================================================================
Received Import Request.
  Time since last request: 0.000203 seconds.
  path: Assets/DevDen Arch Viz Scotland/Materials/balcony_wood.mat
  artifactKey: Guid(f6cc908e9f0d6a648adb2835cd3d6541) Importer(815301076,1909f56bfc062723c751e8b465ee728b)
Start importing Assets/DevDen Arch Viz Scotland/Materials/balcony_wood.mat using Guid(f6cc908e9f0d6a648adb2835cd3d6541) Importer(815301076,1909f56bfc062723c751e8b465ee728b)  -> (artifact id: '4655249b6d555ec345ff8e306e429dbd') in 0.032822 seconds
Number of updated asset objects reloaded before import = 0
Number of asset objects unloaded after import = 4
========================================================================
Received Import Request.
  Time since last request: 0.000025 seconds.
  path: Assets/DevDen Arch Viz Scotland/Materials/Book10.mat
  artifactKey: Guid(d95e2cfa1f32fda42a49eeccb6dd22f5) Importer(815301076,1909f56bfc062723c751e8b465ee728b)
Start importing Assets/DevDen Arch Viz Scotland/Materials/Book10.mat using Guid(d95e2cfa1f32fda42a49eeccb6dd22f5) Importer(815301076,1909f56bfc062723c751e8b465ee728b)  -> (artifact id: '4229de36bbe6eb36472cc400b10bb869') in 0.019800 seconds
Number of updated asset objects reloaded before import = 0
Number of asset objects unloaded after import = 1
========================================================================
Received Import Request.
  Time since last request: 0.000029 seconds.
  path: Assets/DevDen Arch Viz Scotland/Materials/Book7.mat
  artifactKey: Guid(584bf7dd40d1eff4eb424839d22b6141) Importer(815301076,1909f56bfc062723c751e8b465ee728b)
Start importing Assets/DevDen Arch Viz Scotland/Materials/Book7.mat using Guid(584bf7dd40d1eff4eb424839d22b6141) Importer(815301076,1909f56bfc062723c751e8b465ee728b)  -> (artifact id: '7799d3dec029a54e7b9fd740961624fc') in 0.019273 seconds
Number of updated asset objects reloaded before import = 0
Number of asset objects unloaded after import = 1
========================================================================
Received Import Request.
  Time since last request: 0.000633 seconds.
  path: Assets/DevDen Arch Viz Scotland/Materials/balcony_metal.mat
  artifactKey: Guid(13569de9d5005e848bb78a475a99f57d) Importer(815301076,1909f56bfc062723c751e8b465ee728b)
Start importing Assets/DevDen Arch Viz Scotland/Materials/balcony_metal.mat using Guid(13569de9d5005e848bb78a475a99f57d) Importer(815301076,1909f56bfc062723c751e8b465ee728b)  -> (artifact id: '61fcd631d8c9901d2b79fcc5271f99c4') in 0.100266 seconds
Number of updated asset objects reloaded before import = 0
Number of asset objects unloaded after import = 5
========================================================================
Received Import Request.
  Time since last request: 0.000028 seconds.
  path: Assets/DevDen Arch Viz Scotland/Materials/Book4.mat
  artifactKey: Guid(015fba4407f8dc745a9e0e9308a43699) Importer(815301076,1909f56bfc062723c751e8b465ee728b)
Start importing Assets/DevDen Arch Viz Scotland/Materials/Book4.mat using Guid(015fba4407f8dc745a9e0e9308a43699) Importer(815301076,1909f56bfc062723c751e8b465ee728b)  -> (artifact id: 'a20ee9b635c4f781f898c51f6a15030c') in 0.015241 seconds
Number of updated asset objects reloaded before import = 0
Number of asset objects unloaded after import = 1
========================================================================
Received Import Request.
  Time since last request: 0.000026 seconds.
  path: Assets/DevDen Arch Viz Scotland/Materials/balcony_glass.mat
  artifactKey: Guid(82dc864176c9fff478c9961c50d43a81) Importer(815301076,1909f56bfc062723c751e8b465ee728b)
Start importing Assets/DevDen Arch Viz Scotland/Materials/balcony_glass.mat using Guid(82dc864176c9fff478c9961c50d43a81) Importer(815301076,1909f56bfc062723c751e8b465ee728b)  -> (artifact id: '8d20f3f945e97f6d04e0652caf32d530') in 0.400024 seconds
Number of updated asset objects reloaded before import = 0
Number of asset objects unloaded after import = 5
========================================================================
Received Import Request.
  Time since last request: 0.000029 seconds.
  path: Assets/DevDen Arch Viz Scotland/Materials/balcony_chair1.mat
  artifactKey: Guid(34bbb14a626283c4692c514dd36a6197) Importer(815301076,1909f56bfc062723c751e8b465ee728b)
Start importing Assets/DevDen Arch Viz Scotland/Materials/balcony_chair1.mat using Guid(34bbb14a626283c4692c514dd36a6197) Importer(815301076,1909f56bfc062723c751e8b465ee728b)  -> (artifact id: '0a727f88bb36f6833a99ede8126c408f') in 0.103824 seconds
Number of updated asset objects reloaded before import = 0
Number of asset objects unloaded after import = 5
========================================================================
Received Import Request.
  Time since last request: 0.000028 seconds.
  path: Assets/DevDen Arch Viz Scotland/Materials/banana.mat
  artifactKey: Guid(8929bd2b4cca4dd4b94e6a970891aee4) Importer(815301076,1909f56bfc062723c751e8b465ee728b)
Start importing Assets/DevDen Arch Viz Scotland/Materials/banana.mat using Guid(8929bd2b4cca4dd4b94e6a970891aee4) Importer(815301076,1909f56bfc062723c751e8b465ee728b)  -> (artifact id: '43a9de4c06dd0362bf4e13d596fe822a') in 0.017438 seconds
Number of updated asset objects reloaded before import = 0
Number of asset objects unloaded after import = 1
========================================================================
Received Import Request.
  Time since last request: 0.000097 seconds.
  path: Assets/DevDen Arch Viz Scotland/Materials/bedroom_Ceiling_5.mat
  artifactKey: Guid(658236e1d973a3c4cb49a2567f967d43) Importer(815301076,1909f56bfc062723c751e8b465ee728b)
Start importing Assets/DevDen Arch Viz Scotland/Materials/bedroom_Ceiling_5.mat using Guid(658236e1d973a3c4cb49a2567f967d43) Importer(815301076,1909f56bfc062723c751e8b465ee728b)  -> (artifact id: 'fa95ae4608a54135d0f03dc0e40184bd') in 0.017291 seconds
Number of updated asset objects reloaded before import = 0
Number of asset objects unloaded after import = 1
========================================================================
Received Import Request.
  Time since last request: 0.000080 seconds.
  path: Assets/DevDen Arch Viz Scotland/Materials/bed_coat.mat
  artifactKey: Guid(bc1d2a062c9df8d479f4bedc28f66f33) Importer(815301076,1909f56bfc062723c751e8b465ee728b)
Start importing Assets/DevDen Arch Viz Scotland/Materials/bed_coat.mat using Guid(bc1d2a062c9df8d479f4bedc28f66f33) Importer(815301076,1909f56bfc062723c751e8b465ee728b)  -> (artifact id: '487c03fb9c3adac153dfa699aaddcf67') in 0.028721 seconds
Number of updated asset objects reloaded before import = 0
Number of asset objects unloaded after import = 4
========================================================================
Received Import Request.
  Time since last request: 0.000022 seconds.
  path: Assets/DevDen Arch Viz Scotland/Materials/bedroom_Ceiling_4.mat
  artifactKey: Guid(f6e0176bdf7bb0846a325c1a94713751) Importer(815301076,1909f56bfc062723c751e8b465ee728b)
Start importing Assets/DevDen Arch Viz Scotland/Materials/bedroom_Ceiling_4.mat using Guid(f6e0176bdf7bb0846a325c1a94713751) Importer(815301076,1909f56bfc062723c751e8b465ee728b)  -> (artifact id: '9fcac0772d12cdaa8e33ecaefdbe4307') in 0.018452 seconds
Number of updated asset objects reloaded before import = 0
Number of asset objects unloaded after import = 1
========================================================================
Received Import Request.
  Time since last request: 0.000052 seconds.
  path: Assets/DevDen Arch Viz Scotland/Materials/bedroom_Ceiling_2.mat
  artifactKey: Guid(8fd2945a7db40824c9432d33d2ef3aee) Importer(815301076,1909f56bfc062723c751e8b465ee728b)
Start importing Assets/DevDen Arch Viz Scotland/Materials/bedroom_Ceiling_2.mat using Guid(8fd2945a7db40824c9432d33d2ef3aee) Importer(815301076,1909f56bfc062723c751e8b465ee728b)  -> (artifact id: '07b466888db7957ba89a1cf7facb84f8') in 0.018048 seconds
Number of updated asset objects reloaded before import = 0
Number of asset objects unloaded after import = 1
========================================================================
Received Import Request.
  Time since last request: 0.000027 seconds.
  path: Assets/DevDen Arch Viz Scotland/Materials/apple.mat
  artifactKey: Guid(8204f22c4e0987a4cafd5ac5d7cdff67) Importer(815301076,1909f56bfc062723c751e8b465ee728b)
Start importing Assets/DevDen Arch Viz Scotland/Materials/apple.mat using Guid(8204f22c4e0987a4cafd5ac5d7cdff67) Importer(815301076,1909f56bfc062723c751e8b465ee728b)  -> (artifact id: 'b25c7650d6281912d074d753f3067004') in 0.018861 seconds
Number of updated asset objects reloaded before import = 0
Number of asset objects unloaded after import = 1
========================================================================
Received Import Request.
  Time since last request: 0.000262 seconds.
  path: Assets/DevDen Arch Viz Scotland/Materials/bedroom_wall4.mat
  artifactKey: Guid(311aafff32c751c45a0c7fea27421fde) Importer(815301076,1909f56bfc062723c751e8b465ee728b)
Start importing Assets/DevDen Arch Viz Scotland/Materials/bedroom_wall4.mat using Guid(311aafff32c751c45a0c7fea27421fde) Importer(815301076,1909f56bfc062723c751e8b465ee728b)  -> (artifact id: '51aa3ce6e51e8ceed7c3a5052e0ee543') in 0.026966 seconds
Number of updated asset objects reloaded before import = 0
Number of asset objects unloaded after import = 4
========================================================================
Received Import Request.
  Time since last request: 0.000018 seconds.
  path: Assets/DevDen Arch Viz Scotland/Materials/bedroom_wood_side_table.mat
  artifactKey: Guid(ccdcec0ab7aff904b87a7d9f5bfde5d5) Importer(815301076,1909f56bfc062723c751e8b465ee728b)
Start importing Assets/DevDen Arch Viz Scotland/Materials/bedroom_wood_side_table.mat using Guid(ccdcec0ab7aff904b87a7d9f5bfde5d5) Importer(815301076,1909f56bfc062723c751e8b465ee728b)  -> (artifact id: '57a7e0cd63cf2e9feb19575c3164389a') in 0.024619 seconds
Number of updated asset objects reloaded before import = 0
Number of asset objects unloaded after import = 5
========================================================================
Received Import Request.
  Time since last request: 0.000023 seconds.
  path: Assets/DevDen Arch Viz Scotland/Materials/Air Conditioner.mat
  artifactKey: Guid(0ce7d6b2628db734b8d7cfbd7a853d4c) Importer(815301076,1909f56bfc062723c751e8b465ee728b)
Start importing Assets/DevDen Arch Viz Scotland/Materials/Air Conditioner.mat using Guid(0ce7d6b2628db734b8d7cfbd7a853d4c) Importer(815301076,1909f56bfc062723c751e8b465ee728b)  -> (artifact id: 'bf197de3df7cb70a94182ffcf6c8aba6') in 0.113975 seconds
Number of updated asset objects reloaded before import = 0
Number of asset objects unloaded after import = 6
Editor requested this worker to shutdown with reason: Scaling down because of idle timeout
TcpMessagingSession - receive error: operation aborted. errorcode: 995, details: The I/O operation has been aborted because of either a thread exit or an application request.
AssetImportWorker is now disconnected from the server
Process exiting
Exiting without the bug reporter. Application will terminate with return code 0