Using pre-set license
Built from '2022.2/staging' branch; Version is '2022.2.15f1 (30d813e1a2a9) revision 3201043'; Using compiler version '192829333'; Build Type 'Release'
OS: 'Windows 11  (10.0.22621) 64bit Education' Language: 'en' Physical Memory: 16265 MB
BatchMode: 1, IsHumanControllingUs: 0, StartBugReporterOnCrash: 0, Is64bit: 1, IsPro: 1

COMMAND LINE ARGUMENTS:
C:\Program Files\Unity\Hub\Editor\2022.2.15f1\Editor\Unity.exe
-adb2
-batchMode
-noUpm
-name
AssetImportWorker2
-projectPath
C:/Users/Miguel/Documents/GitHub/HappyMeowDays/HappyMeowdays!
-logFile
Logs/AssetImportWorker2.log
-srvPort
57564
Successfully changed project path to: C:/Users/Miguel/Documents/GitHub/HappyMeowDays/HappyMeowdays!
C:/Users/Miguel/Documents/GitHub/HappyMeowDays/HappyMeowdays!
[UnityMemory] Configuration Parameters - Can be set up in boot.config
    "memorysetup-bucket-allocator-granularity=16"
    "memorysetup-bucket-allocator-bucket-count=8"
    "memorysetup-bucket-allocator-block-size=33554432"
    "memorysetup-bucket-allocator-block-count=8"
    "memorysetup-main-allocator-block-size=16777216"
    "memorysetup-thread-allocator-block-size=16777216"
    "memorysetup-gfx-main-allocator-block-size=16777216"
    "memorysetup-gfx-thread-allocator-block-size=16777216"
    "memorysetup-cache-allocator-block-size=4194304"
    "memorysetup-typetree-allocator-block-size=2097152"
    "memorysetup-profiler-bucket-allocator-granularity=16"
    "memorysetup-profiler-bucket-allocator-bucket-count=8"
    "memorysetup-profiler-bucket-allocator-block-size=33554432"
    "memorysetup-profiler-bucket-allocator-block-count=8"
    "memorysetup-profiler-allocator-block-size=16777216"
    "memorysetup-profiler-editor-allocator-block-size=1048576"
    "memorysetup-temp-allocator-size-main=16777216"
    "memorysetup-job-temp-allocator-block-size=2097152"
    "memorysetup-job-temp-allocator-block-size-background=1048576"
    "memorysetup-job-temp-allocator-reduction-small-platforms=262144"
    "memorysetup-temp-allocator-size-background-worker=32768"
    "memorysetup-temp-allocator-size-job-worker=262144"
    "memorysetup-temp-allocator-size-preload-manager=33554432"
    "memorysetup-temp-allocator-size-nav-mesh-worker=65536"
    "memorysetup-temp-allocator-size-audio-worker=65536"
    "memorysetup-temp-allocator-size-cloud-worker=32768"
    "memorysetup-temp-allocator-size-gi-baking-worker=262144"
    "memorysetup-temp-allocator-size-gfx=262144"
Player connection [25076] Host "[IP] 11.96.65.230 [Port] 0 [Flags] 2 [Guid] 217727070 [EditorId] 217727070 [Version] 1048832 [Id] WindowsEditor(7,MIGGY-PC) [Debug] 1 [PackageName] WindowsEditor [ProjectName] Editor" joined multi-casting on [225.0.0.222:54997]...

Player connection [25076] Host "[IP] 11.96.65.230 [Port] 0 [Flags] 2 [Guid] 217727070 [EditorId] 217727070 [Version] 1048832 [Id] WindowsEditor(7,MIGGY-PC) [Debug] 1 [PackageName] WindowsEditor [ProjectName] Editor" joined alternative multi-casting on [225.0.0.222:34997]...

Refreshing native plugins compatible for Editor in 12.67 ms, found 8 plugins.
Preloading 0 native plugins for Editor in 0.00 ms.
Initialize engine version: 2022.2.15f1 (30d813e1a2a9)
[Subsystems] Discovering subsystems at path C:/Program Files/Unity/Hub/Editor/2022.2.15f1/Editor/Data/Resources/UnitySubsystems
[Subsystems] Discovering subsystems at path C:/Users/Miguel/Documents/GitHub/HappyMeowDays/HappyMeowdays!/Assets
GfxDevice: creating device client; threaded=0; jobified=0
Direct3D:
    Version:  Direct3D 11.0 [level 11.1]
    Renderer: AMD Radeon RX 6700 XT (ID=0x73df)
    Vendor:   ATI
    VRAM:     12243 MB
    Driver:   31.0.12027.9001
Initialize mono
Mono path[0] = 'C:/Program Files/Unity/Hub/Editor/2022.2.15f1/Editor/Data/Managed'
Mono path[1] = 'C:/Program Files/Unity/Hub/Editor/2022.2.15f1/Editor/Data/MonoBleedingEdge/lib/mono/unityjit-win32'
Mono config path = 'C:/Program Files/Unity/Hub/Editor/2022.2.15f1/Editor/Data/MonoBleedingEdge/etc'
Using monoOptions --debugger-agent=transport=dt_socket,embedding=1,server=y,suspend=n,address=127.0.0.1:56468
Begin MonoManager ReloadAssembly
Registering precompiled unity dll's ...
Register platform support module: C:/Program Files/Unity/Hub/Editor/2022.2.15f1/Editor/Data/PlaybackEngines/WindowsStandaloneSupport/UnityEditor.WindowsStandalone.Extensions.dll
Registered in 0.005387 seconds.
- Loaded All Assemblies, in  0.265 seconds
Native extension for WindowsStandalone target not found
Mono: successfully reloaded assembly
- Finished resetting the current domain, in  0.209 seconds
Domain Reload Profiling:
	ReloadAssembly (165ms)
		BeginReloadAssembly (67ms)
			ExecutionOrderSort (0ms)
			DisableScriptedObjects (0ms)
			BackupInstance (0ms)
			ReleaseScriptingObjects (0ms)
			CreateAndSetChildDomain (1ms)
		LoadAllAssembliesAndSetupDomain (0ms)
			LoadAssemblies (65ms)
			RebuildTransferFunctionScriptingTraits (0ms)
			SetupTypeCache (95ms)
				TypeCache.Initialize (94ms)
					TypeCache.ScanAssembly (92ms)
				ResolveRequiredComponents (0ms)
		FinalizeReload (0ms)
			ReleaseScriptCaches (0ms)
			RebuildScriptCaches (0ms)
			SetupLoadedEditorAssemblies (166ms)
				LogAssemblyErrors (0ms)
				InitializePlatformSupportModulesInManaged (9ms)
				SetLoadedEditorAssemblies (6ms)
				RefreshPlugins (0ms)
				BeforeProcessingInitializeOnLoad (1ms)
				ProcessInitializeOnLoadAttributes (110ms)
				ProcessInitializeOnLoadMethodAttributes (41ms)
				AfterProcessingInitializeOnLoad (0ms)
				EditorAssembliesLoaded (0ms)
			ExecutionOrderSort2 (0ms)
			AwakeInstancesAfterBackupRestoration (0ms)
========================================================================
Worker process is ready to serve import requests
Begin MonoManager ReloadAssembly
Symbol file LoadedFromMemory doesn't match image C:\Users\Miguel\Documents\GitHub\HappyMeowDays\HappyMeowdays!\Library\PackageCache\com.unity.visualscripting@1.8.0\Editor\VisualScripting.Core\Dependencies\YamlDotNet\Unity.VisualScripting.YamlDotNet.dll
Symbol file LoadedFromMemory doesn't match image C:\Users\Miguel\Documents\GitHub\HappyMeowDays\HappyMeowdays!\Library\PackageCache\com.unity.visualscripting@1.8.0\Editor\VisualScripting.Core\Dependencies\DotNetZip\Unity.VisualScripting.IonicZip.dll
- Loaded All Assemblies, in  0.598 seconds
Refreshing native plugins compatible for Editor in 7.13 ms, found 8 plugins.
Native extension for WindowsStandalone target not found
Mono: successfully reloaded assembly
- Finished resetting the current domain, in  0.597 seconds
Domain Reload Profiling:
	ReloadAssembly (164ms)
		BeginReloadAssembly (98ms)
			ExecutionOrderSort (0ms)
			DisableScriptedObjects (4ms)
			BackupInstance (0ms)
			ReleaseScriptingObjects (0ms)
			CreateAndSetChildDomain (21ms)
		LoadAllAssembliesAndSetupDomain (431ms)
			LoadAssemblies (232ms)
			RebuildTransferFunctionScriptingTraits (0ms)
			SetupTypeCache (238ms)
				TypeCache.Initialize (208ms)
					TypeCache.ScanAssembly (203ms)
				ResolveRequiredComponents (8ms)
		FinalizeReload (0ms)
			ReleaseScriptCaches (0ms)
			RebuildScriptCaches (0ms)
			SetupLoadedEditorAssemblies (456ms)
				LogAssemblyErrors (0ms)
				InitializePlatformSupportModulesInManaged (4ms)
				SetLoadedEditorAssemblies (3ms)
				RefreshPlugins (0ms)
				BeforeProcessingInitializeOnLoad (64ms)
				ProcessInitializeOnLoadAttributes (357ms)
				ProcessInitializeOnLoadMethodAttributes (22ms)
				AfterProcessingInitializeOnLoad (6ms)
				EditorAssembliesLoaded (0ms)
			ExecutionOrderSort2 (0ms)
			AwakeInstancesAfterBackupRestoration (5ms)
Launched and connected shader compiler UnityShaderCompiler.exe after 0.06 seconds
Refreshing native plugins compatible for Editor in 51.26 ms, found 8 plugins.
Preloading 0 native plugins for Editor in 0.00 ms.
Unloading 5020 Unused Serialized files (Serialized files now loaded: 0)
Unloading 117 unused Assets / (3.1 MB). Loaded Objects now: 5492.
Memory consumption went from 281.5 MB to 278.4 MB.
Total: 7.502800 ms (FindLiveObjects: 0.898900 ms CreateObjectMapping: 0.418400 ms MarkObjects: 4.469600 ms  DeleteObjects: 1.714400 ms)

AssetImportParameters requested are different than current active one (requested -> active):
  custom:container-demuxer-ogg: 62fdf1f143b41e24485cea50d1cbac27 -> 
  custom:video-codec-MediaFoundation-h265: 746d11721c4dcdbdad8f713fa42b33f4 -> 
  custom:video-decoder-ogg-theora: a1e56fd34408186e4bbccfd4996cb3dc -> 
  custom:framework-win-MediaFoundation: 216162199b28c13a410421893ffa2e32 -> 
  custom:container-demuxer-webm: 4f35f7cbe854078d1ac9338744f61a02 -> 
  custom:container-muxer-webm: aa71ff27fc2769a1b78a27578f13a17b -> 
  custom:video-decoder-webm-vp8: 9c59270c3fd7afecdb556c50c9e8de78 -> 
  custom:AudioImporter_EditorPlatform: d09bf68614088b80899f8185d706f6e7 -> 
  custom:video-encoder-webm-vp8: eb34c28f22e8b96e1ab97ce403110664 -> 
  custom:audio-decoder-ogg-vorbis: bf7c407c2cedff20999df2af8eb42d56 -> 
  custom:audio-encoder-webm-vorbis: bf7c407c2cedff20999df2af8eb42d56 -> 
========================================================================
Received Import Request.
  Time since last request: 806011.354024 seconds.
  path: Assets/UnityAssetStore/Alstrainfinite/KitchenAppliances/Models/Seperated For Animation/Fan.fbx
  artifactKey: Guid(0318c65d68ffd844abcfda15620f3577) Importer(815301076,1909f56bfc062723c751e8b465ee728b)
Start importing Assets/UnityAssetStore/Alstrainfinite/KitchenAppliances/Models/Seperated For Animation/Fan.fbx using Guid(0318c65d68ffd844abcfda15620f3577) Importer(815301076,1909f56bfc062723c751e8b465ee728b)  -> (artifact id: 'b0ce22784ef5ba6843a0418896a1e499') in 0.178042 seconds
Number of updated asset objects reloaded before import = 0
Number of asset objects unloaded after import = 8
========================================================================
Received Import Request.
  Time since last request: 0.000025 seconds.
  path: Assets/UnityAssetStore/Alstrainfinite/KitchenAppliances/Models/Seperated For Animation/Mixer.fbx
  artifactKey: Guid(ea8e93118a7927544a41c3ed730ce340) Importer(815301076,1909f56bfc062723c751e8b465ee728b)
Start importing Assets/UnityAssetStore/Alstrainfinite/KitchenAppliances/Models/Seperated For Animation/Mixer.fbx using Guid(ea8e93118a7927544a41c3ed730ce340) Importer(815301076,1909f56bfc062723c751e8b465ee728b)  -> (artifact id: '98b536aa314666e10fc79894e0614763') in 0.014555 seconds
Number of updated asset objects reloaded before import = 0
Number of asset objects unloaded after import = 8
========================================================================
Received Import Request.
  Time since last request: 0.800057 seconds.
  path: Assets/UnityAssetStore/Alstrainfinite/KitchenAppliances/Models/Stovetop.fbx
  artifactKey: Guid(01bb90b911a563f4997a757b1861c000) Importer(815301076,1909f56bfc062723c751e8b465ee728b)
Start importing Assets/UnityAssetStore/Alstrainfinite/KitchenAppliances/Models/Stovetop.fbx using Guid(01bb90b911a563f4997a757b1861c000) Importer(815301076,1909f56bfc062723c751e8b465ee728b)  -> (artifact id: 'df17a665374579591f08d784e2aa6e81') in 0.034924 seconds
Number of updated asset objects reloaded before import = 0
Number of asset objects unloaded after import = 10
========================================================================
Received Import Request.
  Time since last request: 0.038957 seconds.
  path: Assets/UnityAssetStore/Alstrainfinite/KitchenAppliances/Models/FanV2.fbx
  artifactKey: Guid(c77e880e4f8b4c14a9a7d8350f9d0ce1) Importer(815301076,1909f56bfc062723c751e8b465ee728b)
Start importing Assets/UnityAssetStore/Alstrainfinite/KitchenAppliances/Models/FanV2.fbx using Guid(c77e880e4f8b4c14a9a7d8350f9d0ce1) Importer(815301076,1909f56bfc062723c751e8b465ee728b)  -> (artifact id: '5f6f9cd76fb529c140e60eb77c2f12a5') in 0.014006 seconds
Number of updated asset objects reloaded before import = 0
Number of asset objects unloaded after import = 8
========================================================================
Received Import Request.
  Time since last request: 0.028287 seconds.
  path: Assets/UnityAssetStore/Alstrainfinite/KitchenAppliances/Models/CoffeeMaker.fbx
  artifactKey: Guid(3241337d8654d9642b6e1340cb70c2b2) Importer(815301076,1909f56bfc062723c751e8b465ee728b)
Start importing Assets/UnityAssetStore/Alstrainfinite/KitchenAppliances/Models/CoffeeMaker.fbx using Guid(3241337d8654d9642b6e1340cb70c2b2) Importer(815301076,1909f56bfc062723c751e8b465ee728b)  -> (artifact id: 'f0f28c0ab208d7440cc23b7270d76471') in 0.013452 seconds
Number of updated asset objects reloaded before import = 0
Number of asset objects unloaded after import = 8
========================================================================
Received Import Request.
  Time since last request: 0.083783 seconds.
  path: Assets/UnityAssetStore/Alstrainfinite/KitchenAppliances/Models/Seperated For Animation/Fridge_SBS.fbx
  artifactKey: Guid(4ef85326d2b48fb48bee81014892b40d) Importer(815301076,1909f56bfc062723c751e8b465ee728b)
Start importing Assets/UnityAssetStore/Alstrainfinite/KitchenAppliances/Models/Seperated For Animation/Fridge_SBS.fbx using Guid(4ef85326d2b48fb48bee81014892b40d) Importer(815301076,1909f56bfc062723c751e8b465ee728b)  -> (artifact id: '05c2b3f78c65f32e98736d979c12c2f8') in 0.047462 seconds
Number of updated asset objects reloaded before import = 0
Number of asset objects unloaded after import = 43
========================================================================
Received Import Request.
  Time since last request: 0.849179 seconds.
  path: Assets/Christmas Scene/Assets/Models/Wreath/Wreath.dae
  artifactKey: Guid(76a442ac52bae5c4698dde6c2bb72b6b) Importer(815301076,1909f56bfc062723c751e8b465ee728b)
Start importing Assets/Christmas Scene/Assets/Models/Wreath/Wreath.dae using Guid(76a442ac52bae5c4698dde6c2bb72b6b) Importer(815301076,1909f56bfc062723c751e8b465ee728b)  -> (artifact id: 'ed3a6aadef49ea436f1cdb3b7e0394dd') in 0.260386 seconds
Number of updated asset objects reloaded before import = 0
Number of asset objects unloaded after import = 10976
========================================================================
Received Import Request.
  Time since last request: 0.477382 seconds.
  path: Assets/Christmas Scene/Assets/Models/Window/Window.dae
  artifactKey: Guid(ebe3081f719d22b45870e771a97495eb) Importer(815301076,1909f56bfc062723c751e8b465ee728b)
Start importing Assets/Christmas Scene/Assets/Models/Window/Window.dae using Guid(ebe3081f719d22b45870e771a97495eb) Importer(815301076,1909f56bfc062723c751e8b465ee728b)  -> (artifact id: '06526a29fb6cbbd9c0cca5433c213428') in 0.039409 seconds
Number of updated asset objects reloaded before import = 0
Number of asset objects unloaded after import = 183
========================================================================
Received Import Request.
  Time since last request: 465.926005 seconds.
  path: Assets/Materials/Alien.fbx
  artifactKey: Guid(206549433f31bfd428816a9737883234) Importer(815301076,1909f56bfc062723c751e8b465ee728b)
Start importing Assets/Materials/Alien.fbx using Guid(206549433f31bfd428816a9737883234) Importer(815301076,1909f56bfc062723c751e8b465ee728b)  -> (artifact id: 'cd86ffdd581d4af9e04b409988ea614a') in 0.022806 seconds
Number of updated asset objects reloaded before import = 0
Number of asset objects unloaded after import = 23
========================================================================
Received Import Request.
  Time since last request: 60.318461 seconds.
  path: Assets/Materials/Alien1.fbx
  artifactKey: Guid(55792521343a3eb43ae4e04bd7407f3d) Importer(815301076,1909f56bfc062723c751e8b465ee728b)
Start importing Assets/Materials/Alien1.fbx using Guid(55792521343a3eb43ae4e04bd7407f3d) Importer(815301076,1909f56bfc062723c751e8b465ee728b)  -> (artifact id: 'ee2843f1f0d989301fa5c068a9bf90ad') in 0.020265 seconds
Number of updated asset objects reloaded before import = 0
Number of asset objects unloaded after import = 15
========================================================================
Received Import Request.
  Time since last request: 91.508071 seconds.
  path: Assets/Materials/Alien_Texture.png
  artifactKey: Guid(5640d45d70ce5af42b64c6f07d517d81) Importer(815301076,1909f56bfc062723c751e8b465ee728b)
Start importing Assets/Materials/Alien_Texture.png using Guid(5640d45d70ce5af42b64c6f07d517d81) Importer(815301076,1909f56bfc062723c751e8b465ee728b)  -> (artifact id: '7380ce0e11434661bcd91516c8705b1b') in 0.013189 seconds
Number of updated asset objects reloaded before import = 0
Number of asset objects unloaded after import = 2
========================================================================
Received Import Request.
  Time since last request: 22.482722 seconds.
  path: Assets/UnityAssetStore/WorldMaterialsFree/HDRPMaterials/AgedDarkWood_HDRPShader.mat
  artifactKey: Guid(cde7255234641b94b851e443341c8797) Importer(815301076,1909f56bfc062723c751e8b465ee728b)
Start importing Assets/UnityAssetStore/WorldMaterialsFree/HDRPMaterials/AgedDarkWood_HDRPShader.mat using Guid(cde7255234641b94b851e443341c8797) Importer(815301076,1909f56bfc062723c751e8b465ee728b)  -> (artifact id: '95af6240d88cbdc2a403c74c804fd76e') in 0.031937 seconds
Number of updated asset objects reloaded before import = 0
Number of asset objects unloaded after import = 7
========================================================================
Received Import Request.
  Time since last request: 0.053250 seconds.
  path: Assets/UnityAssetStore/WorldMaterialsFree/Built-In_RPMaterials/AgedDarkWood_StandardShader.mat
  artifactKey: Guid(6e8442dd275001c4f9d167e8d1b8c962) Importer(815301076,1909f56bfc062723c751e8b465ee728b)
Start importing Assets/UnityAssetStore/WorldMaterialsFree/Built-In_RPMaterials/AgedDarkWood_StandardShader.mat using Guid(6e8442dd275001c4f9d167e8d1b8c962) Importer(815301076,1909f56bfc062723c751e8b465ee728b)  -> (artifact id: '6025354ddf7ad401cb7e0f19608fe745') in 0.210789 seconds
Number of updated asset objects reloaded before import = 0
Number of asset objects unloaded after import = 6
========================================================================
Received Import Request.
  Time since last request: 0.000018 seconds.
  path: Assets/UnityAssetStore/Standard Assets/Vehicles/Aircraft/Materials/AircraftFuselageGrey.mat
  artifactKey: Guid(141b5bb76b8b39342a5a787acbeaabfd) Importer(815301076,1909f56bfc062723c751e8b465ee728b)
Start importing Assets/UnityAssetStore/Standard Assets/Vehicles/Aircraft/Materials/AircraftFuselageGrey.mat using Guid(141b5bb76b8b39342a5a787acbeaabfd) Importer(815301076,1909f56bfc062723c751e8b465ee728b)  -> (artifact id: '7dfd3fac796f103809c85f3a0b8f0e19') in 0.185446 seconds
Number of updated asset objects reloaded before import = 0
Number of asset objects unloaded after import = 3
========================================================================
Received Import Request.
  Time since last request: 3.325554 seconds.
  path: Assets/UnityAssetStore/Standard Assets/Vehicles/Aircraft/Materials/AircraftFuselageWhite.mat
  artifactKey: Guid(6f36a222811073946936cf1cdeb78f9c) Importer(815301076,1909f56bfc062723c751e8b465ee728b)
Start importing Assets/UnityAssetStore/Standard Assets/Vehicles/Aircraft/Materials/AircraftFuselageWhite.mat using Guid(6f36a222811073946936cf1cdeb78f9c) Importer(815301076,1909f56bfc062723c751e8b465ee728b)  -> (artifact id: '275597ea8f96a81d182f5872b019b864') in 0.024610 seconds
Number of updated asset objects reloaded before import = 0
Number of asset objects unloaded after import = 3
========================================================================
Received Import Request.
  Time since last request: 0.277400 seconds.
  path: Assets/UnityAssetStore/Standard Assets/Vehicles/Aircraft/Materials/AircraftWingsJetWhite.mat
  artifactKey: Guid(365a29a7757a91544b92d59a78390495) Importer(815301076,1909f56bfc062723c751e8b465ee728b)
Start importing Assets/UnityAssetStore/Standard Assets/Vehicles/Aircraft/Materials/AircraftWingsJetWhite.mat using Guid(365a29a7757a91544b92d59a78390495) Importer(815301076,1909f56bfc062723c751e8b465ee728b)  -> (artifact id: '8758989d18c33f2b0f06eda0dfd56ea8') in 0.022599 seconds
Number of updated asset objects reloaded before import = 0
Number of asset objects unloaded after import = 3
========================================================================
Received Import Request.
  Time since last request: 0.011011 seconds.
  path: Assets/UnityAssetStore/Standard Assets/Vehicles/Aircraft/Materials/AircraftWingsPropellerBlurWhite.mat
  artifactKey: Guid(f5a209142cf260f4a96ca747e0e4dadf) Importer(815301076,1909f56bfc062723c751e8b465ee728b)
Start importing Assets/UnityAssetStore/Standard Assets/Vehicles/Aircraft/Materials/AircraftWingsPropellerBlurWhite.mat using Guid(f5a209142cf260f4a96ca747e0e4dadf) Importer(815301076,1909f56bfc062723c751e8b465ee728b)  -> (artifact id: '8e0147f48caeaec912445c3aa99d1494') in 0.096163 seconds
Number of updated asset objects reloaded before import = 0
Number of asset objects unloaded after import = 2
========================================================================
Received Import Request.
  Time since last request: 0.000016 seconds.
  path: Assets/Christmas Scene/Assets/Models/Decoration/DecorationProps.dae
  artifactKey: Guid(a43fdd939aa60284e9345ada57dc1eae) Importer(815301076,1909f56bfc062723c751e8b465ee728b)
Start importing Assets/Christmas Scene/Assets/Models/Decoration/DecorationProps.dae using Guid(a43fdd939aa60284e9345ada57dc1eae) Importer(815301076,1909f56bfc062723c751e8b465ee728b)  -> (artifact id: '4286f8bfca0ce5acbc3e8192b789e795') in 0.978497 seconds
Number of updated asset objects reloaded before import = 0
Number of asset objects unloaded after import = 2179
========================================================================
Received Import Request.
  Time since last request: 0.053231 seconds.
  path: Assets/furniture/3d/Materials/armchair_1_mid.mat
  artifactKey: Guid(5e51c1d0188822345b1d90e2d5ad76bb) Importer(815301076,1909f56bfc062723c751e8b465ee728b)
Start importing Assets/furniture/3d/Materials/armchair_1_mid.mat using Guid(5e51c1d0188822345b1d90e2d5ad76bb) Importer(815301076,1909f56bfc062723c751e8b465ee728b)  -> (artifact id: 'e0a1f460aca117d714d90ecae7880c57') in 0.142438 seconds
Number of updated asset objects reloaded before import = 0
Number of asset objects unloaded after import = 4
========================================================================
Received Import Request.
  Time since last request: 0.500850 seconds.
  path: Assets/Christmas Scene/Assets/Models/Tree/Bark Material.mat
  artifactKey: Guid(34c39d818accdf040b1146bc90e84fd9) Importer(815301076,1909f56bfc062723c751e8b465ee728b)
Start importing Assets/Christmas Scene/Assets/Models/Tree/Bark Material.mat using Guid(34c39d818accdf040b1146bc90e84fd9) Importer(815301076,1909f56bfc062723c751e8b465ee728b)  -> (artifact id: '14f9c9d6f767317a540ee3355c686dd2') in 0.017149 seconds
Number of updated asset objects reloaded before import = 0
Number of asset objects unloaded after import = 3
========================================================================
Received Import Request.
  Time since last request: 0.027057 seconds.
  path: Assets/BigFurniturePack/Models/Materials/base_material 2.mat
  artifactKey: Guid(e2ff4118305d11c41bb216685380c6ab) Importer(815301076,1909f56bfc062723c751e8b465ee728b)
Start importing Assets/BigFurniturePack/Models/Materials/base_material 2.mat using Guid(e2ff4118305d11c41bb216685380c6ab) Importer(815301076,1909f56bfc062723c751e8b465ee728b)  -> (artifact id: '860b489c33129a6faa21aae99fb7d8ec') in 0.009390 seconds
Number of updated asset objects reloaded before import = 0
Number of asset objects unloaded after import = 3
========================================================================
Received Import Request.
  Time since last request: 0.033038 seconds.
  path: Assets/UnityAssetStore/WorldMaterialsFree/Built-In_RPMaterials/BasketWeaveBricks_StandardShader.mat
  artifactKey: Guid(9a2c87bc6bc6e5b4aa96c1c4c5224aa3) Importer(815301076,1909f56bfc062723c751e8b465ee728b)
Start importing Assets/UnityAssetStore/WorldMaterialsFree/Built-In_RPMaterials/BasketWeaveBricks_StandardShader.mat using Guid(9a2c87bc6bc6e5b4aa96c1c4c5224aa3) Importer(815301076,1909f56bfc062723c751e8b465ee728b)  -> (artifact id: '1783b4d93d9fd0a93eb819c6f0b50d7e') in 0.189712 seconds
Number of updated asset objects reloaded before import = 0
Number of asset objects unloaded after import = 5
========================================================================
Received Import Request.
  Time since last request: 0.312454 seconds.
  path: Assets/UnityAssetStore/WorldMaterialsFree/Built-In_RPMaterials/BasketWeaveBricks_WMShader.mat
  artifactKey: Guid(d88a5817e21321744bd78ff809a0bbda) Importer(815301076,1909f56bfc062723c751e8b465ee728b)
Start importing Assets/UnityAssetStore/WorldMaterialsFree/Built-In_RPMaterials/BasketWeaveBricks_WMShader.mat using Guid(d88a5817e21321744bd78ff809a0bbda) Importer(815301076,1909f56bfc062723c751e8b465ee728b)  -> (artifact id: '6ef637e2a66ad646bd8bd670133ac08f') in 0.290659 seconds
Number of updated asset objects reloaded before import = 0
Number of asset objects unloaded after import = 6
========================================================================
Received Import Request.
  Time since last request: 0.157399 seconds.
  path: Assets/UnityAssetStore/WorldMaterialsFree/Built-In_RPMaterials/BathroomTiles_WMShader.mat
  artifactKey: Guid(f90d452210f589b48b152b19c8c4f5ee) Importer(815301076,1909f56bfc062723c751e8b465ee728b)
Start importing Assets/UnityAssetStore/WorldMaterialsFree/Built-In_RPMaterials/BathroomTiles_WMShader.mat using Guid(f90d452210f589b48b152b19c8c4f5ee) Importer(815301076,1909f56bfc062723c751e8b465ee728b)  -> (artifact id: '884830c4173f1396d589befc93cd5d26') in 0.016336 seconds
Number of updated asset objects reloaded before import = 0
Number of asset objects unloaded after import = 6
========================================================================
Received Import Request.
  Time since last request: 2.001948 seconds.
  path: Assets/Bed & Bath Furniture Pack/Materials/Bed.mat
  artifactKey: Guid(22380e6f5f172d24690a459b9757cdb6) Importer(815301076,1909f56bfc062723c751e8b465ee728b)
Start importing Assets/Bed & Bath Furniture Pack/Materials/Bed.mat using Guid(22380e6f5f172d24690a459b9757cdb6) Importer(815301076,1909f56bfc062723c751e8b465ee728b)  -> (artifact id: '8139c677d90df8db19f25c09da6245a5') in 0.029449 seconds
Number of updated asset objects reloaded before import = 0
Number of asset objects unloaded after import = 4
========================================================================
Received Import Request.
  Time since last request: 0.217149 seconds.
  path: Assets/AurynSky/Gems Ultimate Pack/Materials/BG.mat
  artifactKey: Guid(5c623d53aca45c44586ec2d14fef488e) Importer(815301076,1909f56bfc062723c751e8b465ee728b)
Start importing Assets/AurynSky/Gems Ultimate Pack/Materials/BG.mat using Guid(5c623d53aca45c44586ec2d14fef488e) Importer(815301076,1909f56bfc062723c751e8b465ee728b)  -> (artifact id: '99c368decc4f5a1899cfb9fc7695ecbd') in 0.021647 seconds
Number of updated asset objects reloaded before import = 0
Number of asset objects unloaded after import = 1
========================================================================
Received Import Request.
  Time since last request: 0.030521 seconds.
  path: Assets/UnityAssetStore/Standard Assets/Environment/SpeedTree/Broadleaf/Broadleaf_Desktop Materials/Billboard.mat
  artifactKey: Guid(d68104aea3d1d084385a1acc7c896247) Importer(815301076,1909f56bfc062723c751e8b465ee728b)
Start importing Assets/UnityAssetStore/Standard Assets/Environment/SpeedTree/Broadleaf/Broadleaf_Desktop Materials/Billboard.mat using Guid(d68104aea3d1d084385a1acc7c896247) Importer(815301076,1909f56bfc062723c751e8b465ee728b)  -> (artifact id: '027d92fe17a9789a07f39f56b6e17266') in 0.275436 seconds
Number of updated asset objects reloaded before import = 0
Number of asset objects unloaded after import = 3
========================================================================
Received Import Request.
  Time since last request: 0.019104 seconds.
  path: Assets/AurynSky/Gems Ultimate Pack/Materials/Blue.mat
  artifactKey: Guid(d3fdd53a2b5dd904fad8d824266a4cad) Importer(815301076,1909f56bfc062723c751e8b465ee728b)
Start importing Assets/AurynSky/Gems Ultimate Pack/Materials/Blue.mat using Guid(d3fdd53a2b5dd904fad8d824266a4cad) Importer(815301076,1909f56bfc062723c751e8b465ee728b)  -> (artifact id: '338cdc2373fbc4a2a4aff842103bb792') in 0.007845 seconds
Number of updated asset objects reloaded before import = 0
Number of asset objects unloaded after import = 1
========================================================================
Received Import Request.
  Time since last request: 0.261891 seconds.
  path: Assets/Christmas Scene/Assets/Models/Ornamental/Materials/Colors/Blue.mat
  artifactKey: Guid(e7eafd1c7e191ba459fdba2a34335f00) Importer(815301076,1909f56bfc062723c751e8b465ee728b)
Start importing Assets/Christmas Scene/Assets/Models/Ornamental/Materials/Colors/Blue.mat using Guid(e7eafd1c7e191ba459fdba2a34335f00) Importer(815301076,1909f56bfc062723c751e8b465ee728b)  -> (artifact id: 'ab8bebecc6db391d2ca5ab9533bb6e0f') in 0.019077 seconds
Number of updated asset objects reloaded before import = 0
Number of asset objects unloaded after import = 1
========================================================================
Received Import Request.
  Time since last request: 0.010344 seconds.
  path: Assets/UnityAssetStore/iPoly3D/Prototype Textures/Materials/Blue/DefaultBlue/Blue_1.mat
  artifactKey: Guid(880bf59141236224d8a8d9d3fd430708) Importer(815301076,1909f56bfc062723c751e8b465ee728b)
Start importing Assets/UnityAssetStore/iPoly3D/Prototype Textures/Materials/Blue/DefaultBlue/Blue_1.mat using Guid(880bf59141236224d8a8d9d3fd430708) Importer(815301076,1909f56bfc062723c751e8b465ee728b)  -> (artifact id: 'b36f70f1a7116208c198da69750cb267') in 0.007883 seconds
Number of updated asset objects reloaded before import = 0
Number of asset objects unloaded after import = 2
========================================================================
Received Import Request.
  Time since last request: 0.034809 seconds.
  path: Assets/UnityAssetStore/iPoly3D/Prototype Textures/Materials/Blue/DefaultBlue/Blue_2.mat
  artifactKey: Guid(4cc73f247dcc2e841a79a5290b72c2c4) Importer(815301076,1909f56bfc062723c751e8b465ee728b)
Start importing Assets/UnityAssetStore/iPoly3D/Prototype Textures/Materials/Blue/DefaultBlue/Blue_2.mat using Guid(4cc73f247dcc2e841a79a5290b72c2c4) Importer(815301076,1909f56bfc062723c751e8b465ee728b)  -> (artifact id: 'abc998360f9a28d82f1f5286b6d8d6c5') in 0.017068 seconds
Number of updated asset objects reloaded before import = 0
Number of asset objects unloaded after import = 2
========================================================================
Received Import Request.
  Time since last request: 0.009461 seconds.
  path: Assets/UnityAssetStore/iPoly3D/Prototype Textures/Materials/Green/Blue_3.mat
  artifactKey: Guid(66e1444ec6abcfc4eb98a641f0e49fe1) Importer(815301076,1909f56bfc062723c751e8b465ee728b)
Start importing Assets/UnityAssetStore/iPoly3D/Prototype Textures/Materials/Green/Blue_3.mat using Guid(66e1444ec6abcfc4eb98a641f0e49fe1) Importer(815301076,1909f56bfc062723c751e8b465ee728b)  -> (artifact id: '4e556c74354d967f2c035435441561e7') in 0.008803 seconds
Number of updated asset objects reloaded before import = 0
Number of asset objects unloaded after import = 2
========================================================================
Received Import Request.
  Time since last request: 0.045705 seconds.
  path: Assets/UnityAssetStore/iPoly3D/Prototype Textures/Materials/Blue/DefaultBlue/Blue_4.mat
  artifactKey: Guid(fdacfbae24d30ee4b824d4f347c7bb0f) Importer(815301076,1909f56bfc062723c751e8b465ee728b)
Start importing Assets/UnityAssetStore/iPoly3D/Prototype Textures/Materials/Blue/DefaultBlue/Blue_4.mat using Guid(fdacfbae24d30ee4b824d4f347c7bb0f) Importer(815301076,1909f56bfc062723c751e8b465ee728b)  -> (artifact id: '9954f9cbbe4ed6f239f4d6635f0c0c7a') in 0.008759 seconds
Number of updated asset objects reloaded before import = 0
Number of asset objects unloaded after import = 2
========================================================================
Received Import Request.
  Time since last request: 0.048657 seconds.
  path: Assets/UnityAssetStore/iPoly3D/Prototype Textures/Materials/Green/Blue_5.mat
  artifactKey: Guid(bf9d131afdc7bc74f8eca776e9eb8cb9) Importer(815301076,1909f56bfc062723c751e8b465ee728b)
Start importing Assets/UnityAssetStore/iPoly3D/Prototype Textures/Materials/Green/Blue_5.mat using Guid(bf9d131afdc7bc74f8eca776e9eb8cb9) Importer(815301076,1909f56bfc062723c751e8b465ee728b)  -> (artifact id: 'da292fa377210616f88f62273f8f2836') in 0.008234 seconds
Number of updated asset objects reloaded before import = 0
Number of asset objects unloaded after import = 2
========================================================================
Received Import Request.
  Time since last request: 0.020057 seconds.
  path: Assets/UnityAssetStore/iPoly3D/Prototype Textures/Materials/Blue/DefaultBlue/Blue_6.mat
  artifactKey: Guid(f7b4e7377158c1740b192553e8edbd41) Importer(815301076,1909f56bfc062723c751e8b465ee728b)
Start importing Assets/UnityAssetStore/iPoly3D/Prototype Textures/Materials/Blue/DefaultBlue/Blue_6.mat using Guid(f7b4e7377158c1740b192553e8edbd41) Importer(815301076,1909f56bfc062723c751e8b465ee728b)  -> (artifact id: '7b7ce04a36c644e35c33db9404533381') in 0.008151 seconds
Number of updated asset objects reloaded before import = 0
Number of asset objects unloaded after import = 2
========================================================================
Received Import Request.
  Time since last request: 0.054001 seconds.
  path: Assets/UnityAssetStore/iPoly3D/Prototype Textures/Materials/Blue/DefaultBlue/Blue_7.mat
  artifactKey: Guid(cbf017f6bad132c499e0709e3345d080) Importer(815301076,1909f56bfc062723c751e8b465ee728b)
Start importing Assets/UnityAssetStore/iPoly3D/Prototype Textures/Materials/Blue/DefaultBlue/Blue_7.mat using Guid(cbf017f6bad132c499e0709e3345d080) Importer(815301076,1909f56bfc062723c751e8b465ee728b)  -> (artifact id: 'c0902c6ae6e93692626a75cd4b14bcfe') in 0.008767 seconds
Number of updated asset objects reloaded before import = 0
Number of asset objects unloaded after import = 2
========================================================================
Received Import Request.
  Time since last request: 0.022465 seconds.
  path: Assets/UnityAssetStore/iPoly3D/Prototype Textures/Materials/Green/Blue_8.mat
  artifactKey: Guid(956ac54a9a93a814ea6c9180095686b2) Importer(815301076,1909f56bfc062723c751e8b465ee728b)
Start importing Assets/UnityAssetStore/iPoly3D/Prototype Textures/Materials/Green/Blue_8.mat using Guid(956ac54a9a93a814ea6c9180095686b2) Importer(815301076,1909f56bfc062723c751e8b465ee728b)  -> (artifact id: '0d0d4eb027451ea66c39f242e6cf71c3') in 0.008674 seconds
Number of updated asset objects reloaded before import = 0
Number of asset objects unloaded after import = 2
========================================================================
Received Import Request.
  Time since last request: 0.057841 seconds.
  path: Assets/UnityAssetStore/iPoly3D/Prototype Textures/Materials/Blue/DefaultBlue/Blue_9.mat
  artifactKey: Guid(9f80c72a7bf0eff4aab3ccbd3d1ab38d) Importer(815301076,1909f56bfc062723c751e8b465ee728b)
Start importing Assets/UnityAssetStore/iPoly3D/Prototype Textures/Materials/Blue/DefaultBlue/Blue_9.mat using Guid(9f80c72a7bf0eff4aab3ccbd3d1ab38d) Importer(815301076,1909f56bfc062723c751e8b465ee728b)  -> (artifact id: 'b4170aa4277a4f497b4556026a84e314') in 0.008781 seconds
Number of updated asset objects reloaded before import = 0
Number of asset objects unloaded after import = 2
========================================================================
Received Import Request.
  Time since last request: 0.249291 seconds.
  path: Assets/UnityAssetStore/iPoly3D/Prototype Textures/Materials/Green/Blue_10.mat
  artifactKey: Guid(158e3e0faafad8a40b6fcb17572aa834) Importer(815301076,1909f56bfc062723c751e8b465ee728b)
Start importing Assets/UnityAssetStore/iPoly3D/Prototype Textures/Materials/Green/Blue_10.mat using Guid(158e3e0faafad8a40b6fcb17572aa834) Importer(815301076,1909f56bfc062723c751e8b465ee728b)  -> (artifact id: '79d44401a316504275f3a73946d902a8') in 0.008318 seconds
Number of updated asset objects reloaded before import = 0
Number of asset objects unloaded after import = 4
========================================================================
Received Import Request.
  Time since last request: 0.064961 seconds.
  path: Assets/Materials/LevelMaterials/BlueRoom.mat
  artifactKey: Guid(f5c4e1dc9de8b254f853b8da36ab8765) Importer(815301076,1909f56bfc062723c751e8b465ee728b)
Start importing Assets/Materials/LevelMaterials/BlueRoom.mat using Guid(f5c4e1dc9de8b254f853b8da36ab8765) Importer(815301076,1909f56bfc062723c751e8b465ee728b)  -> (artifact id: '58b1d4623accb04f3ffd4942b17ba673') in 0.007604 seconds
Number of updated asset objects reloaded before import = 0
Number of asset objects unloaded after import = 1
========================================================================
Received Import Request.
  Time since last request: 0.017602 seconds.
  path: Assets/UnityAssetStore/Standard Assets/Environment/SpeedTree/Conifer/Conifer_Desktop Materials/LOD0/Branches_0.mat
  artifactKey: Guid(d4880c932a8e12b48a3039233e9634a0) Importer(815301076,1909f56bfc062723c751e8b465ee728b)
Start importing Assets/UnityAssetStore/Standard Assets/Environment/SpeedTree/Conifer/Conifer_Desktop Materials/LOD0/Branches_0.mat using Guid(d4880c932a8e12b48a3039233e9634a0) Importer(815301076,1909f56bfc062723c751e8b465ee728b)  -> (artifact id: 'd9b706e4f86201d322aa2b6700dcf441') in 0.385283 seconds
Number of updated asset objects reloaded before import = 0
Number of asset objects unloaded after import = 3
========================================================================
Received Import Request.
  Time since last request: 0.000015 seconds.
  path: Assets/UnityAssetStore/Standard Assets/Environment/SpeedTree/Conifer/Conifer_Desktop Materials/LOD2/Branches_0.mat
  artifactKey: Guid(dffa6c1325fd30b41819f03be58b91e7) Importer(815301076,1909f56bfc062723c751e8b465ee728b)
Start importing Assets/UnityAssetStore/Standard Assets/Environment/SpeedTree/Conifer/Conifer_Desktop Materials/LOD2/Branches_0.mat using Guid(dffa6c1325fd30b41819f03be58b91e7) Importer(815301076,1909f56bfc062723c751e8b465ee728b)  -> (artifact id: '318239412628de6e5e434756e9bb4650') in 0.009708 seconds
Number of updated asset objects reloaded before import = 0
Number of asset objects unloaded after import = 3
========================================================================
Received Import Request.
  Time since last request: 0.000025 seconds.
  path: Assets/UnityAssetStore/Standard Assets/Environment/SpeedTree/Broadleaf/Broadleaf_Mobile Materials/LOD1/Branches_0.mat
  artifactKey: Guid(1092dd21af768cb499771bf88709dbbd) Importer(815301076,1909f56bfc062723c751e8b465ee728b)
Start importing Assets/UnityAssetStore/Standard Assets/Environment/SpeedTree/Broadleaf/Broadleaf_Mobile Materials/LOD1/Branches_0.mat using Guid(1092dd21af768cb499771bf88709dbbd) Importer(815301076,1909f56bfc062723c751e8b465ee728b)  -> (artifact id: '5d4e8f0a673c3c8f8a06e2475dea06be') in 0.013275 seconds
Number of updated asset objects reloaded before import = 0
Number of asset objects unloaded after import = 3
========================================================================
Received Import Request.
  Time since last request: 0.000018 seconds.
  path: Assets/UnityAssetStore/Standard Assets/Environment/SpeedTree/Broadleaf/Broadleaf_Desktop Materials/LOD2/Branches_1.mat
  artifactKey: Guid(639aa87a96d586c4e84838574ce20ca3) Importer(815301076,1909f56bfc062723c751e8b465ee728b)
Start importing Assets/UnityAssetStore/Standard Assets/Environment/SpeedTree/Broadleaf/Broadleaf_Desktop Materials/LOD2/Branches_1.mat using Guid(639aa87a96d586c4e84838574ce20ca3) Importer(815301076,1909f56bfc062723c751e8b465ee728b)  -> (artifact id: 'db0da0749f639b290aeff2f6808863e2') in 0.432150 seconds
Number of updated asset objects reloaded before import = 0
Number of asset objects unloaded after import = 3
========================================================================
Received Import Request.
  Time since last request: 0.000017 seconds.
  path: Assets/UnityAssetStore/WorldMaterialsFree/URPMaterials/BrushedIron_URPShader.mat
  artifactKey: Guid(a5f3265eb027f0e41af7b62f064343df) Importer(815301076,1909f56bfc062723c751e8b465ee728b)
Start importing Assets/UnityAssetStore/WorldMaterialsFree/URPMaterials/BrushedIron_URPShader.mat using Guid(a5f3265eb027f0e41af7b62f064343df) Importer(815301076,1909f56bfc062723c751e8b465ee728b)  -> (artifact id: 'bbeaf16f23ab8e82834c8c1e9dad0986') in 0.023395 seconds
Number of updated asset objects reloaded before import = 0
Number of asset objects unloaded after import = 8
========================================================================
Received Import Request.
  Time since last request: 0.000021 seconds.
  path: Assets/UnityAssetStore/Standard Assets/Environment/SpeedTree/Conifer/Conifer_Desktop Materials/LOD2/Branches_1.mat
  artifactKey: Guid(57df284b8a7c87b4894ac5f9c86e0be9) Importer(815301076,1909f56bfc062723c751e8b465ee728b)
Start importing Assets/UnityAssetStore/Standard Assets/Environment/SpeedTree/Conifer/Conifer_Desktop Materials/LOD2/Branches_1.mat using Guid(57df284b8a7c87b4894ac5f9c86e0be9) Importer(815301076,1909f56bfc062723c751e8b465ee728b)  -> (artifact id: '91f8f3d4a3148af1f26ed44a7444d9d5') in 0.009790 seconds
Number of updated asset objects reloaded before import = 0
Number of asset objects unloaded after import = 3
========================================================================
Received Import Request.
  Time since last request: 0.000012 seconds.
  path: Assets/UnityAssetStore/Standard Assets/Environment/SpeedTree/Conifer/Conifer_Desktop Materials/LOD1/Branches_1.mat
  artifactKey: Guid(fecc9f713338e4943a8c38775af8c046) Importer(815301076,1909f56bfc062723c751e8b465ee728b)
Start importing Assets/UnityAssetStore/Standard Assets/Environment/SpeedTree/Conifer/Conifer_Desktop Materials/LOD1/Branches_1.mat using Guid(fecc9f713338e4943a8c38775af8c046) Importer(815301076,1909f56bfc062723c751e8b465ee728b)  -> (artifact id: '38e75fa14279a65d7e0b46740ccbfc18') in 0.009926 seconds
Number of updated asset objects reloaded before import = 0
Number of asset objects unloaded after import = 3
========================================================================
Received Import Request.
  Time since last request: 0.000013 seconds.
  path: Assets/Christmas Scene/Assets/Models/Socks/Socks.dae
  artifactKey: Guid(c8cb0807ae1562d48be664a6e9bfcb21) Importer(815301076,1909f56bfc062723c751e8b465ee728b)
Start importing Assets/Christmas Scene/Assets/Models/Socks/Socks.dae using Guid(c8cb0807ae1562d48be664a6e9bfcb21) Importer(815301076,1909f56bfc062723c751e8b465ee728b)  -> (artifact id: '1d7686809ad78152d2bd2143c3ef4ffa') in 0.027984 seconds
Number of updated asset objects reloaded before import = 0
Number of asset objects unloaded after import = 18
========================================================================
Received Import Request.
  Time since last request: 0.000013 seconds.
  path: Assets/UnityAssetStore/Standard Assets/Environment/SpeedTree/Broadleaf/Broadleaf_Mobile Materials/LOD2/Branches_0.mat
  artifactKey: Guid(cd764ab8662bea6468202df8741bcfd3) Importer(815301076,1909f56bfc062723c751e8b465ee728b)
Start importing Assets/UnityAssetStore/Standard Assets/Environment/SpeedTree/Broadleaf/Broadleaf_Mobile Materials/LOD2/Branches_0.mat using Guid(cd764ab8662bea6468202df8741bcfd3) Importer(815301076,1909f56bfc062723c751e8b465ee728b)  -> (artifact id: '5831612835dfd4ac75c1f8dcbd7a9bd4') in 0.009909 seconds
Number of updated asset objects reloaded before import = 0
Number of asset objects unloaded after import = 3
========================================================================
Received Import Request.
  Time since last request: 0.000015 seconds.
  path: Assets/UnityAssetStore/WorldMaterialsFree/Built-In_RPMaterials/BrushedIron_StandardShader.mat
  artifactKey: Guid(9af34721d62dd804da5c720b8325b5d3) Importer(815301076,1909f56bfc062723c751e8b465ee728b)
Start importing Assets/UnityAssetStore/WorldMaterialsFree/Built-In_RPMaterials/BrushedIron_StandardShader.mat using Guid(9af34721d62dd804da5c720b8325b5d3) Importer(815301076,1909f56bfc062723c751e8b465ee728b)  -> (artifact id: 'bd2963aa817a1986a769f0de9195a096') in 0.246646 seconds
Number of updated asset objects reloaded before import = 0
Number of asset objects unloaded after import = 7
========================================================================
Received Import Request.
  Time since last request: 0.018358 seconds.
  path: Assets/Materials/Void Materials/Color Black.mat
  artifactKey: Guid(25ee51eef72fb2a42bb4d2d419843314) Importer(815301076,1909f56bfc062723c751e8b465ee728b)
Start importing Assets/Materials/Void Materials/Color Black.mat using Guid(25ee51eef72fb2a42bb4d2d419843314) Importer(815301076,1909f56bfc062723c751e8b465ee728b)  -> (artifact id: 'fe7b6a4c08ae1f50595485f13f8449b9') in 0.008207 seconds
Number of updated asset objects reloaded before import = 0
Number of asset objects unloaded after import = 1
========================================================================
Received Import Request.
  Time since last request: 0.306688 seconds.
  path: Assets/UnityAssetStore/Alstrainfinite/KitchenAppliances/Scenes/Demo Materials/Counter.mat
  artifactKey: Guid(3e5f7490e6152e442a9332721e6db671) Importer(815301076,1909f56bfc062723c751e8b465ee728b)
Start importing Assets/UnityAssetStore/Alstrainfinite/KitchenAppliances/Scenes/Demo Materials/Counter.mat using Guid(3e5f7490e6152e442a9332721e6db671) Importer(815301076,1909f56bfc062723c751e8b465ee728b)  -> (artifact id: '25c5a914a493b020f2aa2f8aae9023f4') in 0.008075 seconds
Number of updated asset objects reloaded before import = 0
Number of asset objects unloaded after import = 1
========================================================================
Received Import Request.
  Time since last request: 0.010218 seconds.
  path: Assets/Materials/depositphotos_7887354-Stars-Background-01.mat
  artifactKey: Guid(5ca10109257451746ab81268d1629932) Importer(815301076,1909f56bfc062723c751e8b465ee728b)
Start importing Assets/Materials/depositphotos_7887354-Stars-Background-01.mat using Guid(5ca10109257451746ab81268d1629932) Importer(815301076,1909f56bfc062723c751e8b465ee728b) Error assigning 3D texture to 2D texture property '_MainTex': Dimensions must match
UnityEngine.StackTraceUtility:ExtractStackTrace ()
UnityEditor.PreviewRenderUtility:Render (bool,bool)
UnityEditor.MaterialEditor:DoRenderPreview (UnityEditor.PreviewRenderUtility,bool)
UnityEditor.MaterialEditor:RenderStaticPreview (string,UnityEngine.Object[],int,int)
UnityEditor.AssetPreviewUpdater:CreatePreview (UnityEngine.Object,UnityEngine.Object[],string,int,int)
UnityEditor.AssetPreviewUpdater:CreatePreviewForAsset (UnityEngine.Object,UnityEngine.Object[],string)

[C:\build\output\unity\unity\Runtime\Shaders\ShaderImpl\ShaderTextureProperty.h line 41]

 -> (artifact id: 'efca13f0a89674f59152606e3b7cbe47') in 0.009601 seconds
Number of updated asset objects reloaded before import = 0
Number of asset objects unloaded after import = 2
========================================================================
Received Import Request.
  Time since last request: 0.028286 seconds.
  path: Assets/UnityAssetStore/WorldMaterialsFree/Built-In_RPMaterials/DesertCliffRock_StandardShader.mat
  artifactKey: Guid(ee2cbd091ade78d4d9ae2b3d259bc86b) Importer(815301076,1909f56bfc062723c751e8b465ee728b)
Start importing Assets/UnityAssetStore/WorldMaterialsFree/Built-In_RPMaterials/DesertCliffRock_StandardShader.mat using Guid(ee2cbd091ade78d4d9ae2b3d259bc86b) Importer(815301076,1909f56bfc062723c751e8b465ee728b)  -> (artifact id: 'e1fe9b7ee6ed894caaddc038af934380') in 0.016383 seconds
Number of updated asset objects reloaded before import = 0
Number of asset objects unloaded after import = 5
========================================================================
Received Import Request.
  Time since last request: 0.015237 seconds.
  path: Assets/UnityAssetStore/WorldMaterialsFree/Built-In_RPMaterials/DesertCliffRock_WMShader.mat
  artifactKey: Guid(5788fa9255612c049bcf0d092efe95ce) Importer(815301076,1909f56bfc062723c751e8b465ee728b)
Start importing Assets/UnityAssetStore/WorldMaterialsFree/Built-In_RPMaterials/DesertCliffRock_WMShader.mat using Guid(5788fa9255612c049bcf0d092efe95ce) Importer(815301076,1909f56bfc062723c751e8b465ee728b)  -> (artifact id: '1b31a5fb0851cce550ef199974baf0d1') in 0.017684 seconds
Number of updated asset objects reloaded before import = 0
Number of asset objects unloaded after import = 6
========================================================================
Received Import Request.
  Time since last request: 0.016069 seconds.
  path: Assets/UnityAssetStore/WorldMaterialsFree/Built-In_RPMaterials/DesertSandBrick_StandardShader.mat
  artifactKey: Guid(481d1d21c29b1ed41b50472c451abfda) Importer(815301076,1909f56bfc062723c751e8b465ee728b)
Start importing Assets/UnityAssetStore/WorldMaterialsFree/Built-In_RPMaterials/DesertSandBrick_StandardShader.mat using Guid(481d1d21c29b1ed41b50472c451abfda) Importer(815301076,1909f56bfc062723c751e8b465ee728b)  -> (artifact id: '0f8ea7de1488117c2279e0870d338a37') in 0.016272 seconds
Number of updated asset objects reloaded before import = 0
Number of asset objects unloaded after import = 5
========================================================================
Received Import Request.
  Time since last request: 0.000011 seconds.
  path: Assets/Christmas Scene/Assets/Models/Wreath/Materials/Detail.mat
  artifactKey: Guid(b76482d200e1c3b47a79c91cc11d3e29) Importer(815301076,1909f56bfc062723c751e8b465ee728b)
Start importing Assets/Christmas Scene/Assets/Models/Wreath/Materials/Detail.mat using Guid(b76482d200e1c3b47a79c91cc11d3e29) Importer(815301076,1909f56bfc062723c751e8b465ee728b)  -> (artifact id: '11f9bce3b1d2a388243665f16e74c836') in 0.031836 seconds
Number of updated asset objects reloaded before import = 0
Number of asset objects unloaded after import = 2
========================================================================
Received Import Request.
  Time since last request: 0.009800 seconds.
  path: Assets/Bed & Bath Furniture Pack/Materials/Dresser Drawers.mat
  artifactKey: Guid(446d649419093714c90cd8a2cc402349) Importer(815301076,1909f56bfc062723c751e8b465ee728b)
Start importing Assets/Bed & Bath Furniture Pack/Materials/Dresser Drawers.mat using Guid(446d649419093714c90cd8a2cc402349) Importer(815301076,1909f56bfc062723c751e8b465ee728b)  -> (artifact id: '062771c8d6192c25b5f87c94cb3a801f') in 0.011335 seconds
Number of updated asset objects reloaded before import = 0
Number of asset objects unloaded after import = 4
========================================================================
Received Import Request.
  Time since last request: 0.010533 seconds.
  path: Assets/Bed & Bath Furniture Pack/Models/Dresser.obj
  artifactKey: Guid(e220328c34bca0348a4ada832cf83493) Importer(815301076,1909f56bfc062723c751e8b465ee728b)
Start importing Assets/Bed & Bath Furniture Pack/Models/Dresser.obj using Guid(e220328c34bca0348a4ada832cf83493) Importer(815301076,1909f56bfc062723c751e8b465ee728b)  -> (artifact id: '917d146453db1e93fb81c6030f57a0fb') in 0.059758 seconds
Number of updated asset objects reloaded before import = 0
Number of asset objects unloaded after import = 46
========================================================================
Received Import Request.
  Time since last request: 0.702574 seconds.
  path: Assets/UnityAssetStore/WorldMaterialsFree/Built-In_RPMaterials/DryRockyDirt_StandardShader.mat
  artifactKey: Guid(06d2d82c741d6b34692010a75df9b1fc) Importer(815301076,1909f56bfc062723c751e8b465ee728b)
Start importing Assets/UnityAssetStore/WorldMaterialsFree/Built-In_RPMaterials/DryRockyDirt_StandardShader.mat using Guid(06d2d82c741d6b34692010a75df9b1fc) Importer(815301076,1909f56bfc062723c751e8b465ee728b)  -> (artifact id: '14f3fb6cbb8c6b06a7cb8072aa90f2af') in 0.016112 seconds
Number of updated asset objects reloaded before import = 0
Number of asset objects unloaded after import = 5
========================================================================
Received Import Request.
  Time since last request: 0.035497 seconds.
  path: Assets/UnityAssetStore/Standard Assets/Characters/ThirdPersonCharacter/Materials/EthanGrey.mat
  artifactKey: Guid(621e901dcf5ebaf46bce29d18f67194c) Importer(815301076,1909f56bfc062723c751e8b465ee728b)
Start importing Assets/UnityAssetStore/Standard Assets/Characters/ThirdPersonCharacter/Materials/EthanGrey.mat using Guid(621e901dcf5ebaf46bce29d18f67194c) Importer(815301076,1909f56bfc062723c751e8b465ee728b)  -> (artifact id: 'b7556d74c0b8172a9c65875b7fad2f4c') in 0.030639 seconds
Number of updated asset objects reloaded before import = 0
Number of asset objects unloaded after import = 3
========================================================================
Received Import Request.
  Time since last request: 0.019068 seconds.
  path: Packages/com.unity.probuilder/Content/Resources/Materials/FacePicker.mat
  artifactKey: Guid(5695904020f064fdab5ad265b274a616) Importer(815301076,1909f56bfc062723c751e8b465ee728b)
Start importing Packages/com.unity.probuilder/Content/Resources/Materials/FacePicker.mat using Guid(5695904020f064fdab5ad265b274a616) Importer(815301076,1909f56bfc062723c751e8b465ee728b)  -> (artifact id: '96a288a2a997b3838b9d1cb2fca630b0') in 0.012061 seconds
Number of updated asset objects reloaded before import = 0
Number of asset objects unloaded after import = 1
========================================================================
Received Import Request.
  Time since last request: 0.017002 seconds.
  path: Assets/UnityAssetStore/Standard Assets/Environment/SpeedTree/Broadleaf/Broadleaf_Desktop Materials/LOD2/FacingLeaves_4.mat
  artifactKey: Guid(d5222114580affc49a2af92470232e23) Importer(815301076,1909f56bfc062723c751e8b465ee728b)
Start importing Assets/UnityAssetStore/Standard Assets/Environment/SpeedTree/Broadleaf/Broadleaf_Desktop Materials/LOD2/FacingLeaves_4.mat using Guid(d5222114580affc49a2af92470232e23) Importer(815301076,1909f56bfc062723c751e8b465ee728b)  -> (artifact id: 'bd07f874c1698700357df0aba6a1233e') in 0.566093 seconds
Number of updated asset objects reloaded before import = 0
Number of asset objects unloaded after import = 3
========================================================================
Received Import Request.
  Time since last request: 0.000016 seconds.
  path: Assets/EffectTexturesAndPrefabs/Materials/Fire_A.mat
  artifactKey: Guid(b465c451c01c117458142e3e46fe035b) Importer(815301076,1909f56bfc062723c751e8b465ee728b)
Start importing Assets/EffectTexturesAndPrefabs/Materials/Fire_A.mat using Guid(b465c451c01c117458142e3e46fe035b) Importer(815301076,1909f56bfc062723c751e8b465ee728b)  -> (artifact id: 'e1c6f46fe21f72f0a3b5c175ca95da26') in 0.016308 seconds
Number of updated asset objects reloaded before import = 0
Number of asset objects unloaded after import = 2
========================================================================
Received Import Request.
  Time since last request: 0.000026 seconds.
  path: Assets/EffectTexturesAndPrefabs/Materials/FireParticle_A.mat
  artifactKey: Guid(abc49fa8b01f5314c880641bc7c5986d) Importer(815301076,1909f56bfc062723c751e8b465ee728b)
Start importing Assets/EffectTexturesAndPrefabs/Materials/FireParticle_A.mat using Guid(abc49fa8b01f5314c880641bc7c5986d) Importer(815301076,1909f56bfc062723c751e8b465ee728b)  -> (artifact id: 'bc65c699924a2ac7f456e184c2b126d4') in 0.010039 seconds
Number of updated asset objects reloaded before import = 0
Number of asset objects unloaded after import = 2
========================================================================
Received Import Request.
  Time since last request: 0.000016 seconds.
  path: Assets/BigFurniturePack/Models/Materials/floor.mat
  artifactKey: Guid(4b0cad466fb77ed4981710d807cf7ce8) Importer(815301076,1909f56bfc062723c751e8b465ee728b)
Start importing Assets/BigFurniturePack/Models/Materials/floor.mat using Guid(4b0cad466fb77ed4981710d807cf7ce8) Importer(815301076,1909f56bfc062723c751e8b465ee728b)  -> (artifact id: 'd3f8b3b25b8a551392c2e63678ee9810') in 0.008704 seconds
Number of updated asset objects reloaded before import = 0
Number of asset objects unloaded after import = 3
========================================================================
Received Import Request.
  Time since last request: 0.018627 seconds.
  path: Assets/UnityAssetStore/UI Toolkit/UnityThemes/UnityDefaultRuntimeTheme.tss
  artifactKey: Guid(fd8ca0409c97a094ba9d93bd00e6227a) Importer(815301076,1909f56bfc062723c751e8b465ee728b)
Start importing Assets/UnityAssetStore/UI Toolkit/UnityThemes/UnityDefaultRuntimeTheme.tss using Guid(fd8ca0409c97a094ba9d93bd00e6227a) Importer(815301076,1909f56bfc062723c751e8b465ee728b)  -> (artifact id: 'fa7a82f18bd4531673e235f97aac4a1a') in 0.071603 seconds
Number of updated asset objects reloaded before import = 0
Number of asset objects unloaded after import = 24
========================================================================
Received Import Request.
  Time since last request: 0.035936 seconds.
  path: Assets/Bed & Bath Furniture Pack/Materials/Frame.mat
  artifactKey: Guid(98499b7b53755e34c83b530a9834dd15) Importer(815301076,1909f56bfc062723c751e8b465ee728b)
Start importing Assets/Bed & Bath Furniture Pack/Materials/Frame.mat using Guid(98499b7b53755e34c83b530a9834dd15) Importer(815301076,1909f56bfc062723c751e8b465ee728b)  -> (artifact id: 'd5f44204b4a627b5d860c93b019ea64b') in 0.013296 seconds
Number of updated asset objects reloaded before import = 0
Number of asset objects unloaded after import = 4
========================================================================
Received Import Request.
  Time since last request: 0.017601 seconds.
  path: Assets/UnityAssetStore/Standard Assets/Environment/SpeedTree/Palm/Palm_Desktop Materials/LOD1/Fronds_2.mat
  artifactKey: Guid(654a2c1b911b36647b211a44a46e6d09) Importer(815301076,1909f56bfc062723c751e8b465ee728b)
Start importing Assets/UnityAssetStore/Standard Assets/Environment/SpeedTree/Palm/Palm_Desktop Materials/LOD1/Fronds_2.mat using Guid(654a2c1b911b36647b211a44a46e6d09) Importer(815301076,1909f56bfc062723c751e8b465ee728b)  -> (artifact id: '2bea1f68f78c4eb9ee312a3584562526') in 0.602331 seconds
Number of updated asset objects reloaded before import = 0
Number of asset objects unloaded after import = 3
Editor requested this worker to shutdown with reason: Scaling down because of idle timeout
TcpMessagingSession - receive error: operation aborted. errorcode: 995, details: The I/O operation has been aborted because of either a thread exit or an application request.
AssetImportWorker is now disconnected from the server
Process exiting
Exiting without the bug reporter. Application will terminate with return code 0