Using pre-set license
Built from '2022.2/staging' branch; Version is '2022.2.15f1 (30d813e1a2a9) revision 3201043'; Using compiler version '192829333'; Build Type 'Release'
OS: 'Windows 10  (10.0.19045) 64bit Professional' Language: 'en' Physical Memory: 16333 MB
BatchMode: 1, IsHumanControllingUs: 0, StartBugReporterOnCrash: 0, Is64bit: 1, IsPro: 1

COMMAND LINE ARGUMENTS:
C:\Program Files\Unity\Hub\Editor\2022.2.15f1\Editor\Unity.exe
-adb2
-batchMode
-noUpm
-name
AssetImportWorker7
-projectPath
C:/Users/Sebastian/Documents/GitHub/HappyMeowDays/HappyMeowdays!
-logFile
Logs/AssetImportWorker7.log
-srvPort
50811
Successfully changed project path to: C:/Users/Sebastian/Documents/GitHub/HappyMeowDays/HappyMeowdays!
C:/Users/Sebastian/Documents/GitHub/HappyMeowDays/HappyMeowdays!
[UnityMemory] Configuration Parameters - Can be set up in boot.config
    "memorysetup-bucket-allocator-granularity=16"
    "memorysetup-bucket-allocator-bucket-count=8"
    "memorysetup-bucket-allocator-block-size=33554432"
    "memorysetup-bucket-allocator-block-count=8"
    "memorysetup-main-allocator-block-size=16777216"
    "memorysetup-thread-allocator-block-size=16777216"
    "memorysetup-gfx-main-allocator-block-size=16777216"
    "memorysetup-gfx-thread-allocator-block-size=16777216"
    "memorysetup-cache-allocator-block-size=4194304"
    "memorysetup-typetree-allocator-block-size=2097152"
    "memorysetup-profiler-bucket-allocator-granularity=16"
    "memorysetup-profiler-bucket-allocator-bucket-count=8"
    "memorysetup-profiler-bucket-allocator-block-size=33554432"
    "memorysetup-profiler-bucket-allocator-block-count=8"
    "memorysetup-profiler-allocator-block-size=16777216"
    "memorysetup-profiler-editor-allocator-block-size=1048576"
    "memorysetup-temp-allocator-size-main=16777216"
    "memorysetup-job-temp-allocator-block-size=2097152"
    "memorysetup-job-temp-allocator-block-size-background=1048576"
    "memorysetup-job-temp-allocator-reduction-small-platforms=262144"
    "memorysetup-temp-allocator-size-background-worker=32768"
    "memorysetup-temp-allocator-size-job-worker=262144"
    "memorysetup-temp-allocator-size-preload-manager=33554432"
    "memorysetup-temp-allocator-size-nav-mesh-worker=65536"
    "memorysetup-temp-allocator-size-audio-worker=65536"
    "memorysetup-temp-allocator-size-cloud-worker=32768"
    "memorysetup-temp-allocator-size-gi-baking-worker=262144"
    "memorysetup-temp-allocator-size-gfx=262144"
Player connection [3368] Host "[IP] 11.96.1.138 [Port] 0 [Flags] 2 [Guid] 1774035953 [EditorId] 1774035953 [Version] 1048832 [Id] WindowsEditor(7,DESKTOP-1QH0B45) [Debug] 1 [PackageName] WindowsEditor [ProjectName] Editor" joined multi-casting on [225.0.0.222:54997]...

Player connection [3368] Host "[IP] 11.96.1.138 [Port] 0 [Flags] 2 [Guid] 1774035953 [EditorId] 1774035953 [Version] 1048832 [Id] WindowsEditor(7,DESKTOP-1QH0B45) [Debug] 1 [PackageName] WindowsEditor [ProjectName] Editor" joined alternative multi-casting on [225.0.0.222:34997]...

Refreshing native plugins compatible for Editor in 26.86 ms, found 8 plugins.
Preloading 0 native plugins for Editor in 0.00 ms.
Initialize engine version: 2022.2.15f1 (30d813e1a2a9)
[Subsystems] Discovering subsystems at path C:/Program Files/Unity/Hub/Editor/2022.2.15f1/Editor/Data/Resources/UnitySubsystems
[Subsystems] Discovering subsystems at path C:/Users/Sebastian/Documents/GitHub/HappyMeowDays/HappyMeowdays!/Assets
GfxDevice: creating device client; threaded=0; jobified=0
Direct3D:
    Version:  Direct3D 11.0 [level 11.1]
    Renderer: NVIDIA GeForce RTX 2060 (ID=0x1f08)
    Vendor:   NVIDIA
    VRAM:     5980 MB
    Driver:   30.0.14.9729
Initialize mono
Mono path[0] = 'C:/Program Files/Unity/Hub/Editor/2022.2.15f1/Editor/Data/Managed'
Mono path[1] = 'C:/Program Files/Unity/Hub/Editor/2022.2.15f1/Editor/Data/MonoBleedingEdge/lib/mono/unityjit-win32'
Mono config path = 'C:/Program Files/Unity/Hub/Editor/2022.2.15f1/Editor/Data/MonoBleedingEdge/etc'
Using monoOptions --debugger-agent=transport=dt_socket,embedding=1,server=y,suspend=n,address=127.0.0.1:56804
Begin MonoManager ReloadAssembly
Registering precompiled unity dll's ...
Register platform support module: C:/Program Files/Unity/Hub/Editor/2022.2.15f1/Editor/Data/PlaybackEngines/WindowsStandaloneSupport/UnityEditor.WindowsStandalone.Extensions.dll
Registered in 0.014986 seconds.
- Loaded All Assemblies, in  0.476 seconds
Native extension for WindowsStandalone target not found
Mono: successfully reloaded assembly
- Finished resetting the current domain, in  0.318 seconds
Domain Reload Profiling:
	ReloadAssembly (297ms)
		BeginReloadAssembly (116ms)
			ExecutionOrderSort (0ms)
			DisableScriptedObjects (0ms)
			BackupInstance (0ms)
			ReleaseScriptingObjects (0ms)
			CreateAndSetChildDomain (1ms)
		LoadAllAssembliesAndSetupDomain (0ms)
			LoadAssemblies (113ms)
			RebuildTransferFunctionScriptingTraits (0ms)
			SetupTypeCache (167ms)
				TypeCache.Initialize (166ms)
					TypeCache.ScanAssembly (164ms)
				ResolveRequiredComponents (0ms)
		FinalizeReload (0ms)
			ReleaseScriptCaches (0ms)
			RebuildScriptCaches (0ms)
			SetupLoadedEditorAssemblies (248ms)
				LogAssemblyErrors (0ms)
				InitializePlatformSupportModulesInManaged (12ms)
				SetLoadedEditorAssemblies (8ms)
				RefreshPlugins (0ms)
				BeforeProcessingInitializeOnLoad (1ms)
				ProcessInitializeOnLoadAttributes (171ms)
				ProcessInitializeOnLoadMethodAttributes (56ms)
				AfterProcessingInitializeOnLoad (0ms)
				EditorAssembliesLoaded (0ms)
			ExecutionOrderSort2 (0ms)
			AwakeInstancesAfterBackupRestoration (0ms)
========================================================================
Worker process is ready to serve import requests
Begin MonoManager ReloadAssembly
Symbol file data-00000127FAB7A020 doesn't match image C:\Users\Sebastian\Documents\GitHub\HappyMeowDays\HappyMeowdays!\Library\ScriptAssemblies\Unity.Recorder.Editor.dll
Symbol file LoadedFromMemory is not a mono symbol file
Symbol file data-00000127FA9B8220 doesn't match image C:\Users\Sebastian\Documents\GitHub\HappyMeowDays\HappyMeowdays!\Library\ScriptAssemblies\Unity.Sequences.Editor.dll
Symbol file LoadedFromMemory is not a mono symbol file
Symbol file data-00000127F918E420 doesn't match image C:\Users\Sebastian\Documents\GitHub\HappyMeowDays\HappyMeowdays!\Library\ScriptAssemblies\com.unity.cinemachine.editor.dll
Symbol file LoadedFromMemory is not a mono symbol file
Symbol file data-00000127F9009120 doesn't match image C:\Users\Sebastian\Documents\GitHub\HappyMeowDays\HappyMeowdays!\Library\ScriptAssemblies\Unity.AI.Navigation.dll
Symbol file LoadedFromMemory is not a mono symbol file
Symbol file data-00000127F9009120 doesn't match image C:\Users\Sebastian\Documents\GitHub\HappyMeowDays\HappyMeowdays!\Library\ScriptAssemblies\Unity.ProBuilder.Stl.dll
Symbol file LoadedFromMemory is not a mono symbol file
Symbol file data-00000127F9009120 doesn't match image C:\Users\Sebastian\Documents\GitHub\HappyMeowDays\HappyMeowdays!\Library\ScriptAssemblies\Unity.ProBuilder.AddOns.Editor.dll
Symbol file LoadedFromMemory is not a mono symbol file
Symbol file data-00000127FA9C0230 doesn't match image C:\Users\Sebastian\Documents\GitHub\HappyMeowDays\HappyMeowdays!\Library\ScriptAssemblies\Unity.Rider.Editor.dll
Symbol file LoadedFromMemory is not a mono symbol file
Symbol file data-00000127F9009120 doesn't match image C:\Users\Sebastian\Documents\GitHub\HappyMeowDays\HappyMeowdays!\Library\ScriptAssemblies\Unity.ProBuilder.Csg.dll
Symbol file LoadedFromMemory is not a mono symbol file
Symbol file data-00000127F91A2A30 doesn't match image C:\Users\Sebastian\Documents\GitHub\HappyMeowDays\HappyMeowdays!\Library\ScriptAssemblies\Unity.Formats.Fbx.Runtime.dll
Symbol file LoadedFromMemory is not a mono symbol file
Symbol file data-00000127FABA0A30 doesn't match image C:\Users\Sebastian\Documents\GitHub\HappyMeowDays\HappyMeowdays!\Library\ScriptAssemblies\UnityEditor.TestRunner.dll
Symbol file LoadedFromMemory is not a mono symbol file
Symbol file data-00000127FAD8B010 doesn't match image C:\Users\Sebastian\Documents\GitHub\HappyMeowDays\HappyMeowdays!\Library\ScriptAssemblies\Unity.VisualScripting.Flow.dll
Symbol file LoadedFromMemory is not a mono symbol file
Symbol file data-00000127FABA0A30 doesn't match image C:\Users\Sebastian\Documents\GitHub\HappyMeowDays\HappyMeowdays!\Library\ScriptAssemblies\Unity.Polybrush.Editor.dll
Symbol file LoadedFromMemory is not a mono symbol file
Symbol file data-00000127FABA0A30 doesn't match image C:\Users\Sebastian\Documents\GitHub\HappyMeowDays\HappyMeowdays!\Library\ScriptAssemblies\Unity.Formats.Fbx.Editor.dll
Symbol file LoadedFromMemory is not a mono symbol file
Symbol file data-00000127FABA0A30 doesn't match image C:\Users\Sebastian\Documents\GitHub\HappyMeowDays\HappyMeowdays!\Library\ScriptAssemblies\Unity.ProBuilder.Poly2Tri.dll
Symbol file LoadedFromMemory is not a mono symbol file
Symbol file data-00000127FABB2E50 doesn't match image C:\Users\Sebastian\Documents\GitHub\HappyMeowDays\HappyMeowdays!\Library\ScriptAssemblies\Unity.Settings.Editor.dll
Symbol file LoadedFromMemory is not a mono symbol file
Symbol file data-00000127F9C67020 doesn't match image C:\Users\Sebastian\Documents\GitHub\HappyMeowDays\HappyMeowdays!\Library\ScriptAssemblies\Unity.TextMeshPro.dll
Symbol file LoadedFromMemory is not a mono symbol file
Symbol file data-00000127F98D9A60 doesn't match image C:\Users\Sebastian\Documents\GitHub\HappyMeowDays\HappyMeowdays!\Library\ScriptAssemblies\Unity.Recorder.dll
Symbol file LoadedFromMemory is not a mono symbol file
Symbol file data-00000127F98D9A60 doesn't match image C:\Users\Sebastian\Documents\GitHub\HappyMeowDays\HappyMeowdays!\Library\ScriptAssemblies\Unity.ProBuilder.AssetIdRemapUtility.dll
Symbol file LoadedFromMemory is not a mono symbol file
Symbol file data-00000127FADDA030 doesn't match image C:\Users\Sebastian\Documents\GitHub\HappyMeowDays\HappyMeowdays!\Library\ScriptAssemblies\Unity.AI.Navigation.Editor.ConversionSystem.dll
Symbol file LoadedFromMemory is not a mono symbol file
Symbol file data-00000127FADE5E40 doesn't match image C:\Users\Sebastian\Documents\GitHub\HappyMeowDays\HappyMeowdays!\Library\ScriptAssemblies\Unity.VSCode.Editor.dll
Symbol file LoadedFromMemory is not a mono symbol file
Symbol file data-00000127FADE5E40 doesn't match image C:\Users\Sebastian\Documents\GitHub\HappyMeowDays\HappyMeowdays!\Library\ScriptAssemblies\FbxBuildTestAssets.dll
Symbol file LoadedFromMemory is not a mono symbol file
Symbol file data-00000127F9C67020 doesn't match image C:\Users\Sebastian\Documents\GitHub\HappyMeowDays\HappyMeowdays!\Library\ScriptAssemblies\Unity.Formats.Alembic.Editor.dll
Symbol file LoadedFromMemory is not a mono symbol file
Symbol file data-00000127F9C7F9D0 doesn't match image C:\Users\Sebastian\Documents\GitHub\HappyMeowDays\HappyMeowdays!\Library\ScriptAssemblies\Unity.Sequences.dll
Symbol file LoadedFromMemory is not a mono symbol file
Symbol file data-00000127F9C7F9D0 doesn't match image C:\Users\Sebastian\Documents\GitHub\HappyMeowDays\HappyMeowdays!\Library\ScriptAssemblies\Unity.TerrainTools.Editor.dll
Symbol file LoadedFromMemory is not a mono symbol file
Symbol file data-00000127F9C8FBE0 doesn't match image C:\Users\Sebastian\Documents\GitHub\HappyMeowDays\HappyMeowdays!\Library\ScriptAssemblies\Unity.ProGrids.Editor.dll
Symbol file LoadedFromMemory is not a mono symbol file
Symbol file data-00000127F9C8FBE0 doesn't match image C:\Users\Sebastian\Documents\GitHub\HappyMeowDays\HappyMeowdays!\Library\ScriptAssemblies\Unity.PlasticSCM.Editor.dll
Symbol file LoadedFromMemory is not a mono symbol file
Symbol file data-00000127F9C8FBE0 doesn't match image C:\Users\Sebastian\Documents\GitHub\HappyMeowDays\HappyMeowdays!\Library\ScriptAssemblies\Unity.ProBuilder.dll
Symbol file LoadedFromMemory is not a mono symbol file
Symbol file data-00000127F9C8FBE0 doesn't match image C:\Users\Sebastian\Documents\GitHub\HappyMeowDays\HappyMeowdays!\Library\ScriptAssemblies\Unity.Timeline.Editor.dll
Symbol file LoadedFromMemory is not a mono symbol file
Symbol file data-00000127FA675620 doesn't match image C:\Users\Sebastian\Documents\GitHub\HappyMeowDays\HappyMeowdays!\Library\ScriptAssemblies\Unity.VisualScripting.Shared.Editor.dll
Symbol file LoadedFromMemory is not a mono symbol file
Symbol file data-00000127FA675620 doesn't match image C:\Users\Sebastian\Documents\GitHub\HappyMeowDays\HappyMeowdays!\Library\ScriptAssemblies\Unity.TerrainTools.dll
Symbol file LoadedFromMemory is not a mono symbol file
Symbol file data-00000127FA675620 doesn't match image C:\Users\Sebastian\Documents\GitHub\HappyMeowDays\HappyMeowdays!\Library\ScriptAssemblies\Unity.CollabProxy.Editor.dll
Symbol file LoadedFromMemory is not a mono symbol file
Symbol file data-00000127FA932A40 doesn't match image C:\Users\Sebastian\Documents\GitHub\HappyMeowDays\HappyMeowdays!\Library\ScriptAssemblies\Unity.Recorder.Base.dll
Symbol file LoadedFromMemory is not a mono symbol file
Symbol file data-00000127F9CB8800 doesn't match image C:\Users\Sebastian\Documents\GitHub\HappyMeowDays\HappyMeowdays!\Library\ScriptAssemblies\Unity.VisualStudio.Editor.dll
Symbol file LoadedFromMemory is not a mono symbol file
Symbol file data-00000127F9CD0610 doesn't match image C:\Users\Sebastian\Documents\GitHub\HappyMeowDays\HappyMeowdays!\Library\ScriptAssemblies\UnityEditor.UI.dll
Symbol file LoadedFromMemory is not a mono symbol file
Symbol file data-00000127FA6D0020 doesn't match image C:\Users\Sebastian\Documents\GitHub\HappyMeowDays\HappyMeowdays!\Library\ScriptAssemblies\Unity.VisualScripting.Core.dll
Symbol file LoadedFromMemory is not a mono symbol file
Symbol file data-00000127FA6D0020 doesn't match image C:\Users\Sebastian\Documents\GitHub\HappyMeowDays\HappyMeowdays!\Library\ScriptAssemblies\Unity.VisualScripting.Core.Editor.dll
Symbol file LoadedFromMemory is not a mono symbol file
Symbol file data-00000127FA711430 doesn't match image C:\Users\Sebastian\Documents\GitHub\HappyMeowDays\HappyMeowdays!\Library\ScriptAssemblies\UnityEngine.UI.dll
Symbol file LoadedFromMemory is not a mono symbol file
Symbol file data-00000127F9270A20 doesn't match image C:\Users\Sebastian\Documents\GitHub\HappyMeowDays\HappyMeowdays!\Library\ScriptAssemblies\Unity.VisualScripting.Flow.Editor.dll
Symbol file LoadedFromMemory is not a mono symbol file
Symbol file data-00000127F9270A20 doesn't match image C:\Users\Sebastian\Documents\GitHub\HappyMeowDays\HappyMeowdays!\Library\ScriptAssemblies\Unity.Polybrush.dll
Symbol file LoadedFromMemory is not a mono symbol file
Symbol file data-00000127FA711430 doesn't match image C:\Users\Sebastian\Documents\GitHub\HappyMeowDays\HappyMeowdays!\Library\ScriptAssemblies\Unity.Timeline.dll
Symbol file LoadedFromMemory is not a mono symbol file
Symbol file data-00000127F938DDA0 doesn't match image C:\Users\Sebastian\Documents\GitHub\HappyMeowDays\HappyMeowdays!\Library\ScriptAssemblies\Unity.InputSystem.dll
Symbol file LoadedFromMemory is not a mono symbol file
Symbol file data-00000127FA711430 doesn't match image C:\Users\Sebastian\Documents\GitHub\HappyMeowDays\HappyMeowdays!\Library\ScriptAssemblies\Unity.ProBuilder.Editor.dll
Symbol file LoadedFromMemory is not a mono symbol file
Symbol file data-00000127F9410FB0 doesn't match image C:\Users\Sebastian\Documents\GitHub\HappyMeowDays\HappyMeowdays!\Library\ScriptAssemblies\Unity.VisualScripting.SettingsProvider.Editor.dll
Symbol file LoadedFromMemory is not a mono symbol file
Symbol file data-00000127F9294630 doesn't match image C:\Users\Sebastian\Documents\GitHub\HappyMeowDays\HappyMeowdays!\Library\ScriptAssemblies\Unity.AI.Navigation.Updater.dll
Symbol file LoadedFromMemory is not a mono symbol file
Symbol file data-00000127FA875420 doesn't match image C:\Users\Sebastian\Documents\GitHub\HappyMeowDays\HappyMeowdays!\Library\ScriptAssemblies\Autodesk.Fbx.dll
Symbol file LoadedFromMemory is not a mono symbol file
Symbol file data-00000127FA895120 doesn't match image C:\Users\Sebastian\Documents\GitHub\HappyMeowDays\HappyMeowdays!\Library\ScriptAssemblies\Unity.VisualScripting.State.Editor.dll
Symbol file LoadedFromMemory is not a mono symbol file
Symbol file data-00000127FA895120 doesn't match image C:\Users\Sebastian\Documents\GitHub\HappyMeowDays\HappyMeowdays!\Library\ScriptAssemblies\Autodesk.Fbx.Editor.dll
Symbol file LoadedFromMemory is not a mono symbol file
Symbol file data-00000127FA895120 doesn't match image C:\Users\Sebastian\Documents\GitHub\HappyMeowDays\HappyMeowdays!\Library\ScriptAssemblies\UnityEngine.TestRunner.dll
Symbol file LoadedFromMemory is not a mono symbol file
Symbol file data-00000127FA895120 doesn't match image C:\Users\Sebastian\Documents\GitHub\HappyMeowDays\HappyMeowdays!\Library\ScriptAssemblies\Unity.ProBuilder.KdTree.dll
Symbol file LoadedFromMemory is not a mono symbol file
Symbol file data-00000127FA895120 doesn't match image C:\Users\Sebastian\Documents\GitHub\HappyMeowDays\HappyMeowdays!\Library\ScriptAssemblies\Unity.Formats.Alembic.Runtime.dll
Symbol file LoadedFromMemory is not a mono symbol file
Symbol file data-00000127FACA7850 doesn't match image C:\Users\Sebastian\Documents\GitHub\HappyMeowDays\HappyMeowdays!\Library\ScriptAssemblies\Unity.TextMeshPro.Editor.dll
Symbol file LoadedFromMemory is not a mono symbol file
Symbol file data-00000127FACA7850 doesn't match image C:\Users\Sebastian\Documents\GitHub\HappyMeowDays\HappyMeowdays!\Library\ScriptAssemblies\Unity.AI.Navigation.Editor.dll
Symbol file LoadedFromMemory is not a mono symbol file
Symbol file data-00000127FACAF660 doesn't match image C:\Users\Sebastian\Documents\GitHub\HappyMeowDays\HappyMeowdays!\Library\ScriptAssemblies\Unity.VisualScripting.State.dll
Symbol file LoadedFromMemory is not a mono symbol file
Symbol file data-00000127F9419D30 doesn't match image C:\Users\Sebastian\Documents\GitHub\HappyMeowDays\HappyMeowdays!\Library\ScriptAssemblies\Cinemachine.dll
Symbol file LoadedFromMemory is not a mono symbol file
Symbol file data-00000127FA74FA60 doesn't match image C:\Users\Sebastian\Documents\GitHub\HappyMeowDays\HappyMeowdays!\Library\ScriptAssemblies\Unity.ProGrids.dll
Symbol file LoadedFromMemory is not a mono symbol file
Symbol file data-00000127FAD0A530 doesn't match image C:\Users\Sebastian\Documents\GitHub\HappyMeowDays\HappyMeowdays!\Library\ScriptAssemblies\Unity.InputSystem.TestFramework.dll
Symbol file LoadedFromMemory is not a mono symbol file
Symbol file LoadedFromMemory doesn't match image C:\Users\Sebastian\Documents\GitHub\HappyMeowDays\HappyMeowdays!\Library\PackageCache\com.unity.visualscripting@1.8.0\Editor\VisualScripting.Core\Dependencies\YamlDotNet\Unity.VisualScripting.YamlDotNet.dll
Symbol file LoadedFromMemory doesn't match image C:\Users\Sebastian\Documents\GitHub\HappyMeowDays\HappyMeowdays!\Library\PackageCache\com.unity.visualscripting@1.8.0\Editor\VisualScripting.Core\Dependencies\DotNetZip\Unity.VisualScripting.IonicZip.dll
- Loaded All Assemblies, in  1.079 seconds
Refreshing native plugins compatible for Editor in 11.36 ms, found 8 plugins.
Native extension for WindowsStandalone target not found
Mono: successfully reloaded assembly
- Finished resetting the current domain, in  0.915 seconds
Domain Reload Profiling:
	ReloadAssembly (277ms)
		BeginReloadAssembly (151ms)
			ExecutionOrderSort (0ms)
			DisableScriptedObjects (7ms)
			BackupInstance (0ms)
			ReleaseScriptingObjects (0ms)
			CreateAndSetChildDomain (23ms)
		LoadAllAssembliesAndSetupDomain (795ms)
			LoadAssemblies (421ms)
			RebuildTransferFunctionScriptingTraits (0ms)
			SetupTypeCache (437ms)
				TypeCache.Initialize (385ms)
					TypeCache.ScanAssembly (379ms)
				ResolveRequiredComponents (17ms)
		FinalizeReload (0ms)
			ReleaseScriptCaches (0ms)
			RebuildScriptCaches (0ms)
			SetupLoadedEditorAssemblies (685ms)
				LogAssemblyErrors (0ms)
				InitializePlatformSupportModulesInManaged (9ms)
				SetLoadedEditorAssemblies (5ms)
				RefreshPlugins (0ms)
				BeforeProcessingInitializeOnLoad (101ms)
				ProcessInitializeOnLoadAttributes (531ms)
				ProcessInitializeOnLoadMethodAttributes (27ms)
				AfterProcessingInitializeOnLoad (12ms)
				EditorAssembliesLoaded (0ms)
			ExecutionOrderSort2 (0ms)
			AwakeInstancesAfterBackupRestoration (6ms)
Launched and connected shader compiler UnityShaderCompiler.exe after 0.09 seconds
Refreshing native plugins compatible for Editor in 11.47 ms, found 8 plugins.
Preloading 0 native plugins for Editor in 0.00 ms.
Unloading 5023 Unused Serialized files (Serialized files now loaded: 0)
Unloading 116 unused Assets / (3.1 MB). Loaded Objects now: 5496.
Memory consumption went from 286.7 MB to 283.6 MB.
Total: 5.058300 ms (FindLiveObjects: 0.458800 ms CreateObjectMapping: 0.142400 ms MarkObjects: 3.367500 ms  DeleteObjects: 1.088600 ms)

AssetImportParameters requested are different than current active one (requested -> active):
  custom:container-demuxer-ogg: 62fdf1f143b41e24485cea50d1cbac27 -> 
  custom:video-decoder-ogg-theora: a1e56fd34408186e4bbccfd4996cb3dc -> 
  custom:framework-win-MediaFoundation: 216162199b28c13a410421893ffa2e32 -> 
  custom:container-demuxer-webm: 4f35f7cbe854078d1ac9338744f61a02 -> 
  custom:container-muxer-webm: aa71ff27fc2769a1b78a27578f13a17b -> 
  custom:video-decoder-webm-vp8: 9c59270c3fd7afecdb556c50c9e8de78 -> 
  custom:AudioImporter_EditorPlatform: d09bf68614088b80899f8185d706f6e7 -> 
  custom:video-encoder-webm-vp8: eb34c28f22e8b96e1ab97ce403110664 -> 
  custom:audio-decoder-ogg-vorbis: bf7c407c2cedff20999df2af8eb42d56 -> 
  custom:audio-encoder-webm-vorbis: bf7c407c2cedff20999df2af8eb42d56 -> 
========================================================================
Received Import Request.
  Time since last request: 8478.768451 seconds.
  path: Assets/DevDen Arch Viz Scotland/Materials/bedroom_Ceiling_1.mat
  artifactKey: Guid(699cb594af93897499bd907fa3814007) Importer(815301076,1909f56bfc062723c751e8b465ee728b)
Start importing Assets/DevDen Arch Viz Scotland/Materials/bedroom_Ceiling_1.mat using Guid(699cb594af93897499bd907fa3814007) Importer(815301076,1909f56bfc062723c751e8b465ee728b)  -> (artifact id: '49c4e1b3285e8776ebfca8d75611eb29') in 0.153984 seconds
Number of updated asset objects reloaded before import = 0
Number of asset objects unloaded after import = 1
========================================================================
Received Import Request.
  Time since last request: 0.000028 seconds.
  path: Assets/DevDen Arch Viz Scotland/Materials/bedroom_wall4.mat
  artifactKey: Guid(311aafff32c751c45a0c7fea27421fde) Importer(815301076,1909f56bfc062723c751e8b465ee728b)
Start importing Assets/DevDen Arch Viz Scotland/Materials/bedroom_wall4.mat using Guid(311aafff32c751c45a0c7fea27421fde) Importer(815301076,1909f56bfc062723c751e8b465ee728b)  -> (artifact id: '51aa3ce6e51e8ceed7c3a5052e0ee543') in 0.109587 seconds
Number of updated asset objects reloaded before import = 0
Number of asset objects unloaded after import = 4
========================================================================
Received Import Request.
  Time since last request: 0.492458 seconds.
  path: Assets/DevDen Arch Viz Scotland/Materials/bathroom_floor3.mat
  artifactKey: Guid(f8c17ff9f8feeb741aaeddeed04b5fe6) Importer(815301076,1909f56bfc062723c751e8b465ee728b)
Start importing Assets/DevDen Arch Viz Scotland/Materials/bathroom_floor3.mat using Guid(f8c17ff9f8feeb741aaeddeed04b5fe6) Importer(815301076,1909f56bfc062723c751e8b465ee728b)  -> (artifact id: 'abdb86f465803e3e2bb88b409fcb66b1') in 0.075843 seconds
Number of updated asset objects reloaded before import = 0
Number of asset objects unloaded after import = 3
========================================================================
Received Import Request.
  Time since last request: 0.000022 seconds.
  path: Assets/DevDen Arch Viz Scotland/Materials/apple.mat
  artifactKey: Guid(8204f22c4e0987a4cafd5ac5d7cdff67) Importer(815301076,1909f56bfc062723c751e8b465ee728b)
Start importing Assets/DevDen Arch Viz Scotland/Materials/apple.mat using Guid(8204f22c4e0987a4cafd5ac5d7cdff67) Importer(815301076,1909f56bfc062723c751e8b465ee728b)  -> (artifact id: 'b25c7650d6281912d074d753f3067004') in 0.016650 seconds
Number of updated asset objects reloaded before import = 0
Number of asset objects unloaded after import = 1
========================================================================
Received Import Request.
  Time since last request: 0.014740 seconds.
  path: Assets/DevDen Arch Viz Scotland/Materials/balcony_chair1.mat
  artifactKey: Guid(34bbb14a626283c4692c514dd36a6197) Importer(815301076,1909f56bfc062723c751e8b465ee728b)
Start importing Assets/DevDen Arch Viz Scotland/Materials/balcony_chair1.mat using Guid(34bbb14a626283c4692c514dd36a6197) Importer(815301076,1909f56bfc062723c751e8b465ee728b)  -> (artifact id: '0a727f88bb36f6833a99ede8126c408f') in 0.163409 seconds
Number of updated asset objects reloaded before import = 0
Number of asset objects unloaded after import = 5
========================================================================
Received Import Request.
  Time since last request: 0.000039 seconds.
  path: Assets/DevDen Arch Viz Scotland/Materials/balcony_table_2.mat
  artifactKey: Guid(36ad89314c505fd42a69c0399d23681f) Importer(815301076,1909f56bfc062723c751e8b465ee728b)
Start importing Assets/DevDen Arch Viz Scotland/Materials/balcony_table_2.mat using Guid(36ad89314c505fd42a69c0399d23681f) Importer(815301076,1909f56bfc062723c751e8b465ee728b)  -> (artifact id: 'c2beeb618da706330f2682b8561cc7b7') in 0.039008 seconds
Number of updated asset objects reloaded before import = 0
Number of asset objects unloaded after import = 5
Editor requested this worker to shutdown with reason: Scaling down because of idle timeout
TcpMessagingSession - receive error: operation aborted. errorcode: 995, details: The I/O operation has been aborted because of either a thread exit or an application request.
AssetImportWorker is now disconnected from the server
Process exiting
Exiting without the bug reporter. Application will terminate with return code 0