Using pre-set license
Built from '2022.2/staging' branch; Version is '2022.2.15f1 (30d813e1a2a9) revision 3201043'; Using compiler version '192829333'; Build Type 'Release'
OS: 'Windows 11  (10.0.22621) 64bit Core' Language: 'en' Physical Memory: 16157 MB
BatchMode: 1, IsHumanControllingUs: 0, StartBugReporterOnCrash: 0, Is64bit: 1, IsPro: 1

COMMAND LINE ARGUMENTS:
C:\Program Files\Unity\Hub\Editor\2022.2.15f1\Editor\Unity.exe
-adb2
-batchMode
-noUpm
-name
AssetImportWorker1
-projectPath
C:/Users/redma/OneDrive/Desktop/Unity Projects/HappyMeowDays/HappyMeowdays!
-logFile
Logs/AssetImportWorker1.log
-srvPort
57094
Successfully changed project path to: C:/Users/redma/OneDrive/Desktop/Unity Projects/HappyMeowDays/HappyMeowdays!
C:/Users/redma/OneDrive/Desktop/Unity Projects/HappyMeowDays/HappyMeowdays!
[UnityMemory] Configuration Parameters - Can be set up in boot.config
    "memorysetup-bucket-allocator-granularity=16"
    "memorysetup-bucket-allocator-bucket-count=8"
    "memorysetup-bucket-allocator-block-size=33554432"
    "memorysetup-bucket-allocator-block-count=8"
    "memorysetup-main-allocator-block-size=16777216"
    "memorysetup-thread-allocator-block-size=16777216"
    "memorysetup-gfx-main-allocator-block-size=16777216"
    "memorysetup-gfx-thread-allocator-block-size=16777216"
    "memorysetup-cache-allocator-block-size=4194304"
    "memorysetup-typetree-allocator-block-size=2097152"
    "memorysetup-profiler-bucket-allocator-granularity=16"
    "memorysetup-profiler-bucket-allocator-bucket-count=8"
    "memorysetup-profiler-bucket-allocator-block-size=33554432"
    "memorysetup-profiler-bucket-allocator-block-count=8"
    "memorysetup-profiler-allocator-block-size=16777216"
    "memorysetup-profiler-editor-allocator-block-size=1048576"
    "memorysetup-temp-allocator-size-main=16777216"
    "memorysetup-job-temp-allocator-block-size=2097152"
    "memorysetup-job-temp-allocator-block-size-background=1048576"
    "memorysetup-job-temp-allocator-reduction-small-platforms=262144"
    "memorysetup-temp-allocator-size-background-worker=32768"
    "memorysetup-temp-allocator-size-job-worker=262144"
    "memorysetup-temp-allocator-size-preload-manager=33554432"
    "memorysetup-temp-allocator-size-nav-mesh-worker=65536"
    "memorysetup-temp-allocator-size-audio-worker=65536"
    "memorysetup-temp-allocator-size-cloud-worker=32768"
    "memorysetup-temp-allocator-size-gi-baking-worker=262144"
    "memorysetup-temp-allocator-size-gfx=262144"
Player connection [1544] Host "[IP] 192.168.1.5 [Port] 0 [Flags] 2 [Guid] 2415127864 [EditorId] 2415127864 [Version] 1048832 [Id] WindowsEditor(7,DESKTOP-0TV3JRO) [Debug] 1 [PackageName] WindowsEditor [ProjectName] Editor" joined multi-casting on [225.0.0.222:54997]...

Player connection [1544] Host "[IP] 192.168.1.5 [Port] 0 [Flags] 2 [Guid] 2415127864 [EditorId] 2415127864 [Version] 1048832 [Id] WindowsEditor(7,DESKTOP-0TV3JRO) [Debug] 1 [PackageName] WindowsEditor [ProjectName] Editor" joined alternative multi-casting on [225.0.0.222:34997]...

Refreshing native plugins compatible for Editor in 6.44 ms, found 8 plugins.
Preloading 0 native plugins for Editor in 0.00 ms.
Initialize engine version: 2022.2.15f1 (30d813e1a2a9)
[Subsystems] Discovering subsystems at path C:/Program Files/Unity/Hub/Editor/2022.2.15f1/Editor/Data/Resources/UnitySubsystems
[Subsystems] Discovering subsystems at path C:/Users/redma/OneDrive/Desktop/Unity Projects/HappyMeowDays/HappyMeowdays!/Assets
GfxDevice: creating device client; threaded=0; jobified=0
Direct3D:
    Version:  Direct3D 11.0 [level 11.1]
    Renderer: NVIDIA GeForce RTX 3060 Ti (ID=0x2486)
    Vendor:   NVIDIA
    VRAM:     8038 MB
    Driver:   31.0.15.3179
Initialize mono
Mono path[0] = 'C:/Program Files/Unity/Hub/Editor/2022.2.15f1/Editor/Data/Managed'
Mono path[1] = 'C:/Program Files/Unity/Hub/Editor/2022.2.15f1/Editor/Data/MonoBleedingEdge/lib/mono/unityjit-win32'
Mono config path = 'C:/Program Files/Unity/Hub/Editor/2022.2.15f1/Editor/Data/MonoBleedingEdge/etc'
Using monoOptions --debugger-agent=transport=dt_socket,embedding=1,server=y,suspend=n,address=127.0.0.1:56280
Begin MonoManager ReloadAssembly
Registering precompiled unity dll's ...
Register platform support module: C:/Program Files/Unity/Hub/Editor/2022.2.15f1/Editor/Data/PlaybackEngines/WindowsStandaloneSupport/UnityEditor.WindowsStandalone.Extensions.dll
Registered in 0.003346 seconds.
- Loaded All Assemblies, in  0.191 seconds
Native extension for WindowsStandalone target not found
Mono: successfully reloaded assembly
- Finished resetting the current domain, in  0.164 seconds
Domain Reload Profiling:
	ReloadAssembly (112ms)
		BeginReloadAssembly (52ms)
			ExecutionOrderSort (0ms)
			DisableScriptedObjects (0ms)
			BackupInstance (0ms)
			ReleaseScriptingObjects (0ms)
			CreateAndSetChildDomain (0ms)
		LoadAllAssembliesAndSetupDomain (0ms)
			LoadAssemblies (50ms)
			RebuildTransferFunctionScriptingTraits (0ms)
			SetupTypeCache (75ms)
				TypeCache.Initialize (75ms)
					TypeCache.ScanAssembly (74ms)
				ResolveRequiredComponents (0ms)
		FinalizeReload (0ms)
			ReleaseScriptCaches (0ms)
			RebuildScriptCaches (0ms)
			SetupLoadedEditorAssemblies (128ms)
				LogAssemblyErrors (0ms)
				InitializePlatformSupportModulesInManaged (6ms)
				SetLoadedEditorAssemblies (5ms)
				RefreshPlugins (0ms)
				BeforeProcessingInitializeOnLoad (1ms)
				ProcessInitializeOnLoadAttributes (89ms)
				ProcessInitializeOnLoadMethodAttributes (29ms)
				AfterProcessingInitializeOnLoad (0ms)
				EditorAssembliesLoaded (0ms)
			ExecutionOrderSort2 (0ms)
			AwakeInstancesAfterBackupRestoration (0ms)
========================================================================
Worker process is ready to serve import requests
Begin MonoManager ReloadAssembly
Symbol file LoadedFromMemory doesn't match image C:\Users\redma\OneDrive\Desktop\Unity Projects\HappyMeowDays\HappyMeowdays!\Library\PackageCache\com.unity.visualscripting@1.8.0\Editor\VisualScripting.Core\Dependencies\YamlDotNet\Unity.VisualScripting.YamlDotNet.dll
Symbol file LoadedFromMemory doesn't match image C:\Users\redma\OneDrive\Desktop\Unity Projects\HappyMeowDays\HappyMeowdays!\Library\PackageCache\com.unity.visualscripting@1.8.0\Editor\VisualScripting.Core\Dependencies\DotNetZip\Unity.VisualScripting.IonicZip.dll
- Loaded All Assemblies, in  0.437 seconds
Refreshing native plugins compatible for Editor in 3.34 ms, found 8 plugins.
Native extension for WindowsStandalone target not found
Mono: successfully reloaded assembly
- Finished resetting the current domain, in  0.425 seconds
Domain Reload Profiling:
	ReloadAssembly (130ms)
		BeginReloadAssembly (76ms)
			ExecutionOrderSort (0ms)
			DisableScriptedObjects (3ms)
			BackupInstance (0ms)
			ReleaseScriptingObjects (0ms)
			CreateAndSetChildDomain (13ms)
		LoadAllAssembliesAndSetupDomain (305ms)
			LoadAssemblies (158ms)
			RebuildTransferFunctionScriptingTraits (0ms)
			SetupTypeCache (183ms)
				TypeCache.Initialize (162ms)
					TypeCache.ScanAssembly (159ms)
				ResolveRequiredComponents (6ms)
		FinalizeReload (0ms)
			ReleaseScriptCaches (0ms)
			RebuildScriptCaches (0ms)
			SetupLoadedEditorAssemblies (317ms)
				LogAssemblyErrors (0ms)
				InitializePlatformSupportModulesInManaged (3ms)
				SetLoadedEditorAssemblies (2ms)
				RefreshPlugins (0ms)
				BeforeProcessingInitializeOnLoad (42ms)
				ProcessInitializeOnLoadAttributes (252ms)
				ProcessInitializeOnLoadMethodAttributes (14ms)
				AfterProcessingInitializeOnLoad (3ms)
				EditorAssembliesLoaded (0ms)
			ExecutionOrderSort2 (0ms)
			AwakeInstancesAfterBackupRestoration (4ms)
Launched and connected shader compiler UnityShaderCompiler.exe after 0.03 seconds
Refreshing native plugins compatible for Editor in 5.74 ms, found 8 plugins.
Preloading 0 native plugins for Editor in 0.00 ms.
Unloading 4810 Unused Serialized files (Serialized files now loaded: 0)
Unloading 104 unused Assets / (2.7 MB). Loaded Objects now: 5277.
Memory consumption went from 188.5 MB to 185.8 MB.
Total: 2.917300 ms (FindLiveObjects: 0.190900 ms CreateObjectMapping: 0.108000 ms MarkObjects: 2.074200 ms  DeleteObjects: 0.540200 ms)

AssetImportParameters requested are different than current active one (requested -> active):
  custom:container-demuxer-ogg: 62fdf1f143b41e24485cea50d1cbac27 -> 
  custom:video-decoder-ogg-theora: a1e56fd34408186e4bbccfd4996cb3dc -> 
  custom:framework-win-MediaFoundation: 216162199b28c13a410421893ffa2e32 -> 
  custom:container-demuxer-webm: 4f35f7cbe854078d1ac9338744f61a02 -> 
  custom:container-muxer-webm: aa71ff27fc2769a1b78a27578f13a17b -> 
  custom:video-decoder-webm-vp8: 9c59270c3fd7afecdb556c50c9e8de78 -> 
  custom:AudioImporter_EditorPlatform: d09bf68614088b80899f8185d706f6e7 -> 
  custom:video-encoder-webm-vp8: eb34c28f22e8b96e1ab97ce403110664 -> 
  custom:audio-decoder-ogg-vorbis: bf7c407c2cedff20999df2af8eb42d56 -> 
  custom:audio-encoder-webm-vorbis: bf7c407c2cedff20999df2af8eb42d56 -> 
========================================================================
Received Import Request.
  Time since last request: 725567.069399 seconds.
  path: Assets/Scenes/VictoriaScene.unity
  artifactKey: Guid(08334361cfadbec468fbd589b560c30a) Importer(815301076,1909f56bfc062723c751e8b465ee728b)
Start importing Assets/Scenes/VictoriaScene.unity using Guid(08334361cfadbec468fbd589b560c30a) Importer(815301076,1909f56bfc062723c751e8b465ee728b)  -> (artifact id: '6d20c0d11cda2052c9ec695a78f3f892') in 0.001313 seconds
Number of updated asset objects reloaded before import = 0
Number of asset objects unloaded after import = 0
========================================================================
Received Import Request.
  Time since last request: 203.355384 seconds.
  path: Assets/Sounds/interface-124464.mp3
  artifactKey: Guid(60fb0cc23e8ae514db5a741061c56cf9) Importer(815301076,1909f56bfc062723c751e8b465ee728b)
Start importing Assets/Sounds/interface-124464.mp3 using Guid(60fb0cc23e8ae514db5a741061c56cf9) Importer(815301076,1909f56bfc062723c751e8b465ee728b)  -> (artifact id: '1fe300e5ac276db114d0aaececda93b3') in 0.067044 seconds
Number of updated asset objects reloaded before import = 0
Number of asset objects unloaded after import = 2
========================================================================
Received Prepare
Begin MonoManager ReloadAssembly
Symbol file LoadedFromMemory doesn't match image C:\Users\redma\OneDrive\Desktop\Unity Projects\HappyMeowDays\HappyMeowdays!\Library\PackageCache\com.unity.visualscripting@1.8.0\Editor\VisualScripting.Core\Dependencies\YamlDotNet\Unity.VisualScripting.YamlDotNet.dll
Symbol file LoadedFromMemory doesn't match image C:\Users\redma\OneDrive\Desktop\Unity Projects\HappyMeowDays\HappyMeowdays!\Library\PackageCache\com.unity.visualscripting@1.8.0\Editor\VisualScripting.Core\Dependencies\DotNetZip\Unity.VisualScripting.IonicZip.dll
- Loaded All Assemblies, in  0.592 seconds
Refreshing native plugins compatible for Editor in 3.29 ms, found 8 plugins.
Native extension for WindowsStandalone target not found
Mono: successfully reloaded assembly
- Finished resetting the current domain, in  0.599 seconds
Domain Reload Profiling:
	ReloadAssembly (320ms)
		BeginReloadAssembly (275ms)
			ExecutionOrderSort (0ms)
			DisableScriptedObjects (3ms)
			BackupInstance (0ms)
			ReleaseScriptingObjects (0ms)
			CreateAndSetChildDomain (26ms)
		LoadAllAssembliesAndSetupDomain (272ms)
			LoadAssemblies (151ms)
			RebuildTransferFunctionScriptingTraits (0ms)
			SetupTypeCache (156ms)
				TypeCache.Initialize (147ms)
					TypeCache.ScanAssembly (143ms)
				ResolveRequiredComponents (6ms)
		FinalizeReload (0ms)
			ReleaseScriptCaches (0ms)
			RebuildScriptCaches (0ms)
			SetupLoadedEditorAssemblies (268ms)
				LogAssemblyErrors (0ms)
				InitializePlatformSupportModulesInManaged (3ms)
				SetLoadedEditorAssemblies (2ms)
				RefreshPlugins (0ms)
				BeforeProcessingInitializeOnLoad (42ms)
				ProcessInitializeOnLoadAttributes (203ms)
				ProcessInitializeOnLoadMethodAttributes (14ms)
				AfterProcessingInitializeOnLoad (4ms)
				EditorAssembliesLoaded (0ms)
			ExecutionOrderSort2 (0ms)
			AwakeInstancesAfterBackupRestoration (4ms)
Refreshing native plugins compatible for Editor in 2.88 ms, found 8 plugins.
Preloading 0 native plugins for Editor in 0.00 ms.
Unloading 4715 Unused Serialized files (Serialized files now loaded: 0)
Unloading 88 unused Assets / (2.7 MB). Loaded Objects now: 5290.
Memory consumption went from 170.6 MB to 167.9 MB.
Total: 2.762800 ms (FindLiveObjects: 0.186600 ms CreateObjectMapping: 0.110700 ms MarkObjects: 1.916600 ms  DeleteObjects: 0.548400 ms)

Prepare: number of updated asset objects reloaded= 0
AssetImportParameters requested are different than current active one (requested -> active):
  custom:container-demuxer-ogg: 62fdf1f143b41e24485cea50d1cbac27 -> 
  custom:video-decoder-ogg-theora: a1e56fd34408186e4bbccfd4996cb3dc -> 
  custom:framework-win-MediaFoundation: 216162199b28c13a410421893ffa2e32 -> 
  custom:container-demuxer-webm: 4f35f7cbe854078d1ac9338744f61a02 -> 
  custom:container-muxer-webm: aa71ff27fc2769a1b78a27578f13a17b -> 
  custom:video-decoder-webm-vp8: 9c59270c3fd7afecdb556c50c9e8de78 -> 
  custom:AudioImporter_EditorPlatform: d09bf68614088b80899f8185d706f6e7 -> 
  custom:video-encoder-webm-vp8: eb34c28f22e8b96e1ab97ce403110664 -> 
  custom:audio-decoder-ogg-vorbis: bf7c407c2cedff20999df2af8eb42d56 -> 
  custom:audio-encoder-webm-vorbis: bf7c407c2cedff20999df2af8eb42d56 -> 
========================================================================
Received Import Request.
  Time since last request: 621.993412 seconds.
  path: Assets/Materials/ObjectMaterial/PressurPlateBase.mat
  artifactKey: Guid(fd9310341dfeacd4f81e9ba3c1708dad) Importer(815301076,1909f56bfc062723c751e8b465ee728b)
Start importing Assets/Materials/ObjectMaterial/PressurPlateBase.mat using Guid(fd9310341dfeacd4f81e9ba3c1708dad) Importer(815301076,1909f56bfc062723c751e8b465ee728b)  -> (artifact id: 'eac16a866d3b28708c577e65c7bf2327') in 0.057942 seconds
Number of updated asset objects reloaded before import = 0
Number of asset objects unloaded after import = 1
========================================================================
Received Import Request.
  Time since last request: 0.000587 seconds.
  path: Packages/com.unity.probuilder/Content/Resources/Materials/ProBuilderDefault.mat
  artifactKey: Guid(c22777d6e868e4f2fb421913386b154e) Importer(815301076,1909f56bfc062723c751e8b465ee728b)
Start importing Packages/com.unity.probuilder/Content/Resources/Materials/ProBuilderDefault.mat using Guid(c22777d6e868e4f2fb421913386b154e) Importer(815301076,1909f56bfc062723c751e8b465ee728b)  -> (artifact id: '8d97a427d879a7e9425f025838aab7b3') in 0.063917 seconds
Number of updated asset objects reloaded before import = 0
Number of asset objects unloaded after import = 2
========================================================================
Received Import Request.
  Time since last request: 0.000017 seconds.
  path: Assets/UnityAssetStore/iPoly3D/Prototype Textures/Materials/Red/Red_4.mat
  artifactKey: Guid(45cba46d4b15a3046bc41add2347e4bf) Importer(815301076,1909f56bfc062723c751e8b465ee728b)
Start importing Assets/UnityAssetStore/iPoly3D/Prototype Textures/Materials/Red/Red_4.mat using Guid(45cba46d4b15a3046bc41add2347e4bf) Importer(815301076,1909f56bfc062723c751e8b465ee728b)  -> (artifact id: '14493f6902230495219a5a462dc55f52') in 0.045641 seconds
Number of updated asset objects reloaded before import = 0
Number of asset objects unloaded after import = 2
========================================================================
Received Import Request.
  Time since last request: 0.000012 seconds.
  path: Assets/UnityAssetStore/iPoly3D/Prototype Textures/Materials/Red/Red_3.mat
  artifactKey: Guid(b143536856f156f479d5ed2222190dbc) Importer(815301076,1909f56bfc062723c751e8b465ee728b)
Start importing Assets/UnityAssetStore/iPoly3D/Prototype Textures/Materials/Red/Red_3.mat using Guid(b143536856f156f479d5ed2222190dbc) Importer(815301076,1909f56bfc062723c751e8b465ee728b)  -> (artifact id: '602526d31f05f8a3746fe4ca2697330b') in 0.046219 seconds
Number of updated asset objects reloaded before import = 0
Number of asset objects unloaded after import = 2
========================================================================
Received Import Request.
  Time since last request: 0.877117 seconds.
  path: Assets/UnityAssetStore/iPoly3D/Prototype Textures/Materials/Red/Red_8.mat
  artifactKey: Guid(6c372b6b919bc2240b465dc11fc79988) Importer(815301076,1909f56bfc062723c751e8b465ee728b)
Start importing Assets/UnityAssetStore/iPoly3D/Prototype Textures/Materials/Red/Red_8.mat using Guid(6c372b6b919bc2240b465dc11fc79988) Importer(815301076,1909f56bfc062723c751e8b465ee728b)  -> (artifact id: '314364dab59a8e363efd9be8aa8f02a4') in 0.015307 seconds
Number of updated asset objects reloaded before import = 0
Number of asset objects unloaded after import = 2
========================================================================
Received Import Request.
  Time since last request: 2.137751 seconds.
  path: Assets/UnityAssetStore/iPoly3D/Prototype Textures/Materials/Grey/Grey_7.mat
  artifactKey: Guid(930acf7ef6b366f4382b5d9078987ec0) Importer(815301076,1909f56bfc062723c751e8b465ee728b)
Start importing Assets/UnityAssetStore/iPoly3D/Prototype Textures/Materials/Grey/Grey_7.mat using Guid(930acf7ef6b366f4382b5d9078987ec0) Importer(815301076,1909f56bfc062723c751e8b465ee728b)  -> (artifact id: 'd30cbf94bb4260c4b7f81989e4ee142d') in 0.015986 seconds
Number of updated asset objects reloaded before import = 0
Number of asset objects unloaded after import = 2
========================================================================
Received Import Request.
  Time since last request: 0.000020 seconds.
  path: Assets/UnityAssetStore/iPoly3D/Prototype Textures/Materials/Grey/Grey_9.mat
  artifactKey: Guid(7817480cb43be8b409e989b9c4ab0132) Importer(815301076,1909f56bfc062723c751e8b465ee728b)
Start importing Assets/UnityAssetStore/iPoly3D/Prototype Textures/Materials/Grey/Grey_9.mat using Guid(7817480cb43be8b409e989b9c4ab0132) Importer(815301076,1909f56bfc062723c751e8b465ee728b)  -> (artifact id: '680f28e479d96caec92efa014faa4244') in 0.014520 seconds
Number of updated asset objects reloaded before import = 0
Number of asset objects unloaded after import = 2
========================================================================
Received Import Request.
  Time since last request: 1.640842 seconds.
  path: Assets/UnityAssetStore/iPoly3D/Prototype Textures/Materials/Grey/Grey_4.mat
  artifactKey: Guid(26b8dd4f94a96fa4fb84b5f77e6dec8f) Importer(815301076,1909f56bfc062723c751e8b465ee728b)
Start importing Assets/UnityAssetStore/iPoly3D/Prototype Textures/Materials/Grey/Grey_4.mat using Guid(26b8dd4f94a96fa4fb84b5f77e6dec8f) Importer(815301076,1909f56bfc062723c751e8b465ee728b)  -> (artifact id: '81d34eaaa9787db655f940b5206843f8') in 0.016055 seconds
Number of updated asset objects reloaded before import = 0
Number of asset objects unloaded after import = 2
========================================================================
Received Import Request.
  Time since last request: 156.872945 seconds.
  path: Assets/UnityAssetStore/Alstrainfinite/KitchenAppliances/Models/CoffeeMaker.fbx
  artifactKey: Guid(3241337d8654d9642b6e1340cb70c2b2) Importer(815301076,1909f56bfc062723c751e8b465ee728b)
Start importing Assets/UnityAssetStore/Alstrainfinite/KitchenAppliances/Models/CoffeeMaker.fbx using Guid(3241337d8654d9642b6e1340cb70c2b2) Importer(815301076,1909f56bfc062723c751e8b465ee728b)  -> (artifact id: 'd06902429f92d3c59037fd7c1b7587cc') in 0.056526 seconds
Number of updated asset objects reloaded before import = 0
Number of asset objects unloaded after import = 8
========================================================================
Received Import Request.
  Time since last request: 0.000014 seconds.
  path: Assets/UnityAssetStore/Alstrainfinite/KitchenAppliances/Models/FanV2.fbx
  artifactKey: Guid(c77e880e4f8b4c14a9a7d8350f9d0ce1) Importer(815301076,1909f56bfc062723c751e8b465ee728b)
Start importing Assets/UnityAssetStore/Alstrainfinite/KitchenAppliances/Models/FanV2.fbx using Guid(c77e880e4f8b4c14a9a7d8350f9d0ce1) Importer(815301076,1909f56bfc062723c751e8b465ee728b)  -> (artifact id: 'e50271cb68b6c9f27f5ce17ffdc73651') in 0.032824 seconds
Number of updated asset objects reloaded before import = 0
Number of asset objects unloaded after import = 8
========================================================================
Received Import Request.
  Time since last request: 0.000010 seconds.
  path: Assets/UnityAssetStore/Alstrainfinite/KitchenAppliances/Models/Seperated For Animation/Stove.fbx
  artifactKey: Guid(18925ea6c93987e49979c5fcda598980) Importer(815301076,1909f56bfc062723c751e8b465ee728b)
Start importing Assets/UnityAssetStore/Alstrainfinite/KitchenAppliances/Models/Seperated For Animation/Stove.fbx using Guid(18925ea6c93987e49979c5fcda598980) Importer(815301076,1909f56bfc062723c751e8b465ee728b)  -> (artifact id: '15640c835f6340a84f0daf39f0bc24cc') in 0.113757 seconds
Number of updated asset objects reloaded before import = 0
Number of asset objects unloaded after import = 48
========================================================================
Received Import Request.
  Time since last request: 0.523155 seconds.
  path: Assets/UnityAssetStore/iPoly3D/Prototype Textures/Materials/Blue/Blue_2.mat
  artifactKey: Guid(4cc73f247dcc2e841a79a5290b72c2c4) Importer(815301076,1909f56bfc062723c751e8b465ee728b)
Start importing Assets/UnityAssetStore/iPoly3D/Prototype Textures/Materials/Blue/Blue_2.mat using Guid(4cc73f247dcc2e841a79a5290b72c2c4) Importer(815301076,1909f56bfc062723c751e8b465ee728b)  -> (artifact id: 'a93b4a3f5f430385b68543bd26f6db57') in 0.019324 seconds
Number of updated asset objects reloaded before import = 0
Number of asset objects unloaded after import = 2
========================================================================
Received Import Request.
  Time since last request: 0.000014 seconds.
  path: Assets/UnityAssetStore/iPoly3D/Prototype Textures/Materials/Blue/Blue_4.mat
  artifactKey: Guid(fdacfbae24d30ee4b824d4f347c7bb0f) Importer(815301076,1909f56bfc062723c751e8b465ee728b)
Start importing Assets/UnityAssetStore/iPoly3D/Prototype Textures/Materials/Blue/Blue_4.mat using Guid(fdacfbae24d30ee4b824d4f347c7bb0f) Importer(815301076,1909f56bfc062723c751e8b465ee728b)  -> (artifact id: 'e02a8f288e39ff1a683008c03ce480d7') in 0.009580 seconds
Number of updated asset objects reloaded before import = 0
Number of asset objects unloaded after import = 2
========================================================================
Received Import Request.
  Time since last request: 0.000013 seconds.
  path: Assets/UnityAssetStore/iPoly3D/Prototype Textures/Materials/Blue/Blue_6.mat
  artifactKey: Guid(f7b4e7377158c1740b192553e8edbd41) Importer(815301076,1909f56bfc062723c751e8b465ee728b)
Start importing Assets/UnityAssetStore/iPoly3D/Prototype Textures/Materials/Blue/Blue_6.mat using Guid(f7b4e7377158c1740b192553e8edbd41) Importer(815301076,1909f56bfc062723c751e8b465ee728b)  -> (artifact id: 'c95cfe2f59d419bb9abf3cc85cc5bbb0') in 0.013936 seconds
Number of updated asset objects reloaded before import = 0
Number of asset objects unloaded after import = 2
========================================================================
Received Import Request.
  Time since last request: 0.000013 seconds.
  path: Assets/UnityAssetStore/iPoly3D/Prototype Textures/Materials/Blue/Blue_3.mat
  artifactKey: Guid(1d1dbf679a83bcb4a85b9af7c0dee44e) Importer(815301076,1909f56bfc062723c751e8b465ee728b)
Start importing Assets/UnityAssetStore/iPoly3D/Prototype Textures/Materials/Blue/Blue_3.mat using Guid(1d1dbf679a83bcb4a85b9af7c0dee44e) Importer(815301076,1909f56bfc062723c751e8b465ee728b)  -> (artifact id: '63dc9aac5d7728c2501bb11e4be5f495') in 0.008736 seconds
Number of updated asset objects reloaded before import = 0
Number of asset objects unloaded after import = 2
Editor requested this worker to shutdown with reason: Scaling down because of idle timeout
TcpMessagingSession - receive error
AssetImportWorkerClient::OnTransportError - code=2 error=End of file
AssetImportWorker is now disconnected from the server
Process exiting
Exiting without the bug reporter. Application will terminate with return code 0