Using pre-set license
Built from '2022.2/staging' branch; Version is '2022.2.15f1 (30d813e1a2a9) revision 3201043'; Using compiler version '192829333'; Build Type 'Release'
OS: 'Windows 11  (10.0.22621) 64bit Core' Language: 'zh' Physical Memory: 16085 MB
BatchMode: 1, IsHumanControllingUs: 0, StartBugReporterOnCrash: 0, Is64bit: 1, IsPro: 1

COMMAND LINE ARGUMENTS:
E:\unity\2022.2.15f1\Editor\Unity.exe
-adb2
-batchMode
-noUpm
-name
AssetImportWorker7
-projectPath
E:/unity/HappyMeowDays/HappyMeowdays!
-logFile
Logs/AssetImportWorker7.log
-srvPort
58460
Successfully changed project path to: E:/unity/HappyMeowDays/HappyMeowdays!
E:/unity/HappyMeowDays/HappyMeowdays!
[UnityMemory] Configuration Parameters - Can be set up in boot.config
    "memorysetup-bucket-allocator-granularity=16"
    "memorysetup-bucket-allocator-bucket-count=8"
    "memorysetup-bucket-allocator-block-size=33554432"
    "memorysetup-bucket-allocator-block-count=8"
    "memorysetup-main-allocator-block-size=16777216"
    "memorysetup-thread-allocator-block-size=16777216"
    "memorysetup-gfx-main-allocator-block-size=16777216"
    "memorysetup-gfx-thread-allocator-block-size=16777216"
    "memorysetup-cache-allocator-block-size=4194304"
    "memorysetup-typetree-allocator-block-size=2097152"
    "memorysetup-profiler-bucket-allocator-granularity=16"
    "memorysetup-profiler-bucket-allocator-bucket-count=8"
    "memorysetup-profiler-bucket-allocator-block-size=33554432"
    "memorysetup-profiler-bucket-allocator-block-count=8"
    "memorysetup-profiler-allocator-block-size=16777216"
    "memorysetup-profiler-editor-allocator-block-size=1048576"
    "memorysetup-temp-allocator-size-main=16777216"
    "memorysetup-job-temp-allocator-block-size=2097152"
    "memorysetup-job-temp-allocator-block-size-background=1048576"
    "memorysetup-job-temp-allocator-reduction-small-platforms=262144"
    "memorysetup-temp-allocator-size-background-worker=32768"
    "memorysetup-temp-allocator-size-job-worker=262144"
    "memorysetup-temp-allocator-size-preload-manager=33554432"
    "memorysetup-temp-allocator-size-nav-mesh-worker=65536"
    "memorysetup-temp-allocator-size-audio-worker=65536"
    "memorysetup-temp-allocator-size-cloud-worker=32768"
    "memorysetup-temp-allocator-size-gi-baking-worker=262144"
    "memorysetup-temp-allocator-size-gfx=262144"
Player connection [6912] Host "[IP] 192.168.222.1 [Port] 0 [Flags] 2 [Guid] 671670706 [EditorId] 671670706 [Version] 1048832 [Id] WindowsEditor(7,mikuhjc) [Debug] 1 [PackageName] WindowsEditor [ProjectName] Editor" joined multi-casting on [225.0.0.222:54997]...

Player connection [6912] Host "[IP] 192.168.222.1 [Port] 0 [Flags] 2 [Guid] 671670706 [EditorId] 671670706 [Version] 1048832 [Id] WindowsEditor(7,mikuhjc) [Debug] 1 [PackageName] WindowsEditor [ProjectName] Editor" joined alternative multi-casting on [225.0.0.222:34997]...

Refreshing native plugins compatible for Editor in 21.28 ms, found 8 plugins.
Preloading 0 native plugins for Editor in 0.00 ms.
Initialize engine version: 2022.2.15f1 (30d813e1a2a9)
[Subsystems] Discovering subsystems at path E:/unity/2022.2.15f1/Editor/Data/Resources/UnitySubsystems
[Subsystems] Discovering subsystems at path E:/unity/HappyMeowDays/HappyMeowdays!/Assets
GfxDevice: creating device client; threaded=0; jobified=0
Direct3D:
    Version:  Direct3D 11.0 [level 11.1]
    Renderer: NVIDIA GeForce RTX 3060 Laptop GPU (ID=0x2520)
    Vendor:   NVIDIA
    VRAM:     6023 MB
    Driver:   31.0.15.1659
Initialize mono
Mono path[0] = 'E:/unity/2022.2.15f1/Editor/Data/Managed'
Mono path[1] = 'E:/unity/2022.2.15f1/Editor/Data/MonoBleedingEdge/lib/mono/unityjit-win32'
Mono config path = 'E:/unity/2022.2.15f1/Editor/Data/MonoBleedingEdge/etc'
Using monoOptions --debugger-agent=transport=dt_socket,embedding=1,server=y,suspend=n,address=127.0.0.1:56952
Begin MonoManager ReloadAssembly
Registering precompiled unity dll's ...
Register platform support module: E:/unity/2022.2.15f1/Editor/Data/PlaybackEngines/WindowsStandaloneSupport/UnityEditor.WindowsStandalone.Extensions.dll
Registered in 0.006236 seconds.
- Loaded All Assemblies, in  0.697 seconds
Native extension for WindowsStandalone target not found
Mono: successfully reloaded assembly
- Finished resetting the current domain, in  0.675 seconds
Domain Reload Profiling:
	ReloadAssembly (398ms)
		BeginReloadAssembly (230ms)
			ExecutionOrderSort (0ms)
			DisableScriptedObjects (0ms)
			BackupInstance (0ms)
			ReleaseScriptingObjects (0ms)
			CreateAndSetChildDomain (2ms)
		LoadAllAssembliesAndSetupDomain (0ms)
			LoadAssemblies (227ms)
			RebuildTransferFunctionScriptingTraits (0ms)
			SetupTypeCache (292ms)
				TypeCache.Initialize (291ms)
					TypeCache.ScanAssembly (287ms)
				ResolveRequiredComponents (1ms)
		FinalizeReload (0ms)
			ReleaseScriptCaches (0ms)
			RebuildScriptCaches (0ms)
			SetupLoadedEditorAssemblies (508ms)
				LogAssemblyErrors (0ms)
				InitializePlatformSupportModulesInManaged (24ms)
				SetLoadedEditorAssemblies (18ms)
				RefreshPlugins (0ms)
				BeforeProcessingInitializeOnLoad (2ms)
				ProcessInitializeOnLoadAttributes (370ms)
				ProcessInitializeOnLoadMethodAttributes (94ms)
				AfterProcessingInitializeOnLoad (0ms)
				EditorAssembliesLoaded (0ms)
			ExecutionOrderSort2 (0ms)
			AwakeInstancesAfterBackupRestoration (0ms)
========================================================================
Worker process is ready to serve import requests
Begin MonoManager ReloadAssembly
Symbol file data-000001CFD5DD5A60 doesn't match image E:\unity\HappyMeowDays\HappyMeowdays!\Library\ScriptAssemblies\Unity.Recorder.Editor.dll
Symbol file LoadedFromMemory is not a mono symbol file
Symbol file data-000001CFD5343010 doesn't match image E:\unity\HappyMeowDays\HappyMeowdays!\Library\ScriptAssemblies\Unity.Sequences.Editor.dll
Symbol file LoadedFromMemory is not a mono symbol file
Symbol file data-000001CFB179FA80 doesn't match image E:\unity\HappyMeowDays\HappyMeowdays!\Library\ScriptAssemblies\com.unity.cinemachine.editor.dll
Symbol file LoadedFromMemory is not a mono symbol file
Symbol file data-000001CFD5E5A650 doesn't match image E:\unity\HappyMeowDays\HappyMeowdays!\Library\ScriptAssemblies\Unity.AI.Navigation.dll
Symbol file LoadedFromMemory is not a mono symbol file
Symbol file data-000001CFD5E5A650 doesn't match image E:\unity\HappyMeowDays\HappyMeowdays!\Library\ScriptAssemblies\Unity.ProBuilder.Stl.dll
Symbol file LoadedFromMemory is not a mono symbol file
Symbol file data-000001CFD5E5A650 doesn't match image E:\unity\HappyMeowDays\HappyMeowdays!\Library\ScriptAssemblies\Unity.ProBuilder.AddOns.Editor.dll
Symbol file LoadedFromMemory is not a mono symbol file
Symbol file data-000001CFD5E5A650 doesn't match image E:\unity\HappyMeowDays\HappyMeowdays!\Library\ScriptAssemblies\Unity.Rider.Editor.dll
Symbol file LoadedFromMemory is not a mono symbol file
Symbol file data-000001CFD5E5A650 doesn't match image E:\unity\HappyMeowDays\HappyMeowdays!\Library\ScriptAssemblies\Unity.ProBuilder.Csg.dll
Symbol file LoadedFromMemory is not a mono symbol file
Symbol file data-000001CFD5E5A650 doesn't match image E:\unity\HappyMeowDays\HappyMeowdays!\Library\ScriptAssemblies\Unity.Formats.Fbx.Runtime.dll
Symbol file LoadedFromMemory is not a mono symbol file
Symbol file data-000001CFB17B4090 doesn't match image E:\unity\HappyMeowDays\HappyMeowdays!\Library\ScriptAssemblies\UnityEditor.TestRunner.dll
Symbol file LoadedFromMemory is not a mono symbol file
Symbol file data-000001CFB17B4090 doesn't match image E:\unity\HappyMeowDays\HappyMeowdays!\Library\ScriptAssemblies\Unity.VisualScripting.Flow.dll
Symbol file LoadedFromMemory is not a mono symbol file
Symbol file data-000001CFD5A39620 doesn't match image E:\unity\HappyMeowDays\HappyMeowdays!\Library\ScriptAssemblies\Unity.Polybrush.Editor.dll
Symbol file LoadedFromMemory is not a mono symbol file
Symbol file data-000001CFD5A39620 doesn't match image E:\unity\HappyMeowDays\HappyMeowdays!\Library\ScriptAssemblies\Unity.Formats.Fbx.Editor.dll
Symbol file LoadedFromMemory is not a mono symbol file
Symbol file data-000001CFD5A39620 doesn't match image E:\unity\HappyMeowDays\HappyMeowdays!\Library\ScriptAssemblies\Unity.ProBuilder.Poly2Tri.dll
Symbol file LoadedFromMemory is not a mono symbol file
Symbol file data-000001CFB17E30A0 doesn't match image E:\unity\HappyMeowDays\HappyMeowdays!\Library\ScriptAssemblies\Unity.Settings.Editor.dll
Symbol file LoadedFromMemory is not a mono symbol file
Symbol file data-000001CFD69D0010 doesn't match image E:\unity\HappyMeowDays\HappyMeowdays!\Library\ScriptAssemblies\Unity.TextMeshPro.dll
Symbol file LoadedFromMemory is not a mono symbol file
Symbol file data-000001CFD5A43A30 doesn't match image E:\unity\HappyMeowDays\HappyMeowdays!\Library\ScriptAssemblies\Unity.Recorder.dll
Symbol file LoadedFromMemory is not a mono symbol file
Symbol file data-000001CFD6BEC020 doesn't match image E:\unity\HappyMeowDays\HappyMeowdays!\Library\ScriptAssemblies\Unity.ProBuilder.AssetIdRemapUtility.dll
Symbol file LoadedFromMemory is not a mono symbol file
Symbol file data-000001CFD6BF2030 doesn't match image E:\unity\HappyMeowDays\HappyMeowdays!\Library\ScriptAssemblies\Unity.AI.Navigation.Editor.ConversionSystem.dll
Symbol file LoadedFromMemory is not a mono symbol file
Symbol file data-000001CFD69DBE20 doesn't match image E:\unity\HappyMeowDays\HappyMeowdays!\Library\ScriptAssemblies\Unity.VSCode.Editor.dll
Symbol file LoadedFromMemory is not a mono symbol file
Symbol file data-000001CFD6BF2030 doesn't match image E:\unity\HappyMeowDays\HappyMeowdays!\Library\ScriptAssemblies\FbxBuildTestAssets.dll
Symbol file LoadedFromMemory is not a mono symbol file
Symbol file data-000001CFD69F9640 doesn't match image E:\unity\HappyMeowDays\HappyMeowdays!\Library\ScriptAssemblies\Unity.Formats.Alembic.Editor.dll
Symbol file LoadedFromMemory is not a mono symbol file
Symbol file data-000001CFD6A06050 doesn't match image E:\unity\HappyMeowDays\HappyMeowdays!\Library\ScriptAssemblies\Unity.Sequences.dll
Symbol file LoadedFromMemory is not a mono symbol file
Symbol file data-000001CFD51D1030 doesn't match image E:\unity\HappyMeowDays\HappyMeowdays!\Library\ScriptAssemblies\Unity.TerrainTools.Editor.dll
Symbol file LoadedFromMemory is not a mono symbol file
Symbol file data-000001CFD6A16260 doesn't match image E:\unity\HappyMeowDays\HappyMeowdays!\Library\ScriptAssemblies\Unity.ProGrids.Editor.dll
Symbol file LoadedFromMemory is not a mono symbol file
Symbol file data-000001CFD51D1030 doesn't match image E:\unity\HappyMeowDays\HappyMeowdays!\Library\ScriptAssemblies\Unity.PlasticSCM.Editor.dll
Symbol file LoadedFromMemory is not a mono symbol file
Symbol file data-000001CFD51D1030 doesn't match image E:\unity\HappyMeowDays\HappyMeowdays!\Library\ScriptAssemblies\Unity.ProBuilder.dll
Symbol file LoadedFromMemory is not a mono symbol file
Symbol file data-000001CFD51D1030 doesn't match image E:\unity\HappyMeowDays\HappyMeowdays!\Library\ScriptAssemblies\Unity.Timeline.Editor.dll
Symbol file LoadedFromMemory is not a mono symbol file
Symbol file data-000001CFD6C07AF0 doesn't match image E:\unity\HappyMeowDays\HappyMeowdays!\Library\ScriptAssemblies\Unity.VisualScripting.Shared.Editor.dll
Symbol file LoadedFromMemory is not a mono symbol file
Symbol file data-000001CFD6C07AF0 doesn't match image E:\unity\HappyMeowDays\HappyMeowdays!\Library\ScriptAssemblies\Unity.TerrainTools.dll
Symbol file LoadedFromMemory is not a mono symbol file
Symbol file data-000001CFD6C07AF0 doesn't match image E:\unity\HappyMeowDays\HappyMeowdays!\Library\ScriptAssemblies\Unity.CollabProxy.Editor.dll
Symbol file LoadedFromMemory is not a mono symbol file
Symbol file data-000001CFD68AF690 doesn't match image E:\unity\HappyMeowDays\HappyMeowdays!\Library\ScriptAssemblies\Unity.Recorder.Base.dll
Symbol file LoadedFromMemory is not a mono symbol file
Symbol file data-000001CFD6A16260 doesn't match image E:\unity\HappyMeowDays\HappyMeowdays!\Library\ScriptAssemblies\Unity.VisualStudio.Editor.dll
Symbol file LoadedFromMemory is not a mono symbol file
Symbol file data-000001CFD6A16260 doesn't match image E:\unity\HappyMeowDays\HappyMeowdays!\Library\ScriptAssemblies\UnityEditor.UI.dll
Symbol file LoadedFromMemory is not a mono symbol file
Symbol file data-000001CFD51D1030 doesn't match image E:\unity\HappyMeowDays\HappyMeowdays!\Library\ScriptAssemblies\Unity.VisualScripting.Core.dll
Symbol file LoadedFromMemory is not a mono symbol file
Symbol file data-000001CFD5588F60 doesn't match image E:\unity\HappyMeowDays\HappyMeowdays!\Library\ScriptAssemblies\Unity.VisualScripting.Core.Editor.dll
Symbol file LoadedFromMemory is not a mono symbol file
Symbol file data-000001CFD56DF490 doesn't match image E:\unity\HappyMeowDays\HappyMeowdays!\Library\ScriptAssemblies\UnityEngine.UI.dll
Symbol file LoadedFromMemory is not a mono symbol file
Symbol file data-000001CFD56DF490 doesn't match image E:\unity\HappyMeowDays\HappyMeowdays!\Library\ScriptAssemblies\Unity.VisualScripting.Flow.Editor.dll
Symbol file LoadedFromMemory is not a mono symbol file
Symbol file data-000001CFD6B72030 doesn't match image E:\unity\HappyMeowDays\HappyMeowdays!\Library\ScriptAssemblies\Unity.Polybrush.dll
Symbol file LoadedFromMemory is not a mono symbol file
Symbol file data-000001CFD56DF490 doesn't match image E:\unity\HappyMeowDays\HappyMeowdays!\Library\ScriptAssemblies\Unity.Timeline.dll
Symbol file LoadedFromMemory is not a mono symbol file
Symbol file data-000001CFD6DC8010 doesn't match image E:\unity\HappyMeowDays\HappyMeowdays!\Library\ScriptAssemblies\Unity.InputSystem.dll
Symbol file LoadedFromMemory is not a mono symbol file
Symbol file data-000001CFD55ACB70 doesn't match image E:\unity\HappyMeowDays\HappyMeowdays!\Library\ScriptAssemblies\Unity.ProBuilder.Editor.dll
Symbol file LoadedFromMemory is not a mono symbol file
Symbol file data-000001CFD521EC50 doesn't match image E:\unity\HappyMeowDays\HappyMeowdays!\Library\ScriptAssemblies\Unity.VisualScripting.SettingsProvider.Editor.dll
Symbol file LoadedFromMemory is not a mono symbol file
Symbol file data-000001CFD6A1A270 doesn't match image E:\unity\HappyMeowDays\HappyMeowdays!\Library\ScriptAssemblies\Unity.AI.Navigation.Updater.dll
Symbol file LoadedFromMemory is not a mono symbol file
Symbol file data-000001CFD56DF490 doesn't match image E:\unity\HappyMeowDays\HappyMeowdays!\Library\ScriptAssemblies\Autodesk.Fbx.dll
Symbol file LoadedFromMemory is not a mono symbol file
Symbol file data-000001CFB150A970 doesn't match image E:\unity\HappyMeowDays\HappyMeowdays!\Library\ScriptAssemblies\UnityEngine.TestRunner.dll
Symbol file LoadedFromMemory is not a mono symbol file
Symbol file data-000001CFD6B72030 doesn't match image E:\unity\HappyMeowDays\HappyMeowdays!\Library\ScriptAssemblies\Unity.VisualScripting.State.Editor.dll
Symbol file LoadedFromMemory is not a mono symbol file
Symbol file data-000001CFD6E5B230 doesn't match image E:\unity\HappyMeowDays\HappyMeowdays!\Library\ScriptAssemblies\Autodesk.Fbx.Editor.dll
Symbol file LoadedFromMemory is not a mono symbol file
Symbol file data-000001CFD6B77240 doesn't match image E:\unity\HappyMeowDays\HappyMeowdays!\Library\ScriptAssemblies\Unity.ProBuilder.KdTree.dll
Symbol file LoadedFromMemory is not a mono symbol file
Symbol file data-000001CFB153FF90 doesn't match image E:\unity\HappyMeowDays\HappyMeowdays!\Library\ScriptAssemblies\Unity.Formats.Alembic.Runtime.dll
Symbol file LoadedFromMemory is not a mono symbol file
Symbol file data-000001CFB1597A70 doesn't match image E:\unity\HappyMeowDays\HappyMeowdays!\Library\ScriptAssemblies\Unity.TextMeshPro.Editor.dll
Symbol file LoadedFromMemory is not a mono symbol file
Symbol file data-000001CFB1597A70 doesn't match image E:\unity\HappyMeowDays\HappyMeowdays!\Library\ScriptAssemblies\Unity.AI.Navigation.Editor.dll
Symbol file LoadedFromMemory is not a mono symbol file
Symbol file data-000001CFD6B77240 doesn't match image E:\unity\HappyMeowDays\HappyMeowdays!\Library\ScriptAssemblies\Unity.VisualScripting.State.dll
Symbol file LoadedFromMemory is not a mono symbol file
Symbol file data-000001CFD70DF040 doesn't match image E:\unity\HappyMeowDays\HappyMeowdays!\Library\ScriptAssemblies\Cinemachine.dll
Symbol file LoadedFromMemory is not a mono symbol file
Symbol file data-000001CFD6E5B230 doesn't match image E:\unity\HappyMeowDays\HappyMeowdays!\Library\ScriptAssemblies\Unity.ProGrids.dll
Symbol file LoadedFromMemory is not a mono symbol file
Symbol file data-000001CFD6B77240 doesn't match image E:\unity\HappyMeowDays\HappyMeowdays!\Library\ScriptAssemblies\Unity.InputSystem.TestFramework.dll
Symbol file LoadedFromMemory is not a mono symbol file
Symbol file LoadedFromMemory doesn't match image E:\unity\HappyMeowDays\HappyMeowdays!\Library\PackageCache\com.unity.visualscripting@1.8.0\Editor\VisualScripting.Core\Dependencies\YamlDotNet\Unity.VisualScripting.YamlDotNet.dll
Symbol file LoadedFromMemory doesn't match image E:\unity\HappyMeowDays\HappyMeowdays!\Library\PackageCache\com.unity.visualscripting@1.8.0\Editor\VisualScripting.Core\Dependencies\DotNetZip\Unity.VisualScripting.IonicZip.dll
- Loaded All Assemblies, in  1.409 seconds
Refreshing native plugins compatible for Editor in 8.21 ms, found 8 plugins.
Native extension for WindowsStandalone target not found
Mono: successfully reloaded assembly
- Finished resetting the current domain, in  1.382 seconds
Domain Reload Profiling:
	ReloadAssembly (276ms)
		BeginReloadAssembly (154ms)
			ExecutionOrderSort (0ms)
			DisableScriptedObjects (7ms)
			BackupInstance (0ms)
			ReleaseScriptingObjects (0ms)
			CreateAndSetChildDomain (28ms)
		LoadAllAssembliesAndSetupDomain (1133ms)
			LoadAssemblies (379ms)
			RebuildTransferFunctionScriptingTraits (0ms)
			SetupTypeCache (816ms)
				TypeCache.Initialize (723ms)
					TypeCache.ScanAssembly (711ms)
				ResolveRequiredComponents (34ms)
		FinalizeReload (0ms)
			ReleaseScriptCaches (0ms)
			RebuildScriptCaches (0ms)
			SetupLoadedEditorAssemblies (773ms)
				LogAssemblyErrors (0ms)
				InitializePlatformSupportModulesInManaged (7ms)
				SetLoadedEditorAssemblies (7ms)
				RefreshPlugins (0ms)
				BeforeProcessingInitializeOnLoad (283ms)
				ProcessInitializeOnLoadAttributes (448ms)
				ProcessInitializeOnLoadMethodAttributes (26ms)
				AfterProcessingInitializeOnLoad (2ms)
				EditorAssembliesLoaded (0ms)
			ExecutionOrderSort2 (0ms)
			AwakeInstancesAfterBackupRestoration (6ms)
Launched and connected shader compiler UnityShaderCompiler.exe after 0.05 seconds
Refreshing native plugins compatible for Editor in 3.66 ms, found 8 plugins.
Preloading 0 native plugins for Editor in 0.00 ms.
Unloading 4941 Unused Serialized files (Serialized files now loaded: 0)
Unloading 106 unused Assets / (3.0 MB). Loaded Objects now: 5414.
Memory consumption went from 201.1 MB to 198.1 MB.
Total: 4.198500 ms (FindLiveObjects: 0.438800 ms CreateObjectMapping: 0.184700 ms MarkObjects: 2.419800 ms  DeleteObjects: 1.154100 ms)

AssetImportParameters requested are different than current active one (requested -> active):
  custom:container-demuxer-ogg: 62fdf1f143b41e24485cea50d1cbac27 -> 
  custom:video-decoder-ogg-theora: a1e56fd34408186e4bbccfd4996cb3dc -> 
  custom:framework-win-MediaFoundation: 216162199b28c13a410421893ffa2e32 -> 
  custom:scripting/monoscript/fileName/NewBehaviourScript.cs: b21687ddb03d73bd9f0c1daecb9714de -> 
  custom:container-demuxer-webm: 4f35f7cbe854078d1ac9338744f61a02 -> 
  custom:container-muxer-webm: aa71ff27fc2769a1b78a27578f13a17b -> 
  custom:video-decoder-webm-vp8: 9c59270c3fd7afecdb556c50c9e8de78 -> 
  custom:AudioImporter_EditorPlatform: d09bf68614088b80899f8185d706f6e7 -> 
  custom:video-encoder-webm-vp8: eb34c28f22e8b96e1ab97ce403110664 -> 
  custom:audio-decoder-ogg-vorbis: bf7c407c2cedff20999df2af8eb42d56 -> 
  custom:audio-encoder-webm-vorbis: bf7c407c2cedff20999df2af8eb42d56 -> 
========================================================================
Received Prepare
Begin MonoManager ReloadAssembly
Symbol file data-000001CFE04D0010 doesn't match image E:\unity\HappyMeowDays\HappyMeowdays!\Library\ScriptAssemblies\Unity.Recorder.Editor.dll
Symbol file LoadedFromMemory is not a mono symbol file
Symbol file data-000001CFD5C0B020 doesn't match image E:\unity\HappyMeowDays\HappyMeowdays!\Library\ScriptAssemblies\Unity.Sequences.Editor.dll
Symbol file LoadedFromMemory is not a mono symbol file
Symbol file data-000001CFD5102970 doesn't match image E:\unity\HappyMeowDays\HappyMeowdays!\Library\ScriptAssemblies\com.unity.cinemachine.editor.dll
Symbol file LoadedFromMemory is not a mono symbol file
Symbol file data-000001CFD5F72080 doesn't match image E:\unity\HappyMeowDays\HappyMeowdays!\Library\ScriptAssemblies\Unity.AI.Navigation.dll
Symbol file LoadedFromMemory is not a mono symbol file
Symbol file data-000001CFD5F72080 doesn't match image E:\unity\HappyMeowDays\HappyMeowdays!\Library\ScriptAssemblies\Unity.ProBuilder.Stl.dll
Symbol file LoadedFromMemory is not a mono symbol file
Symbol file data-000001CFD5F72080 doesn't match image E:\unity\HappyMeowDays\HappyMeowdays!\Library\ScriptAssemblies\Unity.ProBuilder.AddOns.Editor.dll
Symbol file LoadedFromMemory is not a mono symbol file
Symbol file data-000001CFD5F72080 doesn't match image E:\unity\HappyMeowDays\HappyMeowdays!\Library\ScriptAssemblies\Unity.Rider.Editor.dll
Symbol file LoadedFromMemory is not a mono symbol file
Symbol file data-000001CFD5F76690 doesn't match image E:\unity\HappyMeowDays\HappyMeowdays!\Library\ScriptAssemblies\Unity.ProBuilder.Csg.dll
Symbol file LoadedFromMemory is not a mono symbol file
Symbol file data-000001CFD5F76690 doesn't match image E:\unity\HappyMeowDays\HappyMeowdays!\Library\ScriptAssemblies\Unity.Formats.Fbx.Runtime.dll
Symbol file LoadedFromMemory is not a mono symbol file
Symbol file data-000001CFD5102970 doesn't match image E:\unity\HappyMeowDays\HappyMeowdays!\Library\ScriptAssemblies\UnityEditor.TestRunner.dll
Symbol file LoadedFromMemory is not a mono symbol file
Symbol file data-000001CFD5F36020 doesn't match image E:\unity\HappyMeowDays\HappyMeowdays!\Library\ScriptAssemblies\Unity.VisualScripting.Flow.dll
Symbol file LoadedFromMemory is not a mono symbol file
Symbol file data-000001CFD5ACC020 doesn't match image E:\unity\HappyMeowDays\HappyMeowdays!\Library\ScriptAssemblies\Unity.Polybrush.Editor.dll
Symbol file LoadedFromMemory is not a mono symbol file
Symbol file data-000001CFD5ACC020 doesn't match image E:\unity\HappyMeowDays\HappyMeowdays!\Library\ScriptAssemblies\Unity.Formats.Fbx.Editor.dll
Symbol file LoadedFromMemory is not a mono symbol file
Symbol file data-000001CFE0A1B020 doesn't match image E:\unity\HappyMeowDays\HappyMeowdays!\Library\ScriptAssemblies\Unity.ProBuilder.Poly2Tri.dll
Symbol file LoadedFromMemory is not a mono symbol file
Symbol file data-000001CFD5C60010 doesn't match image E:\unity\HappyMeowDays\HappyMeowdays!\Library\ScriptAssemblies\Unity.Settings.Editor.dll
Symbol file LoadedFromMemory is not a mono symbol file
Symbol file data-000001CFD5E36040 doesn't match image E:\unity\HappyMeowDays\HappyMeowdays!\Library\ScriptAssemblies\Unity.TextMeshPro.dll
Symbol file LoadedFromMemory is not a mono symbol file
Symbol file data-000001CFD5C69040 doesn't match image E:\unity\HappyMeowDays\HappyMeowdays!\Library\ScriptAssemblies\Unity.Recorder.dll
Symbol file LoadedFromMemory is not a mono symbol file
Symbol file data-000001CFD5E27230 doesn't match image E:\unity\HappyMeowDays\HappyMeowdays!\Library\ScriptAssemblies\Unity.ProBuilder.AssetIdRemapUtility.dll
Symbol file LoadedFromMemory is not a mono symbol file
Symbol file data-000001CFD5E27230 doesn't match image E:\unity\HappyMeowDays\HappyMeowdays!\Library\ScriptAssemblies\Unity.AI.Navigation.Editor.ConversionSystem.dll
Symbol file LoadedFromMemory is not a mono symbol file
Symbol file data-000001CFD5E27230 doesn't match image E:\unity\HappyMeowDays\HappyMeowdays!\Library\ScriptAssemblies\Unity.VSCode.Editor.dll
Symbol file LoadedFromMemory is not a mono symbol file
Symbol file data-000001CFD89CBE20 doesn't match image E:\unity\HappyMeowDays\HappyMeowdays!\Library\ScriptAssemblies\FbxBuildTestAssets.dll
Symbol file LoadedFromMemory is not a mono symbol file
Symbol file data-000001CFE113C080 doesn't match image E:\unity\HappyMeowDays\HappyMeowdays!\Library\ScriptAssemblies\Unity.Formats.Alembic.Editor.dll
Symbol file LoadedFromMemory is not a mono symbol file
Symbol file data-000001CFD697C030 doesn't match image E:\unity\HappyMeowDays\HappyMeowdays!\Library\ScriptAssemblies\Unity.Sequences.dll
Symbol file LoadedFromMemory is not a mono symbol file
Symbol file data-000001CFD5E36040 doesn't match image E:\unity\HappyMeowDays\HappyMeowdays!\Library\ScriptAssemblies\Unity.TerrainTools.Editor.dll
Symbol file LoadedFromMemory is not a mono symbol file
Symbol file data-000001CFD697C030 doesn't match image E:\unity\HappyMeowDays\HappyMeowdays!\Library\ScriptAssemblies\Unity.ProGrids.Editor.dll
Symbol file LoadedFromMemory is not a mono symbol file
Symbol file data-000001CFD823A040 doesn't match image E:\unity\HappyMeowDays\HappyMeowdays!\Library\ScriptAssemblies\Unity.PlasticSCM.Editor.dll
Symbol file LoadedFromMemory is not a mono symbol file
Symbol file data-000001CFD5E36040 doesn't match image E:\unity\HappyMeowDays\HappyMeowdays!\Library\ScriptAssemblies\Unity.ProBuilder.dll
Symbol file LoadedFromMemory is not a mono symbol file
Symbol file data-000001CFD6BC0010 doesn't match image E:\unity\HappyMeowDays\HappyMeowdays!\Library\ScriptAssemblies\Unity.Timeline.Editor.dll
Symbol file LoadedFromMemory is not a mono symbol file
Symbol file data-000001CFD5600F70 doesn't match image E:\unity\HappyMeowDays\HappyMeowdays!\Library\ScriptAssemblies\Unity.VisualScripting.Shared.Editor.dll
Symbol file LoadedFromMemory is not a mono symbol file
Symbol file data-000001CFD517DA20 doesn't match image E:\unity\HappyMeowDays\HappyMeowdays!\Library\ScriptAssemblies\Unity.TerrainTools.dll
Symbol file LoadedFromMemory is not a mono symbol file
Symbol file data-000001CFD8647630 doesn't match image E:\unity\HappyMeowDays\HappyMeowdays!\Library\ScriptAssemblies\Unity.CollabProxy.Editor.dll
Symbol file LoadedFromMemory is not a mono symbol file
Symbol file data-000001CFD517DA20 doesn't match image E:\unity\HappyMeowDays\HappyMeowdays!\Library\ScriptAssemblies\Unity.Recorder.Base.dll
Symbol file LoadedFromMemory is not a mono symbol file
Symbol file data-000001CFD697C030 doesn't match image E:\unity\HappyMeowDays\HappyMeowdays!\Library\ScriptAssemblies\Unity.VisualStudio.Editor.dll
Symbol file LoadedFromMemory is not a mono symbol file
Symbol file data-000001CFD697C030 doesn't match image E:\unity\HappyMeowDays\HappyMeowdays!\Library\ScriptAssemblies\UnityEditor.UI.dll
Symbol file LoadedFromMemory is not a mono symbol file
Symbol file data-000001CFD823A040 doesn't match image E:\unity\HappyMeowDays\HappyMeowdays!\Library\ScriptAssemblies\Unity.VisualScripting.Core.dll
Symbol file LoadedFromMemory is not a mono symbol file
Symbol file data-000001CFB1665480 doesn't match image E:\unity\HappyMeowDays\HappyMeowdays!\Library\ScriptAssemblies\Unity.VisualScripting.Core.Editor.dll
Symbol file LoadedFromMemory is not a mono symbol file
Symbol file data-000001CFE0544020 doesn't match image E:\unity\HappyMeowDays\HappyMeowdays!\Library\ScriptAssemblies\UnityEngine.UI.dll
Symbol file LoadedFromMemory is not a mono symbol file
Symbol file data-000001CFE04D0010 doesn't match image E:\unity\HappyMeowDays\HappyMeowdays!\Library\ScriptAssemblies\Unity.VisualScripting.Flow.Editor.dll
Symbol file LoadedFromMemory is not a mono symbol file
Symbol file data-000001CFD88BCA20 doesn't match image E:\unity\HappyMeowDays\HappyMeowdays!\Library\ScriptAssemblies\Unity.Polybrush.dll
Symbol file LoadedFromMemory is not a mono symbol file
Symbol file data-000001CFD5C0B020 doesn't match image E:\unity\HappyMeowDays\HappyMeowdays!\Library\ScriptAssemblies\Unity.Timeline.dll
Symbol file LoadedFromMemory is not a mono symbol file
Symbol file data-000001CFDFC17020 doesn't match image E:\unity\HappyMeowDays\HappyMeowdays!\Library\ScriptAssemblies\Unity.InputSystem.dll
Symbol file LoadedFromMemory is not a mono symbol file
Symbol file data-000001CFE0715020 doesn't match image E:\unity\HappyMeowDays\HappyMeowdays!\Library\ScriptAssemblies\Unity.ProBuilder.Editor.dll
Symbol file LoadedFromMemory is not a mono symbol file
Symbol file data-000001CFD5E59C50 doesn't match image E:\unity\HappyMeowDays\HappyMeowdays!\Library\ScriptAssemblies\Unity.VisualScripting.SettingsProvider.Editor.dll
Symbol file LoadedFromMemory is not a mono symbol file
Symbol file data-000001CFD88BCA20 doesn't match image E:\unity\HappyMeowDays\HappyMeowdays!\Library\ScriptAssemblies\Unity.AI.Navigation.Updater.dll
Symbol file LoadedFromMemory is not a mono symbol file
Symbol file data-000001CFE04D0010 doesn't match image E:\unity\HappyMeowDays\HappyMeowdays!\Library\ScriptAssemblies\Autodesk.Fbx.dll
Symbol file LoadedFromMemory is not a mono symbol file
Symbol file data-000001CFD88BCA20 doesn't match image E:\unity\HappyMeowDays\HappyMeowdays!\Library\ScriptAssemblies\UnityEngine.TestRunner.dll
Symbol file LoadedFromMemory is not a mono symbol file
Symbol file data-000001CFD88BCA20 doesn't match image E:\unity\HappyMeowDays\HappyMeowdays!\Library\ScriptAssemblies\Unity.VisualScripting.State.Editor.dll
Symbol file LoadedFromMemory is not a mono symbol file
Symbol file data-000001CFD5E5E6A0 doesn't match image E:\unity\HappyMeowDays\HappyMeowdays!\Library\ScriptAssemblies\Autodesk.Fbx.Editor.dll
Symbol file LoadedFromMemory is not a mono symbol file
Symbol file data-000001CFD88BCA20 doesn't match image E:\unity\HappyMeowDays\HappyMeowdays!\Library\ScriptAssemblies\Unity.ProBuilder.KdTree.dll
Symbol file LoadedFromMemory is not a mono symbol file
Symbol file data-000001CFD88BCA20 doesn't match image E:\unity\HappyMeowDays\HappyMeowdays!\Library\ScriptAssemblies\Unity.Formats.Alembic.Runtime.dll
Symbol file LoadedFromMemory is not a mono symbol file
Symbol file data-000001CFD8A4E010 doesn't match image E:\unity\HappyMeowDays\HappyMeowdays!\Library\ScriptAssemblies\Unity.TextMeshPro.Editor.dll
Symbol file LoadedFromMemory is not a mono symbol file
Symbol file data-000001CFE074DA30 doesn't match image E:\unity\HappyMeowDays\HappyMeowdays!\Library\ScriptAssemblies\Unity.AI.Navigation.Editor.dll
Symbol file LoadedFromMemory is not a mono symbol file
Symbol file data-000001CFD5793030 doesn't match image E:\unity\HappyMeowDays\HappyMeowdays!\Library\ScriptAssemblies\Unity.VisualScripting.State.dll
Symbol file LoadedFromMemory is not a mono symbol file
Symbol file data-000001CFD553B010 doesn't match image E:\unity\HappyMeowDays\HappyMeowdays!\Library\ScriptAssemblies\Cinemachine.dll
Symbol file LoadedFromMemory is not a mono symbol file
Symbol file data-000001CFD5E5E6A0 doesn't match image E:\unity\HappyMeowDays\HappyMeowdays!\Library\ScriptAssemblies\Unity.ProGrids.dll
Symbol file LoadedFromMemory is not a mono symbol file
Symbol file data-000001CFE0308020 doesn't match image E:\unity\HappyMeowDays\HappyMeowdays!\Library\ScriptAssemblies\Unity.InputSystem.TestFramework.dll
Symbol file LoadedFromMemory is not a mono symbol file
Symbol file LoadedFromMemory doesn't match image E:\unity\HappyMeowDays\HappyMeowdays!\Library\PackageCache\com.unity.visualscripting@1.8.0\Editor\VisualScripting.Core\Dependencies\YamlDotNet\Unity.VisualScripting.YamlDotNet.dll
Symbol file LoadedFromMemory doesn't match image E:\unity\HappyMeowDays\HappyMeowdays!\Library\PackageCache\com.unity.visualscripting@1.8.0\Editor\VisualScripting.Core\Dependencies\DotNetZip\Unity.VisualScripting.IonicZip.dll
- Loaded All Assemblies, in  1.430 seconds
Refreshing native plugins compatible for Editor in 5.50 ms, found 8 plugins.
Native extension for WindowsStandalone target not found
Mono: successfully reloaded assembly
- Finished resetting the current domain, in  2.124 seconds
Domain Reload Profiling:
	ReloadAssembly (747ms)
		BeginReloadAssembly (617ms)
			ExecutionOrderSort (0ms)
			DisableScriptedObjects (6ms)
			BackupInstance (0ms)
			ReleaseScriptingObjects (0ms)
			CreateAndSetChildDomain (57ms)
		LoadAllAssembliesAndSetupDomain (685ms)
			LoadAssemblies (291ms)
			RebuildTransferFunctionScriptingTraits (0ms)
			SetupTypeCache (482ms)
				TypeCache.Initialize (459ms)
					TypeCache.ScanAssembly (445ms)
				ResolveRequiredComponents (23ms)
		FinalizeReload (0ms)
			ReleaseScriptCaches (0ms)
			RebuildScriptCaches (0ms)
			SetupLoadedEditorAssemblies (1040ms)
				LogAssemblyErrors (0ms)
				InitializePlatformSupportModulesInManaged (18ms)
				SetLoadedEditorAssemblies (10ms)
				RefreshPlugins (0ms)
				BeforeProcessingInitializeOnLoad (158ms)
				ProcessInitializeOnLoadAttributes (805ms)
				ProcessInitializeOnLoadMethodAttributes (41ms)
				AfterProcessingInitializeOnLoad (7ms)
				EditorAssembliesLoaded (1ms)
			ExecutionOrderSort2 (0ms)
			AwakeInstancesAfterBackupRestoration (12ms)
Refreshing native plugins compatible for Editor in 37.16 ms, found 8 plugins.
Preloading 0 native plugins for Editor in 0.00 ms.
Unloading 4827 Unused Serialized files (Serialized files now loaded: 0)
Unloading 90 unused Assets / (3.0 MB). Loaded Objects now: 5417.
Memory consumption went from 174.4 MB to 171.5 MB.
Total: 8.079300 ms (FindLiveObjects: 0.494300 ms CreateObjectMapping: 0.530600 ms MarkObjects: 5.194500 ms  DeleteObjects: 1.858200 ms)

Prepare: number of updated asset objects reloaded= 0
AssetImportParameters requested are different than current active one (requested -> active):
  custom:container-demuxer-ogg: 62fdf1f143b41e24485cea50d1cbac27 -> 
  custom:video-decoder-ogg-theora: a1e56fd34408186e4bbccfd4996cb3dc -> 
  custom:framework-win-MediaFoundation: 216162199b28c13a410421893ffa2e32 -> 
  custom:scripting/monoscript/fileName/NewBehaviourScript.cs: b21687ddb03d73bd9f0c1daecb9714de -> 
  custom:container-demuxer-webm: 4f35f7cbe854078d1ac9338744f61a02 -> 
  custom:container-muxer-webm: aa71ff27fc2769a1b78a27578f13a17b -> 
  custom:video-decoder-webm-vp8: 9c59270c3fd7afecdb556c50c9e8de78 -> 
  custom:AudioImporter_EditorPlatform: d09bf68614088b80899f8185d706f6e7 -> 
  custom:video-encoder-webm-vp8: eb34c28f22e8b96e1ab97ce403110664 -> 
  custom:audio-decoder-ogg-vorbis: bf7c407c2cedff20999df2af8eb42d56 -> 
  custom:audio-encoder-webm-vorbis: bf7c407c2cedff20999df2af8eb42d56 -> 
========================================================================
Received Prepare
Begin MonoManager ReloadAssembly
Symbol file data-000001CFE04D0010 doesn't match image E:\unity\HappyMeowDays\HappyMeowdays!\Library\ScriptAssemblies\Unity.Recorder.Editor.dll
Symbol file LoadedFromMemory is not a mono symbol file
Symbol file data-000001CFE1D74020 doesn't match image E:\unity\HappyMeowDays\HappyMeowdays!\Library\ScriptAssemblies\Unity.Sequences.Editor.dll
Symbol file LoadedFromMemory is not a mono symbol file
Symbol file data-000001CFD5102970 doesn't match image E:\unity\HappyMeowDays\HappyMeowdays!\Library\ScriptAssemblies\com.unity.cinemachine.editor.dll
Symbol file LoadedFromMemory is not a mono symbol file
Symbol file data-000001CFB1549020 doesn't match image E:\unity\HappyMeowDays\HappyMeowdays!\Library\ScriptAssemblies\Unity.AI.Navigation.dll
Symbol file LoadedFromMemory is not a mono symbol file
Symbol file data-000001CFE2321E00 doesn't match image E:\unity\HappyMeowDays\HappyMeowdays!\Library\ScriptAssemblies\Unity.ProBuilder.Stl.dll
Symbol file LoadedFromMemory is not a mono symbol file
Symbol file data-000001CFE1776D50 doesn't match image E:\unity\HappyMeowDays\HappyMeowdays!\Library\ScriptAssemblies\Unity.ProBuilder.AddOns.Editor.dll
Symbol file LoadedFromMemory is not a mono symbol file
Symbol file data-000001CFD76709E0 doesn't match image E:\unity\HappyMeowDays\HappyMeowdays!\Library\ScriptAssemblies\Unity.Rider.Editor.dll
Symbol file LoadedFromMemory is not a mono symbol file
Symbol file data-000001CFB1549020 doesn't match image E:\unity\HappyMeowDays\HappyMeowdays!\Library\ScriptAssemblies\Unity.ProBuilder.Csg.dll
Symbol file LoadedFromMemory is not a mono symbol file
Symbol file data-000001CFE1776D50 doesn't match image E:\unity\HappyMeowDays\HappyMeowdays!\Library\ScriptAssemblies\Unity.Formats.Fbx.Runtime.dll
Symbol file LoadedFromMemory is not a mono symbol file
Symbol file data-000001CFE16232E0 doesn't match image E:\unity\HappyMeowDays\HappyMeowdays!\Library\ScriptAssemblies\UnityEditor.TestRunner.dll
Symbol file LoadedFromMemory is not a mono symbol file
Symbol file data-000001CFD6D3DF20 doesn't match image E:\unity\HappyMeowDays\HappyMeowdays!\Library\ScriptAssemblies\Unity.VisualScripting.Flow.dll
Symbol file LoadedFromMemory is not a mono symbol file
Symbol file data-000001CFD7BCD760 doesn't match image E:\unity\HappyMeowDays\HappyMeowdays!\Library\ScriptAssemblies\Unity.Polybrush.Editor.dll
Symbol file LoadedFromMemory is not a mono symbol file
Symbol file data-000001CFD7BCD760 doesn't match image E:\unity\HappyMeowDays\HappyMeowdays!\Library\ScriptAssemblies\Unity.Formats.Fbx.Editor.dll
Symbol file LoadedFromMemory is not a mono symbol file
Symbol file data-000001CFE195BF30 doesn't match image E:\unity\HappyMeowDays\HappyMeowdays!\Library\ScriptAssemblies\Unity.ProBuilder.Poly2Tri.dll
Symbol file LoadedFromMemory is not a mono symbol file
Symbol file data-000001CFE22207F0 doesn't match image E:\unity\HappyMeowDays\HappyMeowdays!\Library\ScriptAssemblies\Unity.Settings.Editor.dll
Symbol file LoadedFromMemory is not a mono symbol file
Symbol file data-000001CFE166D240 doesn't match image E:\unity\HappyMeowDays\HappyMeowdays!\Library\ScriptAssemblies\Unity.TextMeshPro.dll
Symbol file LoadedFromMemory is not a mono symbol file
Symbol file data-000001CFE3279EC0 doesn't match image E:\unity\HappyMeowDays\HappyMeowdays!\Library\ScriptAssemblies\Unity.Recorder.dll
Symbol file LoadedFromMemory is not a mono symbol file
Symbol file data-000001CFD8713330 doesn't match image E:\unity\HappyMeowDays\HappyMeowdays!\Library\ScriptAssemblies\Unity.ProBuilder.AssetIdRemapUtility.dll
Symbol file LoadedFromMemory is not a mono symbol file
Symbol file data-000001CFE3136030 doesn't match image E:\unity\HappyMeowDays\HappyMeowdays!\Library\ScriptAssemblies\Unity.AI.Navigation.Editor.ConversionSystem.dll
Symbol file LoadedFromMemory is not a mono symbol file
Symbol file data-000001CFE1F13020 doesn't match image E:\unity\HappyMeowDays\HappyMeowdays!\Library\ScriptAssemblies\Unity.VSCode.Editor.dll
Symbol file LoadedFromMemory is not a mono symbol file
Symbol file data-000001CFE1511A90 doesn't match image E:\unity\HappyMeowDays\HappyMeowdays!\Library\ScriptAssemblies\FbxBuildTestAssets.dll
Symbol file LoadedFromMemory is not a mono symbol file
Symbol file data-000001CFE07F1020 doesn't match image E:\unity\HappyMeowDays\HappyMeowdays!\Library\ScriptAssemblies\Unity.Formats.Alembic.Editor.dll
Symbol file LoadedFromMemory is not a mono symbol file
Symbol file data-000001CFE195BF30 doesn't match image E:\unity\HappyMeowDays\HappyMeowdays!\Library\ScriptAssemblies\Unity.Sequences.dll
Symbol file LoadedFromMemory is not a mono symbol file
Symbol file data-000001CFE166D240 doesn't match image E:\unity\HappyMeowDays\HappyMeowdays!\Library\ScriptAssemblies\Unity.TerrainTools.Editor.dll
Symbol file LoadedFromMemory is not a mono symbol file
Symbol file data-000001CFE1DE9040 doesn't match image E:\unity\HappyMeowDays\HappyMeowdays!\Library\ScriptAssemblies\Unity.ProGrids.Editor.dll
Symbol file LoadedFromMemory is not a mono symbol file
Symbol file data-000001CFE032C020 doesn't match image E:\unity\HappyMeowDays\HappyMeowdays!\Library\ScriptAssemblies\Unity.PlasticSCM.Editor.dll
Symbol file LoadedFromMemory is not a mono symbol file
Symbol file data-000001CFE166D240 doesn't match image E:\unity\HappyMeowDays\HappyMeowdays!\Library\ScriptAssemblies\Unity.ProBuilder.dll
Symbol file LoadedFromMemory is not a mono symbol file
Symbol file data-000001CFB1615230 doesn't match image E:\unity\HappyMeowDays\HappyMeowdays!\Library\ScriptAssemblies\Unity.Timeline.Editor.dll
Symbol file LoadedFromMemory is not a mono symbol file
Symbol file data-000001CFD5285EF0 doesn't match image E:\unity\HappyMeowDays\HappyMeowdays!\Library\ScriptAssemblies\Unity.VisualScripting.Shared.Editor.dll
Symbol file LoadedFromMemory is not a mono symbol file
Symbol file data-000001CFD68AF690 doesn't match image E:\unity\HappyMeowDays\HappyMeowdays!\Library\ScriptAssemblies\Unity.TerrainTools.dll
Symbol file LoadedFromMemory is not a mono symbol file
Symbol file data-000001CFD68AF690 doesn't match image E:\unity\HappyMeowDays\HappyMeowdays!\Library\ScriptAssemblies\Unity.CollabProxy.Editor.dll
Symbol file LoadedFromMemory is not a mono symbol file
Symbol file data-000001CFD5285EF0 doesn't match image E:\unity\HappyMeowDays\HappyMeowdays!\Library\ScriptAssemblies\Unity.Recorder.Base.dll
Symbol file LoadedFromMemory is not a mono symbol file
Symbol file data-000001CFE197BBA0 doesn't match image E:\unity\HappyMeowDays\HappyMeowdays!\Library\ScriptAssemblies\Unity.VisualStudio.Editor.dll
Symbol file LoadedFromMemory is not a mono symbol file
Symbol file data-000001CFB18302F0 doesn't match image E:\unity\HappyMeowDays\HappyMeowdays!\Library\ScriptAssemblies\UnityEditor.UI.dll
Symbol file LoadedFromMemory is not a mono symbol file
Symbol file data-000001CFE118E380 doesn't match image E:\unity\HappyMeowDays\HappyMeowdays!\Library\ScriptAssemblies\Unity.VisualScripting.Core.dll
Symbol file LoadedFromMemory is not a mono symbol file
Symbol file data-000001CFB1665480 doesn't match image E:\unity\HappyMeowDays\HappyMeowdays!\Library\ScriptAssemblies\Unity.VisualScripting.Core.Editor.dll
Symbol file LoadedFromMemory is not a mono symbol file
Symbol file data-000001CFE0544020 doesn't match image E:\unity\HappyMeowDays\HappyMeowdays!\Library\ScriptAssemblies\UnityEngine.UI.dll
Symbol file LoadedFromMemory is not a mono symbol file
Symbol file data-000001CFE04D0010 doesn't match image E:\unity\HappyMeowDays\HappyMeowdays!\Library\ScriptAssemblies\Unity.VisualScripting.Flow.Editor.dll
Symbol file LoadedFromMemory is not a mono symbol file
Symbol file data-000001CFE1DE9040 doesn't match image E:\unity\HappyMeowDays\HappyMeowdays!\Library\ScriptAssemblies\Unity.Polybrush.dll
Symbol file LoadedFromMemory is not a mono symbol file
Symbol file data-000001CFE18C79B0 doesn't match image E:\unity\HappyMeowDays\HappyMeowdays!\Library\ScriptAssemblies\Unity.Timeline.dll
Symbol file LoadedFromMemory is not a mono symbol file
Symbol file data-000001CFE3430080 doesn't match image E:\unity\HappyMeowDays\HappyMeowdays!\Library\ScriptAssemblies\Unity.InputSystem.dll
Symbol file LoadedFromMemory is not a mono symbol file
Symbol file data-000001CFE1C38C40 doesn't match image E:\unity\HappyMeowDays\HappyMeowdays!\Library\ScriptAssemblies\Unity.ProBuilder.Editor.dll
Symbol file LoadedFromMemory is not a mono symbol file
Symbol file data-000001CFD5285EF0 doesn't match image E:\unity\HappyMeowDays\HappyMeowdays!\Library\ScriptAssemblies\Unity.VisualScripting.SettingsProvider.Editor.dll
Symbol file LoadedFromMemory is not a mono symbol file
Symbol file data-000001CFD81F4010 doesn't match image E:\unity\HappyMeowDays\HappyMeowdays!\Library\ScriptAssemblies\Unity.AI.Navigation.Updater.dll
Symbol file LoadedFromMemory is not a mono symbol file
Symbol file data-000001CFD86DA010 doesn't match image E:\unity\HappyMeowDays\HappyMeowdays!\Library\ScriptAssemblies\Autodesk.Fbx.dll
Symbol file LoadedFromMemory is not a mono symbol file
Symbol file data-000001CFE2B7B190 doesn't match image E:\unity\HappyMeowDays\HappyMeowdays!\Library\ScriptAssemblies\UnityEngine.TestRunner.dll
Symbol file LoadedFromMemory is not a mono symbol file
Symbol file data-000001CFE197BBA0 doesn't match image E:\unity\HappyMeowDays\HappyMeowdays!\Library\ScriptAssemblies\Unity.VisualScripting.State.Editor.dll
Symbol file LoadedFromMemory is not a mono symbol file
Symbol file data-000001CFD71D9020 doesn't match image E:\unity\HappyMeowDays\HappyMeowdays!\Library\ScriptAssemblies\Autodesk.Fbx.Editor.dll
Symbol file LoadedFromMemory is not a mono symbol file
Symbol file data-000001CFE1F13020 doesn't match image E:\unity\HappyMeowDays\HappyMeowdays!\Library\ScriptAssemblies\Unity.ProBuilder.KdTree.dll
Symbol file LoadedFromMemory is not a mono symbol file
Symbol file data-000001CFD5C60010 doesn't match image E:\unity\HappyMeowDays\HappyMeowdays!\Library\ScriptAssemblies\Unity.Formats.Alembic.Runtime.dll
Symbol file LoadedFromMemory is not a mono symbol file
Symbol file data-000001CFD8A4E010 doesn't match image E:\unity\HappyMeowDays\HappyMeowdays!\Library\ScriptAssemblies\Unity.TextMeshPro.Editor.dll
Symbol file LoadedFromMemory is not a mono symbol file
Symbol file data-000001CFE2234480 doesn't match image E:\unity\HappyMeowDays\HappyMeowdays!\Library\ScriptAssemblies\Unity.AI.Navigation.Editor.dll
Symbol file LoadedFromMemory is not a mono symbol file
Symbol file data-000001CFE1F13020 doesn't match image E:\unity\HappyMeowDays\HappyMeowdays!\Library\ScriptAssemblies\Unity.VisualScripting.State.dll
Symbol file LoadedFromMemory is not a mono symbol file
Symbol file data-000001CFD72AF010 doesn't match image E:\unity\HappyMeowDays\HappyMeowdays!\Library\ScriptAssemblies\Cinemachine.dll
Symbol file LoadedFromMemory is not a mono symbol file
Symbol file data-000001CFE2ADE6F0 doesn't match image E:\unity\HappyMeowDays\HappyMeowdays!\Library\ScriptAssemblies\Unity.ProGrids.dll
Symbol file LoadedFromMemory is not a mono symbol file
Symbol file data-000001CFE1F13020 doesn't match image E:\unity\HappyMeowDays\HappyMeowdays!\Library\ScriptAssemblies\Unity.InputSystem.TestFramework.dll
Symbol file LoadedFromMemory is not a mono symbol file
Symbol file LoadedFromMemory doesn't match image E:\unity\HappyMeowDays\HappyMeowdays!\Library\PackageCache\com.unity.visualscripting@1.8.0\Editor\VisualScripting.Core\Dependencies\YamlDotNet\Unity.VisualScripting.YamlDotNet.dll
Symbol file LoadedFromMemory doesn't match image E:\unity\HappyMeowDays\HappyMeowdays!\Library\PackageCache\com.unity.visualscripting@1.8.0\Editor\VisualScripting.Core\Dependencies\DotNetZip\Unity.VisualScripting.IonicZip.dll
- Loaded All Assemblies, in  1.625 seconds
Refreshing native plugins compatible for Editor in 12.66 ms, found 8 plugins.
Native extension for WindowsStandalone target not found
Mono: successfully reloaded assembly
- Finished resetting the current domain, in  2.127 seconds
Domain Reload Profiling:
	ReloadAssembly (868ms)
		BeginReloadAssembly (745ms)
			ExecutionOrderSort (0ms)
			DisableScriptedObjects (6ms)
			BackupInstance (0ms)
			ReleaseScriptingObjects (1ms)
			CreateAndSetChildDomain (75ms)
		LoadAllAssembliesAndSetupDomain (759ms)
			LoadAssemblies (338ms)
			RebuildTransferFunctionScriptingTraits (0ms)
			SetupTypeCache (511ms)
				TypeCache.Initialize (479ms)
					TypeCache.ScanAssembly (463ms)
				ResolveRequiredComponents (32ms)
		FinalizeReload (0ms)
			ReleaseScriptCaches (0ms)
			RebuildScriptCaches (0ms)
			SetupLoadedEditorAssemblies (952ms)
				LogAssemblyErrors (0ms)
				InitializePlatformSupportModulesInManaged (10ms)
				SetLoadedEditorAssemblies (5ms)
				RefreshPlugins (0ms)
				BeforeProcessingInitializeOnLoad (116ms)
				ProcessInitializeOnLoadAttributes (754ms)
				ProcessInitializeOnLoadMethodAttributes (63ms)
				AfterProcessingInitializeOnLoad (3ms)
				EditorAssembliesLoaded (0ms)
			ExecutionOrderSort2 (0ms)
			AwakeInstancesAfterBackupRestoration (12ms)
Refreshing native plugins compatible for Editor in 7.74 ms, found 8 plugins.
Preloading 0 native plugins for Editor in 0.00 ms.
Unloading 4827 Unused Serialized files (Serialized files now loaded: 0)
Unloading 90 unused Assets / (3.0 MB). Loaded Objects now: 5420.
Memory consumption went from 174.5 MB to 171.5 MB.
Total: 7.589700 ms (FindLiveObjects: 0.680300 ms CreateObjectMapping: 0.446500 ms MarkObjects: 4.827200 ms  DeleteObjects: 1.634300 ms)

Prepare: number of updated asset objects reloaded= 0
AssetImportParameters requested are different than current active one (requested -> active):
  custom:container-demuxer-ogg: 62fdf1f143b41e24485cea50d1cbac27 -> 
  custom:video-decoder-ogg-theora: a1e56fd34408186e4bbccfd4996cb3dc -> 
  custom:framework-win-MediaFoundation: 216162199b28c13a410421893ffa2e32 -> 
  custom:scripting/monoscript/fileName/NewBehaviourScript.cs: b21687ddb03d73bd9f0c1daecb9714de -> 
  custom:container-demuxer-webm: 4f35f7cbe854078d1ac9338744f61a02 -> 
  custom:container-muxer-webm: aa71ff27fc2769a1b78a27578f13a17b -> 
  custom:video-decoder-webm-vp8: 9c59270c3fd7afecdb556c50c9e8de78 -> 
  custom:AudioImporter_EditorPlatform: d09bf68614088b80899f8185d706f6e7 -> 
  custom:video-encoder-webm-vp8: eb34c28f22e8b96e1ab97ce403110664 -> 
  custom:audio-decoder-ogg-vorbis: bf7c407c2cedff20999df2af8eb42d56 -> 
  custom:audio-encoder-webm-vorbis: bf7c407c2cedff20999df2af8eb42d56 -> 
Editor requested this worker to shutdown with reason: Scaling down because of idle timeout
TcpMessagingSession - receive error: operation aborted. errorcode: 995, details: 由于线程退出或应用程序请求，已中止 I/O 操作。
AssetImportWorker is now disconnected from the server
Process exiting
Exiting without the bug reporter. Application will terminate with return code 0